[0.038s] Invoking command in '/home/r2w0t/dev/RCB/workspaces/controller_ws/build/robot_interfaces': CMAKE_PREFIX_PATH=${CMAKE_PREFIX_PATH}:/nix/store/vhz65fc3cs10c5sxbwh7c5iz2pwzyx4b-ros-env _=/nix/store/yh6qg1nsi5h2xblcr67030pz58fsaxx3-coreutils-9.6/bin/env buildPhase={ echo "------------------------------------------------------------";
  echo " WARNING: the existence of this path is not guaranteed.";
  echo " It is an internal implementation detail for pkgs.mkShell.";
  echo "------------------------------------------------------------";
  echo;
  # Record all build inputs as runtime dependencies
  export;
} >> "$out" shellHook=# Setup ROS 2 shell completion. Doing it in direnv is useless.
if [[ ! $DIRENV_IN_ENVRC ]]; then
    eval "$(/nix/store/dds9yi6lc5zh41n5k4qnijq4xjk7069v-python3.12-argcomplete-3.5.3/bin/register-python-argcomplete ros2)"
    eval "$(/nix/store/dds9yi6lc5zh41n5k4qnijq4xjk7069v-python3.12-argcomplete-3.5.3/bin/register-python-argcomplete colcon)"
fi /nix/store/8jljd7zhwwcpqmfj3cz18nbr9x4dilf1-python3.12-cmake-3.31.5/bin/cmake --build /home/r2w0t/dev/RCB/workspaces/controller_ws/build/robot_interfaces -- -j4 -l4
[0.275s] [  1%] Built target robot_interfaces__rosidl_generator_type_description
[0.349s] [  1%] Built target ament_cmake_python_copy_robot_interfaces
[0.409s] [  3%] Built target robot_interfaces__cpp
[0.412s] [ 24%] Built target robot_interfaces__rosidl_generator_c
[0.484s] [ 33%] Built target robot_interfaces__rosidl_typesupport_cpp
[0.931s] running egg_info
[0.954s] writing robot_interfaces.egg-info/PKG-INFO
[0.955s] writing dependency_links to robot_interfaces.egg-info/dependency_links.txt
[0.955s] writing top-level names to robot_interfaces.egg-info/top_level.txt
[1.033s] reading manifest file 'robot_interfaces.egg-info/SOURCES.txt'
[1.035s] writing manifest file 'robot_interfaces.egg-info/SOURCES.txt'
[1.090s] [ 33%] Built target ament_cmake_python_build_robot_interfaces_egg
[1.130s] [ 51%] Built target robot_interfaces__rosidl_typesupport_introspection_c
[1.132s] [ 51%] Built target robot_interfaces__rosidl_typesupport_c
[1.157s] [ 61%] Built target robot_interfaces__rosidl_typesupport_fastrtps_c
[1.192s] [ 70%] Built target robot_interfaces__rosidl_typesupport_fastrtps_cpp
[1.194s] [ 79%] Built target robot_interfaces__rosidl_typesupport_introspection_cpp
[1.231s] [ 79%] Built target robot_interfaces
[1.268s] [ 81%] Built target robot_interfaces__py
[1.310s] [ 88%] Built target robot_interfaces__rosidl_generator_py
[1.371s] [ 92%] Built target robot_interfaces_s__rosidl_typesupport_fastrtps_c
[1.371s] [ 96%] Built target robot_interfaces_s__rosidl_typesupport_introspection_c
[1.373s] [100%] Built target robot_interfaces_s__rosidl_typesupport_c
[1.397s] Invoked command in '/home/r2w0t/dev/RCB/workspaces/controller_ws/build/robot_interfaces' returned '0': CMAKE_PREFIX_PATH=${CMAKE_PREFIX_PATH}:/nix/store/vhz65fc3cs10c5sxbwh7c5iz2pwzyx4b-ros-env _=/nix/store/yh6qg1nsi5h2xblcr67030pz58fsaxx3-coreutils-9.6/bin/env buildPhase={ echo "------------------------------------------------------------";
  echo " WARNING: the existence of this path is not guaranteed.";
  echo " It is an internal implementation detail for pkgs.mkShell.";
  echo "------------------------------------------------------------";
  echo;
  # Record all build inputs as runtime dependencies
  export;
} >> "$out" shellHook=# Setup ROS 2 shell completion. Doing it in direnv is useless.
if [[ ! $DIRENV_IN_ENVRC ]]; then
    eval "$(/nix/store/dds9yi6lc5zh41n5k4qnijq4xjk7069v-python3.12-argcomplete-3.5.3/bin/register-python-argcomplete ros2)"
    eval "$(/nix/store/dds9yi6lc5zh41n5k4qnijq4xjk7069v-python3.12-argcomplete-3.5.3/bin/register-python-argcomplete colcon)"
fi /nix/store/8jljd7zhwwcpqmfj3cz18nbr9x4dilf1-python3.12-cmake-3.31.5/bin/cmake --build /home/r2w0t/dev/RCB/workspaces/controller_ws/build/robot_interfaces -- -j4 -l4
[1.400s] Invoking command in '/home/r2w0t/dev/RCB/workspaces/controller_ws/build/robot_interfaces': CMAKE_PREFIX_PATH=${CMAKE_PREFIX_PATH}:/nix/store/vhz65fc3cs10c5sxbwh7c5iz2pwzyx4b-ros-env _=/nix/store/yh6qg1nsi5h2xblcr67030pz58fsaxx3-coreutils-9.6/bin/env buildPhase={ echo "------------------------------------------------------------";
  echo " WARNING: the existence of this path is not guaranteed.";
  echo " It is an internal implementation detail for pkgs.mkShell.";
  echo "------------------------------------------------------------";
  echo;
  # Record all build inputs as runtime dependencies
  export;
} >> "$out" shellHook=# Setup ROS 2 shell completion. Doing it in direnv is useless.
if [[ ! $DIRENV_IN_ENVRC ]]; then
    eval "$(/nix/store/dds9yi6lc5zh41n5k4qnijq4xjk7069v-python3.12-argcomplete-3.5.3/bin/register-python-argcomplete ros2)"
    eval "$(/nix/store/dds9yi6lc5zh41n5k4qnijq4xjk7069v-python3.12-argcomplete-3.5.3/bin/register-python-argcomplete colcon)"
fi /nix/store/8jljd7zhwwcpqmfj3cz18nbr9x4dilf1-python3.12-cmake-3.31.5/bin/cmake --install /home/r2w0t/dev/RCB/workspaces/controller_ws/build/robot_interfaces
[1.469s] -- Install configuration: ""
[1.470s] -- Up-to-date: /home/r2w0t/dev/RCB/workspaces/controller_ws/install/robot_interfaces/share/ament_index/resource_index/rosidl_interfaces/robot_interfaces
[1.470s] -- Up-to-date: /home/r2w0t/dev/RCB/workspaces/controller_ws/install/robot_interfaces/share/robot_interfaces/msg/Command.json
[1.471s] -- Up-to-date: /home/r2w0t/dev/RCB/workspaces/controller_ws/install/robot_interfaces/share/robot_interfaces/msg/Odometry.json
[1.471s] -- Up-to-date: /home/r2w0t/dev/RCB/workspaces/controller_ws/install/robot_interfaces/share/robot_interfaces/msg/Speed.json
[1.471s] -- Up-to-date: /home/r2w0t/dev/RCB/workspaces/controller_ws/install/robot_interfaces/include/robot_interfaces/robot_interfaces
[1.471s] -- Up-to-date: /home/r2w0t/dev/RCB/workspaces/controller_ws/install/robot_interfaces/include/robot_interfaces/robot_interfaces/msg
[1.472s] -- Up-to-date: /home/r2w0t/dev/RCB/workspaces/controller_ws/install/robot_interfaces/include/robot_interfaces/robot_interfaces/msg/detail
[1.472s] -- Up-to-date: /home/r2w0t/dev/RCB/workspaces/controller_ws/install/robot_interfaces/include/robot_interfaces/robot_interfaces/msg/detail/odometry__description.c
[1.472s] -- Up-to-date: /home/r2w0t/dev/RCB/workspaces/controller_ws/install/robot_interfaces/include/robot_interfaces/robot_interfaces/msg/detail/speed__struct.h
[1.472s] -- Up-to-date: /home/r2w0t/dev/RCB/workspaces/controller_ws/install/robot_interfaces/include/robot_interfaces/robot_interfaces/msg/detail/command__description.c
[1.473s] -- Up-to-date: /home/r2w0t/dev/RCB/workspaces/controller_ws/install/robot_interfaces/include/robot_interfaces/robot_interfaces/msg/detail/odometry__functions.h
[1.473s] -- Up-to-date: /home/r2w0t/dev/RCB/workspaces/controller_ws/install/robot_interfaces/include/robot_interfaces/robot_interfaces/msg/detail/command__functions.c
[1.473s] -- Up-to-date: /home/r2w0t/dev/RCB/workspaces/controller_ws/install/robot_interfaces/include/robot_interfaces/robot_interfaces/msg/detail/speed__description.c
[1.474s] -- Up-to-date: /home/r2w0t/dev/RCB/workspaces/controller_ws/install/robot_interfaces/include/robot_interfaces/robot_interfaces/msg/detail/command__struct.h
[1.474s] -- Installing: /home/r2w0t/dev/RCB/workspaces/controller_ws/install/robot_interfaces/include/robot_interfaces/robot_interfaces/msg/detail/odometry__type_support.c
[1.474s] -- Up-to-date: /home/r2w0t/dev/RCB/workspaces/controller_ws/install/robot_interfaces/include/robot_interfaces/robot_interfaces/msg/detail/speed__functions.c
[1.474s] -- Up-to-date: /home/r2w0t/dev/RCB/workspaces/controller_ws/install/robot_interfaces/include/robot_interfaces/robot_interfaces/msg/detail/command__functions.h
[1.475s] -- Up-to-date: /home/r2w0t/dev/RCB/workspaces/controller_ws/install/robot_interfaces/include/robot_interfaces/robot_interfaces/msg/detail/odometry__type_support.h
[1.475s] -- Up-to-date: /home/r2w0t/dev/RCB/workspaces/controller_ws/install/robot_interfaces/include/robot_interfaces/robot_interfaces/msg/detail/speed__functions.h
[1.475s] -- Up-to-date: /home/r2w0t/dev/RCB/workspaces/controller_ws/install/robot_interfaces/include/robot_interfaces/robot_interfaces/msg/detail/speed__type_support.h
[1.476s] -- Installing: /home/r2w0t/dev/RCB/workspaces/controller_ws/install/robot_interfaces/include/robot_interfaces/robot_interfaces/msg/detail/speed__type_support.c
[1.476s] -- Up-to-date: /home/r2w0t/dev/RCB/workspaces/controller_ws/install/robot_interfaces/include/robot_interfaces/robot_interfaces/msg/detail/odometry__struct.h
[1.476s] -- Installing: /home/r2w0t/dev/RCB/workspaces/controller_ws/install/robot_interfaces/include/robot_interfaces/robot_interfaces/msg/detail/command__type_support.c
[1.476s] -- Up-to-date: /home/r2w0t/dev/RCB/workspaces/controller_ws/install/robot_interfaces/include/robot_interfaces/robot_interfaces/msg/detail/odometry__functions.c
[1.476s] -- Up-to-date: /home/r2w0t/dev/RCB/workspaces/controller_ws/install/robot_interfaces/include/robot_interfaces/robot_interfaces/msg/detail/command__type_support.h
[1.477s] -- Up-to-date: /home/r2w0t/dev/RCB/workspaces/controller_ws/install/robot_interfaces/include/robot_interfaces/robot_interfaces/msg/command.h
[1.477s] -- Up-to-date: /home/r2w0t/dev/RCB/workspaces/controller_ws/install/robot_interfaces/include/robot_interfaces/robot_interfaces/msg/speed.h
[1.477s] -- Up-to-date: /home/r2w0t/dev/RCB/workspaces/controller_ws/install/robot_interfaces/include/robot_interfaces/robot_interfaces/msg/odometry.h
[1.478s] -- Up-to-date: /home/r2w0t/dev/RCB/workspaces/controller_ws/install/robot_interfaces/include/robot_interfaces/robot_interfaces/msg/rosidl_generator_c__visibility_control.h
[1.478s] -- Up-to-date: /home/r2w0t/dev/RCB/workspaces/controller_ws/install/robot_interfaces/share/robot_interfaces/environment/library_path.sh
[1.478s] -- Up-to-date: /home/r2w0t/dev/RCB/workspaces/controller_ws/install/robot_interfaces/share/robot_interfaces/environment/library_path.dsv
[1.478s] -- Installing: /home/r2w0t/dev/RCB/workspaces/controller_ws/install/robot_interfaces/lib/librobot_interfaces__rosidl_generator_c.so
[1.479s] -- Up-to-date: /home/r2w0t/dev/RCB/workspaces/controller_ws/install/robot_interfaces/include/robot_interfaces/robot_interfaces
[1.479s] -- Up-to-date: /home/r2w0t/dev/RCB/workspaces/controller_ws/install/robot_interfaces/include/robot_interfaces/robot_interfaces/msg
[1.479s] -- Up-to-date: /home/r2w0t/dev/RCB/workspaces/controller_ws/install/robot_interfaces/include/robot_interfaces/robot_interfaces/msg/detail
[1.479s] -- Up-to-date: /home/r2w0t/dev/RCB/workspaces/controller_ws/install/robot_interfaces/include/robot_interfaces/robot_interfaces/msg/detail/command__rosidl_typesupport_fastrtps_c.h
[1.480s] -- Up-to-date: /home/r2w0t/dev/RCB/workspaces/controller_ws/install/robot_interfaces/include/robot_interfaces/robot_interfaces/msg/detail/speed__rosidl_typesupport_fastrtps_c.h
[1.480s] -- Up-to-date: /home/r2w0t/dev/RCB/workspaces/controller_ws/install/robot_interfaces/include/robot_interfaces/robot_interfaces/msg/detail/odometry__rosidl_typesupport_fastrtps_c.h
[1.480s] -- Up-to-date: /home/r2w0t/dev/RCB/workspaces/controller_ws/install/robot_interfaces/include/robot_interfaces/robot_interfaces/msg/rosidl_typesupport_fastrtps_c__visibility_control.h
[1.480s] -- Installing: /home/r2w0t/dev/RCB/workspaces/controller_ws/install/robot_interfaces/lib/librobot_interfaces__rosidl_typesupport_fastrtps_c.so
[1.481s] -- Set non-toolchain portion of runtime path of "/home/r2w0t/dev/RCB/workspaces/controller_ws/install/robot_interfaces/lib/librobot_interfaces__rosidl_typesupport_fastrtps_c.so" to ""
[1.481s] -- Up-to-date: /home/r2w0t/dev/RCB/workspaces/controller_ws/install/robot_interfaces/include/robot_interfaces/robot_interfaces
[1.481s] -- Up-to-date: /home/r2w0t/dev/RCB/workspaces/controller_ws/install/robot_interfaces/include/robot_interfaces/robot_interfaces/msg
[1.481s] -- Up-to-date: /home/r2w0t/dev/RCB/workspaces/controller_ws/install/robot_interfaces/include/robot_interfaces/robot_interfaces/msg/detail
[1.482s] -- Up-to-date: /home/r2w0t/dev/RCB/workspaces/controller_ws/install/robot_interfaces/include/robot_interfaces/robot_interfaces/msg/detail/command__rosidl_typesupport_introspection_c.h
[1.482s] -- Up-to-date: /home/r2w0t/dev/RCB/workspaces/controller_ws/install/robot_interfaces/include/robot_interfaces/robot_interfaces/msg/detail/speed__rosidl_typesupport_introspection_c.h
[1.482s] -- Installing: /home/r2w0t/dev/RCB/workspaces/controller_ws/install/robot_interfaces/include/robot_interfaces/robot_interfaces/msg/detail/odometry__type_support.c
[1.482s] -- Up-to-date: /home/r2w0t/dev/RCB/workspaces/controller_ws/install/robot_interfaces/include/robot_interfaces/robot_interfaces/msg/detail/odometry__rosidl_typesupport_introspection_c.h
[1.483s] -- Installing: /home/r2w0t/dev/RCB/workspaces/controller_ws/install/robot_interfaces/include/robot_interfaces/robot_interfaces/msg/detail/speed__type_support.c
[1.483s] -- Installing: /home/r2w0t/dev/RCB/workspaces/controller_ws/install/robot_interfaces/include/robot_interfaces/robot_interfaces/msg/detail/command__type_support.c
[1.483s] -- Up-to-date: /home/r2w0t/dev/RCB/workspaces/controller_ws/install/robot_interfaces/include/robot_interfaces/robot_interfaces/msg/rosidl_typesupport_introspection_c__visibility_control.h
[1.484s] -- Installing: /home/r2w0t/dev/RCB/workspaces/controller_ws/install/robot_interfaces/lib/librobot_interfaces__rosidl_typesupport_introspection_c.so
[1.484s] -- Set non-toolchain portion of runtime path of "/home/r2w0t/dev/RCB/workspaces/controller_ws/install/robot_interfaces/lib/librobot_interfaces__rosidl_typesupport_introspection_c.so" to ""
[1.484s] -- Installing: /home/r2w0t/dev/RCB/workspaces/controller_ws/install/robot_interfaces/lib/librobot_interfaces__rosidl_typesupport_c.so
[1.484s] -- Set non-toolchain portion of runtime path of "/home/r2w0t/dev/RCB/workspaces/controller_ws/install/robot_interfaces/lib/librobot_interfaces__rosidl_typesupport_c.so" to ""
[1.485s] -- Up-to-date: /home/r2w0t/dev/RCB/workspaces/controller_ws/install/robot_interfaces/include/robot_interfaces/robot_interfaces
[1.485s] -- Up-to-date: /home/r2w0t/dev/RCB/workspaces/controller_ws/install/robot_interfaces/include/robot_interfaces/robot_interfaces/msg
[1.485s] -- Up-to-date: /home/r2w0t/dev/RCB/workspaces/controller_ws/install/robot_interfaces/include/robot_interfaces/robot_interfaces/msg/rosidl_generator_cpp__visibility_control.hpp
[1.485s] -- Up-to-date: /home/r2w0t/dev/RCB/workspaces/controller_ws/install/robot_interfaces/include/robot_interfaces/robot_interfaces/msg/detail
[1.485s] -- Up-to-date: /home/r2w0t/dev/RCB/workspaces/controller_ws/install/robot_interfaces/include/robot_interfaces/robot_interfaces/msg/detail/command__struct.hpp
[1.486s] -- Up-to-date: /home/r2w0t/dev/RCB/workspaces/controller_ws/install/robot_interfaces/include/robot_interfaces/robot_interfaces/msg/detail/odometry__struct.hpp
[1.486s] -- Up-to-date: /home/r2w0t/dev/RCB/workspaces/controller_ws/install/robot_interfaces/include/robot_interfaces/robot_interfaces/msg/detail/speed__builder.hpp
[1.486s] -- Up-to-date: /home/r2w0t/dev/RCB/workspaces/controller_ws/install/robot_interfaces/include/robot_interfaces/robot_interfaces/msg/detail/command__builder.hpp
[1.486s] -- Up-to-date: /home/r2w0t/dev/RCB/workspaces/controller_ws/install/robot_interfaces/include/robot_interfaces/robot_interfaces/msg/detail/speed__type_support.hpp
[1.487s] -- Up-to-date: /home/r2w0t/dev/RCB/workspaces/controller_ws/install/robot_interfaces/include/robot_interfaces/robot_interfaces/msg/detail/command__type_support.hpp
[1.487s] -- Up-to-date: /home/r2w0t/dev/RCB/workspaces/controller_ws/install/robot_interfaces/include/robot_interfaces/robot_interfaces/msg/detail/speed__struct.hpp
[1.487s] -- Up-to-date: /home/r2w0t/dev/RCB/workspaces/controller_ws/install/robot_interfaces/include/robot_interfaces/robot_interfaces/msg/detail/odometry__builder.hpp
[1.487s] -- Up-to-date: /home/r2w0t/dev/RCB/workspaces/controller_ws/install/robot_interfaces/include/robot_interfaces/robot_interfaces/msg/detail/odometry__traits.hpp
[1.488s] -- Up-to-date: /home/r2w0t/dev/RCB/workspaces/controller_ws/install/robot_interfaces/include/robot_interfaces/robot_interfaces/msg/detail/command__traits.hpp
[1.488s] -- Up-to-date: /home/r2w0t/dev/RCB/workspaces/controller_ws/install/robot_interfaces/include/robot_interfaces/robot_interfaces/msg/detail/speed__traits.hpp
[1.488s] -- Up-to-date: /home/r2w0t/dev/RCB/workspaces/controller_ws/install/robot_interfaces/include/robot_interfaces/robot_interfaces/msg/detail/odometry__type_support.hpp
[1.488s] -- Up-to-date: /home/r2w0t/dev/RCB/workspaces/controller_ws/install/robot_interfaces/include/robot_interfaces/robot_interfaces/msg/odometry.hpp
[1.489s] -- Up-to-date: /home/r2w0t/dev/RCB/workspaces/controller_ws/install/robot_interfaces/include/robot_interfaces/robot_interfaces/msg/speed.hpp
[1.489s] -- Up-to-date: /home/r2w0t/dev/RCB/workspaces/controller_ws/install/robot_interfaces/include/robot_interfaces/robot_interfaces/msg/command.hpp
[1.489s] -- Up-to-date: /home/r2w0t/dev/RCB/workspaces/controller_ws/install/robot_interfaces/include/robot_interfaces/robot_interfaces
[1.489s] -- Up-to-date: /home/r2w0t/dev/RCB/workspaces/controller_ws/install/robot_interfaces/include/robot_interfaces/robot_interfaces/msg
[1.489s] -- Up-to-date: /home/r2w0t/dev/RCB/workspaces/controller_ws/install/robot_interfaces/include/robot_interfaces/robot_interfaces/msg/detail
[1.490s] -- Up-to-date: /home/r2w0t/dev/RCB/workspaces/controller_ws/install/robot_interfaces/include/robot_interfaces/robot_interfaces/msg/detail/dds_fastrtps
[1.490s] -- Up-to-date: /home/r2w0t/dev/RCB/workspaces/controller_ws/install/robot_interfaces/include/robot_interfaces/robot_interfaces/msg/detail/speed__rosidl_typesupport_fastrtps_cpp.hpp
[1.490s] -- Up-to-date: /home/r2w0t/dev/RCB/workspaces/controller_ws/install/robot_interfaces/include/robot_interfaces/robot_interfaces/msg/detail/odometry__rosidl_typesupport_fastrtps_cpp.hpp
[1.490s] -- Up-to-date: /home/r2w0t/dev/RCB/workspaces/controller_ws/install/robot_interfaces/include/robot_interfaces/robot_interfaces/msg/detail/command__rosidl_typesupport_fastrtps_cpp.hpp
[1.490s] -- Up-to-date: /home/r2w0t/dev/RCB/workspaces/controller_ws/install/robot_interfaces/include/robot_interfaces/robot_interfaces/msg/rosidl_typesupport_fastrtps_cpp__visibility_control.h
[1.491s] -- Installing: /home/r2w0t/dev/RCB/workspaces/controller_ws/install/robot_interfaces/lib/librobot_interfaces__rosidl_typesupport_fastrtps_cpp.so
[1.491s] -- Set non-toolchain portion of runtime path of "/home/r2w0t/dev/RCB/workspaces/controller_ws/install/robot_interfaces/lib/librobot_interfaces__rosidl_typesupport_fastrtps_cpp.so" to ""
[1.491s] -- Up-to-date: /home/r2w0t/dev/RCB/workspaces/controller_ws/install/robot_interfaces/include/robot_interfaces/robot_interfaces
[1.491s] -- Up-to-date: /home/r2w0t/dev/RCB/workspaces/controller_ws/install/robot_interfaces/include/robot_interfaces/robot_interfaces/msg
[1.492s] -- Up-to-date: /home/r2w0t/dev/RCB/workspaces/controller_ws/install/robot_interfaces/include/robot_interfaces/robot_interfaces/msg/detail
[1.492s] -- Up-to-date: /home/r2w0t/dev/RCB/workspaces/controller_ws/install/robot_interfaces/include/robot_interfaces/robot_interfaces/msg/detail/speed__rosidl_typesupport_introspection_cpp.hpp
[1.492s] -- Up-to-date: /home/r2w0t/dev/RCB/workspaces/controller_ws/install/robot_interfaces/include/robot_interfaces/robot_interfaces/msg/detail/speed__type_support.cpp
[1.492s] -- Up-to-date: /home/r2w0t/dev/RCB/workspaces/controller_ws/install/robot_interfaces/include/robot_interfaces/robot_interfaces/msg/detail/odometry__type_support.cpp
[1.492s] -- Up-to-date: /home/r2w0t/dev/RCB/workspaces/controller_ws/install/robot_interfaces/include/robot_interfaces/robot_interfaces/msg/detail/command__type_support.cpp
[1.493s] -- Up-to-date: /home/r2w0t/dev/RCB/workspaces/controller_ws/install/robot_interfaces/include/robot_interfaces/robot_interfaces/msg/detail/command__rosidl_typesupport_introspection_cpp.hpp
[1.493s] -- Up-to-date: /home/r2w0t/dev/RCB/workspaces/controller_ws/install/robot_interfaces/include/robot_interfaces/robot_interfaces/msg/detail/odometry__rosidl_typesupport_introspection_cpp.hpp
[1.493s] -- Installing: /home/r2w0t/dev/RCB/workspaces/controller_ws/install/robot_interfaces/lib/librobot_interfaces__rosidl_typesupport_introspection_cpp.so
[1.493s] -- Set non-toolchain portion of runtime path of "/home/r2w0t/dev/RCB/workspaces/controller_ws/install/robot_interfaces/lib/librobot_interfaces__rosidl_typesupport_introspection_cpp.so" to ""
[1.494s] -- Installing: /home/r2w0t/dev/RCB/workspaces/controller_ws/install/robot_interfaces/lib/librobot_interfaces__rosidl_typesupport_cpp.so
[1.494s] -- Set non-toolchain portion of runtime path of "/home/r2w0t/dev/RCB/workspaces/controller_ws/install/robot_interfaces/lib/librobot_interfaces__rosidl_typesupport_cpp.so" to ""
[1.494s] -- Up-to-date: /home/r2w0t/dev/RCB/workspaces/controller_ws/install/robot_interfaces/share/robot_interfaces/environment/pythonpath.sh
[1.494s] -- Up-to-date: /home/r2w0t/dev/RCB/workspaces/controller_ws/install/robot_interfaces/share/robot_interfaces/environment/pythonpath.dsv
[1.495s] -- Up-to-date: /home/r2w0t/dev/RCB/workspaces/controller_ws/install/robot_interfaces/lib/python3.12/site-packages/robot_interfaces-0.0.0-py3.12.egg-info
[1.495s] -- Installing: /home/r2w0t/dev/RCB/workspaces/controller_ws/install/robot_interfaces/lib/python3.12/site-packages/robot_interfaces-0.0.0-py3.12.egg-info/SOURCES.txt
[1.495s] -- Installing: /home/r2w0t/dev/RCB/workspaces/controller_ws/install/robot_interfaces/lib/python3.12/site-packages/robot_interfaces-0.0.0-py3.12.egg-info/dependency_links.txt
[1.495s] -- Installing: /home/r2w0t/dev/RCB/workspaces/controller_ws/install/robot_interfaces/lib/python3.12/site-packages/robot_interfaces-0.0.0-py3.12.egg-info/top_level.txt
[1.495s] -- Installing: /home/r2w0t/dev/RCB/workspaces/controller_ws/install/robot_interfaces/lib/python3.12/site-packages/robot_interfaces-0.0.0-py3.12.egg-info/PKG-INFO
[1.496s] -- Up-to-date: /home/r2w0t/dev/RCB/workspaces/controller_ws/install/robot_interfaces/lib/python3.12/site-packages/robot_interfaces
[1.496s] -- Up-to-date: /home/r2w0t/dev/RCB/workspaces/controller_ws/install/robot_interfaces/lib/python3.12/site-packages/robot_interfaces/__init__.py
[1.496s] -- Up-to-date: /home/r2w0t/dev/RCB/workspaces/controller_ws/install/robot_interfaces/lib/python3.12/site-packages/robot_interfaces/msg
[1.496s] -- Up-to-date: /home/r2w0t/dev/RCB/workspaces/controller_ws/install/robot_interfaces/lib/python3.12/site-packages/robot_interfaces/msg/__init__.py
[1.497s] -- Up-to-date: /home/r2w0t/dev/RCB/workspaces/controller_ws/install/robot_interfaces/lib/python3.12/site-packages/robot_interfaces/msg/_odometry.py
[1.497s] -- Up-to-date: /home/r2w0t/dev/RCB/workspaces/controller_ws/install/robot_interfaces/lib/python3.12/site-packages/robot_interfaces/msg/_odometry_s.c
[1.497s] -- Up-to-date: /home/r2w0t/dev/RCB/workspaces/controller_ws/install/robot_interfaces/lib/python3.12/site-packages/robot_interfaces/msg/_speed.py
[1.497s] -- Up-to-date: /home/r2w0t/dev/RCB/workspaces/controller_ws/install/robot_interfaces/lib/python3.12/site-packages/robot_interfaces/msg/_command_s.c
[1.497s] -- Up-to-date: /home/r2w0t/dev/RCB/workspaces/controller_ws/install/robot_interfaces/lib/python3.12/site-packages/robot_interfaces/msg/_command.py
[1.498s] -- Up-to-date: /home/r2w0t/dev/RCB/workspaces/controller_ws/install/robot_interfaces/lib/python3.12/site-packages/robot_interfaces/msg/_speed_s.c
[1.498s] -- Up-to-date: /home/r2w0t/dev/RCB/workspaces/controller_ws/install/robot_interfaces/lib/python3.12/site-packages/robot_interfaces/_robot_interfaces_s.ep.rosidl_typesupport_fastrtps_c.c
[1.498s] -- Up-to-date: /home/r2w0t/dev/RCB/workspaces/controller_ws/install/robot_interfaces/lib/python3.12/site-packages/robot_interfaces/_robot_interfaces_s.ep.rosidl_typesupport_c.c
[1.498s] -- Up-to-date: /home/r2w0t/dev/RCB/workspaces/controller_ws/install/robot_interfaces/lib/python3.12/site-packages/robot_interfaces/robot_interfaces_s__rosidl_typesupport_fastrtps_c.so
[1.498s] -- Up-to-date: /home/r2w0t/dev/RCB/workspaces/controller_ws/install/robot_interfaces/lib/python3.12/site-packages/robot_interfaces/_robot_interfaces_s.ep.rosidl_typesupport_introspection_c.c
[1.499s] -- Up-to-date: /home/r2w0t/dev/RCB/workspaces/controller_ws/install/robot_interfaces/lib/python3.12/site-packages/robot_interfaces/robot_interfaces_s__rosidl_typesupport_introspection_c.so
[1.499s] -- Up-to-date: /home/r2w0t/dev/RCB/workspaces/controller_ws/install/robot_interfaces/lib/python3.12/site-packages/robot_interfaces/robot_interfaces_s__rosidl_typesupport_c.so
[1.580s] Listing '/home/r2w0t/dev/RCB/workspaces/controller_ws/install/robot_interfaces/lib/python3.12/site-packages/robot_interfaces'...
[1.580s] Compiling '/home/r2w0t/dev/RCB/workspaces/controller_ws/install/robot_interfaces/lib/python3.12/site-packages/robot_interfaces/__init__.py'...
[1.581s] Listing '/home/r2w0t/dev/RCB/workspaces/controller_ws/install/robot_interfaces/lib/python3.12/site-packages/robot_interfaces/msg'...
[1.581s] Compiling '/home/r2w0t/dev/RCB/workspaces/controller_ws/install/robot_interfaces/lib/python3.12/site-packages/robot_interfaces/msg/__init__.py'...
[1.581s] Compiling '/home/r2w0t/dev/RCB/workspaces/controller_ws/install/robot_interfaces/lib/python3.12/site-packages/robot_interfaces/msg/_command.py'...
[1.581s] Compiling '/home/r2w0t/dev/RCB/workspaces/controller_ws/install/robot_interfaces/lib/python3.12/site-packages/robot_interfaces/msg/_odometry.py'...
[1.581s] Compiling '/home/r2w0t/dev/RCB/workspaces/controller_ws/install/robot_interfaces/lib/python3.12/site-packages/robot_interfaces/msg/_speed.py'...
[1.590s] -- Installing: /home/r2w0t/dev/RCB/workspaces/controller_ws/install/robot_interfaces/lib/python3.12/site-packages/robot_interfaces/robot_interfaces_s__rosidl_typesupport_fastrtps_c.so
[1.591s] -- Set non-toolchain portion of runtime path of "/home/r2w0t/dev/RCB/workspaces/controller_ws/install/robot_interfaces/lib/python3.12/site-packages/robot_interfaces/robot_interfaces_s__rosidl_typesupport_fastrtps_c.so" to ""
[1.591s] -- Installing: /home/r2w0t/dev/RCB/workspaces/controller_ws/install/robot_interfaces/lib/python3.12/site-packages/robot_interfaces/robot_interfaces_s__rosidl_typesupport_introspection_c.so
[1.592s] -- Set non-toolchain portion of runtime path of "/home/r2w0t/dev/RCB/workspaces/controller_ws/install/robot_interfaces/lib/python3.12/site-packages/robot_interfaces/robot_interfaces_s__rosidl_typesupport_introspection_c.so" to ""
[1.592s] -- Installing: /home/r2w0t/dev/RCB/workspaces/controller_ws/install/robot_interfaces/lib/python3.12/site-packages/robot_interfaces/robot_interfaces_s__rosidl_typesupport_c.so
[1.593s] -- Set non-toolchain portion of runtime path of "/home/r2w0t/dev/RCB/workspaces/controller_ws/install/robot_interfaces/lib/python3.12/site-packages/robot_interfaces/robot_interfaces_s__rosidl_typesupport_c.so" to ""
[1.593s] -- Installing: /home/r2w0t/dev/RCB/workspaces/controller_ws/install/robot_interfaces/lib/librobot_interfaces__rosidl_generator_py.so
[1.594s] -- Set non-toolchain portion of runtime path of "/home/r2w0t/dev/RCB/workspaces/controller_ws/install/robot_interfaces/lib/librobot_interfaces__rosidl_generator_py.so" to ""
[1.594s] -- Up-to-date: /home/r2w0t/dev/RCB/workspaces/controller_ws/install/robot_interfaces/share/robot_interfaces/msg/Command.idl
[1.595s] -- Up-to-date: /home/r2w0t/dev/RCB/workspaces/controller_ws/install/robot_interfaces/share/robot_interfaces/msg/Odometry.idl
[1.595s] -- Up-to-date: /home/r2w0t/dev/RCB/workspaces/controller_ws/install/robot_interfaces/share/robot_interfaces/msg/Speed.idl
[1.595s] -- Up-to-date: /home/r2w0t/dev/RCB/workspaces/controller_ws/install/robot_interfaces/share/robot_interfaces/msg/Command.msg
[1.595s] -- Up-to-date: /home/r2w0t/dev/RCB/workspaces/controller_ws/install/robot_interfaces/share/robot_interfaces/msg/Odometry.msg
[1.596s] -- Up-to-date: /home/r2w0t/dev/RCB/workspaces/controller_ws/install/robot_interfaces/share/robot_interfaces/msg/Speed.msg
[1.596s] -- Up-to-date: /home/r2w0t/dev/RCB/workspaces/controller_ws/install/robot_interfaces/share/ament_index/resource_index/package_run_dependencies/robot_interfaces
[1.596s] -- Up-to-date: /home/r2w0t/dev/RCB/workspaces/controller_ws/install/robot_interfaces/share/ament_index/resource_index/parent_prefix_path/robot_interfaces
[1.596s] -- Up-to-date: /home/r2w0t/dev/RCB/workspaces/controller_ws/install/robot_interfaces/share/robot_interfaces/environment/ament_prefix_path.sh
[1.597s] -- Up-to-date: /home/r2w0t/dev/RCB/workspaces/controller_ws/install/robot_interfaces/share/robot_interfaces/environment/ament_prefix_path.dsv
[1.597s] -- Up-to-date: /home/r2w0t/dev/RCB/workspaces/controller_ws/install/robot_interfaces/share/robot_interfaces/environment/path.sh
[1.597s] -- Up-to-date: /home/r2w0t/dev/RCB/workspaces/controller_ws/install/robot_interfaces/share/robot_interfaces/environment/path.dsv
[1.597s] -- Up-to-date: /home/r2w0t/dev/RCB/workspaces/controller_ws/install/robot_interfaces/share/robot_interfaces/local_setup.bash
[1.598s] -- Up-to-date: /home/r2w0t/dev/RCB/workspaces/controller_ws/install/robot_interfaces/share/robot_interfaces/local_setup.sh
[1.598s] -- Up-to-date: /home/r2w0t/dev/RCB/workspaces/controller_ws/install/robot_interfaces/share/robot_interfaces/local_setup.zsh
[1.598s] -- Up-to-date: /home/r2w0t/dev/RCB/workspaces/controller_ws/install/robot_interfaces/share/robot_interfaces/local_setup.dsv
[1.599s] -- Installing: /home/r2w0t/dev/RCB/workspaces/controller_ws/install/robot_interfaces/share/robot_interfaces/package.dsv
[1.599s] -- Up-to-date: /home/r2w0t/dev/RCB/workspaces/controller_ws/install/robot_interfaces/share/ament_index/resource_index/packages/robot_interfaces
[1.599s] -- Up-to-date: /home/r2w0t/dev/RCB/workspaces/controller_ws/install/robot_interfaces/share/robot_interfaces/cmake/export_robot_interfaces__rosidl_generator_cExport.cmake
[1.599s] -- Up-to-date: /home/r2w0t/dev/RCB/workspaces/controller_ws/install/robot_interfaces/share/robot_interfaces/cmake/export_robot_interfaces__rosidl_generator_cExport-noconfig.cmake
[1.600s] -- Up-to-date: /home/r2w0t/dev/RCB/workspaces/controller_ws/install/robot_interfaces/share/robot_interfaces/cmake/export_robot_interfaces__rosidl_typesupport_fastrtps_cExport.cmake
[1.600s] -- Up-to-date: /home/r2w0t/dev/RCB/workspaces/controller_ws/install/robot_interfaces/share/robot_interfaces/cmake/export_robot_interfaces__rosidl_typesupport_fastrtps_cExport-noconfig.cmake
[1.600s] -- Up-to-date: /home/r2w0t/dev/RCB/workspaces/controller_ws/install/robot_interfaces/share/robot_interfaces/cmake/robot_interfaces__rosidl_typesupport_introspection_cExport.cmake
[1.600s] -- Up-to-date: /home/r2w0t/dev/RCB/workspaces/controller_ws/install/robot_interfaces/share/robot_interfaces/cmake/robot_interfaces__rosidl_typesupport_introspection_cExport-noconfig.cmake
[1.601s] -- Up-to-date: /home/r2w0t/dev/RCB/workspaces/controller_ws/install/robot_interfaces/share/robot_interfaces/cmake/robot_interfaces__rosidl_typesupport_cExport.cmake
[1.601s] -- Up-to-date: /home/r2w0t/dev/RCB/workspaces/controller_ws/install/robot_interfaces/share/robot_interfaces/cmake/robot_interfaces__rosidl_typesupport_cExport-noconfig.cmake
[1.602s] -- Up-to-date: /home/r2w0t/dev/RCB/workspaces/controller_ws/install/robot_interfaces/share/robot_interfaces/cmake/export_robot_interfaces__rosidl_generator_cppExport.cmake
[1.602s] -- Up-to-date: /home/r2w0t/dev/RCB/workspaces/controller_ws/install/robot_interfaces/share/robot_interfaces/cmake/export_robot_interfaces__rosidl_typesupport_fastrtps_cppExport.cmake
[1.602s] -- Up-to-date: /home/r2w0t/dev/RCB/workspaces/controller_ws/install/robot_interfaces/share/robot_interfaces/cmake/export_robot_interfaces__rosidl_typesupport_fastrtps_cppExport-noconfig.cmake
[1.602s] -- Up-to-date: /home/r2w0t/dev/RCB/workspaces/controller_ws/install/robot_interfaces/share/robot_interfaces/cmake/robot_interfaces__rosidl_typesupport_introspection_cppExport.cmake
[1.602s] -- Up-to-date: /home/r2w0t/dev/RCB/workspaces/controller_ws/install/robot_interfaces/share/robot_interfaces/cmake/robot_interfaces__rosidl_typesupport_introspection_cppExport-noconfig.cmake
[1.603s] -- Up-to-date: /home/r2w0t/dev/RCB/workspaces/controller_ws/install/robot_interfaces/share/robot_interfaces/cmake/robot_interfaces__rosidl_typesupport_cppExport.cmake
[1.603s] -- Up-to-date: /home/r2w0t/dev/RCB/workspaces/controller_ws/install/robot_interfaces/share/robot_interfaces/cmake/robot_interfaces__rosidl_typesupport_cppExport-noconfig.cmake
[1.603s] -- Up-to-date: /home/r2w0t/dev/RCB/workspaces/controller_ws/install/robot_interfaces/share/robot_interfaces/cmake/export_robot_interfaces__rosidl_generator_pyExport.cmake
[1.603s] -- Up-to-date: /home/r2w0t/dev/RCB/workspaces/controller_ws/install/robot_interfaces/share/robot_interfaces/cmake/export_robot_interfaces__rosidl_generator_pyExport-noconfig.cmake
[1.603s] -- Up-to-date: /home/r2w0t/dev/RCB/workspaces/controller_ws/install/robot_interfaces/share/robot_interfaces/cmake/rosidl_cmake-extras.cmake
[1.604s] -- Up-to-date: /home/r2w0t/dev/RCB/workspaces/controller_ws/install/robot_interfaces/share/robot_interfaces/cmake/ament_cmake_export_include_directories-extras.cmake
[1.604s] -- Up-to-date: /home/r2w0t/dev/RCB/workspaces/controller_ws/install/robot_interfaces/share/robot_interfaces/cmake/ament_cmake_export_libraries-extras.cmake
[1.604s] -- Up-to-date: /home/r2w0t/dev/RCB/workspaces/controller_ws/install/robot_interfaces/share/robot_interfaces/cmake/ament_cmake_export_targets-extras.cmake
[1.604s] -- Up-to-date: /home/r2w0t/dev/RCB/workspaces/controller_ws/install/robot_interfaces/share/robot_interfaces/cmake/rosidl_cmake_export_typesupport_targets-extras.cmake
[1.605s] -- Up-to-date: /home/r2w0t/dev/RCB/workspaces/controller_ws/install/robot_interfaces/share/robot_interfaces/cmake/ament_cmake_export_dependencies-extras.cmake
[1.605s] -- Up-to-date: /home/r2w0t/dev/RCB/workspaces/controller_ws/install/robot_interfaces/share/robot_interfaces/cmake/rosidl_cmake_export_typesupport_libraries-extras.cmake
[1.605s] -- Up-to-date: /home/r2w0t/dev/RCB/workspaces/controller_ws/install/robot_interfaces/share/robot_interfaces/cmake/robot_interfacesConfig.cmake
[1.605s] -- Up-to-date: /home/r2w0t/dev/RCB/workspaces/controller_ws/install/robot_interfaces/share/robot_interfaces/cmake/robot_interfacesConfig-version.cmake
[1.605s] -- Up-to-date: /home/r2w0t/dev/RCB/workspaces/controller_ws/install/robot_interfaces/share/robot_interfaces/package.xml
[1.610s] Invoked command in '/home/r2w0t/dev/RCB/workspaces/controller_ws/build/robot_interfaces' returned '0': CMAKE_PREFIX_PATH=${CMAKE_PREFIX_PATH}:/nix/store/vhz65fc3cs10c5sxbwh7c5iz2pwzyx4b-ros-env _=/nix/store/yh6qg1nsi5h2xblcr67030pz58fsaxx3-coreutils-9.6/bin/env buildPhase={ echo "------------------------------------------------------------";
  echo " WARNING: the existence of this path is not guaranteed.";
  echo " It is an internal implementation detail for pkgs.mkShell.";
  echo "------------------------------------------------------------";
  echo;
  # Record all build inputs as runtime dependencies
  export;
} >> "$out" shellHook=# Setup ROS 2 shell completion. Doing it in direnv is useless.
if [[ ! $DIRENV_IN_ENVRC ]]; then
    eval "$(/nix/store/dds9yi6lc5zh41n5k4qnijq4xjk7069v-python3.12-argcomplete-3.5.3/bin/register-python-argcomplete ros2)"
    eval "$(/nix/store/dds9yi6lc5zh41n5k4qnijq4xjk7069v-python3.12-argcomplete-3.5.3/bin/register-python-argcomplete colcon)"
fi /nix/store/8jljd7zhwwcpqmfj3cz18nbr9x4dilf1-python3.12-cmake-3.31.5/bin/cmake --install /home/r2w0t/dev/RCB/workspaces/controller_ws/build/robot_interfaces
