[0.036s] Invoking command in '/home/r2w0t/dev/RCB/workspaces/controller_ws/build/robot_interfaces': CMAKE_PREFIX_PATH=${CMAKE_PREFIX_PATH}:/nix/store/vhz65fc3cs10c5sxbwh7c5iz2pwzyx4b-ros-env _=/nix/store/yh6qg1nsi5h2xblcr67030pz58fsaxx3-coreutils-9.6/bin/env buildPhase={ echo "------------------------------------------------------------";
  echo " WARNING: the existence of this path is not guaranteed.";
  echo " It is an internal implementation detail for pkgs.mkShell.";
  echo "------------------------------------------------------------";
  echo;
  # Record all build inputs as runtime dependencies
  export;
} >> "$out" shellHook=# Setup ROS 2 shell completion. Doing it in direnv is useless.
if [[ ! $DIRENV_IN_ENVRC ]]; then
    eval "$(/nix/store/dds9yi6lc5zh41n5k4qnijq4xjk7069v-python3.12-argcomplete-3.5.3/bin/register-python-argcomplete ros2)"
    eval "$(/nix/store/dds9yi6lc5zh41n5k4qnijq4xjk7069v-python3.12-argcomplete-3.5.3/bin/register-python-argcomplete colcon)"
fi /nix/store/8jljd7zhwwcpqmfj3cz18nbr9x4dilf1-python3.12-cmake-3.31.5/bin/cmake --build /home/r2w0t/dev/RCB/workspaces/controller_ws/build/robot_interfaces -- -j4 -l4
[0.276s] [  1%] Built target robot_interfaces__rosidl_generator_type_description
[0.356s] [  1%] Built target ament_cmake_python_copy_robot_interfaces
[0.421s] [ 22%] Built target robot_interfaces__rosidl_generator_c
[1.125s] running egg_info
[1.169s] writing robot_interfaces.egg-info/PKG-INFO
[1.170s] writing dependency_links to robot_interfaces.egg-info/dependency_links.txt
[1.170s] writing top-level names to robot_interfaces.egg-info/top_level.txt
[1.302s] reading manifest file 'robot_interfaces.egg-info/SOURCES.txt'
[1.305s] writing manifest file 'robot_interfaces.egg-info/SOURCES.txt'
[1.380s] [ 22%] Built target ament_cmake_python_build_robot_interfaces_egg
[1.420s] [ 31%] Built target robot_interfaces__rosidl_typesupport_introspection_c
[1.483s] [ 40%] Built target robot_interfaces__rosidl_typesupport_c
[1.484s] [ 50%] Built target robot_interfaces__rosidl_typesupport_fastrtps_c
[1.545s] [ 51%] Built target robot_interfaces__cpp
[1.615s] [ 61%] Built target robot_interfaces__rosidl_typesupport_fastrtps_cpp
[1.615s] [ 70%] Built target robot_interfaces__rosidl_typesupport_cpp
[1.681s] [ 79%] Built target robot_interfaces__rosidl_typesupport_introspection_cpp
[1.739s] [ 79%] Built target robot_interfaces
[1.798s] [ 81%] Built target robot_interfaces__py
[1.865s] [ 88%] Built target robot_interfaces__rosidl_generator_py
[1.931s] [ 92%] Built target robot_interfaces_s__rosidl_typesupport_introspection_c
[1.933s] [ 96%] Built target robot_interfaces_s__rosidl_typesupport_fastrtps_c
[1.997s] [100%] Built target robot_interfaces_s__rosidl_typesupport_c
[2.032s] Invoked command in '/home/r2w0t/dev/RCB/workspaces/controller_ws/build/robot_interfaces' returned '0': CMAKE_PREFIX_PATH=${CMAKE_PREFIX_PATH}:/nix/store/vhz65fc3cs10c5sxbwh7c5iz2pwzyx4b-ros-env _=/nix/store/yh6qg1nsi5h2xblcr67030pz58fsaxx3-coreutils-9.6/bin/env buildPhase={ echo "------------------------------------------------------------";
  echo " WARNING: the existence of this path is not guaranteed.";
  echo " It is an internal implementation detail for pkgs.mkShell.";
  echo "------------------------------------------------------------";
  echo;
  # Record all build inputs as runtime dependencies
  export;
} >> "$out" shellHook=# Setup ROS 2 shell completion. Doing it in direnv is useless.
if [[ ! $DIRENV_IN_ENVRC ]]; then
    eval "$(/nix/store/dds9yi6lc5zh41n5k4qnijq4xjk7069v-python3.12-argcomplete-3.5.3/bin/register-python-argcomplete ros2)"
    eval "$(/nix/store/dds9yi6lc5zh41n5k4qnijq4xjk7069v-python3.12-argcomplete-3.5.3/bin/register-python-argcomplete colcon)"
fi /nix/store/8jljd7zhwwcpqmfj3cz18nbr9x4dilf1-python3.12-cmake-3.31.5/bin/cmake --build /home/r2w0t/dev/RCB/workspaces/controller_ws/build/robot_interfaces -- -j4 -l4
[2.036s] Invoking command in '/home/r2w0t/dev/RCB/workspaces/controller_ws/build/robot_interfaces': CMAKE_PREFIX_PATH=${CMAKE_PREFIX_PATH}:/nix/store/vhz65fc3cs10c5sxbwh7c5iz2pwzyx4b-ros-env _=/nix/store/yh6qg1nsi5h2xblcr67030pz58fsaxx3-coreutils-9.6/bin/env buildPhase={ echo "------------------------------------------------------------";
  echo " WARNING: the existence of this path is not guaranteed.";
  echo " It is an internal implementation detail for pkgs.mkShell.";
  echo "------------------------------------------------------------";
  echo;
  # Record all build inputs as runtime dependencies
  export;
} >> "$out" shellHook=# Setup ROS 2 shell completion. Doing it in direnv is useless.
if [[ ! $DIRENV_IN_ENVRC ]]; then
    eval "$(/nix/store/dds9yi6lc5zh41n5k4qnijq4xjk7069v-python3.12-argcomplete-3.5.3/bin/register-python-argcomplete ros2)"
    eval "$(/nix/store/dds9yi6lc5zh41n5k4qnijq4xjk7069v-python3.12-argcomplete-3.5.3/bin/register-python-argcomplete colcon)"
fi /nix/store/8jljd7zhwwcpqmfj3cz18nbr9x4dilf1-python3.12-cmake-3.31.5/bin/cmake --install /home/r2w0t/dev/RCB/workspaces/controller_ws/build/robot_interfaces
[2.158s] -- Install configuration: ""
[2.159s] -- Up-to-date: /home/r2w0t/dev/RCB/workspaces/controller_ws/install/robot_interfaces/share/ament_index/resource_index/rosidl_interfaces/robot_interfaces
[2.159s] -- Up-to-date: /home/r2w0t/dev/RCB/workspaces/controller_ws/install/robot_interfaces/share/robot_interfaces/msg/Command.json
[2.160s] -- Up-to-date: /home/r2w0t/dev/RCB/workspaces/controller_ws/install/robot_interfaces/share/robot_interfaces/msg/Odometry.json
[2.160s] -- Up-to-date: /home/r2w0t/dev/RCB/workspaces/controller_ws/install/robot_interfaces/share/robot_interfaces/msg/Speed.json
[2.161s] -- Up-to-date: /home/r2w0t/dev/RCB/workspaces/controller_ws/install/robot_interfaces/include/robot_interfaces/robot_interfaces
[2.162s] -- Up-to-date: /home/r2w0t/dev/RCB/workspaces/controller_ws/install/robot_interfaces/include/robot_interfaces/robot_interfaces/msg
[2.162s] -- Up-to-date: /home/r2w0t/dev/RCB/workspaces/controller_ws/install/robot_interfaces/include/robot_interfaces/robot_interfaces/msg/detail
[2.162s] -- Up-to-date: /home/r2w0t/dev/RCB/workspaces/controller_ws/install/robot_interfaces/include/robot_interfaces/robot_interfaces/msg/detail/odometry__description.c
[2.163s] -- Up-to-date: /home/r2w0t/dev/RCB/workspaces/controller_ws/install/robot_interfaces/include/robot_interfaces/robot_interfaces/msg/detail/speed__struct.h
[2.163s] -- Up-to-date: /home/r2w0t/dev/RCB/workspaces/controller_ws/install/robot_interfaces/include/robot_interfaces/robot_interfaces/msg/detail/command__description.c
[2.163s] -- Up-to-date: /home/r2w0t/dev/RCB/workspaces/controller_ws/install/robot_interfaces/include/robot_interfaces/robot_interfaces/msg/detail/odometry__functions.h
[2.164s] -- Up-to-date: /home/r2w0t/dev/RCB/workspaces/controller_ws/install/robot_interfaces/include/robot_interfaces/robot_interfaces/msg/detail/command__functions.c
[2.164s] -- Up-to-date: /home/r2w0t/dev/RCB/workspaces/controller_ws/install/robot_interfaces/include/robot_interfaces/robot_interfaces/msg/detail/speed__description.c
[2.165s] -- Up-to-date: /home/r2w0t/dev/RCB/workspaces/controller_ws/install/robot_interfaces/include/robot_interfaces/robot_interfaces/msg/detail/command__struct.h
[2.166s] -- Installing: /home/r2w0t/dev/RCB/workspaces/controller_ws/install/robot_interfaces/include/robot_interfaces/robot_interfaces/msg/detail/odometry__type_support.c
[2.166s] -- Up-to-date: /home/r2w0t/dev/RCB/workspaces/controller_ws/install/robot_interfaces/include/robot_interfaces/robot_interfaces/msg/detail/speed__functions.c
[2.167s] -- Up-to-date: /home/r2w0t/dev/RCB/workspaces/controller_ws/install/robot_interfaces/include/robot_interfaces/robot_interfaces/msg/detail/command__functions.h
[2.167s] -- Up-to-date: /home/r2w0t/dev/RCB/workspaces/controller_ws/install/robot_interfaces/include/robot_interfaces/robot_interfaces/msg/detail/odometry__type_support.h
[2.167s] -- Up-to-date: /home/r2w0t/dev/RCB/workspaces/controller_ws/install/robot_interfaces/include/robot_interfaces/robot_interfaces/msg/detail/speed__functions.h
[2.168s] -- Up-to-date: /home/r2w0t/dev/RCB/workspaces/controller_ws/install/robot_interfaces/include/robot_interfaces/robot_interfaces/msg/detail/speed__type_support.h
[2.168s] -- Installing: /home/r2w0t/dev/RCB/workspaces/controller_ws/install/robot_interfaces/include/robot_interfaces/robot_interfaces/msg/detail/speed__type_support.c
[2.168s] -- Up-to-date: /home/r2w0t/dev/RCB/workspaces/controller_ws/install/robot_interfaces/include/robot_interfaces/robot_interfaces/msg/detail/odometry__struct.h
[2.169s] -- Installing: /home/r2w0t/dev/RCB/workspaces/controller_ws/install/robot_interfaces/include/robot_interfaces/robot_interfaces/msg/detail/command__type_support.c
[2.170s] -- Up-to-date: /home/r2w0t/dev/RCB/workspaces/controller_ws/install/robot_interfaces/include/robot_interfaces/robot_interfaces/msg/detail/odometry__functions.c
[2.170s] -- Up-to-date: /home/r2w0t/dev/RCB/workspaces/controller_ws/install/robot_interfaces/include/robot_interfaces/robot_interfaces/msg/detail/command__type_support.h
[2.171s] -- Up-to-date: /home/r2w0t/dev/RCB/workspaces/controller_ws/install/robot_interfaces/include/robot_interfaces/robot_interfaces/msg/command.h
[2.171s] -- Up-to-date: /home/r2w0t/dev/RCB/workspaces/controller_ws/install/robot_interfaces/include/robot_interfaces/robot_interfaces/msg/speed.h
[2.172s] -- Up-to-date: /home/r2w0t/dev/RCB/workspaces/controller_ws/install/robot_interfaces/include/robot_interfaces/robot_interfaces/msg/odometry.h
[2.172s] -- Up-to-date: /home/r2w0t/dev/RCB/workspaces/controller_ws/install/robot_interfaces/include/robot_interfaces/robot_interfaces/msg/rosidl_generator_c__visibility_control.h
[2.172s] -- Up-to-date: /home/r2w0t/dev/RCB/workspaces/controller_ws/install/robot_interfaces/share/robot_interfaces/environment/library_path.sh
[2.173s] -- Up-to-date: /home/r2w0t/dev/RCB/workspaces/controller_ws/install/robot_interfaces/share/robot_interfaces/environment/library_path.dsv
[2.173s] -- Installing: /home/r2w0t/dev/RCB/workspaces/controller_ws/install/robot_interfaces/lib/librobot_interfaces__rosidl_generator_c.so
[2.174s] -- Up-to-date: /home/r2w0t/dev/RCB/workspaces/controller_ws/install/robot_interfaces/include/robot_interfaces/robot_interfaces
[2.174s] -- Up-to-date: /home/r2w0t/dev/RCB/workspaces/controller_ws/install/robot_interfaces/include/robot_interfaces/robot_interfaces/msg
[2.174s] -- Up-to-date: /home/r2w0t/dev/RCB/workspaces/controller_ws/install/robot_interfaces/include/robot_interfaces/robot_interfaces/msg/detail
[2.175s] -- Up-to-date: /home/r2w0t/dev/RCB/workspaces/controller_ws/install/robot_interfaces/include/robot_interfaces/robot_interfaces/msg/detail/command__rosidl_typesupport_fastrtps_c.h
[2.175s] -- Up-to-date: /home/r2w0t/dev/RCB/workspaces/controller_ws/install/robot_interfaces/include/robot_interfaces/robot_interfaces/msg/detail/speed__rosidl_typesupport_fastrtps_c.h
[2.176s] -- Up-to-date: /home/r2w0t/dev/RCB/workspaces/controller_ws/install/robot_interfaces/include/robot_interfaces/robot_interfaces/msg/detail/odometry__rosidl_typesupport_fastrtps_c.h
[2.176s] -- Up-to-date: /home/r2w0t/dev/RCB/workspaces/controller_ws/install/robot_interfaces/include/robot_interfaces/robot_interfaces/msg/rosidl_typesupport_fastrtps_c__visibility_control.h
[2.176s] -- Installing: /home/r2w0t/dev/RCB/workspaces/controller_ws/install/robot_interfaces/lib/librobot_interfaces__rosidl_typesupport_fastrtps_c.so
[2.177s] -- Set non-toolchain portion of runtime path of "/home/r2w0t/dev/RCB/workspaces/controller_ws/install/robot_interfaces/lib/librobot_interfaces__rosidl_typesupport_fastrtps_c.so" to ""
[2.177s] -- Up-to-date: /home/r2w0t/dev/RCB/workspaces/controller_ws/install/robot_interfaces/include/robot_interfaces/robot_interfaces
[2.177s] -- Up-to-date: /home/r2w0t/dev/RCB/workspaces/controller_ws/install/robot_interfaces/include/robot_interfaces/robot_interfaces/msg
[2.178s] -- Up-to-date: /home/r2w0t/dev/RCB/workspaces/controller_ws/install/robot_interfaces/include/robot_interfaces/robot_interfaces/msg/detail
[2.179s] -- Up-to-date: /home/r2w0t/dev/RCB/workspaces/controller_ws/install/robot_interfaces/include/robot_interfaces/robot_interfaces/msg/detail/command__rosidl_typesupport_introspection_c.h
[2.179s] -- Up-to-date: /home/r2w0t/dev/RCB/workspaces/controller_ws/install/robot_interfaces/include/robot_interfaces/robot_interfaces/msg/detail/speed__rosidl_typesupport_introspection_c.h
[2.179s] -- Installing: /home/r2w0t/dev/RCB/workspaces/controller_ws/install/robot_interfaces/include/robot_interfaces/robot_interfaces/msg/detail/odometry__type_support.c
[2.180s] -- Up-to-date: /home/r2w0t/dev/RCB/workspaces/controller_ws/install/robot_interfaces/include/robot_interfaces/robot_interfaces/msg/detail/odometry__rosidl_typesupport_introspection_c.h
[2.180s] -- Installing: /home/r2w0t/dev/RCB/workspaces/controller_ws/install/robot_interfaces/include/robot_interfaces/robot_interfaces/msg/detail/speed__type_support.c
[2.180s] -- Installing: /home/r2w0t/dev/RCB/workspaces/controller_ws/install/robot_interfaces/include/robot_interfaces/robot_interfaces/msg/detail/command__type_support.c
[2.180s] -- Up-to-date: /home/r2w0t/dev/RCB/workspaces/controller_ws/install/robot_interfaces/include/robot_interfaces/robot_interfaces/msg/rosidl_typesupport_introspection_c__visibility_control.h
[2.181s] -- Installing: /home/r2w0t/dev/RCB/workspaces/controller_ws/install/robot_interfaces/lib/librobot_interfaces__rosidl_typesupport_introspection_c.so
[2.181s] -- Set non-toolchain portion of runtime path of "/home/r2w0t/dev/RCB/workspaces/controller_ws/install/robot_interfaces/lib/librobot_interfaces__rosidl_typesupport_introspection_c.so" to ""
[2.181s] -- Installing: /home/r2w0t/dev/RCB/workspaces/controller_ws/install/robot_interfaces/lib/librobot_interfaces__rosidl_typesupport_c.so
[2.182s] -- Set non-toolchain portion of runtime path of "/home/r2w0t/dev/RCB/workspaces/controller_ws/install/robot_interfaces/lib/librobot_interfaces__rosidl_typesupport_c.so" to ""
[2.182s] -- Up-to-date: /home/r2w0t/dev/RCB/workspaces/controller_ws/install/robot_interfaces/include/robot_interfaces/robot_interfaces
[2.182s] -- Up-to-date: /home/r2w0t/dev/RCB/workspaces/controller_ws/install/robot_interfaces/include/robot_interfaces/robot_interfaces/msg
[2.182s] -- Up-to-date: /home/r2w0t/dev/RCB/workspaces/controller_ws/install/robot_interfaces/include/robot_interfaces/robot_interfaces/msg/rosidl_generator_cpp__visibility_control.hpp
[2.183s] -- Up-to-date: /home/r2w0t/dev/RCB/workspaces/controller_ws/install/robot_interfaces/include/robot_interfaces/robot_interfaces/msg/detail
[2.183s] -- Up-to-date: /home/r2w0t/dev/RCB/workspaces/controller_ws/install/robot_interfaces/include/robot_interfaces/robot_interfaces/msg/detail/command__struct.hpp
[2.183s] -- Up-to-date: /home/r2w0t/dev/RCB/workspaces/controller_ws/install/robot_interfaces/include/robot_interfaces/robot_interfaces/msg/detail/odometry__struct.hpp
[2.183s] -- Up-to-date: /home/r2w0t/dev/RCB/workspaces/controller_ws/install/robot_interfaces/include/robot_interfaces/robot_interfaces/msg/detail/speed__builder.hpp
[2.184s] -- Up-to-date: /home/r2w0t/dev/RCB/workspaces/controller_ws/install/robot_interfaces/include/robot_interfaces/robot_interfaces/msg/detail/command__builder.hpp
[2.184s] -- Up-to-date: /home/r2w0t/dev/RCB/workspaces/controller_ws/install/robot_interfaces/include/robot_interfaces/robot_interfaces/msg/detail/speed__type_support.hpp
[2.184s] -- Up-to-date: /home/r2w0t/dev/RCB/workspaces/controller_ws/install/robot_interfaces/include/robot_interfaces/robot_interfaces/msg/detail/command__type_support.hpp
[2.184s] -- Up-to-date: /home/r2w0t/dev/RCB/workspaces/controller_ws/install/robot_interfaces/include/robot_interfaces/robot_interfaces/msg/detail/speed__struct.hpp
[2.185s] -- Up-to-date: /home/r2w0t/dev/RCB/workspaces/controller_ws/install/robot_interfaces/include/robot_interfaces/robot_interfaces/msg/detail/odometry__builder.hpp
[2.185s] -- Up-to-date: /home/r2w0t/dev/RCB/workspaces/controller_ws/install/robot_interfaces/include/robot_interfaces/robot_interfaces/msg/detail/odometry__traits.hpp
[2.185s] -- Up-to-date: /home/r2w0t/dev/RCB/workspaces/controller_ws/install/robot_interfaces/include/robot_interfaces/robot_interfaces/msg/detail/command__traits.hpp
[2.186s] -- Up-to-date: /home/r2w0t/dev/RCB/workspaces/controller_ws/install/robot_interfaces/include/robot_interfaces/robot_interfaces/msg/detail/speed__traits.hpp
[2.186s] -- Up-to-date: /home/r2w0t/dev/RCB/workspaces/controller_ws/install/robot_interfaces/include/robot_interfaces/robot_interfaces/msg/detail/odometry__type_support.hpp
[2.186s] -- Up-to-date: /home/r2w0t/dev/RCB/workspaces/controller_ws/install/robot_interfaces/include/robot_interfaces/robot_interfaces/msg/odometry.hpp
[2.186s] -- Up-to-date: /home/r2w0t/dev/RCB/workspaces/controller_ws/install/robot_interfaces/include/robot_interfaces/robot_interfaces/msg/speed.hpp
[2.187s] -- Up-to-date: /home/r2w0t/dev/RCB/workspaces/controller_ws/install/robot_interfaces/include/robot_interfaces/robot_interfaces/msg/command.hpp
[2.187s] -- Up-to-date: /home/r2w0t/dev/RCB/workspaces/controller_ws/install/robot_interfaces/include/robot_interfaces/robot_interfaces
[2.187s] -- Up-to-date: /home/r2w0t/dev/RCB/workspaces/controller_ws/install/robot_interfaces/include/robot_interfaces/robot_interfaces/msg
[2.187s] -- Up-to-date: /home/r2w0t/dev/RCB/workspaces/controller_ws/install/robot_interfaces/include/robot_interfaces/robot_interfaces/msg/detail
[2.188s] -- Up-to-date: /home/r2w0t/dev/RCB/workspaces/controller_ws/install/robot_interfaces/include/robot_interfaces/robot_interfaces/msg/detail/dds_fastrtps
[2.188s] -- Up-to-date: /home/r2w0t/dev/RCB/workspaces/controller_ws/install/robot_interfaces/include/robot_interfaces/robot_interfaces/msg/detail/speed__rosidl_typesupport_fastrtps_cpp.hpp
[2.188s] -- Up-to-date: /home/r2w0t/dev/RCB/workspaces/controller_ws/install/robot_interfaces/include/robot_interfaces/robot_interfaces/msg/detail/odometry__rosidl_typesupport_fastrtps_cpp.hpp
[2.188s] -- Up-to-date: /home/r2w0t/dev/RCB/workspaces/controller_ws/install/robot_interfaces/include/robot_interfaces/robot_interfaces/msg/detail/command__rosidl_typesupport_fastrtps_cpp.hpp
[2.189s] -- Up-to-date: /home/r2w0t/dev/RCB/workspaces/controller_ws/install/robot_interfaces/include/robot_interfaces/robot_interfaces/msg/rosidl_typesupport_fastrtps_cpp__visibility_control.h
[2.189s] -- Installing: /home/r2w0t/dev/RCB/workspaces/controller_ws/install/robot_interfaces/lib/librobot_interfaces__rosidl_typesupport_fastrtps_cpp.so
[2.189s] -- Set non-toolchain portion of runtime path of "/home/r2w0t/dev/RCB/workspaces/controller_ws/install/robot_interfaces/lib/librobot_interfaces__rosidl_typesupport_fastrtps_cpp.so" to ""
[2.190s] -- Up-to-date: /home/r2w0t/dev/RCB/workspaces/controller_ws/install/robot_interfaces/include/robot_interfaces/robot_interfaces
[2.190s] -- Up-to-date: /home/r2w0t/dev/RCB/workspaces/controller_ws/install/robot_interfaces/include/robot_interfaces/robot_interfaces/msg
[2.190s] -- Up-to-date: /home/r2w0t/dev/RCB/workspaces/controller_ws/install/robot_interfaces/include/robot_interfaces/robot_interfaces/msg/detail
[2.190s] -- Up-to-date: /home/r2w0t/dev/RCB/workspaces/controller_ws/install/robot_interfaces/include/robot_interfaces/robot_interfaces/msg/detail/speed__rosidl_typesupport_introspection_cpp.hpp
[2.191s] -- Up-to-date: /home/r2w0t/dev/RCB/workspaces/controller_ws/install/robot_interfaces/include/robot_interfaces/robot_interfaces/msg/detail/speed__type_support.cpp
[2.191s] -- Up-to-date: /home/r2w0t/dev/RCB/workspaces/controller_ws/install/robot_interfaces/include/robot_interfaces/robot_interfaces/msg/detail/odometry__type_support.cpp
[2.191s] -- Up-to-date: /home/r2w0t/dev/RCB/workspaces/controller_ws/install/robot_interfaces/include/robot_interfaces/robot_interfaces/msg/detail/command__type_support.cpp
[2.191s] -- Up-to-date: /home/r2w0t/dev/RCB/workspaces/controller_ws/install/robot_interfaces/include/robot_interfaces/robot_interfaces/msg/detail/command__rosidl_typesupport_introspection_cpp.hpp
[2.192s] -- Up-to-date: /home/r2w0t/dev/RCB/workspaces/controller_ws/install/robot_interfaces/include/robot_interfaces/robot_interfaces/msg/detail/odometry__rosidl_typesupport_introspection_cpp.hpp
[2.192s] -- Installing: /home/r2w0t/dev/RCB/workspaces/controller_ws/install/robot_interfaces/lib/librobot_interfaces__rosidl_typesupport_introspection_cpp.so
[2.192s] -- Set non-toolchain portion of runtime path of "/home/r2w0t/dev/RCB/workspaces/controller_ws/install/robot_interfaces/lib/librobot_interfaces__rosidl_typesupport_introspection_cpp.so" to ""
[2.192s] -- Installing: /home/r2w0t/dev/RCB/workspaces/controller_ws/install/robot_interfaces/lib/librobot_interfaces__rosidl_typesupport_cpp.so
[2.193s] -- Set non-toolchain portion of runtime path of "/home/r2w0t/dev/RCB/workspaces/controller_ws/install/robot_interfaces/lib/librobot_interfaces__rosidl_typesupport_cpp.so" to ""
[2.193s] -- Up-to-date: /home/r2w0t/dev/RCB/workspaces/controller_ws/install/robot_interfaces/share/robot_interfaces/environment/pythonpath.sh
[2.193s] -- Up-to-date: /home/r2w0t/dev/RCB/workspaces/controller_ws/install/robot_interfaces/share/robot_interfaces/environment/pythonpath.dsv
[2.193s] -- Up-to-date: /home/r2w0t/dev/RCB/workspaces/controller_ws/install/robot_interfaces/lib/python3.12/site-packages/robot_interfaces-0.0.0-py3.12.egg-info
[2.194s] -- Installing: /home/r2w0t/dev/RCB/workspaces/controller_ws/install/robot_interfaces/lib/python3.12/site-packages/robot_interfaces-0.0.0-py3.12.egg-info/SOURCES.txt
[2.194s] -- Installing: /home/r2w0t/dev/RCB/workspaces/controller_ws/install/robot_interfaces/lib/python3.12/site-packages/robot_interfaces-0.0.0-py3.12.egg-info/dependency_links.txt
[2.194s] -- Installing: /home/r2w0t/dev/RCB/workspaces/controller_ws/install/robot_interfaces/lib/python3.12/site-packages/robot_interfaces-0.0.0-py3.12.egg-info/top_level.txt
[2.195s] -- Installing: /home/r2w0t/dev/RCB/workspaces/controller_ws/install/robot_interfaces/lib/python3.12/site-packages/robot_interfaces-0.0.0-py3.12.egg-info/PKG-INFO
[2.195s] -- Up-to-date: /home/r2w0t/dev/RCB/workspaces/controller_ws/install/robot_interfaces/lib/python3.12/site-packages/robot_interfaces
[2.195s] -- Up-to-date: /home/r2w0t/dev/RCB/workspaces/controller_ws/install/robot_interfaces/lib/python3.12/site-packages/robot_interfaces/__init__.py
[2.195s] -- Up-to-date: /home/r2w0t/dev/RCB/workspaces/controller_ws/install/robot_interfaces/lib/python3.12/site-packages/robot_interfaces/msg
[2.196s] -- Up-to-date: /home/r2w0t/dev/RCB/workspaces/controller_ws/install/robot_interfaces/lib/python3.12/site-packages/robot_interfaces/msg/__init__.py
[2.196s] -- Up-to-date: /home/r2w0t/dev/RCB/workspaces/controller_ws/install/robot_interfaces/lib/python3.12/site-packages/robot_interfaces/msg/_odometry.py
[2.197s] -- Up-to-date: /home/r2w0t/dev/RCB/workspaces/controller_ws/install/robot_interfaces/lib/python3.12/site-packages/robot_interfaces/msg/_odometry_s.c
[2.197s] -- Up-to-date: /home/r2w0t/dev/RCB/workspaces/controller_ws/install/robot_interfaces/lib/python3.12/site-packages/robot_interfaces/msg/_speed.py
[2.197s] -- Up-to-date: /home/r2w0t/dev/RCB/workspaces/controller_ws/install/robot_interfaces/lib/python3.12/site-packages/robot_interfaces/msg/_command_s.c
[2.197s] -- Up-to-date: /home/r2w0t/dev/RCB/workspaces/controller_ws/install/robot_interfaces/lib/python3.12/site-packages/robot_interfaces/msg/_command.py
[2.198s] -- Up-to-date: /home/r2w0t/dev/RCB/workspaces/controller_ws/install/robot_interfaces/lib/python3.12/site-packages/robot_interfaces/msg/_speed_s.c
[2.198s] -- Up-to-date: /home/r2w0t/dev/RCB/workspaces/controller_ws/install/robot_interfaces/lib/python3.12/site-packages/robot_interfaces/_robot_interfaces_s.ep.rosidl_typesupport_fastrtps_c.c
[2.199s] -- Up-to-date: /home/r2w0t/dev/RCB/workspaces/controller_ws/install/robot_interfaces/lib/python3.12/site-packages/robot_interfaces/_robot_interfaces_s.ep.rosidl_typesupport_c.c
[2.199s] -- Up-to-date: /home/r2w0t/dev/RCB/workspaces/controller_ws/install/robot_interfaces/lib/python3.12/site-packages/robot_interfaces/robot_interfaces_s__rosidl_typesupport_fastrtps_c.so
[2.200s] -- Up-to-date: /home/r2w0t/dev/RCB/workspaces/controller_ws/install/robot_interfaces/lib/python3.12/site-packages/robot_interfaces/_robot_interfaces_s.ep.rosidl_typesupport_introspection_c.c
[2.200s] -- Up-to-date: /home/r2w0t/dev/RCB/workspaces/controller_ws/install/robot_interfaces/lib/python3.12/site-packages/robot_interfaces/robot_interfaces_s__rosidl_typesupport_introspection_c.so
[2.200s] -- Up-to-date: /home/r2w0t/dev/RCB/workspaces/controller_ws/install/robot_interfaces/lib/python3.12/site-packages/robot_interfaces/robot_interfaces_s__rosidl_typesupport_c.so
[2.358s] Listing '/home/r2w0t/dev/RCB/workspaces/controller_ws/install/robot_interfaces/lib/python3.12/site-packages/robot_interfaces'...
[2.359s] Compiling '/home/r2w0t/dev/RCB/workspaces/controller_ws/install/robot_interfaces/lib/python3.12/site-packages/robot_interfaces/__init__.py'...
[2.359s] Listing '/home/r2w0t/dev/RCB/workspaces/controller_ws/install/robot_interfaces/lib/python3.12/site-packages/robot_interfaces/msg'...
[2.359s] Compiling '/home/r2w0t/dev/RCB/workspaces/controller_ws/install/robot_interfaces/lib/python3.12/site-packages/robot_interfaces/msg/__init__.py'...
[2.360s] Compiling '/home/r2w0t/dev/RCB/workspaces/controller_ws/install/robot_interfaces/lib/python3.12/site-packages/robot_interfaces/msg/_command.py'...
[2.360s] Compiling '/home/r2w0t/dev/RCB/workspaces/controller_ws/install/robot_interfaces/lib/python3.12/site-packages/robot_interfaces/msg/_odometry.py'...
[2.360s] Compiling '/home/r2w0t/dev/RCB/workspaces/controller_ws/install/robot_interfaces/lib/python3.12/site-packages/robot_interfaces/msg/_speed.py'...
[2.374s] -- Installing: /home/r2w0t/dev/RCB/workspaces/controller_ws/install/robot_interfaces/lib/python3.12/site-packages/robot_interfaces/robot_interfaces_s__rosidl_typesupport_fastrtps_c.so
[2.375s] -- Set non-toolchain portion of runtime path of "/home/r2w0t/dev/RCB/workspaces/controller_ws/install/robot_interfaces/lib/python3.12/site-packages/robot_interfaces/robot_interfaces_s__rosidl_typesupport_fastrtps_c.so" to ""
[2.375s] -- Installing: /home/r2w0t/dev/RCB/workspaces/controller_ws/install/robot_interfaces/lib/python3.12/site-packages/robot_interfaces/robot_interfaces_s__rosidl_typesupport_introspection_c.so
[2.376s] -- Set non-toolchain portion of runtime path of "/home/r2w0t/dev/RCB/workspaces/controller_ws/install/robot_interfaces/lib/python3.12/site-packages/robot_interfaces/robot_interfaces_s__rosidl_typesupport_introspection_c.so" to ""
[2.377s] -- Installing: /home/r2w0t/dev/RCB/workspaces/controller_ws/install/robot_interfaces/lib/python3.12/site-packages/robot_interfaces/robot_interfaces_s__rosidl_typesupport_c.so
[2.377s] -- Set non-toolchain portion of runtime path of "/home/r2w0t/dev/RCB/workspaces/controller_ws/install/robot_interfaces/lib/python3.12/site-packages/robot_interfaces/robot_interfaces_s__rosidl_typesupport_c.so" to ""
[2.378s] -- Installing: /home/r2w0t/dev/RCB/workspaces/controller_ws/install/robot_interfaces/lib/librobot_interfaces__rosidl_generator_py.so
[2.379s] -- Set non-toolchain portion of runtime path of "/home/r2w0t/dev/RCB/workspaces/controller_ws/install/robot_interfaces/lib/librobot_interfaces__rosidl_generator_py.so" to ""
[2.379s] -- Up-to-date: /home/r2w0t/dev/RCB/workspaces/controller_ws/install/robot_interfaces/share/robot_interfaces/msg/Command.idl
[2.380s] -- Up-to-date: /home/r2w0t/dev/RCB/workspaces/controller_ws/install/robot_interfaces/share/robot_interfaces/msg/Odometry.idl
[2.381s] -- Up-to-date: /home/r2w0t/dev/RCB/workspaces/controller_ws/install/robot_interfaces/share/robot_interfaces/msg/Speed.idl
[2.381s] -- Up-to-date: /home/r2w0t/dev/RCB/workspaces/controller_ws/install/robot_interfaces/share/robot_interfaces/msg/Command.msg
[2.381s] -- Up-to-date: /home/r2w0t/dev/RCB/workspaces/controller_ws/install/robot_interfaces/share/robot_interfaces/msg/Odometry.msg
[2.382s] -- Up-to-date: /home/r2w0t/dev/RCB/workspaces/controller_ws/install/robot_interfaces/share/robot_interfaces/msg/Speed.msg
[2.383s] -- Up-to-date: /home/r2w0t/dev/RCB/workspaces/controller_ws/install/robot_interfaces/share/ament_index/resource_index/package_run_dependencies/robot_interfaces
[2.383s] -- Up-to-date: /home/r2w0t/dev/RCB/workspaces/controller_ws/install/robot_interfaces/share/ament_index/resource_index/parent_prefix_path/robot_interfaces
[2.383s] -- Up-to-date: /home/r2w0t/dev/RCB/workspaces/controller_ws/install/robot_interfaces/share/robot_interfaces/environment/ament_prefix_path.sh
[2.384s] -- Up-to-date: /home/r2w0t/dev/RCB/workspaces/controller_ws/install/robot_interfaces/share/robot_interfaces/environment/ament_prefix_path.dsv
[2.384s] -- Up-to-date: /home/r2w0t/dev/RCB/workspaces/controller_ws/install/robot_interfaces/share/robot_interfaces/environment/path.sh
[2.385s] -- Up-to-date: /home/r2w0t/dev/RCB/workspaces/controller_ws/install/robot_interfaces/share/robot_interfaces/environment/path.dsv
[2.385s] -- Up-to-date: /home/r2w0t/dev/RCB/workspaces/controller_ws/install/robot_interfaces/share/robot_interfaces/local_setup.bash
[2.386s] -- Up-to-date: /home/r2w0t/dev/RCB/workspaces/controller_ws/install/robot_interfaces/share/robot_interfaces/local_setup.sh
[2.387s] -- Up-to-date: /home/r2w0t/dev/RCB/workspaces/controller_ws/install/robot_interfaces/share/robot_interfaces/local_setup.zsh
[2.387s] -- Up-to-date: /home/r2w0t/dev/RCB/workspaces/controller_ws/install/robot_interfaces/share/robot_interfaces/local_setup.dsv
[2.387s] -- Installing: /home/r2w0t/dev/RCB/workspaces/controller_ws/install/robot_interfaces/share/robot_interfaces/package.dsv
[2.387s] -- Up-to-date: /home/r2w0t/dev/RCB/workspaces/controller_ws/install/robot_interfaces/share/ament_index/resource_index/packages/robot_interfaces
[2.388s] -- Up-to-date: /home/r2w0t/dev/RCB/workspaces/controller_ws/install/robot_interfaces/share/robot_interfaces/cmake/export_robot_interfaces__rosidl_generator_cExport.cmake
[2.388s] -- Up-to-date: /home/r2w0t/dev/RCB/workspaces/controller_ws/install/robot_interfaces/share/robot_interfaces/cmake/export_robot_interfaces__rosidl_generator_cExport-noconfig.cmake
[2.388s] -- Up-to-date: /home/r2w0t/dev/RCB/workspaces/controller_ws/install/robot_interfaces/share/robot_interfaces/cmake/export_robot_interfaces__rosidl_typesupport_fastrtps_cExport.cmake
[2.388s] -- Up-to-date: /home/r2w0t/dev/RCB/workspaces/controller_ws/install/robot_interfaces/share/robot_interfaces/cmake/export_robot_interfaces__rosidl_typesupport_fastrtps_cExport-noconfig.cmake
[2.389s] -- Up-to-date: /home/r2w0t/dev/RCB/workspaces/controller_ws/install/robot_interfaces/share/robot_interfaces/cmake/robot_interfaces__rosidl_typesupport_introspection_cExport.cmake
[2.389s] -- Up-to-date: /home/r2w0t/dev/RCB/workspaces/controller_ws/install/robot_interfaces/share/robot_interfaces/cmake/robot_interfaces__rosidl_typesupport_introspection_cExport-noconfig.cmake
[2.389s] -- Up-to-date: /home/r2w0t/dev/RCB/workspaces/controller_ws/install/robot_interfaces/share/robot_interfaces/cmake/robot_interfaces__rosidl_typesupport_cExport.cmake
[2.390s] -- Up-to-date: /home/r2w0t/dev/RCB/workspaces/controller_ws/install/robot_interfaces/share/robot_interfaces/cmake/robot_interfaces__rosidl_typesupport_cExport-noconfig.cmake
[2.390s] -- Up-to-date: /home/r2w0t/dev/RCB/workspaces/controller_ws/install/robot_interfaces/share/robot_interfaces/cmake/export_robot_interfaces__rosidl_generator_cppExport.cmake
[2.390s] -- Up-to-date: /home/r2w0t/dev/RCB/workspaces/controller_ws/install/robot_interfaces/share/robot_interfaces/cmake/export_robot_interfaces__rosidl_typesupport_fastrtps_cppExport.cmake
[2.390s] -- Up-to-date: /home/r2w0t/dev/RCB/workspaces/controller_ws/install/robot_interfaces/share/robot_interfaces/cmake/export_robot_interfaces__rosidl_typesupport_fastrtps_cppExport-noconfig.cmake
[2.391s] -- Up-to-date: /home/r2w0t/dev/RCB/workspaces/controller_ws/install/robot_interfaces/share/robot_interfaces/cmake/robot_interfaces__rosidl_typesupport_introspection_cppExport.cmake
[2.391s] -- Up-to-date: /home/r2w0t/dev/RCB/workspaces/controller_ws/install/robot_interfaces/share/robot_interfaces/cmake/robot_interfaces__rosidl_typesupport_introspection_cppExport-noconfig.cmake
[2.391s] -- Up-to-date: /home/r2w0t/dev/RCB/workspaces/controller_ws/install/robot_interfaces/share/robot_interfaces/cmake/robot_interfaces__rosidl_typesupport_cppExport.cmake
[2.392s] -- Up-to-date: /home/r2w0t/dev/RCB/workspaces/controller_ws/install/robot_interfaces/share/robot_interfaces/cmake/robot_interfaces__rosidl_typesupport_cppExport-noconfig.cmake
[2.392s] -- Up-to-date: /home/r2w0t/dev/RCB/workspaces/controller_ws/install/robot_interfaces/share/robot_interfaces/cmake/export_robot_interfaces__rosidl_generator_pyExport.cmake
[2.392s] -- Up-to-date: /home/r2w0t/dev/RCB/workspaces/controller_ws/install/robot_interfaces/share/robot_interfaces/cmake/export_robot_interfaces__rosidl_generator_pyExport-noconfig.cmake
[2.392s] -- Up-to-date: /home/r2w0t/dev/RCB/workspaces/controller_ws/install/robot_interfaces/share/robot_interfaces/cmake/rosidl_cmake-extras.cmake
[2.393s] -- Up-to-date: /home/r2w0t/dev/RCB/workspaces/controller_ws/install/robot_interfaces/share/robot_interfaces/cmake/ament_cmake_export_include_directories-extras.cmake
[2.393s] -- Up-to-date: /home/r2w0t/dev/RCB/workspaces/controller_ws/install/robot_interfaces/share/robot_interfaces/cmake/ament_cmake_export_libraries-extras.cmake
[2.393s] -- Up-to-date: /home/r2w0t/dev/RCB/workspaces/controller_ws/install/robot_interfaces/share/robot_interfaces/cmake/ament_cmake_export_targets-extras.cmake
[2.394s] -- Up-to-date: /home/r2w0t/dev/RCB/workspaces/controller_ws/install/robot_interfaces/share/robot_interfaces/cmake/rosidl_cmake_export_typesupport_targets-extras.cmake
[2.394s] -- Up-to-date: /home/r2w0t/dev/RCB/workspaces/controller_ws/install/robot_interfaces/share/robot_interfaces/cmake/ament_cmake_export_dependencies-extras.cmake
[2.394s] -- Up-to-date: /home/r2w0t/dev/RCB/workspaces/controller_ws/install/robot_interfaces/share/robot_interfaces/cmake/rosidl_cmake_export_typesupport_libraries-extras.cmake
[2.394s] -- Up-to-date: /home/r2w0t/dev/RCB/workspaces/controller_ws/install/robot_interfaces/share/robot_interfaces/cmake/robot_interfacesConfig.cmake
[2.395s] -- Up-to-date: /home/r2w0t/dev/RCB/workspaces/controller_ws/install/robot_interfaces/share/robot_interfaces/cmake/robot_interfacesConfig-version.cmake
[2.395s] -- Up-to-date: /home/r2w0t/dev/RCB/workspaces/controller_ws/install/robot_interfaces/share/robot_interfaces/package.xml
[2.403s] Invoked command in '/home/r2w0t/dev/RCB/workspaces/controller_ws/build/robot_interfaces' returned '0': CMAKE_PREFIX_PATH=${CMAKE_PREFIX_PATH}:/nix/store/vhz65fc3cs10c5sxbwh7c5iz2pwzyx4b-ros-env _=/nix/store/yh6qg1nsi5h2xblcr67030pz58fsaxx3-coreutils-9.6/bin/env buildPhase={ echo "------------------------------------------------------------";
  echo " WARNING: the existence of this path is not guaranteed.";
  echo " It is an internal implementation detail for pkgs.mkShell.";
  echo "------------------------------------------------------------";
  echo;
  # Record all build inputs as runtime dependencies
  export;
} >> "$out" shellHook=# Setup ROS 2 shell completion. Doing it in direnv is useless.
if [[ ! $DIRENV_IN_ENVRC ]]; then
    eval "$(/nix/store/dds9yi6lc5zh41n5k4qnijq4xjk7069v-python3.12-argcomplete-3.5.3/bin/register-python-argcomplete ros2)"
    eval "$(/nix/store/dds9yi6lc5zh41n5k4qnijq4xjk7069v-python3.12-argcomplete-3.5.3/bin/register-python-argcomplete colcon)"
fi /nix/store/8jljd7zhwwcpqmfj3cz18nbr9x4dilf1-python3.12-cmake-3.31.5/bin/cmake --install /home/r2w0t/dev/RCB/workspaces/controller_ws/build/robot_interfaces
