[0.017s] Invoking command in '/home/r2w0t/dev/RCB/workspaces/controller_ws/build/robot_interfaces': CMAKE_PREFIX_PATH=/nix/store/vhz65fc3cs10c5sxbwh7c5iz2pwzyx4b-ros-env _=/nix/store/yh6qg1nsi5h2xblcr67030pz58fsaxx3-coreutils-9.6/bin/env buildPhase={ echo "------------------------------------------------------------";
  echo " WARNING: the existence of this path is not guaranteed.";
  echo " It is an internal implementation detail for pkgs.mkShell.";
  echo "------------------------------------------------------------";
  echo;
  # Record all build inputs as runtime dependencies
  export;
} >> "$out" shellHook=# Setup ROS 2 shell completion. Doing it in direnv is useless.
if [[ ! $DIRENV_IN_ENVRC ]]; then
    eval "$(/nix/store/dds9yi6lc5zh41n5k4qnijq4xjk7069v-python3.12-argcomplete-3.5.3/bin/register-python-argcomplete ros2)"
    eval "$(/nix/store/dds9yi6lc5zh41n5k4qnijq4xjk7069v-python3.12-argcomplete-3.5.3/bin/register-python-argcomplete colcon)"
fi /nix/store/8jljd7zhwwcpqmfj3cz18nbr9x4dilf1-python3.12-cmake-3.31.5/bin/cmake /home/r2w0t/dev/RCB/workspaces/controller_ws/src/robot_interfaces -DCMAKE_INSTALL_PREFIX=/home/r2w0t/dev/RCB/workspaces/controller_ws/install/robot_interfaces
[0.450s] -- The C compiler identification is GNU 14.2.1
[0.843s] -- The CXX compiler identification is GNU 14.2.1
[0.876s] -- Detecting C compiler ABI info
[1.110s] -- Detecting C compiler ABI info - done
[1.260s] -- Check for working C compiler: /nix/store/8v6k283dpbc0qkdq81nb6mrxrgcb10i1-gcc-wrapper-14-20241116/bin/gcc - skipped
[1.262s] -- Detecting C compile features
[1.263s] -- Detecting C compile features - done
[1.473s] -- Detecting CXX compiler ABI info
[1.756s] -- Detecting CXX compiler ABI info - done
[1.909s] -- Check for working CXX compiler: /nix/store/8v6k283dpbc0qkdq81nb6mrxrgcb10i1-gcc-wrapper-14-20241116/bin/g++ - skipped
[1.910s] -- Detecting CXX compile features
[1.911s] -- Detecting CXX compile features - done
[2.058s] -- Found ament_cmake: 2.5.3 (/nix/store/vhz65fc3cs10c5sxbwh7c5iz2pwzyx4b-ros-env/share/ament_cmake/cmake)
[2.300s] -- Found Python3: /nix/store/vhz65fc3cs10c5sxbwh7c5iz2pwzyx4b-ros-env/bin/python3 (found version "3.12.9") found components: Interpreter
[2.506s] -- Found rosidl_default_generators: 1.6.0 (/nix/store/vhz65fc3cs10c5sxbwh7c5iz2pwzyx4b-ros-env/share/rosidl_default_generators/cmake)
[2.521s] -- Using all available rosidl_typesupport_c: rosidl_typesupport_fastrtps_c;rosidl_typesupport_introspection_c
[2.610s] -- Using all available rosidl_typesupport_cpp: rosidl_typesupport_fastrtps_cpp;rosidl_typesupport_introspection_cpp
[2.683s] -- Found rosidl_adapter: 4.6.5 (/nix/store/vhz65fc3cs10c5sxbwh7c5iz2pwzyx4b-ros-env/share/rosidl_adapter/cmake)
[3.715s] -- Found ament_cmake_ros: 0.12.0 (/nix/store/vhz65fc3cs10c5sxbwh7c5iz2pwzyx4b-ros-env/share/ament_cmake_ros/cmake)
[4.453s] -- Using all available rosidl_typesupport_c: rosidl_typesupport_fastrtps_c;rosidl_typesupport_introspection_c
[5.413s] -- Using all available rosidl_typesupport_cpp: rosidl_typesupport_fastrtps_cpp;rosidl_typesupport_introspection_cpp
[5.419s] -- Found python_cmake_module: 0.11.1 (/nix/store/vhz65fc3cs10c5sxbwh7c5iz2pwzyx4b-ros-env/share/python_cmake_module/cmake)
[5.654s] -- Found PythonExtra: /nix/store/vhz65fc3cs10c5sxbwh7c5iz2pwzyx4b-ros-env/bin/python3
[6.458s] -- Found Python3: /nix/store/vhz65fc3cs10c5sxbwh7c5iz2pwzyx4b-ros-env/bin/python3 (found version "3.12.9") found components: Interpreter Development NumPy Development.Module Development.Embed
[6.514s] -- Found ament_lint_auto: 0.17.1 (/nix/store/vhz65fc3cs10c5sxbwh7c5iz2pwzyx4b-ros-env/share/ament_lint_auto/cmake)
[6.548s] -- Added test 'lint_cmake' to check CMake code style
[6.551s] -- Added test 'xmllint' to check XML markup files
[6.557s] -- Configuring done (6.5s)
[6.634s] -- Generating done (0.1s)
[6.647s] -- Build files have been written to: /home/r2w0t/dev/RCB/workspaces/controller_ws/build/robot_interfaces
[6.662s] Invoked command in '/home/r2w0t/dev/RCB/workspaces/controller_ws/build/robot_interfaces' returned '0': CMAKE_PREFIX_PATH=/nix/store/vhz65fc3cs10c5sxbwh7c5iz2pwzyx4b-ros-env _=/nix/store/yh6qg1nsi5h2xblcr67030pz58fsaxx3-coreutils-9.6/bin/env buildPhase={ echo "------------------------------------------------------------";
  echo " WARNING: the existence of this path is not guaranteed.";
  echo " It is an internal implementation detail for pkgs.mkShell.";
  echo "------------------------------------------------------------";
  echo;
  # Record all build inputs as runtime dependencies
  export;
} >> "$out" shellHook=# Setup ROS 2 shell completion. Doing it in direnv is useless.
if [[ ! $DIRENV_IN_ENVRC ]]; then
    eval "$(/nix/store/dds9yi6lc5zh41n5k4qnijq4xjk7069v-python3.12-argcomplete-3.5.3/bin/register-python-argcomplete ros2)"
    eval "$(/nix/store/dds9yi6lc5zh41n5k4qnijq4xjk7069v-python3.12-argcomplete-3.5.3/bin/register-python-argcomplete colcon)"
fi /nix/store/8jljd7zhwwcpqmfj3cz18nbr9x4dilf1-python3.12-cmake-3.31.5/bin/cmake /home/r2w0t/dev/RCB/workspaces/controller_ws/src/robot_interfaces -DCMAKE_INSTALL_PREFIX=/home/r2w0t/dev/RCB/workspaces/controller_ws/install/robot_interfaces
[6.665s] Invoking command in '/home/r2w0t/dev/RCB/workspaces/controller_ws/build/robot_interfaces': CMAKE_PREFIX_PATH=/nix/store/vhz65fc3cs10c5sxbwh7c5iz2pwzyx4b-ros-env _=/nix/store/yh6qg1nsi5h2xblcr67030pz58fsaxx3-coreutils-9.6/bin/env buildPhase={ echo "------------------------------------------------------------";
  echo " WARNING: the existence of this path is not guaranteed.";
  echo " It is an internal implementation detail for pkgs.mkShell.";
  echo "------------------------------------------------------------";
  echo;
  # Record all build inputs as runtime dependencies
  export;
} >> "$out" shellHook=# Setup ROS 2 shell completion. Doing it in direnv is useless.
if [[ ! $DIRENV_IN_ENVRC ]]; then
    eval "$(/nix/store/dds9yi6lc5zh41n5k4qnijq4xjk7069v-python3.12-argcomplete-3.5.3/bin/register-python-argcomplete ros2)"
    eval "$(/nix/store/dds9yi6lc5zh41n5k4qnijq4xjk7069v-python3.12-argcomplete-3.5.3/bin/register-python-argcomplete colcon)"
fi /nix/store/8jljd7zhwwcpqmfj3cz18nbr9x4dilf1-python3.12-cmake-3.31.5/bin/cmake --build /home/r2w0t/dev/RCB/workspaces/controller_ws/build/robot_interfaces -- -j4 -l4
[6.799s] [  1%] [34m[1mGenerating type hashes for ROS interfaces[0m
[6.811s] [  1%] Built target ament_cmake_python_copy_robot_interfaces
[7.238s] running egg_info
[7.245s] [  1%] Built target robot_interfaces__rosidl_generator_type_description
[7.267s] [  3%] [34m[1mGenerating C code for ROS interfaces[0m
[7.274s] creating robot_interfaces.egg-info
[7.274s] writing robot_interfaces.egg-info/PKG-INFO
[7.275s] writing dependency_links to robot_interfaces.egg-info/dependency_links.txt
[7.276s] writing top-level names to robot_interfaces.egg-info/top_level.txt
[7.276s] writing manifest file 'robot_interfaces.egg-info/SOURCES.txt'
[7.302s] [  5%] [34m[1mGenerating C++ code for ROS interfaces[0m
[7.408s] reading manifest file 'robot_interfaces.egg-info/SOURCES.txt'
[7.410s] writing manifest file 'robot_interfaces.egg-info/SOURCES.txt'
[7.484s] [  5%] Built target ament_cmake_python_build_robot_interfaces_egg
[8.090s] [  5%] Built target robot_interfaces__cpp
[8.115s] [  7%] [32mBuilding C object CMakeFiles/robot_interfaces__rosidl_generator_c.dir/rosidl_generator_c/robot_interfaces/msg/detail/command__description.c.o[0m
[8.116s] [ 11%] [32mBuilding C object CMakeFiles/robot_interfaces__rosidl_generator_c.dir/rosidl_generator_c/robot_interfaces/msg/detail/command__type_support.c.o[0m
[8.117s] [ 11%] [32mBuilding C object CMakeFiles/robot_interfaces__rosidl_generator_c.dir/rosidl_generator_c/robot_interfaces/msg/detail/command__functions.c.o[0m
[8.117s] [ 12%] [32mBuilding C object CMakeFiles/robot_interfaces__rosidl_generator_c.dir/rosidl_generator_c/robot_interfaces/msg/detail/odometry__description.c.o[0m
[8.300s] [ 14%] [32mBuilding C object CMakeFiles/robot_interfaces__rosidl_generator_c.dir/rosidl_generator_c/robot_interfaces/msg/detail/odometry__functions.c.o[0m
[8.334s] [ 16%] [32mBuilding C object CMakeFiles/robot_interfaces__rosidl_generator_c.dir/rosidl_generator_c/robot_interfaces/msg/detail/odometry__type_support.c.o[0m
[8.354s] [ 18%] [32mBuilding C object CMakeFiles/robot_interfaces__rosidl_generator_c.dir/rosidl_generator_c/robot_interfaces/msg/detail/speed__description.c.o[0m
[8.493s] [ 20%] [32mBuilding C object CMakeFiles/robot_interfaces__rosidl_generator_c.dir/rosidl_generator_c/robot_interfaces/msg/detail/speed__functions.c.o[0m
[8.509s] [ 22%] [32mBuilding C object CMakeFiles/robot_interfaces__rosidl_generator_c.dir/rosidl_generator_c/robot_interfaces/msg/detail/speed__type_support.c.o[0m
[8.746s] [ 24%] [32m[1mLinking C shared library librobot_interfaces__rosidl_generator_c.so[0m
[8.887s] [ 24%] Built target robot_interfaces__rosidl_generator_c
[8.914s] [ 29%] [34m[1mGenerating C++ type support dispatch for ROS interfaces[0m
[8.914s] [ 29%] [34m[1mGenerating C introspection for ROS interfaces[0m
[8.914s] [ 31%] [34m[1mGenerating C type support dispatch for ROS interfaces[0m
[8.915s] [ 31%] [34m[1mGenerating C type support for eProsima Fast-RTPS[0m
[9.810s] [ 35%] [32mBuilding CXX object CMakeFiles/robot_interfaces__rosidl_typesupport_cpp.dir/rosidl_typesupport_cpp/robot_interfaces/msg/command__type_support.cpp.o[0m
[9.810s] [ 35%] [32mBuilding CXX object CMakeFiles/robot_interfaces__rosidl_typesupport_c.dir/rosidl_typesupport_c/robot_interfaces/msg/command__type_support.cpp.o[0m
[9.937s] [ 37%] [32mBuilding C object CMakeFiles/robot_interfaces__rosidl_typesupport_introspection_c.dir/rosidl_typesupport_introspection_c/robot_interfaces/msg/detail/command__type_support.c.o[0m
[10.053s] [ 38%] [32mBuilding CXX object CMakeFiles/robot_interfaces__rosidl_typesupport_c.dir/rosidl_typesupport_c/robot_interfaces/msg/odometry__type_support.cpp.o[0m
[10.110s] [ 40%] [32mBuilding CXX object CMakeFiles/robot_interfaces__rosidl_typesupport_fastrtps_c.dir/rosidl_typesupport_fastrtps_c/robot_interfaces/msg/detail/command__type_support_c.cpp.o[0m
[10.139s] [ 42%] [32mBuilding C object CMakeFiles/robot_interfaces__rosidl_typesupport_introspection_c.dir/rosidl_typesupport_introspection_c/robot_interfaces/msg/detail/odometry__type_support.c.o[0m
[10.282s] [ 44%] [32mBuilding CXX object CMakeFiles/robot_interfaces__rosidl_typesupport_c.dir/rosidl_typesupport_c/robot_interfaces/msg/speed__type_support.cpp.o[0m
[10.326s] [ 46%] [32mBuilding C object CMakeFiles/robot_interfaces__rosidl_typesupport_introspection_c.dir/rosidl_typesupport_introspection_c/robot_interfaces/msg/detail/speed__type_support.c.o[0m
[10.515s] [ 48%] [32m[1mLinking CXX shared library librobot_interfaces__rosidl_typesupport_c.so[0m
[10.524s] [ 50%] [32m[1mLinking C shared library librobot_interfaces__rosidl_typesupport_introspection_c.so[0m
[10.782s] [ 50%] Built target robot_interfaces__rosidl_typesupport_introspection_c
[10.805s] [ 51%] [32mBuilding CXX object CMakeFiles/robot_interfaces__rosidl_typesupport_cpp.dir/rosidl_typesupport_cpp/robot_interfaces/msg/odometry__type_support.cpp.o[0m
[10.847s] [ 51%] Built target robot_interfaces__rosidl_typesupport_c
[11.224s] [ 55%] [32mBuilding CXX object CMakeFiles/robot_interfaces__rosidl_typesupport_cpp.dir/rosidl_typesupport_cpp/robot_interfaces/msg/speed__type_support.cpp.o[0m
[11.224s] [ 55%] [32mBuilding CXX object CMakeFiles/robot_interfaces__rosidl_typesupport_fastrtps_c.dir/rosidl_typesupport_fastrtps_c/robot_interfaces/msg/detail/odometry__type_support_c.cpp.o[0m
[12.011s] [ 57%] [32mBuilding CXX object CMakeFiles/robot_interfaces__rosidl_typesupport_fastrtps_c.dir/rosidl_typesupport_fastrtps_c/robot_interfaces/msg/detail/speed__type_support_c.cpp.o[0m
[12.020s] [ 59%] [34m[1mGenerating C++ type support for eProsima Fast-RTPS[0m
[12.635s] [ 61%] [32m[1mLinking CXX shared library librobot_interfaces__rosidl_typesupport_cpp.so[0m
[12.984s] [ 61%] Built target robot_interfaces__rosidl_typesupport_cpp
[13.015s] [ 62%] [34m[1mGenerating C++ introspection for ROS interfaces[0m
[13.214s] [ 64%] [32mBuilding CXX object CMakeFiles/robot_interfaces__rosidl_typesupport_fastrtps_cpp.dir/rosidl_typesupport_fastrtps_cpp/robot_interfaces/msg/detail/dds_fastrtps/command__type_support.cpp.o[0m
[13.214s] [ 66%] [32mBuilding CXX object CMakeFiles/robot_interfaces__rosidl_typesupport_fastrtps_cpp.dir/rosidl_typesupport_fastrtps_cpp/robot_interfaces/msg/detail/dds_fastrtps/odometry__type_support.cpp.o[0m
[13.898s] [ 68%] [32m[1mLinking CXX shared library librobot_interfaces__rosidl_typesupport_fastrtps_c.so[0m
[14.024s] [ 70%] [32mBuilding CXX object CMakeFiles/robot_interfaces__rosidl_typesupport_introspection_cpp.dir/rosidl_typesupport_introspection_cpp/robot_interfaces/msg/detail/command__type_support.cpp.o[0m
[14.244s] [ 70%] Built target robot_interfaces__rosidl_typesupport_fastrtps_c
[14.848s] [ 74%] [32mBuilding CXX object CMakeFiles/robot_interfaces__rosidl_typesupport_fastrtps_cpp.dir/rosidl_typesupport_fastrtps_cpp/robot_interfaces/msg/detail/dds_fastrtps/speed__type_support.cpp.o[0m
[14.848s] [ 74%] [32mBuilding CXX object CMakeFiles/robot_interfaces__rosidl_typesupport_introspection_cpp.dir/rosidl_typesupport_introspection_cpp/robot_interfaces/msg/detail/odometry__type_support.cpp.o[0m
[15.330s] [ 75%] [32mBuilding CXX object CMakeFiles/robot_interfaces__rosidl_typesupport_introspection_cpp.dir/rosidl_typesupport_introspection_cpp/robot_interfaces/msg/detail/speed__type_support.cpp.o[0m
[16.278s] [ 77%] [32m[1mLinking CXX shared library librobot_interfaces__rosidl_typesupport_introspection_cpp.so[0m
[16.453s] [ 79%] [32m[1mLinking CXX shared library librobot_interfaces__rosidl_typesupport_fastrtps_cpp.so[0m
[16.485s] [ 79%] Built target robot_interfaces__rosidl_typesupport_introspection_cpp
[16.646s] [ 79%] Built target robot_interfaces__rosidl_typesupport_fastrtps_cpp
[16.679s] [ 79%] Built target robot_interfaces
[16.715s] [ 81%] [34m[1mGenerating Python code for ROS interfaces[0m
[17.424s] [ 81%] Built target robot_interfaces__py
[17.460s] [ 83%] [32mBuilding C object CMakeFiles/robot_interfaces__rosidl_generator_py.dir/rosidl_generator_py/robot_interfaces/msg/_odometry_s.c.o[0m
[17.465s] [ 85%] [32mBuilding C object CMakeFiles/robot_interfaces__rosidl_generator_py.dir/rosidl_generator_py/robot_interfaces/msg/_command_s.c.o[0m
[17.466s] [ 87%] [32mBuilding C object CMakeFiles/robot_interfaces__rosidl_generator_py.dir/rosidl_generator_py/robot_interfaces/msg/_speed_s.c.o[0m
[18.050s] [ 88%] [32m[1mLinking C shared library librobot_interfaces__rosidl_generator_py.so[0m
[18.189s] [ 88%] Built target robot_interfaces__rosidl_generator_py
[18.232s] [ 90%] [32mBuilding C object CMakeFiles/robot_interfaces_s__rosidl_typesupport_c.dir/rosidl_generator_py/robot_interfaces/_robot_interfaces_s.ep.rosidl_typesupport_c.c.o[0m
[18.238s] [ 92%] [32mBuilding C object CMakeFiles/robot_interfaces_s__rosidl_typesupport_fastrtps_c.dir/rosidl_generator_py/robot_interfaces/_robot_interfaces_s.ep.rosidl_typesupport_fastrtps_c.c.o[0m
[18.244s] [ 94%] [32mBuilding C object CMakeFiles/robot_interfaces_s__rosidl_typesupport_introspection_c.dir/rosidl_generator_py/robot_interfaces/_robot_interfaces_s.ep.rosidl_typesupport_introspection_c.c.o[0m
[18.651s] [ 96%] [32m[1mLinking C shared module rosidl_generator_py/robot_interfaces/robot_interfaces_s__rosidl_typesupport_introspection_c.so[0m
[18.800s] [ 96%] Built target robot_interfaces_s__rosidl_typesupport_introspection_c
[18.854s] [ 98%] [32m[1mLinking C shared module rosidl_generator_py/robot_interfaces/robot_interfaces_s__rosidl_typesupport_c.so[0m
[18.876s] [100%] [32m[1mLinking C shared module rosidl_generator_py/robot_interfaces/robot_interfaces_s__rosidl_typesupport_fastrtps_c.so[0m
[18.999s] [100%] Built target robot_interfaces_s__rosidl_typesupport_c
[19.022s] [100%] Built target robot_interfaces_s__rosidl_typesupport_fastrtps_c
[19.045s] Invoked command in '/home/r2w0t/dev/RCB/workspaces/controller_ws/build/robot_interfaces' returned '0': CMAKE_PREFIX_PATH=/nix/store/vhz65fc3cs10c5sxbwh7c5iz2pwzyx4b-ros-env _=/nix/store/yh6qg1nsi5h2xblcr67030pz58fsaxx3-coreutils-9.6/bin/env buildPhase={ echo "------------------------------------------------------------";
  echo " WARNING: the existence of this path is not guaranteed.";
  echo " It is an internal implementation detail for pkgs.mkShell.";
  echo "------------------------------------------------------------";
  echo;
  # Record all build inputs as runtime dependencies
  export;
} >> "$out" shellHook=# Setup ROS 2 shell completion. Doing it in direnv is useless.
if [[ ! $DIRENV_IN_ENVRC ]]; then
    eval "$(/nix/store/dds9yi6lc5zh41n5k4qnijq4xjk7069v-python3.12-argcomplete-3.5.3/bin/register-python-argcomplete ros2)"
    eval "$(/nix/store/dds9yi6lc5zh41n5k4qnijq4xjk7069v-python3.12-argcomplete-3.5.3/bin/register-python-argcomplete colcon)"
fi /nix/store/8jljd7zhwwcpqmfj3cz18nbr9x4dilf1-python3.12-cmake-3.31.5/bin/cmake --build /home/r2w0t/dev/RCB/workspaces/controller_ws/build/robot_interfaces -- -j4 -l4
[19.117s] Invoking command in '/home/r2w0t/dev/RCB/workspaces/controller_ws/build/robot_interfaces': CMAKE_PREFIX_PATH=/nix/store/vhz65fc3cs10c5sxbwh7c5iz2pwzyx4b-ros-env _=/nix/store/yh6qg1nsi5h2xblcr67030pz58fsaxx3-coreutils-9.6/bin/env buildPhase={ echo "------------------------------------------------------------";
  echo " WARNING: the existence of this path is not guaranteed.";
  echo " It is an internal implementation detail for pkgs.mkShell.";
  echo "------------------------------------------------------------";
  echo;
  # Record all build inputs as runtime dependencies
  export;
} >> "$out" shellHook=# Setup ROS 2 shell completion. Doing it in direnv is useless.
if [[ ! $DIRENV_IN_ENVRC ]]; then
    eval "$(/nix/store/dds9yi6lc5zh41n5k4qnijq4xjk7069v-python3.12-argcomplete-3.5.3/bin/register-python-argcomplete ros2)"
    eval "$(/nix/store/dds9yi6lc5zh41n5k4qnijq4xjk7069v-python3.12-argcomplete-3.5.3/bin/register-python-argcomplete colcon)"
fi /nix/store/8jljd7zhwwcpqmfj3cz18nbr9x4dilf1-python3.12-cmake-3.31.5/bin/cmake --install /home/r2w0t/dev/RCB/workspaces/controller_ws/build/robot_interfaces
[19.180s] -- Install configuration: ""
[19.180s] -- Installing: /home/r2w0t/dev/RCB/workspaces/controller_ws/install/robot_interfaces/share/ament_index/resource_index/rosidl_interfaces/robot_interfaces
[19.181s] -- Installing: /home/r2w0t/dev/RCB/workspaces/controller_ws/install/robot_interfaces/share/robot_interfaces/msg/Command.json
[19.181s] -- Installing: /home/r2w0t/dev/RCB/workspaces/controller_ws/install/robot_interfaces/share/robot_interfaces/msg/Odometry.json
[19.181s] -- Installing: /home/r2w0t/dev/RCB/workspaces/controller_ws/install/robot_interfaces/share/robot_interfaces/msg/Speed.json
[19.182s] -- Installing: /home/r2w0t/dev/RCB/workspaces/controller_ws/install/robot_interfaces/include/robot_interfaces/robot_interfaces
[19.182s] -- Installing: /home/r2w0t/dev/RCB/workspaces/controller_ws/install/robot_interfaces/include/robot_interfaces/robot_interfaces/msg
[19.182s] -- Installing: /home/r2w0t/dev/RCB/workspaces/controller_ws/install/robot_interfaces/include/robot_interfaces/robot_interfaces/msg/detail
[19.182s] -- Installing: /home/r2w0t/dev/RCB/workspaces/controller_ws/install/robot_interfaces/include/robot_interfaces/robot_interfaces/msg/detail/odometry__description.c
[19.182s] -- Installing: /home/r2w0t/dev/RCB/workspaces/controller_ws/install/robot_interfaces/include/robot_interfaces/robot_interfaces/msg/detail/speed__struct.h
[19.182s] -- Installing: /home/r2w0t/dev/RCB/workspaces/controller_ws/install/robot_interfaces/include/robot_interfaces/robot_interfaces/msg/detail/command__description.c
[19.183s] -- Installing: /home/r2w0t/dev/RCB/workspaces/controller_ws/install/robot_interfaces/include/robot_interfaces/robot_interfaces/msg/detail/odometry__functions.h
[19.183s] -- Installing: /home/r2w0t/dev/RCB/workspaces/controller_ws/install/robot_interfaces/include/robot_interfaces/robot_interfaces/msg/detail/command__functions.c
[19.183s] -- Installing: /home/r2w0t/dev/RCB/workspaces/controller_ws/install/robot_interfaces/include/robot_interfaces/robot_interfaces/msg/detail/speed__description.c
[19.183s] -- Installing: /home/r2w0t/dev/RCB/workspaces/controller_ws/install/robot_interfaces/include/robot_interfaces/robot_interfaces/msg/detail/command__struct.h
[19.183s] -- Installing: /home/r2w0t/dev/RCB/workspaces/controller_ws/install/robot_interfaces/include/robot_interfaces/robot_interfaces/msg/detail/odometry__type_support.c
[19.184s] -- Installing: /home/r2w0t/dev/RCB/workspaces/controller_ws/install/robot_interfaces/include/robot_interfaces/robot_interfaces/msg/detail/speed__functions.c
[19.184s] -- Installing: /home/r2w0t/dev/RCB/workspaces/controller_ws/install/robot_interfaces/include/robot_interfaces/robot_interfaces/msg/detail/command__functions.h
[19.184s] -- Installing: /home/r2w0t/dev/RCB/workspaces/controller_ws/install/robot_interfaces/include/robot_interfaces/robot_interfaces/msg/detail/odometry__type_support.h
[19.184s] -- Installing: /home/r2w0t/dev/RCB/workspaces/controller_ws/install/robot_interfaces/include/robot_interfaces/robot_interfaces/msg/detail/speed__functions.h
[19.184s] -- Installing: /home/r2w0t/dev/RCB/workspaces/controller_ws/install/robot_interfaces/include/robot_interfaces/robot_interfaces/msg/detail/speed__type_support.h
[19.185s] -- Installing: /home/r2w0t/dev/RCB/workspaces/controller_ws/install/robot_interfaces/include/robot_interfaces/robot_interfaces/msg/detail/speed__type_support.c
[19.185s] -- Installing: /home/r2w0t/dev/RCB/workspaces/controller_ws/install/robot_interfaces/include/robot_interfaces/robot_interfaces/msg/detail/odometry__struct.h
[19.185s] -- Installing: /home/r2w0t/dev/RCB/workspaces/controller_ws/install/robot_interfaces/include/robot_interfaces/robot_interfaces/msg/detail/command__type_support.c
[19.185s] -- Installing: /home/r2w0t/dev/RCB/workspaces/controller_ws/install/robot_interfaces/include/robot_interfaces/robot_interfaces/msg/detail/odometry__functions.c
[19.185s] -- Installing: /home/r2w0t/dev/RCB/workspaces/controller_ws/install/robot_interfaces/include/robot_interfaces/robot_interfaces/msg/detail/command__type_support.h
[19.185s] -- Installing: /home/r2w0t/dev/RCB/workspaces/controller_ws/install/robot_interfaces/include/robot_interfaces/robot_interfaces/msg/command.h
[19.186s] -- Installing: /home/r2w0t/dev/RCB/workspaces/controller_ws/install/robot_interfaces/include/robot_interfaces/robot_interfaces/msg/speed.h
[19.186s] -- Installing: /home/r2w0t/dev/RCB/workspaces/controller_ws/install/robot_interfaces/include/robot_interfaces/robot_interfaces/msg/odometry.h
[19.186s] -- Installing: /home/r2w0t/dev/RCB/workspaces/controller_ws/install/robot_interfaces/include/robot_interfaces/robot_interfaces/msg/rosidl_generator_c__visibility_control.h
[19.187s] -- Installing: /home/r2w0t/dev/RCB/workspaces/controller_ws/install/robot_interfaces/share/robot_interfaces/environment/library_path.sh
[19.187s] -- Installing: /home/r2w0t/dev/RCB/workspaces/controller_ws/install/robot_interfaces/share/robot_interfaces/environment/library_path.dsv
[19.187s] -- Installing: /home/r2w0t/dev/RCB/workspaces/controller_ws/install/robot_interfaces/lib/librobot_interfaces__rosidl_generator_c.so
[19.188s] -- Up-to-date: /home/r2w0t/dev/RCB/workspaces/controller_ws/install/robot_interfaces/include/robot_interfaces/robot_interfaces
[19.188s] -- Up-to-date: /home/r2w0t/dev/RCB/workspaces/controller_ws/install/robot_interfaces/include/robot_interfaces/robot_interfaces/msg
[19.188s] -- Up-to-date: /home/r2w0t/dev/RCB/workspaces/controller_ws/install/robot_interfaces/include/robot_interfaces/robot_interfaces/msg/detail
[19.188s] -- Installing: /home/r2w0t/dev/RCB/workspaces/controller_ws/install/robot_interfaces/include/robot_interfaces/robot_interfaces/msg/detail/command__rosidl_typesupport_fastrtps_c.h
[19.188s] -- Installing: /home/r2w0t/dev/RCB/workspaces/controller_ws/install/robot_interfaces/include/robot_interfaces/robot_interfaces/msg/detail/speed__rosidl_typesupport_fastrtps_c.h
[19.189s] -- Installing: /home/r2w0t/dev/RCB/workspaces/controller_ws/install/robot_interfaces/include/robot_interfaces/robot_interfaces/msg/detail/odometry__rosidl_typesupport_fastrtps_c.h
[19.189s] -- Installing: /home/r2w0t/dev/RCB/workspaces/controller_ws/install/robot_interfaces/include/robot_interfaces/robot_interfaces/msg/rosidl_typesupport_fastrtps_c__visibility_control.h
[19.189s] -- Installing: /home/r2w0t/dev/RCB/workspaces/controller_ws/install/robot_interfaces/lib/librobot_interfaces__rosidl_typesupport_fastrtps_c.so
[19.189s] -- Set non-toolchain portion of runtime path of "/home/r2w0t/dev/RCB/workspaces/controller_ws/install/robot_interfaces/lib/librobot_interfaces__rosidl_typesupport_fastrtps_c.so" to ""
[19.190s] -- Up-to-date: /home/r2w0t/dev/RCB/workspaces/controller_ws/install/robot_interfaces/include/robot_interfaces/robot_interfaces
[19.190s] -- Up-to-date: /home/r2w0t/dev/RCB/workspaces/controller_ws/install/robot_interfaces/include/robot_interfaces/robot_interfaces/msg
[19.190s] -- Up-to-date: /home/r2w0t/dev/RCB/workspaces/controller_ws/install/robot_interfaces/include/robot_interfaces/robot_interfaces/msg/detail
[19.190s] -- Installing: /home/r2w0t/dev/RCB/workspaces/controller_ws/install/robot_interfaces/include/robot_interfaces/robot_interfaces/msg/detail/command__rosidl_typesupport_introspection_c.h
[19.190s] -- Installing: /home/r2w0t/dev/RCB/workspaces/controller_ws/install/robot_interfaces/include/robot_interfaces/robot_interfaces/msg/detail/speed__rosidl_typesupport_introspection_c.h
[19.190s] -- Installing: /home/r2w0t/dev/RCB/workspaces/controller_ws/install/robot_interfaces/include/robot_interfaces/robot_interfaces/msg/detail/odometry__type_support.c
[19.190s] -- Installing: /home/r2w0t/dev/RCB/workspaces/controller_ws/install/robot_interfaces/include/robot_interfaces/robot_interfaces/msg/detail/odometry__rosidl_typesupport_introspection_c.h
[19.191s] -- Installing: /home/r2w0t/dev/RCB/workspaces/controller_ws/install/robot_interfaces/include/robot_interfaces/robot_interfaces/msg/detail/speed__type_support.c
[19.191s] -- Installing: /home/r2w0t/dev/RCB/workspaces/controller_ws/install/robot_interfaces/include/robot_interfaces/robot_interfaces/msg/detail/command__type_support.c
[19.191s] -- Installing: /home/r2w0t/dev/RCB/workspaces/controller_ws/install/robot_interfaces/include/robot_interfaces/robot_interfaces/msg/rosidl_typesupport_introspection_c__visibility_control.h
[19.191s] -- Installing: /home/r2w0t/dev/RCB/workspaces/controller_ws/install/robot_interfaces/lib/librobot_interfaces__rosidl_typesupport_introspection_c.so
[19.192s] -- Set non-toolchain portion of runtime path of "/home/r2w0t/dev/RCB/workspaces/controller_ws/install/robot_interfaces/lib/librobot_interfaces__rosidl_typesupport_introspection_c.so" to ""
[19.192s] -- Installing: /home/r2w0t/dev/RCB/workspaces/controller_ws/install/robot_interfaces/lib/librobot_interfaces__rosidl_typesupport_c.so
[19.192s] -- Set non-toolchain portion of runtime path of "/home/r2w0t/dev/RCB/workspaces/controller_ws/install/robot_interfaces/lib/librobot_interfaces__rosidl_typesupport_c.so" to ""
[19.193s] -- Up-to-date: /home/r2w0t/dev/RCB/workspaces/controller_ws/install/robot_interfaces/include/robot_interfaces/robot_interfaces
[19.193s] -- Up-to-date: /home/r2w0t/dev/RCB/workspaces/controller_ws/install/robot_interfaces/include/robot_interfaces/robot_interfaces/msg
[19.193s] -- Installing: /home/r2w0t/dev/RCB/workspaces/controller_ws/install/robot_interfaces/include/robot_interfaces/robot_interfaces/msg/rosidl_generator_cpp__visibility_control.hpp
[19.193s] -- Up-to-date: /home/r2w0t/dev/RCB/workspaces/controller_ws/install/robot_interfaces/include/robot_interfaces/robot_interfaces/msg/detail
[19.193s] -- Installing: /home/r2w0t/dev/RCB/workspaces/controller_ws/install/robot_interfaces/include/robot_interfaces/robot_interfaces/msg/detail/command__struct.hpp
[19.193s] -- Installing: /home/r2w0t/dev/RCB/workspaces/controller_ws/install/robot_interfaces/include/robot_interfaces/robot_interfaces/msg/detail/odometry__struct.hpp
[19.194s] -- Installing: /home/r2w0t/dev/RCB/workspaces/controller_ws/install/robot_interfaces/include/robot_interfaces/robot_interfaces/msg/detail/speed__builder.hpp
[19.194s] -- Installing: /home/r2w0t/dev/RCB/workspaces/controller_ws/install/robot_interfaces/include/robot_interfaces/robot_interfaces/msg/detail/command__builder.hpp
[19.194s] -- Installing: /home/r2w0t/dev/RCB/workspaces/controller_ws/install/robot_interfaces/include/robot_interfaces/robot_interfaces/msg/detail/speed__type_support.hpp
[19.194s] -- Installing: /home/r2w0t/dev/RCB/workspaces/controller_ws/install/robot_interfaces/include/robot_interfaces/robot_interfaces/msg/detail/command__type_support.hpp
[19.194s] -- Installing: /home/r2w0t/dev/RCB/workspaces/controller_ws/install/robot_interfaces/include/robot_interfaces/robot_interfaces/msg/detail/speed__struct.hpp
[19.194s] -- Installing: /home/r2w0t/dev/RCB/workspaces/controller_ws/install/robot_interfaces/include/robot_interfaces/robot_interfaces/msg/detail/odometry__builder.hpp
[19.195s] -- Installing: /home/r2w0t/dev/RCB/workspaces/controller_ws/install/robot_interfaces/include/robot_interfaces/robot_interfaces/msg/detail/odometry__traits.hpp
[19.195s] -- Installing: /home/r2w0t/dev/RCB/workspaces/controller_ws/install/robot_interfaces/include/robot_interfaces/robot_interfaces/msg/detail/command__traits.hpp
[19.195s] -- Installing: /home/r2w0t/dev/RCB/workspaces/controller_ws/install/robot_interfaces/include/robot_interfaces/robot_interfaces/msg/detail/speed__traits.hpp
[19.195s] -- Installing: /home/r2w0t/dev/RCB/workspaces/controller_ws/install/robot_interfaces/include/robot_interfaces/robot_interfaces/msg/detail/odometry__type_support.hpp
[19.196s] -- Installing: /home/r2w0t/dev/RCB/workspaces/controller_ws/install/robot_interfaces/include/robot_interfaces/robot_interfaces/msg/odometry.hpp
[19.196s] -- Installing: /home/r2w0t/dev/RCB/workspaces/controller_ws/install/robot_interfaces/include/robot_interfaces/robot_interfaces/msg/speed.hpp
[19.196s] -- Installing: /home/r2w0t/dev/RCB/workspaces/controller_ws/install/robot_interfaces/include/robot_interfaces/robot_interfaces/msg/command.hpp
[19.196s] -- Up-to-date: /home/r2w0t/dev/RCB/workspaces/controller_ws/install/robot_interfaces/include/robot_interfaces/robot_interfaces
[19.196s] -- Up-to-date: /home/r2w0t/dev/RCB/workspaces/controller_ws/install/robot_interfaces/include/robot_interfaces/robot_interfaces/msg
[19.197s] -- Up-to-date: /home/r2w0t/dev/RCB/workspaces/controller_ws/install/robot_interfaces/include/robot_interfaces/robot_interfaces/msg/detail
[19.197s] -- Installing: /home/r2w0t/dev/RCB/workspaces/controller_ws/install/robot_interfaces/include/robot_interfaces/robot_interfaces/msg/detail/dds_fastrtps
[19.197s] -- Installing: /home/r2w0t/dev/RCB/workspaces/controller_ws/install/robot_interfaces/include/robot_interfaces/robot_interfaces/msg/detail/speed__rosidl_typesupport_fastrtps_cpp.hpp
[19.197s] -- Installing: /home/r2w0t/dev/RCB/workspaces/controller_ws/install/robot_interfaces/include/robot_interfaces/robot_interfaces/msg/detail/odometry__rosidl_typesupport_fastrtps_cpp.hpp
[19.197s] -- Installing: /home/r2w0t/dev/RCB/workspaces/controller_ws/install/robot_interfaces/include/robot_interfaces/robot_interfaces/msg/detail/command__rosidl_typesupport_fastrtps_cpp.hpp
[19.197s] -- Installing: /home/r2w0t/dev/RCB/workspaces/controller_ws/install/robot_interfaces/include/robot_interfaces/robot_interfaces/msg/rosidl_typesupport_fastrtps_cpp__visibility_control.h
[19.198s] -- Installing: /home/r2w0t/dev/RCB/workspaces/controller_ws/install/robot_interfaces/lib/librobot_interfaces__rosidl_typesupport_fastrtps_cpp.so
[19.198s] -- Set non-toolchain portion of runtime path of "/home/r2w0t/dev/RCB/workspaces/controller_ws/install/robot_interfaces/lib/librobot_interfaces__rosidl_typesupport_fastrtps_cpp.so" to ""
[19.199s] -- Up-to-date: /home/r2w0t/dev/RCB/workspaces/controller_ws/install/robot_interfaces/include/robot_interfaces/robot_interfaces
[19.199s] -- Up-to-date: /home/r2w0t/dev/RCB/workspaces/controller_ws/install/robot_interfaces/include/robot_interfaces/robot_interfaces/msg
[19.199s] -- Up-to-date: /home/r2w0t/dev/RCB/workspaces/controller_ws/install/robot_interfaces/include/robot_interfaces/robot_interfaces/msg/detail
[19.199s] -- Installing: /home/r2w0t/dev/RCB/workspaces/controller_ws/install/robot_interfaces/include/robot_interfaces/robot_interfaces/msg/detail/speed__rosidl_typesupport_introspection_cpp.hpp
[19.200s] -- Installing: /home/r2w0t/dev/RCB/workspaces/controller_ws/install/robot_interfaces/include/robot_interfaces/robot_interfaces/msg/detail/speed__type_support.cpp
[19.200s] -- Installing: /home/r2w0t/dev/RCB/workspaces/controller_ws/install/robot_interfaces/include/robot_interfaces/robot_interfaces/msg/detail/odometry__type_support.cpp
[19.200s] -- Installing: /home/r2w0t/dev/RCB/workspaces/controller_ws/install/robot_interfaces/include/robot_interfaces/robot_interfaces/msg/detail/command__type_support.cpp
[19.201s] -- Installing: /home/r2w0t/dev/RCB/workspaces/controller_ws/install/robot_interfaces/include/robot_interfaces/robot_interfaces/msg/detail/command__rosidl_typesupport_introspection_cpp.hpp
[19.201s] -- Installing: /home/r2w0t/dev/RCB/workspaces/controller_ws/install/robot_interfaces/include/robot_interfaces/robot_interfaces/msg/detail/odometry__rosidl_typesupport_introspection_cpp.hpp
[19.201s] -- Installing: /home/r2w0t/dev/RCB/workspaces/controller_ws/install/robot_interfaces/lib/librobot_interfaces__rosidl_typesupport_introspection_cpp.so
[19.202s] -- Set non-toolchain portion of runtime path of "/home/r2w0t/dev/RCB/workspaces/controller_ws/install/robot_interfaces/lib/librobot_interfaces__rosidl_typesupport_introspection_cpp.so" to ""
[19.202s] -- Installing: /home/r2w0t/dev/RCB/workspaces/controller_ws/install/robot_interfaces/lib/librobot_interfaces__rosidl_typesupport_cpp.so
[19.202s] -- Set non-toolchain portion of runtime path of "/home/r2w0t/dev/RCB/workspaces/controller_ws/install/robot_interfaces/lib/librobot_interfaces__rosidl_typesupport_cpp.so" to ""
[19.203s] -- Installing: /home/r2w0t/dev/RCB/workspaces/controller_ws/install/robot_interfaces/share/robot_interfaces/environment/pythonpath.sh
[19.203s] -- Installing: /home/r2w0t/dev/RCB/workspaces/controller_ws/install/robot_interfaces/share/robot_interfaces/environment/pythonpath.dsv
[19.203s] -- Installing: /home/r2w0t/dev/RCB/workspaces/controller_ws/install/robot_interfaces/lib/python3.12/site-packages/robot_interfaces-0.0.0-py3.12.egg-info
[19.204s] -- Installing: /home/r2w0t/dev/RCB/workspaces/controller_ws/install/robot_interfaces/lib/python3.12/site-packages/robot_interfaces-0.0.0-py3.12.egg-info/SOURCES.txt
[19.204s] -- Installing: /home/r2w0t/dev/RCB/workspaces/controller_ws/install/robot_interfaces/lib/python3.12/site-packages/robot_interfaces-0.0.0-py3.12.egg-info/dependency_links.txt
[19.204s] -- Installing: /home/r2w0t/dev/RCB/workspaces/controller_ws/install/robot_interfaces/lib/python3.12/site-packages/robot_interfaces-0.0.0-py3.12.egg-info/top_level.txt
[19.205s] -- Installing: /home/r2w0t/dev/RCB/workspaces/controller_ws/install/robot_interfaces/lib/python3.12/site-packages/robot_interfaces-0.0.0-py3.12.egg-info/PKG-INFO
[19.205s] -- Installing: /home/r2w0t/dev/RCB/workspaces/controller_ws/install/robot_interfaces/lib/python3.12/site-packages/robot_interfaces
[19.205s] -- Installing: /home/r2w0t/dev/RCB/workspaces/controller_ws/install/robot_interfaces/lib/python3.12/site-packages/robot_interfaces/__init__.py
[19.206s] -- Installing: /home/r2w0t/dev/RCB/workspaces/controller_ws/install/robot_interfaces/lib/python3.12/site-packages/robot_interfaces/msg
[19.206s] -- Installing: /home/r2w0t/dev/RCB/workspaces/controller_ws/install/robot_interfaces/lib/python3.12/site-packages/robot_interfaces/msg/__init__.py
[19.206s] -- Installing: /home/r2w0t/dev/RCB/workspaces/controller_ws/install/robot_interfaces/lib/python3.12/site-packages/robot_interfaces/msg/_odometry.py
[19.206s] -- Installing: /home/r2w0t/dev/RCB/workspaces/controller_ws/install/robot_interfaces/lib/python3.12/site-packages/robot_interfaces/msg/_odometry_s.c
[19.207s] -- Installing: /home/r2w0t/dev/RCB/workspaces/controller_ws/install/robot_interfaces/lib/python3.12/site-packages/robot_interfaces/msg/_speed.py
[19.207s] -- Installing: /home/r2w0t/dev/RCB/workspaces/controller_ws/install/robot_interfaces/lib/python3.12/site-packages/robot_interfaces/msg/_command_s.c
[19.207s] -- Installing: /home/r2w0t/dev/RCB/workspaces/controller_ws/install/robot_interfaces/lib/python3.12/site-packages/robot_interfaces/msg/_command.py
[19.207s] -- Installing: /home/r2w0t/dev/RCB/workspaces/controller_ws/install/robot_interfaces/lib/python3.12/site-packages/robot_interfaces/msg/_speed_s.c
[19.207s] -- Installing: /home/r2w0t/dev/RCB/workspaces/controller_ws/install/robot_interfaces/lib/python3.12/site-packages/robot_interfaces/_robot_interfaces_s.ep.rosidl_typesupport_fastrtps_c.c
[19.207s] -- Installing: /home/r2w0t/dev/RCB/workspaces/controller_ws/install/robot_interfaces/lib/python3.12/site-packages/robot_interfaces/_robot_interfaces_s.ep.rosidl_typesupport_c.c
[19.208s] -- Installing: /home/r2w0t/dev/RCB/workspaces/controller_ws/install/robot_interfaces/lib/python3.12/site-packages/robot_interfaces/robot_interfaces_s__rosidl_typesupport_fastrtps_c.so
[19.208s] -- Installing: /home/r2w0t/dev/RCB/workspaces/controller_ws/install/robot_interfaces/lib/python3.12/site-packages/robot_interfaces/_robot_interfaces_s.ep.rosidl_typesupport_introspection_c.c
[19.208s] -- Installing: /home/r2w0t/dev/RCB/workspaces/controller_ws/install/robot_interfaces/lib/python3.12/site-packages/robot_interfaces/robot_interfaces_s__rosidl_typesupport_introspection_c.so
[19.208s] -- Installing: /home/r2w0t/dev/RCB/workspaces/controller_ws/install/robot_interfaces/lib/python3.12/site-packages/robot_interfaces/robot_interfaces_s__rosidl_typesupport_c.so
[19.295s] Listing '/home/r2w0t/dev/RCB/workspaces/controller_ws/install/robot_interfaces/lib/python3.12/site-packages/robot_interfaces'...
[19.296s] Compiling '/home/r2w0t/dev/RCB/workspaces/controller_ws/install/robot_interfaces/lib/python3.12/site-packages/robot_interfaces/__init__.py'...
[19.296s] Listing '/home/r2w0t/dev/RCB/workspaces/controller_ws/install/robot_interfaces/lib/python3.12/site-packages/robot_interfaces/msg'...
[19.296s] Compiling '/home/r2w0t/dev/RCB/workspaces/controller_ws/install/robot_interfaces/lib/python3.12/site-packages/robot_interfaces/msg/__init__.py'...
[19.296s] Compiling '/home/r2w0t/dev/RCB/workspaces/controller_ws/install/robot_interfaces/lib/python3.12/site-packages/robot_interfaces/msg/_command.py'...
[19.296s] Compiling '/home/r2w0t/dev/RCB/workspaces/controller_ws/install/robot_interfaces/lib/python3.12/site-packages/robot_interfaces/msg/_odometry.py'...
[19.296s] Compiling '/home/r2w0t/dev/RCB/workspaces/controller_ws/install/robot_interfaces/lib/python3.12/site-packages/robot_interfaces/msg/_speed.py'...
[19.305s] -- Installing: /home/r2w0t/dev/RCB/workspaces/controller_ws/install/robot_interfaces/lib/python3.12/site-packages/robot_interfaces/robot_interfaces_s__rosidl_typesupport_fastrtps_c.so
[19.305s] -- Set non-toolchain portion of runtime path of "/home/r2w0t/dev/RCB/workspaces/controller_ws/install/robot_interfaces/lib/python3.12/site-packages/robot_interfaces/robot_interfaces_s__rosidl_typesupport_fastrtps_c.so" to ""
[19.306s] -- Installing: /home/r2w0t/dev/RCB/workspaces/controller_ws/install/robot_interfaces/lib/python3.12/site-packages/robot_interfaces/robot_interfaces_s__rosidl_typesupport_introspection_c.so
[19.306s] -- Set non-toolchain portion of runtime path of "/home/r2w0t/dev/RCB/workspaces/controller_ws/install/robot_interfaces/lib/python3.12/site-packages/robot_interfaces/robot_interfaces_s__rosidl_typesupport_introspection_c.so" to ""
[19.307s] -- Installing: /home/r2w0t/dev/RCB/workspaces/controller_ws/install/robot_interfaces/lib/python3.12/site-packages/robot_interfaces/robot_interfaces_s__rosidl_typesupport_c.so
[19.307s] -- Set non-toolchain portion of runtime path of "/home/r2w0t/dev/RCB/workspaces/controller_ws/install/robot_interfaces/lib/python3.12/site-packages/robot_interfaces/robot_interfaces_s__rosidl_typesupport_c.so" to ""
[19.307s] -- Installing: /home/r2w0t/dev/RCB/workspaces/controller_ws/install/robot_interfaces/lib/librobot_interfaces__rosidl_generator_py.so
[19.308s] -- Set non-toolchain portion of runtime path of "/home/r2w0t/dev/RCB/workspaces/controller_ws/install/robot_interfaces/lib/librobot_interfaces__rosidl_generator_py.so" to ""
[19.308s] -- Installing: /home/r2w0t/dev/RCB/workspaces/controller_ws/install/robot_interfaces/share/robot_interfaces/msg/Command.idl
[19.308s] -- Installing: /home/r2w0t/dev/RCB/workspaces/controller_ws/install/robot_interfaces/share/robot_interfaces/msg/Odometry.idl
[19.308s] -- Installing: /home/r2w0t/dev/RCB/workspaces/controller_ws/install/robot_interfaces/share/robot_interfaces/msg/Speed.idl
[19.309s] -- Installing: /home/r2w0t/dev/RCB/workspaces/controller_ws/install/robot_interfaces/share/robot_interfaces/msg/Command.msg
[19.309s] -- Installing: /home/r2w0t/dev/RCB/workspaces/controller_ws/install/robot_interfaces/share/robot_interfaces/msg/Odometry.msg
[19.309s] -- Installing: /home/r2w0t/dev/RCB/workspaces/controller_ws/install/robot_interfaces/share/robot_interfaces/msg/Speed.msg
[19.309s] -- Installing: /home/r2w0t/dev/RCB/workspaces/controller_ws/install/robot_interfaces/share/ament_index/resource_index/package_run_dependencies/robot_interfaces
[19.310s] -- Installing: /home/r2w0t/dev/RCB/workspaces/controller_ws/install/robot_interfaces/share/ament_index/resource_index/parent_prefix_path/robot_interfaces
[19.310s] -- Installing: /home/r2w0t/dev/RCB/workspaces/controller_ws/install/robot_interfaces/share/robot_interfaces/environment/ament_prefix_path.sh
[19.310s] -- Installing: /home/r2w0t/dev/RCB/workspaces/controller_ws/install/robot_interfaces/share/robot_interfaces/environment/ament_prefix_path.dsv
[19.311s] -- Installing: /home/r2w0t/dev/RCB/workspaces/controller_ws/install/robot_interfaces/share/robot_interfaces/environment/path.sh
[19.311s] -- Installing: /home/r2w0t/dev/RCB/workspaces/controller_ws/install/robot_interfaces/share/robot_interfaces/environment/path.dsv
[19.311s] -- Installing: /home/r2w0t/dev/RCB/workspaces/controller_ws/install/robot_interfaces/share/robot_interfaces/local_setup.bash
[19.312s] -- Installing: /home/r2w0t/dev/RCB/workspaces/controller_ws/install/robot_interfaces/share/robot_interfaces/local_setup.sh
[19.312s] -- Installing: /home/r2w0t/dev/RCB/workspaces/controller_ws/install/robot_interfaces/share/robot_interfaces/local_setup.zsh
[19.312s] -- Installing: /home/r2w0t/dev/RCB/workspaces/controller_ws/install/robot_interfaces/share/robot_interfaces/local_setup.dsv
[19.313s] -- Installing: /home/r2w0t/dev/RCB/workspaces/controller_ws/install/robot_interfaces/share/robot_interfaces/package.dsv
[19.313s] -- Installing: /home/r2w0t/dev/RCB/workspaces/controller_ws/install/robot_interfaces/share/ament_index/resource_index/packages/robot_interfaces
[19.313s] -- Installing: /home/r2w0t/dev/RCB/workspaces/controller_ws/install/robot_interfaces/share/robot_interfaces/cmake/export_robot_interfaces__rosidl_generator_cExport.cmake
[19.314s] -- Installing: /home/r2w0t/dev/RCB/workspaces/controller_ws/install/robot_interfaces/share/robot_interfaces/cmake/export_robot_interfaces__rosidl_generator_cExport-noconfig.cmake
[19.314s] -- Installing: /home/r2w0t/dev/RCB/workspaces/controller_ws/install/robot_interfaces/share/robot_interfaces/cmake/export_robot_interfaces__rosidl_typesupport_fastrtps_cExport.cmake
[19.315s] -- Installing: /home/r2w0t/dev/RCB/workspaces/controller_ws/install/robot_interfaces/share/robot_interfaces/cmake/export_robot_interfaces__rosidl_typesupport_fastrtps_cExport-noconfig.cmake
[19.315s] -- Installing: /home/r2w0t/dev/RCB/workspaces/controller_ws/install/robot_interfaces/share/robot_interfaces/cmake/robot_interfaces__rosidl_typesupport_introspection_cExport.cmake
[19.315s] -- Installing: /home/r2w0t/dev/RCB/workspaces/controller_ws/install/robot_interfaces/share/robot_interfaces/cmake/robot_interfaces__rosidl_typesupport_introspection_cExport-noconfig.cmake
[19.316s] -- Installing: /home/r2w0t/dev/RCB/workspaces/controller_ws/install/robot_interfaces/share/robot_interfaces/cmake/robot_interfaces__rosidl_typesupport_cExport.cmake
[19.316s] -- Installing: /home/r2w0t/dev/RCB/workspaces/controller_ws/install/robot_interfaces/share/robot_interfaces/cmake/robot_interfaces__rosidl_typesupport_cExport-noconfig.cmake
[19.316s] -- Installing: /home/r2w0t/dev/RCB/workspaces/controller_ws/install/robot_interfaces/share/robot_interfaces/cmake/export_robot_interfaces__rosidl_generator_cppExport.cmake
[19.317s] -- Installing: /home/r2w0t/dev/RCB/workspaces/controller_ws/install/robot_interfaces/share/robot_interfaces/cmake/export_robot_interfaces__rosidl_typesupport_fastrtps_cppExport.cmake
[19.317s] -- Installing: /home/r2w0t/dev/RCB/workspaces/controller_ws/install/robot_interfaces/share/robot_interfaces/cmake/export_robot_interfaces__rosidl_typesupport_fastrtps_cppExport-noconfig.cmake
[19.317s] -- Installing: /home/r2w0t/dev/RCB/workspaces/controller_ws/install/robot_interfaces/share/robot_interfaces/cmake/robot_interfaces__rosidl_typesupport_introspection_cppExport.cmake
[19.318s] -- Installing: /home/r2w0t/dev/RCB/workspaces/controller_ws/install/robot_interfaces/share/robot_interfaces/cmake/robot_interfaces__rosidl_typesupport_introspection_cppExport-noconfig.cmake
[19.318s] -- Installing: /home/r2w0t/dev/RCB/workspaces/controller_ws/install/robot_interfaces/share/robot_interfaces/cmake/robot_interfaces__rosidl_typesupport_cppExport.cmake
[19.318s] -- Installing: /home/r2w0t/dev/RCB/workspaces/controller_ws/install/robot_interfaces/share/robot_interfaces/cmake/robot_interfaces__rosidl_typesupport_cppExport-noconfig.cmake
[19.319s] -- Installing: /home/r2w0t/dev/RCB/workspaces/controller_ws/install/robot_interfaces/share/robot_interfaces/cmake/export_robot_interfaces__rosidl_generator_pyExport.cmake
[19.319s] -- Installing: /home/r2w0t/dev/RCB/workspaces/controller_ws/install/robot_interfaces/share/robot_interfaces/cmake/export_robot_interfaces__rosidl_generator_pyExport-noconfig.cmake
[19.320s] -- Installing: /home/r2w0t/dev/RCB/workspaces/controller_ws/install/robot_interfaces/share/robot_interfaces/cmake/rosidl_cmake-extras.cmake
[19.320s] -- Installing: /home/r2w0t/dev/RCB/workspaces/controller_ws/install/robot_interfaces/share/robot_interfaces/cmake/ament_cmake_export_include_directories-extras.cmake
[19.320s] -- Installing: /home/r2w0t/dev/RCB/workspaces/controller_ws/install/robot_interfaces/share/robot_interfaces/cmake/ament_cmake_export_libraries-extras.cmake
[19.321s] -- Installing: /home/r2w0t/dev/RCB/workspaces/controller_ws/install/robot_interfaces/share/robot_interfaces/cmake/ament_cmake_export_targets-extras.cmake
[19.321s] -- Installing: /home/r2w0t/dev/RCB/workspaces/controller_ws/install/robot_interfaces/share/robot_interfaces/cmake/rosidl_cmake_export_typesupport_targets-extras.cmake
[19.321s] -- Installing: /home/r2w0t/dev/RCB/workspaces/controller_ws/install/robot_interfaces/share/robot_interfaces/cmake/ament_cmake_export_dependencies-extras.cmake
[19.322s] -- Installing: /home/r2w0t/dev/RCB/workspaces/controller_ws/install/robot_interfaces/share/robot_interfaces/cmake/rosidl_cmake_export_typesupport_libraries-extras.cmake
[19.322s] -- Installing: /home/r2w0t/dev/RCB/workspaces/controller_ws/install/robot_interfaces/share/robot_interfaces/cmake/robot_interfacesConfig.cmake
[19.322s] -- Installing: /home/r2w0t/dev/RCB/workspaces/controller_ws/install/robot_interfaces/share/robot_interfaces/cmake/robot_interfacesConfig-version.cmake
[19.323s] -- Installing: /home/r2w0t/dev/RCB/workspaces/controller_ws/install/robot_interfaces/share/robot_interfaces/package.xml
[19.331s] Invoked command in '/home/r2w0t/dev/RCB/workspaces/controller_ws/build/robot_interfaces' returned '0': CMAKE_PREFIX_PATH=/nix/store/vhz65fc3cs10c5sxbwh7c5iz2pwzyx4b-ros-env _=/nix/store/yh6qg1nsi5h2xblcr67030pz58fsaxx3-coreutils-9.6/bin/env buildPhase={ echo "------------------------------------------------------------";
  echo " WARNING: the existence of this path is not guaranteed.";
  echo " It is an internal implementation detail for pkgs.mkShell.";
  echo "------------------------------------------------------------";
  echo;
  # Record all build inputs as runtime dependencies
  export;
} >> "$out" shellHook=# Setup ROS 2 shell completion. Doing it in direnv is useless.
if [[ ! $DIRENV_IN_ENVRC ]]; then
    eval "$(/nix/store/dds9yi6lc5zh41n5k4qnijq4xjk7069v-python3.12-argcomplete-3.5.3/bin/register-python-argcomplete ros2)"
    eval "$(/nix/store/dds9yi6lc5zh41n5k4qnijq4xjk7069v-python3.12-argcomplete-3.5.3/bin/register-python-argcomplete colcon)"
fi /nix/store/8jljd7zhwwcpqmfj3cz18nbr9x4dilf1-python3.12-cmake-3.31.5/bin/cmake --install /home/r2w0t/dev/RCB/workspaces/controller_ws/build/robot_interfaces
