-- The C compiler identification is GNU 14.2.1
-- The CXX compiler identification is GNU 14.2.1
-- Detecting C compiler ABI info
-- Detecting C compiler ABI info - done
-- Check for working C compiler: /nix/store/8v6k283dpbc0qkdq81nb6mrxrgcb10i1-gcc-wrapper-14-20241116/bin/gcc - skipped
-- Detecting C compile features
-- Detecting C compile features - done
-- Detecting CXX compiler ABI info
-- Detecting CXX compiler ABI info - done
-- Check for working CXX compiler: /nix/store/8v6k283dpbc0qkdq81nb6mrxrgcb10i1-gcc-wrapper-14-20241116/bin/g++ - skipped
-- Detecting CXX compile features
-- Detecting CXX compile features - done
-- Found ament_cmake: 2.5.3 (/nix/store/vhz65fc3cs10c5sxbwh7c5iz2pwzyx4b-ros-env/share/ament_cmake/cmake)
-- Found Python3: /nix/store/vhz65fc3cs10c5sxbwh7c5iz2pwzyx4b-ros-env/bin/python3 (found version "3.12.9") found components: Interpreter
-- Found rclcpp: 28.1.6 (/nix/store/vhz65fc3cs10c5sxbwh7c5iz2pwzyx4b-ros-env/share/rclcpp/cmake)
-- Found rosidl_generator_c: 4.6.5 (/nix/store/vhz65fc3cs10c5sxbwh7c5iz2pwzyx4b-ros-env/share/rosidl_generator_c/cmake)
-- Found rosidl_generator_cpp: 4.6.5 (/nix/store/vhz65fc3cs10c5sxbwh7c5iz2pwzyx4b-ros-env/share/rosidl_generator_cpp/cmake)
-- Using all available rosidl_typesupport_c: rosidl_typesupport_fastrtps_c;rosidl_typesupport_introspection_c
-- Using all available rosidl_typesupport_cpp: rosidl_typesupport_fastrtps_cpp;rosidl_typesupport_introspection_cpp
-- Found rmw_implementation_cmake: 7.3.1 (/nix/store/vhz65fc3cs10c5sxbwh7c5iz2pwzyx4b-ros-env/share/rmw_implementation_cmake/cmake)
-- Found rmw_fastrtps_cpp: 8.4.1 (/nix/store/vhz65fc3cs10c5sxbwh7c5iz2pwzyx4b-ros-env/share/rmw_fastrtps_cpp/cmake)
-- Found OpenSSL: /nix/store/954l60hahqvr0hbs7ww6lmgkxvk8akdf-openssl-3.4.1/lib/libcrypto.so (found version "3.4.1")
-- Found FastRTPS: /nix/store/vhz65fc3cs10c5sxbwh7c5iz2pwzyx4b-ros-env/include (Required is at least version "2.13")
-- Using RMW implementation 'rmw_fastrtps_cpp' as default
-- Found std_msgs: 5.3.5 (/nix/store/vhz65fc3cs10c5sxbwh7c5iz2pwzyx4b-ros-env/share/std_msgs/cmake)
-- Found robot_interfaces: 0.0.0 (/home/r2w0t/dev/RCB/workspaces/controller_ws/install/robot_interfaces/share/robot_interfaces/cmake)
-- Found OpenCV: / (found version "4.11.0")
-- Configuring done (4.8s)
-- Generating done (0.0s)
-- Build files have been written to: /home/r2w0t/dev/RCB/workspaces/controller_ws/build/camera
[ 33%] [32mBuilding CXX object CMakeFiles/camera_node.dir/src/main.cpp.o[0m
[ 66%] [32mBuilding CXX object CMakeFiles/camera_node.dir/src/camera_node.cpp.o[0m
