[0.030s] Invoking command in '/home/r2w0t/dev/RCB/workspaces/controller_ws/build/joystick_control': CMAKE_PREFIX_PATH=${CMAKE_PREFIX_PATH}:/nix/store/vhz65fc3cs10c5sxbwh7c5iz2pwzyx4b-ros-env _=/nix/store/yh6qg1nsi5h2xblcr67030pz58fsaxx3-coreutils-9.6/bin/env buildPhase={ echo "------------------------------------------------------------";
  echo " WARNING: the existence of this path is not guaranteed.";
  echo " It is an internal implementation detail for pkgs.mkShell.";
  echo "------------------------------------------------------------";
  echo;
  # Record all build inputs as runtime dependencies
  export;
} >> "$out" shellHook=# Setup ROS 2 shell completion. Doing it in direnv is useless.
if [[ ! $DIRENV_IN_ENVRC ]]; then
    eval "$(/nix/store/dds9yi6lc5zh41n5k4qnijq4xjk7069v-python3.12-argcomplete-3.5.3/bin/register-python-argcomplete ros2)"
    eval "$(/nix/store/dds9yi6lc5zh41n5k4qnijq4xjk7069v-python3.12-argcomplete-3.5.3/bin/register-python-argcomplete colcon)"
fi /nix/store/8jljd7zhwwcpqmfj3cz18nbr9x4dilf1-python3.12-cmake-3.31.5/bin/cmake --build /home/r2w0t/dev/RCB/workspaces/controller_ws/build/joystick_control -- -j4 -l4
[0.286s] [100%] Built target joystick_control_node
[0.319s] Invoked command in '/home/r2w0t/dev/RCB/workspaces/controller_ws/build/joystick_control' returned '0': CMAKE_PREFIX_PATH=${CMAKE_PREFIX_PATH}:/nix/store/vhz65fc3cs10c5sxbwh7c5iz2pwzyx4b-ros-env _=/nix/store/yh6qg1nsi5h2xblcr67030pz58fsaxx3-coreutils-9.6/bin/env buildPhase={ echo "------------------------------------------------------------";
  echo " WARNING: the existence of this path is not guaranteed.";
  echo " It is an internal implementation detail for pkgs.mkShell.";
  echo "------------------------------------------------------------";
  echo;
  # Record all build inputs as runtime dependencies
  export;
} >> "$out" shellHook=# Setup ROS 2 shell completion. Doing it in direnv is useless.
if [[ ! $DIRENV_IN_ENVRC ]]; then
    eval "$(/nix/store/dds9yi6lc5zh41n5k4qnijq4xjk7069v-python3.12-argcomplete-3.5.3/bin/register-python-argcomplete ros2)"
    eval "$(/nix/store/dds9yi6lc5zh41n5k4qnijq4xjk7069v-python3.12-argcomplete-3.5.3/bin/register-python-argcomplete colcon)"
fi /nix/store/8jljd7zhwwcpqmfj3cz18nbr9x4dilf1-python3.12-cmake-3.31.5/bin/cmake --build /home/r2w0t/dev/RCB/workspaces/controller_ws/build/joystick_control -- -j4 -l4
[0.449s] Invoking command in '/home/r2w0t/dev/RCB/workspaces/controller_ws/build/joystick_control': CMAKE_PREFIX_PATH=${CMAKE_PREFIX_PATH}:/nix/store/vhz65fc3cs10c5sxbwh7c5iz2pwzyx4b-ros-env _=/nix/store/yh6qg1nsi5h2xblcr67030pz58fsaxx3-coreutils-9.6/bin/env buildPhase={ echo "------------------------------------------------------------";
  echo " WARNING: the existence of this path is not guaranteed.";
  echo " It is an internal implementation detail for pkgs.mkShell.";
  echo "------------------------------------------------------------";
  echo;
  # Record all build inputs as runtime dependencies
  export;
} >> "$out" shellHook=# Setup ROS 2 shell completion. Doing it in direnv is useless.
if [[ ! $DIRENV_IN_ENVRC ]]; then
    eval "$(/nix/store/dds9yi6lc5zh41n5k4qnijq4xjk7069v-python3.12-argcomplete-3.5.3/bin/register-python-argcomplete ros2)"
    eval "$(/nix/store/dds9yi6lc5zh41n5k4qnijq4xjk7069v-python3.12-argcomplete-3.5.3/bin/register-python-argcomplete colcon)"
fi /nix/store/8jljd7zhwwcpqmfj3cz18nbr9x4dilf1-python3.12-cmake-3.31.5/bin/cmake --install /home/r2w0t/dev/RCB/workspaces/controller_ws/build/joystick_control
[0.581s] -- Install configuration: ""
[0.582s] -- Installing: /home/r2w0t/dev/RCB/workspaces/controller_ws/install/joystick_control/lib/joystick_control/joystick_control_node
[0.584s] -- Set non-toolchain portion of runtime path of "/home/r2w0t/dev/RCB/workspaces/controller_ws/install/joystick_control/lib/joystick_control/joystick_control_node" to ""
[0.584s] -- Up-to-date: /home/r2w0t/dev/RCB/workspaces/controller_ws/install/joystick_control/share/ament_index/resource_index/package_run_dependencies/joystick_control
[0.585s] -- Up-to-date: /home/r2w0t/dev/RCB/workspaces/controller_ws/install/joystick_control/share/ament_index/resource_index/parent_prefix_path/joystick_control
[0.587s] -- Up-to-date: /home/r2w0t/dev/RCB/workspaces/controller_ws/install/joystick_control/share/joystick_control/environment/ament_prefix_path.sh
[0.587s] -- Up-to-date: /home/r2w0t/dev/RCB/workspaces/controller_ws/install/joystick_control/share/joystick_control/environment/ament_prefix_path.dsv
[0.587s] -- Up-to-date: /home/r2w0t/dev/RCB/workspaces/controller_ws/install/joystick_control/share/joystick_control/environment/path.sh
[0.588s] -- Up-to-date: /home/r2w0t/dev/RCB/workspaces/controller_ws/install/joystick_control/share/joystick_control/environment/path.dsv
[0.588s] -- Up-to-date: /home/r2w0t/dev/RCB/workspaces/controller_ws/install/joystick_control/share/joystick_control/local_setup.bash
[0.588s] -- Up-to-date: /home/r2w0t/dev/RCB/workspaces/controller_ws/install/joystick_control/share/joystick_control/local_setup.sh
[0.588s] -- Up-to-date: /home/r2w0t/dev/RCB/workspaces/controller_ws/install/joystick_control/share/joystick_control/local_setup.zsh
[0.589s] -- Up-to-date: /home/r2w0t/dev/RCB/workspaces/controller_ws/install/joystick_control/share/joystick_control/local_setup.dsv
[0.592s] -- Installing: /home/r2w0t/dev/RCB/workspaces/controller_ws/install/joystick_control/share/joystick_control/package.dsv
[0.593s] -- Up-to-date: /home/r2w0t/dev/RCB/workspaces/controller_ws/install/joystick_control/share/ament_index/resource_index/packages/joystick_control
[0.596s] -- Up-to-date: /home/r2w0t/dev/RCB/workspaces/controller_ws/install/joystick_control/share/joystick_control/cmake/joystick_controlConfig.cmake
[0.597s] -- Up-to-date: /home/r2w0t/dev/RCB/workspaces/controller_ws/install/joystick_control/share/joystick_control/cmake/joystick_controlConfig-version.cmake
[0.597s] -- Up-to-date: /home/r2w0t/dev/RCB/workspaces/controller_ws/install/joystick_control/share/joystick_control/package.xml
[0.610s] Invoked command in '/home/r2w0t/dev/RCB/workspaces/controller_ws/build/joystick_control' returned '0': CMAKE_PREFIX_PATH=${CMAKE_PREFIX_PATH}:/nix/store/vhz65fc3cs10c5sxbwh7c5iz2pwzyx4b-ros-env _=/nix/store/yh6qg1nsi5h2xblcr67030pz58fsaxx3-coreutils-9.6/bin/env buildPhase={ echo "------------------------------------------------------------";
  echo " WARNING: the existence of this path is not guaranteed.";
  echo " It is an internal implementation detail for pkgs.mkShell.";
  echo "------------------------------------------------------------";
  echo;
  # Record all build inputs as runtime dependencies
  export;
} >> "$out" shellHook=# Setup ROS 2 shell completion. Doing it in direnv is useless.
if [[ ! $DIRENV_IN_ENVRC ]]; then
    eval "$(/nix/store/dds9yi6lc5zh41n5k4qnijq4xjk7069v-python3.12-argcomplete-3.5.3/bin/register-python-argcomplete ros2)"
    eval "$(/nix/store/dds9yi6lc5zh41n5k4qnijq4xjk7069v-python3.12-argcomplete-3.5.3/bin/register-python-argcomplete colcon)"
fi /nix/store/8jljd7zhwwcpqmfj3cz18nbr9x4dilf1-python3.12-cmake-3.31.5/bin/cmake --install /home/r2w0t/dev/RCB/workspaces/controller_ws/build/joystick_control
