[0.264s] DEBUG:colcon:Command line arguments: ['/nix/store/rsffwkc8nqixa8qy458rvcw3zrwrqwz6-python3.12-colcon-core-0.19.0/bin/colcon', 'build']
[0.264s] DEBUG:colcon:Parsed command line arguments: Namespace(log_base=None, log_level=None, verb_name='build', build_base='build', install_base='install', merge_install=False, symlink_install=False, test_result_base=None, continue_on_error=False, executor='parallel', parallel_workers=4, event_handlers=None, ignore_user_meta=False, metas=['./colcon.meta'], base_paths=['.'], packages_ignore=None, packages_ignore_regex=None, paths=None, packages_up_to=None, packages_up_to_regex=None, packages_above=None, packages_above_and_dependencies=None, packages_above_depth=None, packages_select_by_dep=None, packages_skip_by_dep=None, packages_skip_up_to=None, packages_select_build_failed=False, packages_skip_build_finished=False, packages_select_test_failures=False, packages_skip_test_passed=False, packages_select=None, packages_skip=None, packages_select_regex=None, packages_skip_regex=None, packages_start=None, packages_end=None, cmake_args=None, cmake_target=None, cmake_target_skip_unavailable=False, cmake_clean_cache=False, cmake_clean_first=False, cmake_force_configure=False, ament_cmake_args=None, catkin_cmake_args=None, catkin_skip_building_tests=False, mixin_files=None, mixin=None, verb_parser=<colcon_mixin.mixin.mixin_argument.MixinArgumentDecorator object at 0x7f4adc3fe150>, verb_extension=<colcon_core.verb.build.BuildVerb object at 0x7f4adcf67ad0>, main=<bound method BuildVerb.main of <colcon_core.verb.build.BuildVerb object at 0x7f4adcf67ad0>>, mixin_verb=('build',))
[0.324s] Level 1:colcon.colcon_core.package_discovery:discover_packages(colcon_meta) check parameters
[0.324s] Level 1:colcon.colcon_core.package_discovery:discover_packages(recursive) check parameters
[0.324s] Level 1:colcon.colcon_core.package_discovery:discover_packages(ignore) check parameters
[0.324s] Level 1:colcon.colcon_core.package_discovery:discover_packages(path) check parameters
[0.324s] Level 1:colcon.colcon_core.package_discovery:discover_packages(colcon_meta) discover
[0.325s] Level 1:colcon.colcon_core.package_discovery:discover_packages(recursive) discover
[0.325s] INFO:colcon.colcon_core.package_discovery:Crawling recursively for packages in '/home/r2w0t/dev/RCB/workspaces/controller_ws'
[0.325s] Level 1:colcon.colcon_core.package_identification:_identify(.) by extensions ['ignore', 'ignore_ament_install']
[0.325s] Level 1:colcon.colcon_core.package_identification:_identify(.) by extension 'ignore'
[0.325s] Level 1:colcon.colcon_core.package_identification:_identify(.) by extension 'ignore_ament_install'
[0.325s] Level 1:colcon.colcon_core.package_identification:_identify(.) by extensions ['colcon_pkg']
[0.325s] Level 1:colcon.colcon_core.package_identification:_identify(.) by extension 'colcon_pkg'
[0.325s] Level 1:colcon.colcon_core.package_identification:_identify(.) by extensions ['colcon_meta']
[0.325s] Level 1:colcon.colcon_core.package_identification:_identify(.) by extension 'colcon_meta'
[0.325s] Level 1:colcon.colcon_core.package_identification:_identify(.) by extensions ['ros']
[0.325s] Level 1:colcon.colcon_core.package_identification:_identify(.) by extension 'ros'
[0.367s] Level 1:colcon.colcon_core.package_identification:_identify(.) by extensions ['cmake', 'python']
[0.367s] Level 1:colcon.colcon_core.package_identification:_identify(.) by extension 'cmake'
[0.367s] Level 1:colcon.colcon_core.package_identification:_identify(.) by extension 'python'
[0.367s] Level 1:colcon.colcon_core.package_identification:_identify(.) by extensions ['python_setup_py']
[0.367s] Level 1:colcon.colcon_core.package_identification:_identify(.) by extension 'python_setup_py'
[0.367s] Level 1:colcon.colcon_core.package_identification:_identify(build) by extensions ['ignore', 'ignore_ament_install']
[0.367s] Level 1:colcon.colcon_core.package_identification:_identify(build) by extension 'ignore'
[0.367s] Level 1:colcon.colcon_core.package_identification:_identify(build) ignored
[0.368s] Level 1:colcon.colcon_core.package_identification:_identify(install) by extensions ['ignore', 'ignore_ament_install']
[0.368s] Level 1:colcon.colcon_core.package_identification:_identify(install) by extension 'ignore'
[0.368s] Level 1:colcon.colcon_core.package_identification:_identify(install) ignored
[0.368s] Level 1:colcon.colcon_core.package_identification:_identify(log) by extensions ['ignore', 'ignore_ament_install']
[0.368s] Level 1:colcon.colcon_core.package_identification:_identify(log) by extension 'ignore'
[0.368s] Level 1:colcon.colcon_core.package_identification:_identify(log) ignored
[0.368s] Level 1:colcon.colcon_core.package_identification:_identify(src) by extensions ['ignore', 'ignore_ament_install']
[0.368s] Level 1:colcon.colcon_core.package_identification:_identify(src) by extension 'ignore'
[0.368s] Level 1:colcon.colcon_core.package_identification:_identify(src) by extension 'ignore_ament_install'
[0.368s] Level 1:colcon.colcon_core.package_identification:_identify(src) by extensions ['colcon_pkg']
[0.369s] Level 1:colcon.colcon_core.package_identification:_identify(src) by extension 'colcon_pkg'
[0.369s] Level 1:colcon.colcon_core.package_identification:_identify(src) by extensions ['colcon_meta']
[0.369s] Level 1:colcon.colcon_core.package_identification:_identify(src) by extension 'colcon_meta'
[0.369s] Level 1:colcon.colcon_core.package_identification:_identify(src) by extensions ['ros']
[0.369s] Level 1:colcon.colcon_core.package_identification:_identify(src) by extension 'ros'
[0.369s] Level 1:colcon.colcon_core.package_identification:_identify(src) by extensions ['cmake', 'python']
[0.369s] Level 1:colcon.colcon_core.package_identification:_identify(src) by extension 'cmake'
[0.369s] Level 1:colcon.colcon_core.package_identification:_identify(src) by extension 'python'
[0.369s] Level 1:colcon.colcon_core.package_identification:_identify(src) by extensions ['python_setup_py']
[0.369s] Level 1:colcon.colcon_core.package_identification:_identify(src) by extension 'python_setup_py'
[0.369s] Level 1:colcon.colcon_core.package_identification:_identify(src/camera) by extensions ['ignore', 'ignore_ament_install']
[0.369s] Level 1:colcon.colcon_core.package_identification:_identify(src/camera) by extension 'ignore'
[0.369s] Level 1:colcon.colcon_core.package_identification:_identify(src/camera) by extension 'ignore_ament_install'
[0.370s] Level 1:colcon.colcon_core.package_identification:_identify(src/camera) by extensions ['colcon_pkg']
[0.370s] Level 1:colcon.colcon_core.package_identification:_identify(src/camera) by extension 'colcon_pkg'
[0.370s] Level 1:colcon.colcon_core.package_identification:_identify(src/camera) by extensions ['colcon_meta']
[0.370s] Level 1:colcon.colcon_core.package_identification:_identify(src/camera) by extension 'colcon_meta'
[0.370s] Level 1:colcon.colcon_core.package_identification:_identify(src/camera) by extensions ['ros']
[0.370s] Level 1:colcon.colcon_core.package_identification:_identify(src/camera) by extension 'ros'
[0.374s] DEBUG:colcon.colcon_core.package_identification:Package 'src/camera' with type 'ros.ament_cmake' and name 'camera'
[0.374s] Level 1:colcon.colcon_core.package_identification:_identify(src/joystick_control) by extensions ['ignore', 'ignore_ament_install']
[0.374s] Level 1:colcon.colcon_core.package_identification:_identify(src/joystick_control) by extension 'ignore'
[0.374s] Level 1:colcon.colcon_core.package_identification:_identify(src/joystick_control) by extension 'ignore_ament_install'
[0.374s] Level 1:colcon.colcon_core.package_identification:_identify(src/joystick_control) by extensions ['colcon_pkg']
[0.374s] Level 1:colcon.colcon_core.package_identification:_identify(src/joystick_control) by extension 'colcon_pkg'
[0.374s] Level 1:colcon.colcon_core.package_identification:_identify(src/joystick_control) by extensions ['colcon_meta']
[0.374s] Level 1:colcon.colcon_core.package_identification:_identify(src/joystick_control) by extension 'colcon_meta'
[0.374s] Level 1:colcon.colcon_core.package_identification:_identify(src/joystick_control) by extensions ['ros']
[0.374s] Level 1:colcon.colcon_core.package_identification:_identify(src/joystick_control) by extension 'ros'
[0.375s] DEBUG:colcon.colcon_core.package_identification:Package 'src/joystick_control' with type 'ros.ament_cmake' and name 'joystick_control'
[0.375s] Level 1:colcon.colcon_core.package_identification:_identify(src/robot_control) by extensions ['ignore', 'ignore_ament_install']
[0.376s] Level 1:colcon.colcon_core.package_identification:_identify(src/robot_control) by extension 'ignore'
[0.376s] Level 1:colcon.colcon_core.package_identification:_identify(src/robot_control) by extension 'ignore_ament_install'
[0.376s] Level 1:colcon.colcon_core.package_identification:_identify(src/robot_control) by extensions ['colcon_pkg']
[0.376s] Level 1:colcon.colcon_core.package_identification:_identify(src/robot_control) by extension 'colcon_pkg'
[0.376s] Level 1:colcon.colcon_core.package_identification:_identify(src/robot_control) by extensions ['colcon_meta']
[0.376s] Level 1:colcon.colcon_core.package_identification:_identify(src/robot_control) by extension 'colcon_meta'
[0.376s] Level 1:colcon.colcon_core.package_identification:_identify(src/robot_control) by extensions ['ros']
[0.376s] Level 1:colcon.colcon_core.package_identification:_identify(src/robot_control) by extension 'ros'
[0.377s] DEBUG:colcon.colcon_core.package_identification:Package 'src/robot_control' with type 'ros.ament_cmake' and name 'robot_control'
[0.377s] Level 1:colcon.colcon_core.package_identification:_identify(src/robot_interfaces) by extensions ['ignore', 'ignore_ament_install']
[0.377s] Level 1:colcon.colcon_core.package_identification:_identify(src/robot_interfaces) by extension 'ignore'
[0.377s] Level 1:colcon.colcon_core.package_identification:_identify(src/robot_interfaces) by extension 'ignore_ament_install'
[0.377s] Level 1:colcon.colcon_core.package_identification:_identify(src/robot_interfaces) by extensions ['colcon_pkg']
[0.378s] Level 1:colcon.colcon_core.package_identification:_identify(src/robot_interfaces) by extension 'colcon_pkg'
[0.378s] Level 1:colcon.colcon_core.package_identification:_identify(src/robot_interfaces) by extensions ['colcon_meta']
[0.378s] Level 1:colcon.colcon_core.package_identification:_identify(src/robot_interfaces) by extension 'colcon_meta'
[0.378s] Level 1:colcon.colcon_core.package_identification:_identify(src/robot_interfaces) by extensions ['ros']
[0.378s] Level 1:colcon.colcon_core.package_identification:_identify(src/robot_interfaces) by extension 'ros'
[0.380s] DEBUG:colcon.colcon_core.package_identification:Package 'src/robot_interfaces' with type 'ros.ament_cmake' and name 'robot_interfaces'
[0.380s] Level 1:colcon.colcon_core.package_discovery:discover_packages(recursive) using defaults
[0.380s] Level 1:colcon.colcon_core.package_discovery:discover_packages(ignore) discover
[0.380s] Level 1:colcon.colcon_core.package_discovery:discover_packages(ignore) using defaults
[0.380s] Level 1:colcon.colcon_core.package_discovery:discover_packages(path) discover
[0.380s] Level 1:colcon.colcon_core.package_discovery:discover_packages(path) using defaults
[0.411s] Level 5:colcon.colcon_core.verb:set package 'camera' build argument 'cmake_args' from command line to 'None'
[0.411s] Level 5:colcon.colcon_core.verb:set package 'camera' build argument 'cmake_target' from command line to 'None'
[0.411s] Level 5:colcon.colcon_core.verb:set package 'camera' build argument 'cmake_target_skip_unavailable' from command line to 'False'
[0.411s] Level 5:colcon.colcon_core.verb:set package 'camera' build argument 'cmake_clean_cache' from command line to 'False'
[0.411s] Level 5:colcon.colcon_core.verb:set package 'camera' build argument 'cmake_clean_first' from command line to 'False'
[0.411s] Level 5:colcon.colcon_core.verb:set package 'camera' build argument 'cmake_force_configure' from command line to 'False'
[0.411s] Level 5:colcon.colcon_core.verb:set package 'camera' build argument 'ament_cmake_args' from command line to 'None'
[0.411s] Level 5:colcon.colcon_core.verb:set package 'camera' build argument 'catkin_cmake_args' from command line to 'None'
[0.411s] Level 5:colcon.colcon_core.verb:set package 'camera' build argument 'catkin_skip_building_tests' from command line to 'False'
[0.411s] DEBUG:colcon.colcon_core.verb:Building package 'camera' with the following arguments: {'ament_cmake_args': None, 'build_base': '/home/r2w0t/dev/RCB/workspaces/controller_ws/build/camera', 'catkin_cmake_args': None, 'catkin_skip_building_tests': False, 'cmake_args': None, 'cmake_clean_cache': False, 'cmake_clean_first': False, 'cmake_force_configure': False, 'cmake_target': None, 'cmake_target_skip_unavailable': False, 'install_base': '/home/r2w0t/dev/RCB/workspaces/controller_ws/install/camera', 'merge_install': False, 'path': '/home/r2w0t/dev/RCB/workspaces/controller_ws/src/camera', 'symlink_install': False, 'test_result_base': None}
[0.412s] Level 5:colcon.colcon_core.verb:set package 'joystick_control' build argument 'cmake_args' from command line to 'None'
[0.412s] Level 5:colcon.colcon_core.verb:set package 'joystick_control' build argument 'cmake_target' from command line to 'None'
[0.412s] Level 5:colcon.colcon_core.verb:set package 'joystick_control' build argument 'cmake_target_skip_unavailable' from command line to 'False'
[0.412s] Level 5:colcon.colcon_core.verb:set package 'joystick_control' build argument 'cmake_clean_cache' from command line to 'False'
[0.412s] Level 5:colcon.colcon_core.verb:set package 'joystick_control' build argument 'cmake_clean_first' from command line to 'False'
[0.412s] Level 5:colcon.colcon_core.verb:set package 'joystick_control' build argument 'cmake_force_configure' from command line to 'False'
[0.412s] Level 5:colcon.colcon_core.verb:set package 'joystick_control' build argument 'ament_cmake_args' from command line to 'None'
[0.412s] Level 5:colcon.colcon_core.verb:set package 'joystick_control' build argument 'catkin_cmake_args' from command line to 'None'
[0.412s] Level 5:colcon.colcon_core.verb:set package 'joystick_control' build argument 'catkin_skip_building_tests' from command line to 'False'
[0.412s] DEBUG:colcon.colcon_core.verb:Building package 'joystick_control' with the following arguments: {'ament_cmake_args': None, 'build_base': '/home/r2w0t/dev/RCB/workspaces/controller_ws/build/joystick_control', 'catkin_cmake_args': None, 'catkin_skip_building_tests': False, 'cmake_args': None, 'cmake_clean_cache': False, 'cmake_clean_first': False, 'cmake_force_configure': False, 'cmake_target': None, 'cmake_target_skip_unavailable': False, 'install_base': '/home/r2w0t/dev/RCB/workspaces/controller_ws/install/joystick_control', 'merge_install': False, 'path': '/home/r2w0t/dev/RCB/workspaces/controller_ws/src/joystick_control', 'symlink_install': False, 'test_result_base': None}
[0.413s] Level 5:colcon.colcon_core.verb:set package 'robot_control' build argument 'cmake_args' from command line to 'None'
[0.413s] Level 5:colcon.colcon_core.verb:set package 'robot_control' build argument 'cmake_target' from command line to 'None'
[0.413s] Level 5:colcon.colcon_core.verb:set package 'robot_control' build argument 'cmake_target_skip_unavailable' from command line to 'False'
[0.413s] Level 5:colcon.colcon_core.verb:set package 'robot_control' build argument 'cmake_clean_cache' from command line to 'False'
[0.413s] Level 5:colcon.colcon_core.verb:set package 'robot_control' build argument 'cmake_clean_first' from command line to 'False'
[0.413s] Level 5:colcon.colcon_core.verb:set package 'robot_control' build argument 'cmake_force_configure' from command line to 'False'
[0.413s] Level 5:colcon.colcon_core.verb:set package 'robot_control' build argument 'ament_cmake_args' from command line to 'None'
[0.413s] Level 5:colcon.colcon_core.verb:set package 'robot_control' build argument 'catkin_cmake_args' from command line to 'None'
[0.413s] Level 5:colcon.colcon_core.verb:set package 'robot_control' build argument 'catkin_skip_building_tests' from command line to 'False'
[0.413s] DEBUG:colcon.colcon_core.verb:Building package 'robot_control' with the following arguments: {'ament_cmake_args': None, 'build_base': '/home/r2w0t/dev/RCB/workspaces/controller_ws/build/robot_control', 'catkin_cmake_args': None, 'catkin_skip_building_tests': False, 'cmake_args': None, 'cmake_clean_cache': False, 'cmake_clean_first': False, 'cmake_force_configure': False, 'cmake_target': None, 'cmake_target_skip_unavailable': False, 'install_base': '/home/r2w0t/dev/RCB/workspaces/controller_ws/install/robot_control', 'merge_install': False, 'path': '/home/r2w0t/dev/RCB/workspaces/controller_ws/src/robot_control', 'symlink_install': False, 'test_result_base': None}
[0.413s] Level 5:colcon.colcon_core.verb:set package 'robot_interfaces' build argument 'cmake_args' from command line to 'None'
[0.413s] Level 5:colcon.colcon_core.verb:set package 'robot_interfaces' build argument 'cmake_target' from command line to 'None'
[0.413s] Level 5:colcon.colcon_core.verb:set package 'robot_interfaces' build argument 'cmake_target_skip_unavailable' from command line to 'False'
[0.413s] Level 5:colcon.colcon_core.verb:set package 'robot_interfaces' build argument 'cmake_clean_cache' from command line to 'False'
[0.413s] Level 5:colcon.colcon_core.verb:set package 'robot_interfaces' build argument 'cmake_clean_first' from command line to 'False'
[0.413s] Level 5:colcon.colcon_core.verb:set package 'robot_interfaces' build argument 'cmake_force_configure' from command line to 'False'
[0.413s] Level 5:colcon.colcon_core.verb:set package 'robot_interfaces' build argument 'ament_cmake_args' from command line to 'None'
[0.413s] Level 5:colcon.colcon_core.verb:set package 'robot_interfaces' build argument 'catkin_cmake_args' from command line to 'None'
[0.414s] Level 5:colcon.colcon_core.verb:set package 'robot_interfaces' build argument 'catkin_skip_building_tests' from command line to 'False'
[0.414s] DEBUG:colcon.colcon_core.verb:Building package 'robot_interfaces' with the following arguments: {'ament_cmake_args': None, 'build_base': '/home/r2w0t/dev/RCB/workspaces/controller_ws/build/robot_interfaces', 'catkin_cmake_args': None, 'catkin_skip_building_tests': False, 'cmake_args': None, 'cmake_clean_cache': False, 'cmake_clean_first': False, 'cmake_force_configure': False, 'cmake_target': None, 'cmake_target_skip_unavailable': False, 'install_base': '/home/r2w0t/dev/RCB/workspaces/controller_ws/install/robot_interfaces', 'merge_install': False, 'path': '/home/r2w0t/dev/RCB/workspaces/controller_ws/src/robot_interfaces', 'symlink_install': False, 'test_result_base': None}
[0.414s] INFO:colcon.colcon_core.executor:Executing jobs using 'parallel' executor
[0.415s] DEBUG:colcon.colcon_parallel_executor.executor.parallel:run_until_complete
[0.416s] INFO:colcon.colcon_ros.task.ament_cmake.build:Building ROS package in '/home/r2w0t/dev/RCB/workspaces/controller_ws/src/camera' with build type 'ament_cmake'
[0.416s] INFO:colcon.colcon_cmake.task.cmake.build:Building CMake package in '/home/r2w0t/dev/RCB/workspaces/controller_ws/src/camera'
[0.420s] INFO:colcon.colcon_core.plugin_system:Skipping extension 'colcon_core.shell.bat': Not used on non-Windows systems
[0.421s] DEBUG:colcon.colcon_core.shell:Skip shell extension 'dsv' for command environment
[0.423s] WARNING:colcon.colcon_ros.prefix_path.ament:The path '/nix/store/vhz65fc3cs10c5sxbwh7c5iz2pwzyx4b-ros-env' in the environment variable AMENT_PREFIX_PATH doesn't contain any 'local_setup.*' files.
[0.426s] INFO:colcon.colcon_ros.task.ament_cmake.build:Building ROS package in '/home/r2w0t/dev/RCB/workspaces/controller_ws/src/joystick_control' with build type 'ament_cmake'
[0.426s] INFO:colcon.colcon_cmake.task.cmake.build:Building CMake package in '/home/r2w0t/dev/RCB/workspaces/controller_ws/src/joystick_control'
[0.427s] DEBUG:colcon.colcon_core.shell:Skip shell extension 'dsv' for command environment
[0.430s] INFO:colcon.colcon_ros.task.ament_cmake.build:Building ROS package in '/home/r2w0t/dev/RCB/workspaces/controller_ws/src/robot_control' with build type 'ament_cmake'
[0.430s] INFO:colcon.colcon_cmake.task.cmake.build:Building CMake package in '/home/r2w0t/dev/RCB/workspaces/controller_ws/src/robot_control'
[0.430s] DEBUG:colcon.colcon_core.shell:Skip shell extension 'dsv' for command environment
[0.435s] INFO:colcon.colcon_ros.task.ament_cmake.build:Building ROS package in '/home/r2w0t/dev/RCB/workspaces/controller_ws/src/robot_interfaces' with build type 'ament_cmake'
[0.435s] INFO:colcon.colcon_cmake.task.cmake.build:Building CMake package in '/home/r2w0t/dev/RCB/workspaces/controller_ws/src/robot_interfaces'
[0.435s] DEBUG:colcon.colcon_core.shell:Skip shell extension 'dsv' for command environment
[0.447s] DEBUG:colcon.colcon_core.event_handler.log_command:Invoking command in '/home/r2w0t/dev/RCB/workspaces/controller_ws/build/camera': CMAKE_PREFIX_PATH=${CMAKE_PREFIX_PATH}:/nix/store/vhz65fc3cs10c5sxbwh7c5iz2pwzyx4b-ros-env _=/nix/store/yh6qg1nsi5h2xblcr67030pz58fsaxx3-coreutils-9.6/bin/env buildPhase={ echo "------------------------------------------------------------";
  echo " WARNING: the existence of this path is not guaranteed.";
  echo " It is an internal implementation detail for pkgs.mkShell.";
  echo "------------------------------------------------------------";
  echo;
  # Record all build inputs as runtime dependencies
  export;
} >> "$out" shellHook=# Setup ROS 2 shell completion. Doing it in direnv is useless.
if [[ ! $DIRENV_IN_ENVRC ]]; then
    eval "$(/nix/store/dds9yi6lc5zh41n5k4qnijq4xjk7069v-python3.12-argcomplete-3.5.3/bin/register-python-argcomplete ros2)"
    eval "$(/nix/store/dds9yi6lc5zh41n5k4qnijq4xjk7069v-python3.12-argcomplete-3.5.3/bin/register-python-argcomplete colcon)"
fi /nix/store/8jljd7zhwwcpqmfj3cz18nbr9x4dilf1-python3.12-cmake-3.31.5/bin/cmake --build /home/r2w0t/dev/RCB/workspaces/controller_ws/build/camera -- -j4 -l4
[0.457s] DEBUG:colcon.colcon_core.event_handler.log_command:Invoking command in '/home/r2w0t/dev/RCB/workspaces/controller_ws/build/joystick_control': CMAKE_PREFIX_PATH=${CMAKE_PREFIX_PATH}:/nix/store/vhz65fc3cs10c5sxbwh7c5iz2pwzyx4b-ros-env _=/nix/store/yh6qg1nsi5h2xblcr67030pz58fsaxx3-coreutils-9.6/bin/env buildPhase={ echo "------------------------------------------------------------";
  echo " WARNING: the existence of this path is not guaranteed.";
  echo " It is an internal implementation detail for pkgs.mkShell.";
  echo "------------------------------------------------------------";
  echo;
  # Record all build inputs as runtime dependencies
  export;
} >> "$out" shellHook=# Setup ROS 2 shell completion. Doing it in direnv is useless.
if [[ ! $DIRENV_IN_ENVRC ]]; then
    eval "$(/nix/store/dds9yi6lc5zh41n5k4qnijq4xjk7069v-python3.12-argcomplete-3.5.3/bin/register-python-argcomplete ros2)"
    eval "$(/nix/store/dds9yi6lc5zh41n5k4qnijq4xjk7069v-python3.12-argcomplete-3.5.3/bin/register-python-argcomplete colcon)"
fi /nix/store/8jljd7zhwwcpqmfj3cz18nbr9x4dilf1-python3.12-cmake-3.31.5/bin/cmake --build /home/r2w0t/dev/RCB/workspaces/controller_ws/build/joystick_control -- -j4 -l4
[0.466s] DEBUG:colcon.colcon_core.event_handler.log_command:Invoking command in '/home/r2w0t/dev/RCB/workspaces/controller_ws/build/robot_control': CMAKE_PREFIX_PATH=${CMAKE_PREFIX_PATH}:/nix/store/vhz65fc3cs10c5sxbwh7c5iz2pwzyx4b-ros-env _=/nix/store/yh6qg1nsi5h2xblcr67030pz58fsaxx3-coreutils-9.6/bin/env buildPhase={ echo "------------------------------------------------------------";
  echo " WARNING: the existence of this path is not guaranteed.";
  echo " It is an internal implementation detail for pkgs.mkShell.";
  echo "------------------------------------------------------------";
  echo;
  # Record all build inputs as runtime dependencies
  export;
} >> "$out" shellHook=# Setup ROS 2 shell completion. Doing it in direnv is useless.
if [[ ! $DIRENV_IN_ENVRC ]]; then
    eval "$(/nix/store/dds9yi6lc5zh41n5k4qnijq4xjk7069v-python3.12-argcomplete-3.5.3/bin/register-python-argcomplete ros2)"
    eval "$(/nix/store/dds9yi6lc5zh41n5k4qnijq4xjk7069v-python3.12-argcomplete-3.5.3/bin/register-python-argcomplete colcon)"
fi /nix/store/8jljd7zhwwcpqmfj3cz18nbr9x4dilf1-python3.12-cmake-3.31.5/bin/cmake --build /home/r2w0t/dev/RCB/workspaces/controller_ws/build/robot_control -- -j4 -l4
[0.473s] DEBUG:colcon.colcon_core.event_handler.log_command:Invoking command in '/home/r2w0t/dev/RCB/workspaces/controller_ws/build/robot_interfaces': CMAKE_PREFIX_PATH=${CMAKE_PREFIX_PATH}:/nix/store/vhz65fc3cs10c5sxbwh7c5iz2pwzyx4b-ros-env _=/nix/store/yh6qg1nsi5h2xblcr67030pz58fsaxx3-coreutils-9.6/bin/env buildPhase={ echo "------------------------------------------------------------";
  echo " WARNING: the existence of this path is not guaranteed.";
  echo " It is an internal implementation detail for pkgs.mkShell.";
  echo "------------------------------------------------------------";
  echo;
  # Record all build inputs as runtime dependencies
  export;
} >> "$out" shellHook=# Setup ROS 2 shell completion. Doing it in direnv is useless.
if [[ ! $DIRENV_IN_ENVRC ]]; then
    eval "$(/nix/store/dds9yi6lc5zh41n5k4qnijq4xjk7069v-python3.12-argcomplete-3.5.3/bin/register-python-argcomplete ros2)"
    eval "$(/nix/store/dds9yi6lc5zh41n5k4qnijq4xjk7069v-python3.12-argcomplete-3.5.3/bin/register-python-argcomplete colcon)"
fi /nix/store/8jljd7zhwwcpqmfj3cz18nbr9x4dilf1-python3.12-cmake-3.31.5/bin/cmake --build /home/r2w0t/dev/RCB/workspaces/controller_ws/build/robot_interfaces -- -j4 -l4
[0.746s] DEBUG:colcon.colcon_core.event_handler.log_command:Invoked command in '/home/r2w0t/dev/RCB/workspaces/controller_ws/build/joystick_control' returned '0': CMAKE_PREFIX_PATH=${CMAKE_PREFIX_PATH}:/nix/store/vhz65fc3cs10c5sxbwh7c5iz2pwzyx4b-ros-env _=/nix/store/yh6qg1nsi5h2xblcr67030pz58fsaxx3-coreutils-9.6/bin/env buildPhase={ echo "------------------------------------------------------------";
  echo " WARNING: the existence of this path is not guaranteed.";
  echo " It is an internal implementation detail for pkgs.mkShell.";
  echo "------------------------------------------------------------";
  echo;
  # Record all build inputs as runtime dependencies
  export;
} >> "$out" shellHook=# Setup ROS 2 shell completion. Doing it in direnv is useless.
if [[ ! $DIRENV_IN_ENVRC ]]; then
    eval "$(/nix/store/dds9yi6lc5zh41n5k4qnijq4xjk7069v-python3.12-argcomplete-3.5.3/bin/register-python-argcomplete ros2)"
    eval "$(/nix/store/dds9yi6lc5zh41n5k4qnijq4xjk7069v-python3.12-argcomplete-3.5.3/bin/register-python-argcomplete colcon)"
fi /nix/store/8jljd7zhwwcpqmfj3cz18nbr9x4dilf1-python3.12-cmake-3.31.5/bin/cmake --build /home/r2w0t/dev/RCB/workspaces/controller_ws/build/joystick_control -- -j4 -l4
[0.877s] DEBUG:colcon.colcon_core.event_handler.log_command:Invoking command in '/home/r2w0t/dev/RCB/workspaces/controller_ws/build/joystick_control': CMAKE_PREFIX_PATH=${CMAKE_PREFIX_PATH}:/nix/store/vhz65fc3cs10c5sxbwh7c5iz2pwzyx4b-ros-env _=/nix/store/yh6qg1nsi5h2xblcr67030pz58fsaxx3-coreutils-9.6/bin/env buildPhase={ echo "------------------------------------------------------------";
  echo " WARNING: the existence of this path is not guaranteed.";
  echo " It is an internal implementation detail for pkgs.mkShell.";
  echo "------------------------------------------------------------";
  echo;
  # Record all build inputs as runtime dependencies
  export;
} >> "$out" shellHook=# Setup ROS 2 shell completion. Doing it in direnv is useless.
if [[ ! $DIRENV_IN_ENVRC ]]; then
    eval "$(/nix/store/dds9yi6lc5zh41n5k4qnijq4xjk7069v-python3.12-argcomplete-3.5.3/bin/register-python-argcomplete ros2)"
    eval "$(/nix/store/dds9yi6lc5zh41n5k4qnijq4xjk7069v-python3.12-argcomplete-3.5.3/bin/register-python-argcomplete colcon)"
fi /nix/store/8jljd7zhwwcpqmfj3cz18nbr9x4dilf1-python3.12-cmake-3.31.5/bin/cmake --install /home/r2w0t/dev/RCB/workspaces/controller_ws/build/joystick_control
[0.884s] DEBUG:colcon.colcon_core.event_handler.log_command:Invoked command in '/home/r2w0t/dev/RCB/workspaces/controller_ws/build/robot_control' returned '0': CMAKE_PREFIX_PATH=${CMAKE_PREFIX_PATH}:/nix/store/vhz65fc3cs10c5sxbwh7c5iz2pwzyx4b-ros-env _=/nix/store/yh6qg1nsi5h2xblcr67030pz58fsaxx3-coreutils-9.6/bin/env buildPhase={ echo "------------------------------------------------------------";
  echo " WARNING: the existence of this path is not guaranteed.";
  echo " It is an internal implementation detail for pkgs.mkShell.";
  echo "------------------------------------------------------------";
  echo;
  # Record all build inputs as runtime dependencies
  export;
} >> "$out" shellHook=# Setup ROS 2 shell completion. Doing it in direnv is useless.
if [[ ! $DIRENV_IN_ENVRC ]]; then
    eval "$(/nix/store/dds9yi6lc5zh41n5k4qnijq4xjk7069v-python3.12-argcomplete-3.5.3/bin/register-python-argcomplete ros2)"
    eval "$(/nix/store/dds9yi6lc5zh41n5k4qnijq4xjk7069v-python3.12-argcomplete-3.5.3/bin/register-python-argcomplete colcon)"
fi /nix/store/8jljd7zhwwcpqmfj3cz18nbr9x4dilf1-python3.12-cmake-3.31.5/bin/cmake --build /home/r2w0t/dev/RCB/workspaces/controller_ws/build/robot_control -- -j4 -l4
[0.888s] DEBUG:colcon.colcon_core.event_handler.log_command:Invoking command in '/home/r2w0t/dev/RCB/workspaces/controller_ws/build/robot_control': CMAKE_PREFIX_PATH=${CMAKE_PREFIX_PATH}:/nix/store/vhz65fc3cs10c5sxbwh7c5iz2pwzyx4b-ros-env _=/nix/store/yh6qg1nsi5h2xblcr67030pz58fsaxx3-coreutils-9.6/bin/env buildPhase={ echo "------------------------------------------------------------";
  echo " WARNING: the existence of this path is not guaranteed.";
  echo " It is an internal implementation detail for pkgs.mkShell.";
  echo "------------------------------------------------------------";
  echo;
  # Record all build inputs as runtime dependencies
  export;
} >> "$out" shellHook=# Setup ROS 2 shell completion. Doing it in direnv is useless.
if [[ ! $DIRENV_IN_ENVRC ]]; then
    eval "$(/nix/store/dds9yi6lc5zh41n5k4qnijq4xjk7069v-python3.12-argcomplete-3.5.3/bin/register-python-argcomplete ros2)"
    eval "$(/nix/store/dds9yi6lc5zh41n5k4qnijq4xjk7069v-python3.12-argcomplete-3.5.3/bin/register-python-argcomplete colcon)"
fi /nix/store/8jljd7zhwwcpqmfj3cz18nbr9x4dilf1-python3.12-cmake-3.31.5/bin/cmake --install /home/r2w0t/dev/RCB/workspaces/controller_ws/build/robot_control
[1.034s] Level 1:colcon.colcon_core.environment:create_environment_scripts_only(joystick_control)
[1.038s] DEBUG:colcon.colcon_core.event_handler.log_command:Invoked command in '/home/r2w0t/dev/RCB/workspaces/controller_ws/build/joystick_control' returned '0': CMAKE_PREFIX_PATH=${CMAKE_PREFIX_PATH}:/nix/store/vhz65fc3cs10c5sxbwh7c5iz2pwzyx4b-ros-env _=/nix/store/yh6qg1nsi5h2xblcr67030pz58fsaxx3-coreutils-9.6/bin/env buildPhase={ echo "------------------------------------------------------------";
  echo " WARNING: the existence of this path is not guaranteed.";
  echo " It is an internal implementation detail for pkgs.mkShell.";
  echo "------------------------------------------------------------";
  echo;
  # Record all build inputs as runtime dependencies
  export;
} >> "$out" shellHook=# Setup ROS 2 shell completion. Doing it in direnv is useless.
if [[ ! $DIRENV_IN_ENVRC ]]; then
    eval "$(/nix/store/dds9yi6lc5zh41n5k4qnijq4xjk7069v-python3.12-argcomplete-3.5.3/bin/register-python-argcomplete ros2)"
    eval "$(/nix/store/dds9yi6lc5zh41n5k4qnijq4xjk7069v-python3.12-argcomplete-3.5.3/bin/register-python-argcomplete colcon)"
fi /nix/store/8jljd7zhwwcpqmfj3cz18nbr9x4dilf1-python3.12-cmake-3.31.5/bin/cmake --install /home/r2w0t/dev/RCB/workspaces/controller_ws/build/joystick_control
[1.041s] Level 1:colcon.colcon_core.environment:checking '/home/r2w0t/dev/RCB/workspaces/controller_ws/install/joystick_control' for CMake module files
[1.042s] Level 1:colcon.colcon_core.environment:checking '/home/r2w0t/dev/RCB/workspaces/controller_ws/install/joystick_control' for CMake config files
[1.042s] Level 1:colcon.colcon_core.shell:create_environment_hook('joystick_control', 'cmake_prefix_path')
[1.042s] INFO:colcon.colcon_core.shell:Creating environment descriptor '/home/r2w0t/dev/RCB/workspaces/controller_ws/install/joystick_control/share/joystick_control/hook/cmake_prefix_path.dsv'
[1.043s] INFO:colcon.colcon_core.shell:Creating environment hook '/home/r2w0t/dev/RCB/workspaces/controller_ws/install/joystick_control/share/joystick_control/hook/cmake_prefix_path.sh'
[1.045s] Level 1:colcon.colcon_core.environment:checking '/home/r2w0t/dev/RCB/workspaces/controller_ws/install/joystick_control/lib'
[1.045s] Level 1:colcon.colcon_core.environment:checking '/home/r2w0t/dev/RCB/workspaces/controller_ws/install/joystick_control/bin'
[1.045s] Level 1:colcon.colcon_core.environment:checking '/home/r2w0t/dev/RCB/workspaces/controller_ws/install/joystick_control/lib/pkgconfig/joystick_control.pc'
[1.048s] Level 1:colcon.colcon_core.environment:checking '/home/r2w0t/dev/RCB/workspaces/controller_ws/install/joystick_control/lib/python3.12/site-packages'
[1.048s] Level 1:colcon.colcon_core.environment:checking '/home/r2w0t/dev/RCB/workspaces/controller_ws/install/joystick_control/bin'
[1.048s] INFO:colcon.colcon_core.shell:Creating package descriptor '/home/r2w0t/dev/RCB/workspaces/controller_ws/install/joystick_control/share/joystick_control/package.dsv'
[1.049s] INFO:colcon.colcon_core.shell:Creating package script '/home/r2w0t/dev/RCB/workspaces/controller_ws/install/joystick_control/share/joystick_control/package.sh'
[1.050s] INFO:colcon.colcon_core.shell:Creating package script '/home/r2w0t/dev/RCB/workspaces/controller_ws/install/joystick_control/share/joystick_control/package.bash'
[1.052s] INFO:colcon.colcon_core.shell:Creating package script '/home/r2w0t/dev/RCB/workspaces/controller_ws/install/joystick_control/share/joystick_control/package.zsh'
[1.053s] Level 1:colcon.colcon_core.environment:create_file_with_runtime_dependencies(/home/r2w0t/dev/RCB/workspaces/controller_ws/install/joystick_control/share/colcon-core/packages/joystick_control)
[1.053s] Level 1:colcon.colcon_core.environment:create_environment_scripts_only(joystick_control)
[1.054s] Level 1:colcon.colcon_core.environment:checking '/home/r2w0t/dev/RCB/workspaces/controller_ws/install/joystick_control' for CMake module files
[1.055s] Level 1:colcon.colcon_core.environment:checking '/home/r2w0t/dev/RCB/workspaces/controller_ws/install/joystick_control' for CMake config files
[1.055s] Level 1:colcon.colcon_core.shell:create_environment_hook('joystick_control', 'cmake_prefix_path')
[1.055s] INFO:colcon.colcon_core.shell:Creating environment descriptor '/home/r2w0t/dev/RCB/workspaces/controller_ws/install/joystick_control/share/joystick_control/hook/cmake_prefix_path.dsv'
[1.056s] INFO:colcon.colcon_core.shell:Creating environment hook '/home/r2w0t/dev/RCB/workspaces/controller_ws/install/joystick_control/share/joystick_control/hook/cmake_prefix_path.sh'
[1.057s] Level 1:colcon.colcon_core.environment:checking '/home/r2w0t/dev/RCB/workspaces/controller_ws/install/joystick_control/lib'
[1.057s] Level 1:colcon.colcon_core.environment:checking '/home/r2w0t/dev/RCB/workspaces/controller_ws/install/joystick_control/bin'
[1.057s] Level 1:colcon.colcon_core.environment:checking '/home/r2w0t/dev/RCB/workspaces/controller_ws/install/joystick_control/lib/pkgconfig/joystick_control.pc'
[1.057s] Level 1:colcon.colcon_core.environment:checking '/home/r2w0t/dev/RCB/workspaces/controller_ws/install/joystick_control/lib/python3.12/site-packages'
[1.058s] Level 1:colcon.colcon_core.environment:checking '/home/r2w0t/dev/RCB/workspaces/controller_ws/install/joystick_control/bin'
[1.058s] INFO:colcon.colcon_core.shell:Creating package descriptor '/home/r2w0t/dev/RCB/workspaces/controller_ws/install/joystick_control/share/joystick_control/package.dsv'
[1.059s] INFO:colcon.colcon_core.shell:Creating package script '/home/r2w0t/dev/RCB/workspaces/controller_ws/install/joystick_control/share/joystick_control/package.sh'
[1.060s] INFO:colcon.colcon_core.shell:Creating package script '/home/r2w0t/dev/RCB/workspaces/controller_ws/install/joystick_control/share/joystick_control/package.bash'
[1.061s] INFO:colcon.colcon_core.shell:Creating package script '/home/r2w0t/dev/RCB/workspaces/controller_ws/install/joystick_control/share/joystick_control/package.zsh'
[1.061s] Level 1:colcon.colcon_core.environment:create_file_with_runtime_dependencies(/home/r2w0t/dev/RCB/workspaces/controller_ws/install/joystick_control/share/colcon-core/packages/joystick_control)
[1.063s] Level 1:colcon.colcon_core.environment:create_environment_scripts_only(robot_control)
[1.063s] Level 1:colcon.colcon_core.environment:checking '/home/r2w0t/dev/RCB/workspaces/controller_ws/install/robot_control' for CMake module files
[1.065s] DEBUG:colcon.colcon_core.event_handler.log_command:Invoked command in '/home/r2w0t/dev/RCB/workspaces/controller_ws/build/robot_control' returned '0': CMAKE_PREFIX_PATH=${CMAKE_PREFIX_PATH}:/nix/store/vhz65fc3cs10c5sxbwh7c5iz2pwzyx4b-ros-env _=/nix/store/yh6qg1nsi5h2xblcr67030pz58fsaxx3-coreutils-9.6/bin/env buildPhase={ echo "------------------------------------------------------------";
  echo " WARNING: the existence of this path is not guaranteed.";
  echo " It is an internal implementation detail for pkgs.mkShell.";
  echo "------------------------------------------------------------";
  echo;
  # Record all build inputs as runtime dependencies
  export;
} >> "$out" shellHook=# Setup ROS 2 shell completion. Doing it in direnv is useless.
if [[ ! $DIRENV_IN_ENVRC ]]; then
    eval "$(/nix/store/dds9yi6lc5zh41n5k4qnijq4xjk7069v-python3.12-argcomplete-3.5.3/bin/register-python-argcomplete ros2)"
    eval "$(/nix/store/dds9yi6lc5zh41n5k4qnijq4xjk7069v-python3.12-argcomplete-3.5.3/bin/register-python-argcomplete colcon)"
fi /nix/store/8jljd7zhwwcpqmfj3cz18nbr9x4dilf1-python3.12-cmake-3.31.5/bin/cmake --install /home/r2w0t/dev/RCB/workspaces/controller_ws/build/robot_control
[1.066s] Level 1:colcon.colcon_core.environment:checking '/home/r2w0t/dev/RCB/workspaces/controller_ws/install/robot_control' for CMake config files
[1.067s] Level 1:colcon.colcon_core.shell:create_environment_hook('robot_control', 'cmake_prefix_path')
[1.067s] INFO:colcon.colcon_core.shell:Creating environment descriptor '/home/r2w0t/dev/RCB/workspaces/controller_ws/install/robot_control/share/robot_control/hook/cmake_prefix_path.dsv'
[1.068s] INFO:colcon.colcon_core.shell:Creating environment hook '/home/r2w0t/dev/RCB/workspaces/controller_ws/install/robot_control/share/robot_control/hook/cmake_prefix_path.sh'
[1.069s] Level 1:colcon.colcon_core.environment:checking '/home/r2w0t/dev/RCB/workspaces/controller_ws/install/robot_control/lib'
[1.069s] Level 1:colcon.colcon_core.environment:checking '/home/r2w0t/dev/RCB/workspaces/controller_ws/install/robot_control/bin'
[1.069s] Level 1:colcon.colcon_core.environment:checking '/home/r2w0t/dev/RCB/workspaces/controller_ws/install/robot_control/lib/pkgconfig/robot_control.pc'
[1.070s] Level 1:colcon.colcon_core.environment:checking '/home/r2w0t/dev/RCB/workspaces/controller_ws/install/robot_control/lib/python3.12/site-packages'
[1.070s] Level 1:colcon.colcon_core.environment:checking '/home/r2w0t/dev/RCB/workspaces/controller_ws/install/robot_control/bin'
[1.071s] INFO:colcon.colcon_core.shell:Creating package descriptor '/home/r2w0t/dev/RCB/workspaces/controller_ws/install/robot_control/share/robot_control/package.dsv'
[1.071s] INFO:colcon.colcon_core.shell:Creating package script '/home/r2w0t/dev/RCB/workspaces/controller_ws/install/robot_control/share/robot_control/package.sh'
[1.072s] INFO:colcon.colcon_core.shell:Creating package script '/home/r2w0t/dev/RCB/workspaces/controller_ws/install/robot_control/share/robot_control/package.bash'
[1.073s] INFO:colcon.colcon_core.shell:Creating package script '/home/r2w0t/dev/RCB/workspaces/controller_ws/install/robot_control/share/robot_control/package.zsh'
[1.073s] Level 1:colcon.colcon_core.environment:create_file_with_runtime_dependencies(/home/r2w0t/dev/RCB/workspaces/controller_ws/install/robot_control/share/colcon-core/packages/robot_control)
[1.074s] Level 1:colcon.colcon_core.environment:create_environment_scripts_only(robot_control)
[1.074s] Level 1:colcon.colcon_core.environment:checking '/home/r2w0t/dev/RCB/workspaces/controller_ws/install/robot_control' for CMake module files
[1.075s] Level 1:colcon.colcon_core.environment:checking '/home/r2w0t/dev/RCB/workspaces/controller_ws/install/robot_control' for CMake config files
[1.076s] Level 1:colcon.colcon_core.shell:create_environment_hook('robot_control', 'cmake_prefix_path')
[1.076s] INFO:colcon.colcon_core.shell:Creating environment descriptor '/home/r2w0t/dev/RCB/workspaces/controller_ws/install/robot_control/share/robot_control/hook/cmake_prefix_path.dsv'
[1.077s] INFO:colcon.colcon_core.shell:Creating environment hook '/home/r2w0t/dev/RCB/workspaces/controller_ws/install/robot_control/share/robot_control/hook/cmake_prefix_path.sh'
[1.079s] Level 1:colcon.colcon_core.environment:checking '/home/r2w0t/dev/RCB/workspaces/controller_ws/install/robot_control/lib'
[1.079s] Level 1:colcon.colcon_core.environment:checking '/home/r2w0t/dev/RCB/workspaces/controller_ws/install/robot_control/bin'
[1.079s] Level 1:colcon.colcon_core.environment:checking '/home/r2w0t/dev/RCB/workspaces/controller_ws/install/robot_control/lib/pkgconfig/robot_control.pc'
[1.080s] Level 1:colcon.colcon_core.environment:checking '/home/r2w0t/dev/RCB/workspaces/controller_ws/install/robot_control/lib/python3.12/site-packages'
[1.080s] Level 1:colcon.colcon_core.environment:checking '/home/r2w0t/dev/RCB/workspaces/controller_ws/install/robot_control/bin'
[1.080s] INFO:colcon.colcon_core.shell:Creating package descriptor '/home/r2w0t/dev/RCB/workspaces/controller_ws/install/robot_control/share/robot_control/package.dsv'
[1.081s] INFO:colcon.colcon_core.shell:Creating package script '/home/r2w0t/dev/RCB/workspaces/controller_ws/install/robot_control/share/robot_control/package.sh'
[1.082s] INFO:colcon.colcon_core.shell:Creating package script '/home/r2w0t/dev/RCB/workspaces/controller_ws/install/robot_control/share/robot_control/package.bash'
[1.083s] INFO:colcon.colcon_core.shell:Creating package script '/home/r2w0t/dev/RCB/workspaces/controller_ws/install/robot_control/share/robot_control/package.zsh'
[1.084s] Level 1:colcon.colcon_core.environment:create_file_with_runtime_dependencies(/home/r2w0t/dev/RCB/workspaces/controller_ws/install/robot_control/share/colcon-core/packages/robot_control)
[1.832s] DEBUG:colcon.colcon_core.event_handler.log_command:Invoked command in '/home/r2w0t/dev/RCB/workspaces/controller_ws/build/robot_interfaces' returned '0': CMAKE_PREFIX_PATH=${CMAKE_PREFIX_PATH}:/nix/store/vhz65fc3cs10c5sxbwh7c5iz2pwzyx4b-ros-env _=/nix/store/yh6qg1nsi5h2xblcr67030pz58fsaxx3-coreutils-9.6/bin/env buildPhase={ echo "------------------------------------------------------------";
  echo " WARNING: the existence of this path is not guaranteed.";
  echo " It is an internal implementation detail for pkgs.mkShell.";
  echo "------------------------------------------------------------";
  echo;
  # Record all build inputs as runtime dependencies
  export;
} >> "$out" shellHook=# Setup ROS 2 shell completion. Doing it in direnv is useless.
if [[ ! $DIRENV_IN_ENVRC ]]; then
    eval "$(/nix/store/dds9yi6lc5zh41n5k4qnijq4xjk7069v-python3.12-argcomplete-3.5.3/bin/register-python-argcomplete ros2)"
    eval "$(/nix/store/dds9yi6lc5zh41n5k4qnijq4xjk7069v-python3.12-argcomplete-3.5.3/bin/register-python-argcomplete colcon)"
fi /nix/store/8jljd7zhwwcpqmfj3cz18nbr9x4dilf1-python3.12-cmake-3.31.5/bin/cmake --build /home/r2w0t/dev/RCB/workspaces/controller_ws/build/robot_interfaces -- -j4 -l4
[1.835s] DEBUG:colcon.colcon_core.event_handler.log_command:Invoking command in '/home/r2w0t/dev/RCB/workspaces/controller_ws/build/robot_interfaces': CMAKE_PREFIX_PATH=${CMAKE_PREFIX_PATH}:/nix/store/vhz65fc3cs10c5sxbwh7c5iz2pwzyx4b-ros-env _=/nix/store/yh6qg1nsi5h2xblcr67030pz58fsaxx3-coreutils-9.6/bin/env buildPhase={ echo "------------------------------------------------------------";
  echo " WARNING: the existence of this path is not guaranteed.";
  echo " It is an internal implementation detail for pkgs.mkShell.";
  echo "------------------------------------------------------------";
  echo;
  # Record all build inputs as runtime dependencies
  export;
} >> "$out" shellHook=# Setup ROS 2 shell completion. Doing it in direnv is useless.
if [[ ! $DIRENV_IN_ENVRC ]]; then
    eval "$(/nix/store/dds9yi6lc5zh41n5k4qnijq4xjk7069v-python3.12-argcomplete-3.5.3/bin/register-python-argcomplete ros2)"
    eval "$(/nix/store/dds9yi6lc5zh41n5k4qnijq4xjk7069v-python3.12-argcomplete-3.5.3/bin/register-python-argcomplete colcon)"
fi /nix/store/8jljd7zhwwcpqmfj3cz18nbr9x4dilf1-python3.12-cmake-3.31.5/bin/cmake --install /home/r2w0t/dev/RCB/workspaces/controller_ws/build/robot_interfaces
[2.044s] Level 1:colcon.colcon_core.environment:create_environment_scripts_only(robot_interfaces)
[2.045s] Level 1:colcon.colcon_core.environment:checking '/home/r2w0t/dev/RCB/workspaces/controller_ws/install/robot_interfaces' for CMake module files
[2.046s] DEBUG:colcon.colcon_core.event_handler.log_command:Invoked command in '/home/r2w0t/dev/RCB/workspaces/controller_ws/build/robot_interfaces' returned '0': CMAKE_PREFIX_PATH=${CMAKE_PREFIX_PATH}:/nix/store/vhz65fc3cs10c5sxbwh7c5iz2pwzyx4b-ros-env _=/nix/store/yh6qg1nsi5h2xblcr67030pz58fsaxx3-coreutils-9.6/bin/env buildPhase={ echo "------------------------------------------------------------";
  echo " WARNING: the existence of this path is not guaranteed.";
  echo " It is an internal implementation detail for pkgs.mkShell.";
  echo "------------------------------------------------------------";
  echo;
  # Record all build inputs as runtime dependencies
  export;
} >> "$out" shellHook=# Setup ROS 2 shell completion. Doing it in direnv is useless.
if [[ ! $DIRENV_IN_ENVRC ]]; then
    eval "$(/nix/store/dds9yi6lc5zh41n5k4qnijq4xjk7069v-python3.12-argcomplete-3.5.3/bin/register-python-argcomplete ros2)"
    eval "$(/nix/store/dds9yi6lc5zh41n5k4qnijq4xjk7069v-python3.12-argcomplete-3.5.3/bin/register-python-argcomplete colcon)"
fi /nix/store/8jljd7zhwwcpqmfj3cz18nbr9x4dilf1-python3.12-cmake-3.31.5/bin/cmake --install /home/r2w0t/dev/RCB/workspaces/controller_ws/build/robot_interfaces
[2.047s] Level 1:colcon.colcon_core.environment:checking '/home/r2w0t/dev/RCB/workspaces/controller_ws/install/robot_interfaces' for CMake config files
[2.048s] Level 1:colcon.colcon_core.shell:create_environment_hook('robot_interfaces', 'cmake_prefix_path')
[2.048s] INFO:colcon.colcon_core.shell:Creating environment descriptor '/home/r2w0t/dev/RCB/workspaces/controller_ws/install/robot_interfaces/share/robot_interfaces/hook/cmake_prefix_path.dsv'
[2.049s] INFO:colcon.colcon_core.shell:Creating environment hook '/home/r2w0t/dev/RCB/workspaces/controller_ws/install/robot_interfaces/share/robot_interfaces/hook/cmake_prefix_path.sh'
[2.050s] Level 1:colcon.colcon_core.environment:checking '/home/r2w0t/dev/RCB/workspaces/controller_ws/install/robot_interfaces/lib'
[2.050s] Level 1:colcon.colcon_core.shell:create_environment_hook('robot_interfaces', 'ld_library_path_lib')
[2.050s] INFO:colcon.colcon_core.shell:Creating environment descriptor '/home/r2w0t/dev/RCB/workspaces/controller_ws/install/robot_interfaces/share/robot_interfaces/hook/ld_library_path_lib.dsv'
[2.051s] INFO:colcon.colcon_core.shell:Creating environment hook '/home/r2w0t/dev/RCB/workspaces/controller_ws/install/robot_interfaces/share/robot_interfaces/hook/ld_library_path_lib.sh'
[2.051s] Level 1:colcon.colcon_core.environment:checking '/home/r2w0t/dev/RCB/workspaces/controller_ws/install/robot_interfaces/bin'
[2.051s] Level 1:colcon.colcon_core.environment:checking '/home/r2w0t/dev/RCB/workspaces/controller_ws/install/robot_interfaces/lib/pkgconfig/robot_interfaces.pc'
[2.052s] Level 1:colcon.colcon_core.environment:checking '/home/r2w0t/dev/RCB/workspaces/controller_ws/install/robot_interfaces/lib/python3.12/site-packages'
[2.052s] Level 1:colcon.colcon_core.shell:create_environment_hook('robot_interfaces', 'pythonpath')
[2.052s] INFO:colcon.colcon_core.shell:Creating environment descriptor '/home/r2w0t/dev/RCB/workspaces/controller_ws/install/robot_interfaces/share/robot_interfaces/hook/pythonpath.dsv'
[2.053s] INFO:colcon.colcon_core.shell:Creating environment hook '/home/r2w0t/dev/RCB/workspaces/controller_ws/install/robot_interfaces/share/robot_interfaces/hook/pythonpath.sh'
[2.054s] Level 1:colcon.colcon_core.environment:checking '/home/r2w0t/dev/RCB/workspaces/controller_ws/install/robot_interfaces/bin'
[2.054s] INFO:colcon.colcon_core.shell:Creating package descriptor '/home/r2w0t/dev/RCB/workspaces/controller_ws/install/robot_interfaces/share/robot_interfaces/package.dsv'
[2.055s] INFO:colcon.colcon_core.shell:Creating package script '/home/r2w0t/dev/RCB/workspaces/controller_ws/install/robot_interfaces/share/robot_interfaces/package.sh'
[2.056s] INFO:colcon.colcon_core.shell:Creating package script '/home/r2w0t/dev/RCB/workspaces/controller_ws/install/robot_interfaces/share/robot_interfaces/package.bash'
[2.056s] INFO:colcon.colcon_core.shell:Creating package script '/home/r2w0t/dev/RCB/workspaces/controller_ws/install/robot_interfaces/share/robot_interfaces/package.zsh'
[2.057s] Level 1:colcon.colcon_core.environment:create_file_with_runtime_dependencies(/home/r2w0t/dev/RCB/workspaces/controller_ws/install/robot_interfaces/share/colcon-core/packages/robot_interfaces)
[2.058s] Level 1:colcon.colcon_core.environment:create_environment_scripts_only(robot_interfaces)
[2.058s] Level 1:colcon.colcon_core.environment:checking '/home/r2w0t/dev/RCB/workspaces/controller_ws/install/robot_interfaces' for CMake module files
[2.059s] Level 1:colcon.colcon_core.environment:checking '/home/r2w0t/dev/RCB/workspaces/controller_ws/install/robot_interfaces' for CMake config files
[2.060s] Level 1:colcon.colcon_core.shell:create_environment_hook('robot_interfaces', 'cmake_prefix_path')
[2.060s] INFO:colcon.colcon_core.shell:Creating environment descriptor '/home/r2w0t/dev/RCB/workspaces/controller_ws/install/robot_interfaces/share/robot_interfaces/hook/cmake_prefix_path.dsv'
[2.061s] INFO:colcon.colcon_core.shell:Creating environment hook '/home/r2w0t/dev/RCB/workspaces/controller_ws/install/robot_interfaces/share/robot_interfaces/hook/cmake_prefix_path.sh'
[2.062s] Level 1:colcon.colcon_core.environment:checking '/home/r2w0t/dev/RCB/workspaces/controller_ws/install/robot_interfaces/lib'
[2.062s] Level 1:colcon.colcon_core.shell:create_environment_hook('robot_interfaces', 'ld_library_path_lib')
[2.062s] INFO:colcon.colcon_core.shell:Creating environment descriptor '/home/r2w0t/dev/RCB/workspaces/controller_ws/install/robot_interfaces/share/robot_interfaces/hook/ld_library_path_lib.dsv'
[2.063s] INFO:colcon.colcon_core.shell:Creating environment hook '/home/r2w0t/dev/RCB/workspaces/controller_ws/install/robot_interfaces/share/robot_interfaces/hook/ld_library_path_lib.sh'
[2.063s] Level 1:colcon.colcon_core.environment:checking '/home/r2w0t/dev/RCB/workspaces/controller_ws/install/robot_interfaces/bin'
[2.064s] Level 1:colcon.colcon_core.environment:checking '/home/r2w0t/dev/RCB/workspaces/controller_ws/install/robot_interfaces/lib/pkgconfig/robot_interfaces.pc'
[2.064s] Level 1:colcon.colcon_core.environment:checking '/home/r2w0t/dev/RCB/workspaces/controller_ws/install/robot_interfaces/lib/python3.12/site-packages'
[2.064s] Level 1:colcon.colcon_core.shell:create_environment_hook('robot_interfaces', 'pythonpath')
[2.064s] INFO:colcon.colcon_core.shell:Creating environment descriptor '/home/r2w0t/dev/RCB/workspaces/controller_ws/install/robot_interfaces/share/robot_interfaces/hook/pythonpath.dsv'
[2.065s] INFO:colcon.colcon_core.shell:Creating environment hook '/home/r2w0t/dev/RCB/workspaces/controller_ws/install/robot_interfaces/share/robot_interfaces/hook/pythonpath.sh'
[2.066s] Level 1:colcon.colcon_core.environment:checking '/home/r2w0t/dev/RCB/workspaces/controller_ws/install/robot_interfaces/bin'
[2.066s] INFO:colcon.colcon_core.shell:Creating package descriptor '/home/r2w0t/dev/RCB/workspaces/controller_ws/install/robot_interfaces/share/robot_interfaces/package.dsv'
[2.067s] INFO:colcon.colcon_core.shell:Creating package script '/home/r2w0t/dev/RCB/workspaces/controller_ws/install/robot_interfaces/share/robot_interfaces/package.sh'
[2.068s] INFO:colcon.colcon_core.shell:Creating package script '/home/r2w0t/dev/RCB/workspaces/controller_ws/install/robot_interfaces/share/robot_interfaces/package.bash'
[2.069s] INFO:colcon.colcon_core.shell:Creating package script '/home/r2w0t/dev/RCB/workspaces/controller_ws/install/robot_interfaces/share/robot_interfaces/package.zsh'
[2.069s] Level 1:colcon.colcon_core.environment:create_file_with_runtime_dependencies(/home/r2w0t/dev/RCB/workspaces/controller_ws/install/robot_interfaces/share/colcon-core/packages/robot_interfaces)
[9.637s] DEBUG:colcon.colcon_core.event_handler.log_command:Invoked command in '/home/r2w0t/dev/RCB/workspaces/controller_ws/build/camera' returned '0': CMAKE_PREFIX_PATH=${CMAKE_PREFIX_PATH}:/nix/store/vhz65fc3cs10c5sxbwh7c5iz2pwzyx4b-ros-env _=/nix/store/yh6qg1nsi5h2xblcr67030pz58fsaxx3-coreutils-9.6/bin/env buildPhase={ echo "------------------------------------------------------------";
  echo " WARNING: the existence of this path is not guaranteed.";
  echo " It is an internal implementation detail for pkgs.mkShell.";
  echo "------------------------------------------------------------";
  echo;
  # Record all build inputs as runtime dependencies
  export;
} >> "$out" shellHook=# Setup ROS 2 shell completion. Doing it in direnv is useless.
if [[ ! $DIRENV_IN_ENVRC ]]; then
    eval "$(/nix/store/dds9yi6lc5zh41n5k4qnijq4xjk7069v-python3.12-argcomplete-3.5.3/bin/register-python-argcomplete ros2)"
    eval "$(/nix/store/dds9yi6lc5zh41n5k4qnijq4xjk7069v-python3.12-argcomplete-3.5.3/bin/register-python-argcomplete colcon)"
fi /nix/store/8jljd7zhwwcpqmfj3cz18nbr9x4dilf1-python3.12-cmake-3.31.5/bin/cmake --build /home/r2w0t/dev/RCB/workspaces/controller_ws/build/camera -- -j4 -l4
[9.639s] DEBUG:colcon.colcon_core.event_handler.log_command:Invoking command in '/home/r2w0t/dev/RCB/workspaces/controller_ws/build/camera': CMAKE_PREFIX_PATH=${CMAKE_PREFIX_PATH}:/nix/store/vhz65fc3cs10c5sxbwh7c5iz2pwzyx4b-ros-env _=/nix/store/yh6qg1nsi5h2xblcr67030pz58fsaxx3-coreutils-9.6/bin/env buildPhase={ echo "------------------------------------------------------------";
  echo " WARNING: the existence of this path is not guaranteed.";
  echo " It is an internal implementation detail for pkgs.mkShell.";
  echo "------------------------------------------------------------";
  echo;
  # Record all build inputs as runtime dependencies
  export;
} >> "$out" shellHook=# Setup ROS 2 shell completion. Doing it in direnv is useless.
if [[ ! $DIRENV_IN_ENVRC ]]; then
    eval "$(/nix/store/dds9yi6lc5zh41n5k4qnijq4xjk7069v-python3.12-argcomplete-3.5.3/bin/register-python-argcomplete ros2)"
    eval "$(/nix/store/dds9yi6lc5zh41n5k4qnijq4xjk7069v-python3.12-argcomplete-3.5.3/bin/register-python-argcomplete colcon)"
fi /nix/store/8jljd7zhwwcpqmfj3cz18nbr9x4dilf1-python3.12-cmake-3.31.5/bin/cmake --install /home/r2w0t/dev/RCB/workspaces/controller_ws/build/camera
[9.712s] Level 1:colcon.colcon_core.environment:create_environment_scripts_only(camera)
[9.712s] Level 1:colcon.colcon_core.environment:checking '/home/r2w0t/dev/RCB/workspaces/controller_ws/install/camera' for CMake module files
[9.713s] DEBUG:colcon.colcon_core.event_handler.log_command:Invoked command in '/home/r2w0t/dev/RCB/workspaces/controller_ws/build/camera' returned '0': CMAKE_PREFIX_PATH=${CMAKE_PREFIX_PATH}:/nix/store/vhz65fc3cs10c5sxbwh7c5iz2pwzyx4b-ros-env _=/nix/store/yh6qg1nsi5h2xblcr67030pz58fsaxx3-coreutils-9.6/bin/env buildPhase={ echo "------------------------------------------------------------";
  echo " WARNING: the existence of this path is not guaranteed.";
  echo " It is an internal implementation detail for pkgs.mkShell.";
  echo "------------------------------------------------------------";
  echo;
  # Record all build inputs as runtime dependencies
  export;
} >> "$out" shellHook=# Setup ROS 2 shell completion. Doing it in direnv is useless.
if [[ ! $DIRENV_IN_ENVRC ]]; then
    eval "$(/nix/store/dds9yi6lc5zh41n5k4qnijq4xjk7069v-python3.12-argcomplete-3.5.3/bin/register-python-argcomplete ros2)"
    eval "$(/nix/store/dds9yi6lc5zh41n5k4qnijq4xjk7069v-python3.12-argcomplete-3.5.3/bin/register-python-argcomplete colcon)"
fi /nix/store/8jljd7zhwwcpqmfj3cz18nbr9x4dilf1-python3.12-cmake-3.31.5/bin/cmake --install /home/r2w0t/dev/RCB/workspaces/controller_ws/build/camera
[9.714s] Level 1:colcon.colcon_core.environment:checking '/home/r2w0t/dev/RCB/workspaces/controller_ws/install/camera' for CMake config files
[9.715s] Level 1:colcon.colcon_core.shell:create_environment_hook('camera', 'cmake_prefix_path')
[9.715s] INFO:colcon.colcon_core.shell:Creating environment descriptor '/home/r2w0t/dev/RCB/workspaces/controller_ws/install/camera/share/camera/hook/cmake_prefix_path.dsv'
[9.715s] INFO:colcon.colcon_core.shell:Creating environment hook '/home/r2w0t/dev/RCB/workspaces/controller_ws/install/camera/share/camera/hook/cmake_prefix_path.sh'
[9.716s] Level 1:colcon.colcon_core.environment:checking '/home/r2w0t/dev/RCB/workspaces/controller_ws/install/camera/lib'
[9.716s] Level 1:colcon.colcon_core.environment:checking '/home/r2w0t/dev/RCB/workspaces/controller_ws/install/camera/bin'
[9.717s] Level 1:colcon.colcon_core.environment:checking '/home/r2w0t/dev/RCB/workspaces/controller_ws/install/camera/lib/pkgconfig/camera.pc'
[9.717s] Level 1:colcon.colcon_core.environment:checking '/home/r2w0t/dev/RCB/workspaces/controller_ws/install/camera/lib/python3.12/site-packages'
[9.717s] Level 1:colcon.colcon_core.environment:checking '/home/r2w0t/dev/RCB/workspaces/controller_ws/install/camera/bin'
[9.718s] INFO:colcon.colcon_core.shell:Creating package descriptor '/home/r2w0t/dev/RCB/workspaces/controller_ws/install/camera/share/camera/package.dsv'
[9.718s] INFO:colcon.colcon_core.shell:Creating package script '/home/r2w0t/dev/RCB/workspaces/controller_ws/install/camera/share/camera/package.sh'
[9.719s] INFO:colcon.colcon_core.shell:Creating package script '/home/r2w0t/dev/RCB/workspaces/controller_ws/install/camera/share/camera/package.bash'
[9.720s] INFO:colcon.colcon_core.shell:Creating package script '/home/r2w0t/dev/RCB/workspaces/controller_ws/install/camera/share/camera/package.zsh'
[9.720s] Level 1:colcon.colcon_core.environment:create_file_with_runtime_dependencies(/home/r2w0t/dev/RCB/workspaces/controller_ws/install/camera/share/colcon-core/packages/camera)
[9.721s] Level 1:colcon.colcon_core.environment:create_environment_scripts_only(camera)
[9.721s] Level 1:colcon.colcon_core.environment:checking '/home/r2w0t/dev/RCB/workspaces/controller_ws/install/camera' for CMake module files
[9.722s] Level 1:colcon.colcon_core.environment:checking '/home/r2w0t/dev/RCB/workspaces/controller_ws/install/camera' for CMake config files
[9.722s] Level 1:colcon.colcon_core.shell:create_environment_hook('camera', 'cmake_prefix_path')
[9.722s] INFO:colcon.colcon_core.shell:Creating environment descriptor '/home/r2w0t/dev/RCB/workspaces/controller_ws/install/camera/share/camera/hook/cmake_prefix_path.dsv'
[9.723s] INFO:colcon.colcon_core.shell:Creating environment hook '/home/r2w0t/dev/RCB/workspaces/controller_ws/install/camera/share/camera/hook/cmake_prefix_path.sh'
[9.724s] Level 1:colcon.colcon_core.environment:checking '/home/r2w0t/dev/RCB/workspaces/controller_ws/install/camera/lib'
[9.724s] Level 1:colcon.colcon_core.environment:checking '/home/r2w0t/dev/RCB/workspaces/controller_ws/install/camera/bin'
[9.724s] Level 1:colcon.colcon_core.environment:checking '/home/r2w0t/dev/RCB/workspaces/controller_ws/install/camera/lib/pkgconfig/camera.pc'
[9.724s] Level 1:colcon.colcon_core.environment:checking '/home/r2w0t/dev/RCB/workspaces/controller_ws/install/camera/lib/python3.12/site-packages'
[9.725s] Level 1:colcon.colcon_core.environment:checking '/home/r2w0t/dev/RCB/workspaces/controller_ws/install/camera/bin'
[9.725s] INFO:colcon.colcon_core.shell:Creating package descriptor '/home/r2w0t/dev/RCB/workspaces/controller_ws/install/camera/share/camera/package.dsv'
[9.726s] INFO:colcon.colcon_core.shell:Creating package script '/home/r2w0t/dev/RCB/workspaces/controller_ws/install/camera/share/camera/package.sh'
[9.726s] INFO:colcon.colcon_core.shell:Creating package script '/home/r2w0t/dev/RCB/workspaces/controller_ws/install/camera/share/camera/package.bash'
[9.727s] INFO:colcon.colcon_core.shell:Creating package script '/home/r2w0t/dev/RCB/workspaces/controller_ws/install/camera/share/camera/package.zsh'
[9.728s] Level 1:colcon.colcon_core.environment:create_file_with_runtime_dependencies(/home/r2w0t/dev/RCB/workspaces/controller_ws/install/camera/share/colcon-core/packages/camera)
[9.728s] DEBUG:colcon.colcon_parallel_executor.executor.parallel:closing loop
[9.729s] DEBUG:colcon.colcon_parallel_executor.executor.parallel:loop closed
[9.729s] DEBUG:colcon.colcon_parallel_executor.executor.parallel:run_until_complete finished with '0'
[9.729s] DEBUG:colcon.colcon_core.event_reactor:joining thread
[9.739s] INFO:colcon.colcon_core.plugin_system:Skipping extension 'colcon_notification.desktop_notification.terminal_notifier': Not used on non-Darwin systems
[9.740s] INFO:colcon.colcon_core.plugin_system:Skipping extension 'colcon_notification.desktop_notification.win32': Not used on non-Windows systems
[9.740s] INFO:colcon.colcon_notification.desktop_notification:Sending desktop notification using 'notify2'
[9.742s] DEBUG:colcon.colcon_core.event_reactor:joined thread
[9.743s] INFO:colcon.colcon_core.shell:Creating prefix script '/home/r2w0t/dev/RCB/workspaces/controller_ws/install/local_setup.sh'
[9.744s] INFO:colcon.colcon_core.shell:Creating prefix util module '/home/r2w0t/dev/RCB/workspaces/controller_ws/install/_local_setup_util_sh.py'
[9.748s] INFO:colcon.colcon_core.shell:Creating prefix chain script '/home/r2w0t/dev/RCB/workspaces/controller_ws/install/setup.sh'
[9.749s] INFO:colcon.colcon_core.shell:Creating prefix script '/home/r2w0t/dev/RCB/workspaces/controller_ws/install/local_setup.bash'
[9.750s] INFO:colcon.colcon_core.shell:Creating prefix chain script '/home/r2w0t/dev/RCB/workspaces/controller_ws/install/setup.bash'
[9.751s] INFO:colcon.colcon_core.shell:Creating prefix script '/home/r2w0t/dev/RCB/workspaces/controller_ws/install/local_setup.zsh'
[9.752s] INFO:colcon.colcon_core.shell:Creating prefix chain script '/home/r2w0t/dev/RCB/workspaces/controller_ws/install/setup.zsh'
