[0.262s] DEBUG:colcon:Command line arguments: ['/nix/store/rsffwkc8nqixa8qy458rvcw3zrwrqwz6-python3.12-colcon-core-0.19.0/bin/colcon', 'build']
[0.262s] DEBUG:colcon:Parsed command line arguments: Namespace(log_base=None, log_level=None, verb_name='build', build_base='build', install_base='install', merge_install=False, symlink_install=False, test_result_base=None, continue_on_error=False, executor='parallel', parallel_workers=4, event_handlers=None, ignore_user_meta=False, metas=['./colcon.meta'], base_paths=['.'], packages_ignore=None, packages_ignore_regex=None, paths=None, packages_up_to=None, packages_up_to_regex=None, packages_above=None, packages_above_and_dependencies=None, packages_above_depth=None, packages_select_by_dep=None, packages_skip_by_dep=None, packages_skip_up_to=None, packages_select_build_failed=False, packages_skip_build_finished=False, packages_select_test_failures=False, packages_skip_test_passed=False, packages_select=None, packages_skip=None, packages_select_regex=None, packages_skip_regex=None, packages_start=None, packages_end=None, cmake_args=None, cmake_target=None, cmake_target_skip_unavailable=False, cmake_clean_cache=False, cmake_clean_first=False, cmake_force_configure=False, ament_cmake_args=None, catkin_cmake_args=None, catkin_skip_building_tests=False, mixin_files=None, mixin=None, verb_parser=<colcon_mixin.mixin.mixin_argument.MixinArgumentDecorator object at 0x7efdb3816810>, verb_extension=<colcon_core.verb.build.BuildVerb object at 0x7efdb39365d0>, main=<bound method BuildVerb.main of <colcon_core.verb.build.BuildVerb object at 0x7efdb39365d0>>, mixin_verb=('build',))
[0.322s] Level 1:colcon.colcon_core.package_discovery:discover_packages(colcon_meta) check parameters
[0.322s] Level 1:colcon.colcon_core.package_discovery:discover_packages(recursive) check parameters
[0.322s] Level 1:colcon.colcon_core.package_discovery:discover_packages(ignore) check parameters
[0.322s] Level 1:colcon.colcon_core.package_discovery:discover_packages(path) check parameters
[0.322s] Level 1:colcon.colcon_core.package_discovery:discover_packages(colcon_meta) discover
[0.322s] Level 1:colcon.colcon_core.package_discovery:discover_packages(recursive) discover
[0.322s] INFO:colcon.colcon_core.package_discovery:Crawling recursively for packages in '/home/r2w0t/dev/RCB/workspaces/controller_ws'
[0.322s] Level 1:colcon.colcon_core.package_identification:_identify(.) by extensions ['ignore', 'ignore_ament_install']
[0.322s] Level 1:colcon.colcon_core.package_identification:_identify(.) by extension 'ignore'
[0.322s] Level 1:colcon.colcon_core.package_identification:_identify(.) by extension 'ignore_ament_install'
[0.323s] Level 1:colcon.colcon_core.package_identification:_identify(.) by extensions ['colcon_pkg']
[0.323s] Level 1:colcon.colcon_core.package_identification:_identify(.) by extension 'colcon_pkg'
[0.323s] Level 1:colcon.colcon_core.package_identification:_identify(.) by extensions ['colcon_meta']
[0.323s] Level 1:colcon.colcon_core.package_identification:_identify(.) by extension 'colcon_meta'
[0.323s] Level 1:colcon.colcon_core.package_identification:_identify(.) by extensions ['ros']
[0.323s] Level 1:colcon.colcon_core.package_identification:_identify(.) by extension 'ros'
[0.365s] Level 1:colcon.colcon_core.package_identification:_identify(.) by extensions ['cmake', 'python']
[0.365s] Level 1:colcon.colcon_core.package_identification:_identify(.) by extension 'cmake'
[0.365s] Level 1:colcon.colcon_core.package_identification:_identify(.) by extension 'python'
[0.365s] Level 1:colcon.colcon_core.package_identification:_identify(.) by extensions ['python_setup_py']
[0.365s] Level 1:colcon.colcon_core.package_identification:_identify(.) by extension 'python_setup_py'
[0.365s] Level 1:colcon.colcon_core.package_identification:_identify(build) by extensions ['ignore', 'ignore_ament_install']
[0.365s] Level 1:colcon.colcon_core.package_identification:_identify(build) by extension 'ignore'
[0.365s] Level 1:colcon.colcon_core.package_identification:_identify(build) ignored
[0.366s] Level 1:colcon.colcon_core.package_identification:_identify(install) by extensions ['ignore', 'ignore_ament_install']
[0.366s] Level 1:colcon.colcon_core.package_identification:_identify(install) by extension 'ignore'
[0.366s] Level 1:colcon.colcon_core.package_identification:_identify(install) ignored
[0.366s] Level 1:colcon.colcon_core.package_identification:_identify(log) by extensions ['ignore', 'ignore_ament_install']
[0.366s] Level 1:colcon.colcon_core.package_identification:_identify(log) by extension 'ignore'
[0.366s] Level 1:colcon.colcon_core.package_identification:_identify(log) ignored
[0.366s] Level 1:colcon.colcon_core.package_identification:_identify(src) by extensions ['ignore', 'ignore_ament_install']
[0.366s] Level 1:colcon.colcon_core.package_identification:_identify(src) by extension 'ignore'
[0.366s] Level 1:colcon.colcon_core.package_identification:_identify(src) by extension 'ignore_ament_install'
[0.367s] Level 1:colcon.colcon_core.package_identification:_identify(src) by extensions ['colcon_pkg']
[0.367s] Level 1:colcon.colcon_core.package_identification:_identify(src) by extension 'colcon_pkg'
[0.367s] Level 1:colcon.colcon_core.package_identification:_identify(src) by extensions ['colcon_meta']
[0.367s] Level 1:colcon.colcon_core.package_identification:_identify(src) by extension 'colcon_meta'
[0.367s] Level 1:colcon.colcon_core.package_identification:_identify(src) by extensions ['ros']
[0.367s] Level 1:colcon.colcon_core.package_identification:_identify(src) by extension 'ros'
[0.367s] Level 1:colcon.colcon_core.package_identification:_identify(src) by extensions ['cmake', 'python']
[0.367s] Level 1:colcon.colcon_core.package_identification:_identify(src) by extension 'cmake'
[0.367s] Level 1:colcon.colcon_core.package_identification:_identify(src) by extension 'python'
[0.367s] Level 1:colcon.colcon_core.package_identification:_identify(src) by extensions ['python_setup_py']
[0.367s] Level 1:colcon.colcon_core.package_identification:_identify(src) by extension 'python_setup_py'
[0.367s] Level 1:colcon.colcon_core.package_identification:_identify(src/camera) by extensions ['ignore', 'ignore_ament_install']
[0.367s] Level 1:colcon.colcon_core.package_identification:_identify(src/camera) by extension 'ignore'
[0.367s] Level 1:colcon.colcon_core.package_identification:_identify(src/camera) by extension 'ignore_ament_install'
[0.368s] Level 1:colcon.colcon_core.package_identification:_identify(src/camera) by extensions ['colcon_pkg']
[0.368s] Level 1:colcon.colcon_core.package_identification:_identify(src/camera) by extension 'colcon_pkg'
[0.368s] Level 1:colcon.colcon_core.package_identification:_identify(src/camera) by extensions ['colcon_meta']
[0.368s] Level 1:colcon.colcon_core.package_identification:_identify(src/camera) by extension 'colcon_meta'
[0.368s] Level 1:colcon.colcon_core.package_identification:_identify(src/camera) by extensions ['ros']
[0.368s] Level 1:colcon.colcon_core.package_identification:_identify(src/camera) by extension 'ros'
[0.372s] DEBUG:colcon.colcon_core.package_identification:Package 'src/camera' with type 'ros.ament_cmake' and name 'camera'
[0.372s] Level 1:colcon.colcon_core.package_identification:_identify(src/joystick_control) by extensions ['ignore', 'ignore_ament_install']
[0.372s] Level 1:colcon.colcon_core.package_identification:_identify(src/joystick_control) by extension 'ignore'
[0.372s] Level 1:colcon.colcon_core.package_identification:_identify(src/joystick_control) by extension 'ignore_ament_install'
[0.372s] Level 1:colcon.colcon_core.package_identification:_identify(src/joystick_control) by extensions ['colcon_pkg']
[0.372s] Level 1:colcon.colcon_core.package_identification:_identify(src/joystick_control) by extension 'colcon_pkg'
[0.372s] Level 1:colcon.colcon_core.package_identification:_identify(src/joystick_control) by extensions ['colcon_meta']
[0.372s] Level 1:colcon.colcon_core.package_identification:_identify(src/joystick_control) by extension 'colcon_meta'
[0.372s] Level 1:colcon.colcon_core.package_identification:_identify(src/joystick_control) by extensions ['ros']
[0.372s] Level 1:colcon.colcon_core.package_identification:_identify(src/joystick_control) by extension 'ros'
[0.373s] DEBUG:colcon.colcon_core.package_identification:Package 'src/joystick_control' with type 'ros.ament_cmake' and name 'joystick_control'
[0.374s] Level 1:colcon.colcon_core.package_identification:_identify(src/robot_control) by extensions ['ignore', 'ignore_ament_install']
[0.374s] Level 1:colcon.colcon_core.package_identification:_identify(src/robot_control) by extension 'ignore'
[0.374s] Level 1:colcon.colcon_core.package_identification:_identify(src/robot_control) by extension 'ignore_ament_install'
[0.374s] Level 1:colcon.colcon_core.package_identification:_identify(src/robot_control) by extensions ['colcon_pkg']
[0.374s] Level 1:colcon.colcon_core.package_identification:_identify(src/robot_control) by extension 'colcon_pkg'
[0.374s] Level 1:colcon.colcon_core.package_identification:_identify(src/robot_control) by extensions ['colcon_meta']
[0.374s] Level 1:colcon.colcon_core.package_identification:_identify(src/robot_control) by extension 'colcon_meta'
[0.374s] Level 1:colcon.colcon_core.package_identification:_identify(src/robot_control) by extensions ['ros']
[0.374s] Level 1:colcon.colcon_core.package_identification:_identify(src/robot_control) by extension 'ros'
[0.375s] DEBUG:colcon.colcon_core.package_identification:Package 'src/robot_control' with type 'ros.ament_cmake' and name 'robot_control'
[0.375s] Level 1:colcon.colcon_core.package_identification:_identify(src/robot_interfaces) by extensions ['ignore', 'ignore_ament_install']
[0.375s] Level 1:colcon.colcon_core.package_identification:_identify(src/robot_interfaces) by extension 'ignore'
[0.375s] Level 1:colcon.colcon_core.package_identification:_identify(src/robot_interfaces) by extension 'ignore_ament_install'
[0.376s] Level 1:colcon.colcon_core.package_identification:_identify(src/robot_interfaces) by extensions ['colcon_pkg']
[0.376s] Level 1:colcon.colcon_core.package_identification:_identify(src/robot_interfaces) by extension 'colcon_pkg'
[0.376s] Level 1:colcon.colcon_core.package_identification:_identify(src/robot_interfaces) by extensions ['colcon_meta']
[0.376s] Level 1:colcon.colcon_core.package_identification:_identify(src/robot_interfaces) by extension 'colcon_meta'
[0.376s] Level 1:colcon.colcon_core.package_identification:_identify(src/robot_interfaces) by extensions ['ros']
[0.376s] Level 1:colcon.colcon_core.package_identification:_identify(src/robot_interfaces) by extension 'ros'
[0.378s] DEBUG:colcon.colcon_core.package_identification:Package 'src/robot_interfaces' with type 'ros.ament_cmake' and name 'robot_interfaces'
[0.378s] Level 1:colcon.colcon_core.package_discovery:discover_packages(recursive) using defaults
[0.378s] Level 1:colcon.colcon_core.package_discovery:discover_packages(ignore) discover
[0.378s] Level 1:colcon.colcon_core.package_discovery:discover_packages(ignore) using defaults
[0.378s] Level 1:colcon.colcon_core.package_discovery:discover_packages(path) discover
[0.378s] Level 1:colcon.colcon_core.package_discovery:discover_packages(path) using defaults
[0.409s] Level 5:colcon.colcon_core.verb:set package 'camera' build argument 'cmake_args' from command line to 'None'
[0.409s] Level 5:colcon.colcon_core.verb:set package 'camera' build argument 'cmake_target' from command line to 'None'
[0.409s] Level 5:colcon.colcon_core.verb:set package 'camera' build argument 'cmake_target_skip_unavailable' from command line to 'False'
[0.410s] Level 5:colcon.colcon_core.verb:set package 'camera' build argument 'cmake_clean_cache' from command line to 'False'
[0.410s] Level 5:colcon.colcon_core.verb:set package 'camera' build argument 'cmake_clean_first' from command line to 'False'
[0.410s] Level 5:colcon.colcon_core.verb:set package 'camera' build argument 'cmake_force_configure' from command line to 'False'
[0.410s] Level 5:colcon.colcon_core.verb:set package 'camera' build argument 'ament_cmake_args' from command line to 'None'
[0.410s] Level 5:colcon.colcon_core.verb:set package 'camera' build argument 'catkin_cmake_args' from command line to 'None'
[0.410s] Level 5:colcon.colcon_core.verb:set package 'camera' build argument 'catkin_skip_building_tests' from command line to 'False'
[0.410s] DEBUG:colcon.colcon_core.verb:Building package 'camera' with the following arguments: {'ament_cmake_args': None, 'build_base': '/home/r2w0t/dev/RCB/workspaces/controller_ws/build/camera', 'catkin_cmake_args': None, 'catkin_skip_building_tests': False, 'cmake_args': None, 'cmake_clean_cache': False, 'cmake_clean_first': False, 'cmake_force_configure': False, 'cmake_target': None, 'cmake_target_skip_unavailable': False, 'install_base': '/home/r2w0t/dev/RCB/workspaces/controller_ws/install/camera', 'merge_install': False, 'path': '/home/r2w0t/dev/RCB/workspaces/controller_ws/src/camera', 'symlink_install': False, 'test_result_base': None}
[0.410s] Level 5:colcon.colcon_core.verb:set package 'joystick_control' build argument 'cmake_args' from command line to 'None'
[0.410s] Level 5:colcon.colcon_core.verb:set package 'joystick_control' build argument 'cmake_target' from command line to 'None'
[0.410s] Level 5:colcon.colcon_core.verb:set package 'joystick_control' build argument 'cmake_target_skip_unavailable' from command line to 'False'
[0.410s] Level 5:colcon.colcon_core.verb:set package 'joystick_control' build argument 'cmake_clean_cache' from command line to 'False'
[0.410s] Level 5:colcon.colcon_core.verb:set package 'joystick_control' build argument 'cmake_clean_first' from command line to 'False'
[0.410s] Level 5:colcon.colcon_core.verb:set package 'joystick_control' build argument 'cmake_force_configure' from command line to 'False'
[0.410s] Level 5:colcon.colcon_core.verb:set package 'joystick_control' build argument 'ament_cmake_args' from command line to 'None'
[0.411s] Level 5:colcon.colcon_core.verb:set package 'joystick_control' build argument 'catkin_cmake_args' from command line to 'None'
[0.411s] Level 5:colcon.colcon_core.verb:set package 'joystick_control' build argument 'catkin_skip_building_tests' from command line to 'False'
[0.411s] DEBUG:colcon.colcon_core.verb:Building package 'joystick_control' with the following arguments: {'ament_cmake_args': None, 'build_base': '/home/r2w0t/dev/RCB/workspaces/controller_ws/build/joystick_control', 'catkin_cmake_args': None, 'catkin_skip_building_tests': False, 'cmake_args': None, 'cmake_clean_cache': False, 'cmake_clean_first': False, 'cmake_force_configure': False, 'cmake_target': None, 'cmake_target_skip_unavailable': False, 'install_base': '/home/r2w0t/dev/RCB/workspaces/controller_ws/install/joystick_control', 'merge_install': False, 'path': '/home/r2w0t/dev/RCB/workspaces/controller_ws/src/joystick_control', 'symlink_install': False, 'test_result_base': None}
[0.411s] Level 5:colcon.colcon_core.verb:set package 'robot_control' build argument 'cmake_args' from command line to 'None'
[0.411s] Level 5:colcon.colcon_core.verb:set package 'robot_control' build argument 'cmake_target' from command line to 'None'
[0.411s] Level 5:colcon.colcon_core.verb:set package 'robot_control' build argument 'cmake_target_skip_unavailable' from command line to 'False'
[0.411s] Level 5:colcon.colcon_core.verb:set package 'robot_control' build argument 'cmake_clean_cache' from command line to 'False'
[0.411s] Level 5:colcon.colcon_core.verb:set package 'robot_control' build argument 'cmake_clean_first' from command line to 'False'
[0.411s] Level 5:colcon.colcon_core.verb:set package 'robot_control' build argument 'cmake_force_configure' from command line to 'False'
[0.411s] Level 5:colcon.colcon_core.verb:set package 'robot_control' build argument 'ament_cmake_args' from command line to 'None'
[0.411s] Level 5:colcon.colcon_core.verb:set package 'robot_control' build argument 'catkin_cmake_args' from command line to 'None'
[0.411s] Level 5:colcon.colcon_core.verb:set package 'robot_control' build argument 'catkin_skip_building_tests' from command line to 'False'
[0.411s] DEBUG:colcon.colcon_core.verb:Building package 'robot_control' with the following arguments: {'ament_cmake_args': None, 'build_base': '/home/r2w0t/dev/RCB/workspaces/controller_ws/build/robot_control', 'catkin_cmake_args': None, 'catkin_skip_building_tests': False, 'cmake_args': None, 'cmake_clean_cache': False, 'cmake_clean_first': False, 'cmake_force_configure': False, 'cmake_target': None, 'cmake_target_skip_unavailable': False, 'install_base': '/home/r2w0t/dev/RCB/workspaces/controller_ws/install/robot_control', 'merge_install': False, 'path': '/home/r2w0t/dev/RCB/workspaces/controller_ws/src/robot_control', 'symlink_install': False, 'test_result_base': None}
[0.412s] Level 5:colcon.colcon_core.verb:set package 'robot_interfaces' build argument 'cmake_args' from command line to 'None'
[0.412s] Level 5:colcon.colcon_core.verb:set package 'robot_interfaces' build argument 'cmake_target' from command line to 'None'
[0.412s] Level 5:colcon.colcon_core.verb:set package 'robot_interfaces' build argument 'cmake_target_skip_unavailable' from command line to 'False'
[0.412s] Level 5:colcon.colcon_core.verb:set package 'robot_interfaces' build argument 'cmake_clean_cache' from command line to 'False'
[0.412s] Level 5:colcon.colcon_core.verb:set package 'robot_interfaces' build argument 'cmake_clean_first' from command line to 'False'
[0.412s] Level 5:colcon.colcon_core.verb:set package 'robot_interfaces' build argument 'cmake_force_configure' from command line to 'False'
[0.412s] Level 5:colcon.colcon_core.verb:set package 'robot_interfaces' build argument 'ament_cmake_args' from command line to 'None'
[0.412s] Level 5:colcon.colcon_core.verb:set package 'robot_interfaces' build argument 'catkin_cmake_args' from command line to 'None'
[0.412s] Level 5:colcon.colcon_core.verb:set package 'robot_interfaces' build argument 'catkin_skip_building_tests' from command line to 'False'
[0.412s] DEBUG:colcon.colcon_core.verb:Building package 'robot_interfaces' with the following arguments: {'ament_cmake_args': None, 'build_base': '/home/r2w0t/dev/RCB/workspaces/controller_ws/build/robot_interfaces', 'catkin_cmake_args': None, 'catkin_skip_building_tests': False, 'cmake_args': None, 'cmake_clean_cache': False, 'cmake_clean_first': False, 'cmake_force_configure': False, 'cmake_target': None, 'cmake_target_skip_unavailable': False, 'install_base': '/home/r2w0t/dev/RCB/workspaces/controller_ws/install/robot_interfaces', 'merge_install': False, 'path': '/home/r2w0t/dev/RCB/workspaces/controller_ws/src/robot_interfaces', 'symlink_install': False, 'test_result_base': None}
[0.412s] INFO:colcon.colcon_core.executor:Executing jobs using 'parallel' executor
[0.413s] DEBUG:colcon.colcon_parallel_executor.executor.parallel:run_until_complete
[0.414s] INFO:colcon.colcon_ros.task.ament_cmake.build:Building ROS package in '/home/r2w0t/dev/RCB/workspaces/controller_ws/src/camera' with build type 'ament_cmake'
[0.414s] INFO:colcon.colcon_cmake.task.cmake.build:Building CMake package in '/home/r2w0t/dev/RCB/workspaces/controller_ws/src/camera'
[0.419s] INFO:colcon.colcon_core.plugin_system:Skipping extension 'colcon_core.shell.bat': Not used on non-Windows systems
[0.419s] DEBUG:colcon.colcon_core.shell:Skip shell extension 'dsv' for command environment
[0.421s] WARNING:colcon.colcon_ros.prefix_path.ament:The path '/nix/store/vhz65fc3cs10c5sxbwh7c5iz2pwzyx4b-ros-env' in the environment variable AMENT_PREFIX_PATH doesn't contain any 'local_setup.*' files.
[0.424s] INFO:colcon.colcon_ros.task.ament_cmake.build:Building ROS package in '/home/r2w0t/dev/RCB/workspaces/controller_ws/src/joystick_control' with build type 'ament_cmake'
[0.424s] INFO:colcon.colcon_cmake.task.cmake.build:Building CMake package in '/home/r2w0t/dev/RCB/workspaces/controller_ws/src/joystick_control'
[0.424s] DEBUG:colcon.colcon_core.shell:Skip shell extension 'dsv' for command environment
[0.427s] INFO:colcon.colcon_ros.task.ament_cmake.build:Building ROS package in '/home/r2w0t/dev/RCB/workspaces/controller_ws/src/robot_control' with build type 'ament_cmake'
[0.427s] INFO:colcon.colcon_cmake.task.cmake.build:Building CMake package in '/home/r2w0t/dev/RCB/workspaces/controller_ws/src/robot_control'
[0.428s] DEBUG:colcon.colcon_core.shell:Skip shell extension 'dsv' for command environment
[0.431s] INFO:colcon.colcon_ros.task.ament_cmake.build:Building ROS package in '/home/r2w0t/dev/RCB/workspaces/controller_ws/src/robot_interfaces' with build type 'ament_cmake'
[0.432s] INFO:colcon.colcon_cmake.task.cmake.build:Building CMake package in '/home/r2w0t/dev/RCB/workspaces/controller_ws/src/robot_interfaces'
[0.432s] DEBUG:colcon.colcon_core.shell:Skip shell extension 'dsv' for command environment
[0.444s] DEBUG:colcon.colcon_core.event_handler.log_command:Invoking command in '/home/r2w0t/dev/RCB/workspaces/controller_ws/build/camera': CMAKE_PREFIX_PATH=${CMAKE_PREFIX_PATH}:/nix/store/vhz65fc3cs10c5sxbwh7c5iz2pwzyx4b-ros-env _=/nix/store/yh6qg1nsi5h2xblcr67030pz58fsaxx3-coreutils-9.6/bin/env buildPhase={ echo "------------------------------------------------------------";
  echo " WARNING: the existence of this path is not guaranteed.";
  echo " It is an internal implementation detail for pkgs.mkShell.";
  echo "------------------------------------------------------------";
  echo;
  # Record all build inputs as runtime dependencies
  export;
} >> "$out" shellHook=# Setup ROS 2 shell completion. Doing it in direnv is useless.
if [[ ! $DIRENV_IN_ENVRC ]]; then
    eval "$(/nix/store/dds9yi6lc5zh41n5k4qnijq4xjk7069v-python3.12-argcomplete-3.5.3/bin/register-python-argcomplete ros2)"
    eval "$(/nix/store/dds9yi6lc5zh41n5k4qnijq4xjk7069v-python3.12-argcomplete-3.5.3/bin/register-python-argcomplete colcon)"
fi /nix/store/8jljd7zhwwcpqmfj3cz18nbr9x4dilf1-python3.12-cmake-3.31.5/bin/cmake --build /home/r2w0t/dev/RCB/workspaces/controller_ws/build/camera -- -j4 -l4
[0.454s] DEBUG:colcon.colcon_core.event_handler.log_command:Invoking command in '/home/r2w0t/dev/RCB/workspaces/controller_ws/build/joystick_control': CMAKE_PREFIX_PATH=${CMAKE_PREFIX_PATH}:/nix/store/vhz65fc3cs10c5sxbwh7c5iz2pwzyx4b-ros-env _=/nix/store/yh6qg1nsi5h2xblcr67030pz58fsaxx3-coreutils-9.6/bin/env buildPhase={ echo "------------------------------------------------------------";
  echo " WARNING: the existence of this path is not guaranteed.";
  echo " It is an internal implementation detail for pkgs.mkShell.";
  echo "------------------------------------------------------------";
  echo;
  # Record all build inputs as runtime dependencies
  export;
} >> "$out" shellHook=# Setup ROS 2 shell completion. Doing it in direnv is useless.
if [[ ! $DIRENV_IN_ENVRC ]]; then
    eval "$(/nix/store/dds9yi6lc5zh41n5k4qnijq4xjk7069v-python3.12-argcomplete-3.5.3/bin/register-python-argcomplete ros2)"
    eval "$(/nix/store/dds9yi6lc5zh41n5k4qnijq4xjk7069v-python3.12-argcomplete-3.5.3/bin/register-python-argcomplete colcon)"
fi /nix/store/8jljd7zhwwcpqmfj3cz18nbr9x4dilf1-python3.12-cmake-3.31.5/bin/cmake --build /home/r2w0t/dev/RCB/workspaces/controller_ws/build/joystick_control -- -j4 -l4
[0.463s] DEBUG:colcon.colcon_core.event_handler.log_command:Invoking command in '/home/r2w0t/dev/RCB/workspaces/controller_ws/build/robot_control': CMAKE_PREFIX_PATH=${CMAKE_PREFIX_PATH}:/nix/store/vhz65fc3cs10c5sxbwh7c5iz2pwzyx4b-ros-env _=/nix/store/yh6qg1nsi5h2xblcr67030pz58fsaxx3-coreutils-9.6/bin/env buildPhase={ echo "------------------------------------------------------------";
  echo " WARNING: the existence of this path is not guaranteed.";
  echo " It is an internal implementation detail for pkgs.mkShell.";
  echo "------------------------------------------------------------";
  echo;
  # Record all build inputs as runtime dependencies
  export;
} >> "$out" shellHook=# Setup ROS 2 shell completion. Doing it in direnv is useless.
if [[ ! $DIRENV_IN_ENVRC ]]; then
    eval "$(/nix/store/dds9yi6lc5zh41n5k4qnijq4xjk7069v-python3.12-argcomplete-3.5.3/bin/register-python-argcomplete ros2)"
    eval "$(/nix/store/dds9yi6lc5zh41n5k4qnijq4xjk7069v-python3.12-argcomplete-3.5.3/bin/register-python-argcomplete colcon)"
fi /nix/store/8jljd7zhwwcpqmfj3cz18nbr9x4dilf1-python3.12-cmake-3.31.5/bin/cmake --build /home/r2w0t/dev/RCB/workspaces/controller_ws/build/robot_control -- -j4 -l4
[0.470s] DEBUG:colcon.colcon_core.event_handler.log_command:Invoking command in '/home/r2w0t/dev/RCB/workspaces/controller_ws/build/robot_interfaces': CMAKE_PREFIX_PATH=${CMAKE_PREFIX_PATH}:/nix/store/vhz65fc3cs10c5sxbwh7c5iz2pwzyx4b-ros-env _=/nix/store/yh6qg1nsi5h2xblcr67030pz58fsaxx3-coreutils-9.6/bin/env buildPhase={ echo "------------------------------------------------------------";
  echo " WARNING: the existence of this path is not guaranteed.";
  echo " It is an internal implementation detail for pkgs.mkShell.";
  echo "------------------------------------------------------------";
  echo;
  # Record all build inputs as runtime dependencies
  export;
} >> "$out" shellHook=# Setup ROS 2 shell completion. Doing it in direnv is useless.
if [[ ! $DIRENV_IN_ENVRC ]]; then
    eval "$(/nix/store/dds9yi6lc5zh41n5k4qnijq4xjk7069v-python3.12-argcomplete-3.5.3/bin/register-python-argcomplete ros2)"
    eval "$(/nix/store/dds9yi6lc5zh41n5k4qnijq4xjk7069v-python3.12-argcomplete-3.5.3/bin/register-python-argcomplete colcon)"
fi /nix/store/8jljd7zhwwcpqmfj3cz18nbr9x4dilf1-python3.12-cmake-3.31.5/bin/cmake --build /home/r2w0t/dev/RCB/workspaces/controller_ws/build/robot_interfaces -- -j4 -l4
[0.761s] DEBUG:colcon.colcon_core.event_handler.log_command:Invoked command in '/home/r2w0t/dev/RCB/workspaces/controller_ws/build/joystick_control' returned '0': CMAKE_PREFIX_PATH=${CMAKE_PREFIX_PATH}:/nix/store/vhz65fc3cs10c5sxbwh7c5iz2pwzyx4b-ros-env _=/nix/store/yh6qg1nsi5h2xblcr67030pz58fsaxx3-coreutils-9.6/bin/env buildPhase={ echo "------------------------------------------------------------";
  echo " WARNING: the existence of this path is not guaranteed.";
  echo " It is an internal implementation detail for pkgs.mkShell.";
  echo "------------------------------------------------------------";
  echo;
  # Record all build inputs as runtime dependencies
  export;
} >> "$out" shellHook=# Setup ROS 2 shell completion. Doing it in direnv is useless.
if [[ ! $DIRENV_IN_ENVRC ]]; then
    eval "$(/nix/store/dds9yi6lc5zh41n5k4qnijq4xjk7069v-python3.12-argcomplete-3.5.3/bin/register-python-argcomplete ros2)"
    eval "$(/nix/store/dds9yi6lc5zh41n5k4qnijq4xjk7069v-python3.12-argcomplete-3.5.3/bin/register-python-argcomplete colcon)"
fi /nix/store/8jljd7zhwwcpqmfj3cz18nbr9x4dilf1-python3.12-cmake-3.31.5/bin/cmake --build /home/r2w0t/dev/RCB/workspaces/controller_ws/build/joystick_control -- -j4 -l4
[0.892s] DEBUG:colcon.colcon_core.event_handler.log_command:Invoking command in '/home/r2w0t/dev/RCB/workspaces/controller_ws/build/joystick_control': CMAKE_PREFIX_PATH=${CMAKE_PREFIX_PATH}:/nix/store/vhz65fc3cs10c5sxbwh7c5iz2pwzyx4b-ros-env _=/nix/store/yh6qg1nsi5h2xblcr67030pz58fsaxx3-coreutils-9.6/bin/env buildPhase={ echo "------------------------------------------------------------";
  echo " WARNING: the existence of this path is not guaranteed.";
  echo " It is an internal implementation detail for pkgs.mkShell.";
  echo "------------------------------------------------------------";
  echo;
  # Record all build inputs as runtime dependencies
  export;
} >> "$out" shellHook=# Setup ROS 2 shell completion. Doing it in direnv is useless.
if [[ ! $DIRENV_IN_ENVRC ]]; then
    eval "$(/nix/store/dds9yi6lc5zh41n5k4qnijq4xjk7069v-python3.12-argcomplete-3.5.3/bin/register-python-argcomplete ros2)"
    eval "$(/nix/store/dds9yi6lc5zh41n5k4qnijq4xjk7069v-python3.12-argcomplete-3.5.3/bin/register-python-argcomplete colcon)"
fi /nix/store/8jljd7zhwwcpqmfj3cz18nbr9x4dilf1-python3.12-cmake-3.31.5/bin/cmake --install /home/r2w0t/dev/RCB/workspaces/controller_ws/build/joystick_control
[1.039s] Level 1:colcon.colcon_core.environment:create_environment_scripts_only(joystick_control)
[1.042s] DEBUG:colcon.colcon_core.event_handler.log_command:Invoked command in '/home/r2w0t/dev/RCB/workspaces/controller_ws/build/joystick_control' returned '0': CMAKE_PREFIX_PATH=${CMAKE_PREFIX_PATH}:/nix/store/vhz65fc3cs10c5sxbwh7c5iz2pwzyx4b-ros-env _=/nix/store/yh6qg1nsi5h2xblcr67030pz58fsaxx3-coreutils-9.6/bin/env buildPhase={ echo "------------------------------------------------------------";
  echo " WARNING: the existence of this path is not guaranteed.";
  echo " It is an internal implementation detail for pkgs.mkShell.";
  echo "------------------------------------------------------------";
  echo;
  # Record all build inputs as runtime dependencies
  export;
} >> "$out" shellHook=# Setup ROS 2 shell completion. Doing it in direnv is useless.
if [[ ! $DIRENV_IN_ENVRC ]]; then
    eval "$(/nix/store/dds9yi6lc5zh41n5k4qnijq4xjk7069v-python3.12-argcomplete-3.5.3/bin/register-python-argcomplete ros2)"
    eval "$(/nix/store/dds9yi6lc5zh41n5k4qnijq4xjk7069v-python3.12-argcomplete-3.5.3/bin/register-python-argcomplete colcon)"
fi /nix/store/8jljd7zhwwcpqmfj3cz18nbr9x4dilf1-python3.12-cmake-3.31.5/bin/cmake --install /home/r2w0t/dev/RCB/workspaces/controller_ws/build/joystick_control
[1.048s] Level 1:colcon.colcon_core.environment:checking '/home/r2w0t/dev/RCB/workspaces/controller_ws/install/joystick_control' for CMake module files
[1.050s] Level 1:colcon.colcon_core.environment:checking '/home/r2w0t/dev/RCB/workspaces/controller_ws/install/joystick_control' for CMake config files
[1.050s] Level 1:colcon.colcon_core.shell:create_environment_hook('joystick_control', 'cmake_prefix_path')
[1.051s] INFO:colcon.colcon_core.shell:Creating environment descriptor '/home/r2w0t/dev/RCB/workspaces/controller_ws/install/joystick_control/share/joystick_control/hook/cmake_prefix_path.dsv'
[1.052s] INFO:colcon.colcon_core.shell:Creating environment hook '/home/r2w0t/dev/RCB/workspaces/controller_ws/install/joystick_control/share/joystick_control/hook/cmake_prefix_path.sh'
[1.054s] Level 1:colcon.colcon_core.environment:checking '/home/r2w0t/dev/RCB/workspaces/controller_ws/install/joystick_control/lib'
[1.054s] Level 1:colcon.colcon_core.environment:checking '/home/r2w0t/dev/RCB/workspaces/controller_ws/install/joystick_control/bin'
[1.055s] Level 1:colcon.colcon_core.environment:checking '/home/r2w0t/dev/RCB/workspaces/controller_ws/install/joystick_control/lib/pkgconfig/joystick_control.pc'
[1.058s] Level 1:colcon.colcon_core.environment:checking '/home/r2w0t/dev/RCB/workspaces/controller_ws/install/joystick_control/lib/python3.12/site-packages'
[1.059s] Level 1:colcon.colcon_core.environment:checking '/home/r2w0t/dev/RCB/workspaces/controller_ws/install/joystick_control/bin'
[1.059s] INFO:colcon.colcon_core.shell:Creating package descriptor '/home/r2w0t/dev/RCB/workspaces/controller_ws/install/joystick_control/share/joystick_control/package.dsv'
[1.061s] INFO:colcon.colcon_core.shell:Creating package script '/home/r2w0t/dev/RCB/workspaces/controller_ws/install/joystick_control/share/joystick_control/package.sh'
[1.063s] INFO:colcon.colcon_core.shell:Creating package script '/home/r2w0t/dev/RCB/workspaces/controller_ws/install/joystick_control/share/joystick_control/package.bash'
[1.064s] INFO:colcon.colcon_core.shell:Creating package script '/home/r2w0t/dev/RCB/workspaces/controller_ws/install/joystick_control/share/joystick_control/package.zsh'
[1.066s] Level 1:colcon.colcon_core.environment:create_file_with_runtime_dependencies(/home/r2w0t/dev/RCB/workspaces/controller_ws/install/joystick_control/share/colcon-core/packages/joystick_control)
[1.067s] Level 1:colcon.colcon_core.environment:create_environment_scripts_only(joystick_control)
[1.068s] Level 1:colcon.colcon_core.environment:checking '/home/r2w0t/dev/RCB/workspaces/controller_ws/install/joystick_control' for CMake module files
[1.069s] Level 1:colcon.colcon_core.environment:checking '/home/r2w0t/dev/RCB/workspaces/controller_ws/install/joystick_control' for CMake config files
[1.070s] Level 1:colcon.colcon_core.shell:create_environment_hook('joystick_control', 'cmake_prefix_path')
[1.070s] INFO:colcon.colcon_core.shell:Creating environment descriptor '/home/r2w0t/dev/RCB/workspaces/controller_ws/install/joystick_control/share/joystick_control/hook/cmake_prefix_path.dsv'
[1.071s] INFO:colcon.colcon_core.shell:Creating environment hook '/home/r2w0t/dev/RCB/workspaces/controller_ws/install/joystick_control/share/joystick_control/hook/cmake_prefix_path.sh'
[1.073s] Level 1:colcon.colcon_core.environment:checking '/home/r2w0t/dev/RCB/workspaces/controller_ws/install/joystick_control/lib'
[1.073s] Level 1:colcon.colcon_core.environment:checking '/home/r2w0t/dev/RCB/workspaces/controller_ws/install/joystick_control/bin'
[1.073s] Level 1:colcon.colcon_core.environment:checking '/home/r2w0t/dev/RCB/workspaces/controller_ws/install/joystick_control/lib/pkgconfig/joystick_control.pc'
[1.074s] Level 1:colcon.colcon_core.environment:checking '/home/r2w0t/dev/RCB/workspaces/controller_ws/install/joystick_control/lib/python3.12/site-packages'
[1.075s] Level 1:colcon.colcon_core.environment:checking '/home/r2w0t/dev/RCB/workspaces/controller_ws/install/joystick_control/bin'
[1.075s] INFO:colcon.colcon_core.shell:Creating package descriptor '/home/r2w0t/dev/RCB/workspaces/controller_ws/install/joystick_control/share/joystick_control/package.dsv'
[1.076s] INFO:colcon.colcon_core.shell:Creating package script '/home/r2w0t/dev/RCB/workspaces/controller_ws/install/joystick_control/share/joystick_control/package.sh'
[1.078s] INFO:colcon.colcon_core.shell:Creating package script '/home/r2w0t/dev/RCB/workspaces/controller_ws/install/joystick_control/share/joystick_control/package.bash'
[1.079s] INFO:colcon.colcon_core.shell:Creating package script '/home/r2w0t/dev/RCB/workspaces/controller_ws/install/joystick_control/share/joystick_control/package.zsh'
[1.080s] Level 1:colcon.colcon_core.environment:create_file_with_runtime_dependencies(/home/r2w0t/dev/RCB/workspaces/controller_ws/install/joystick_control/share/colcon-core/packages/joystick_control)
[2.466s] DEBUG:colcon.colcon_core.event_handler.log_command:Invoked command in '/home/r2w0t/dev/RCB/workspaces/controller_ws/build/robot_interfaces' returned '0': CMAKE_PREFIX_PATH=${CMAKE_PREFIX_PATH}:/nix/store/vhz65fc3cs10c5sxbwh7c5iz2pwzyx4b-ros-env _=/nix/store/yh6qg1nsi5h2xblcr67030pz58fsaxx3-coreutils-9.6/bin/env buildPhase={ echo "------------------------------------------------------------";
  echo " WARNING: the existence of this path is not guaranteed.";
  echo " It is an internal implementation detail for pkgs.mkShell.";
  echo "------------------------------------------------------------";
  echo;
  # Record all build inputs as runtime dependencies
  export;
} >> "$out" shellHook=# Setup ROS 2 shell completion. Doing it in direnv is useless.
if [[ ! $DIRENV_IN_ENVRC ]]; then
    eval "$(/nix/store/dds9yi6lc5zh41n5k4qnijq4xjk7069v-python3.12-argcomplete-3.5.3/bin/register-python-argcomplete ros2)"
    eval "$(/nix/store/dds9yi6lc5zh41n5k4qnijq4xjk7069v-python3.12-argcomplete-3.5.3/bin/register-python-argcomplete colcon)"
fi /nix/store/8jljd7zhwwcpqmfj3cz18nbr9x4dilf1-python3.12-cmake-3.31.5/bin/cmake --build /home/r2w0t/dev/RCB/workspaces/controller_ws/build/robot_interfaces -- -j4 -l4
[2.470s] DEBUG:colcon.colcon_core.event_handler.log_command:Invoking command in '/home/r2w0t/dev/RCB/workspaces/controller_ws/build/robot_interfaces': CMAKE_PREFIX_PATH=${CMAKE_PREFIX_PATH}:/nix/store/vhz65fc3cs10c5sxbwh7c5iz2pwzyx4b-ros-env _=/nix/store/yh6qg1nsi5h2xblcr67030pz58fsaxx3-coreutils-9.6/bin/env buildPhase={ echo "------------------------------------------------------------";
  echo " WARNING: the existence of this path is not guaranteed.";
  echo " It is an internal implementation detail for pkgs.mkShell.";
  echo "------------------------------------------------------------";
  echo;
  # Record all build inputs as runtime dependencies
  export;
} >> "$out" shellHook=# Setup ROS 2 shell completion. Doing it in direnv is useless.
if [[ ! $DIRENV_IN_ENVRC ]]; then
    eval "$(/nix/store/dds9yi6lc5zh41n5k4qnijq4xjk7069v-python3.12-argcomplete-3.5.3/bin/register-python-argcomplete ros2)"
    eval "$(/nix/store/dds9yi6lc5zh41n5k4qnijq4xjk7069v-python3.12-argcomplete-3.5.3/bin/register-python-argcomplete colcon)"
fi /nix/store/8jljd7zhwwcpqmfj3cz18nbr9x4dilf1-python3.12-cmake-3.31.5/bin/cmake --install /home/r2w0t/dev/RCB/workspaces/controller_ws/build/robot_interfaces
[2.835s] Level 1:colcon.colcon_core.environment:create_environment_scripts_only(robot_interfaces)
[2.836s] Level 1:colcon.colcon_core.environment:checking '/home/r2w0t/dev/RCB/workspaces/controller_ws/install/robot_interfaces' for CMake module files
[2.838s] DEBUG:colcon.colcon_core.event_handler.log_command:Invoked command in '/home/r2w0t/dev/RCB/workspaces/controller_ws/build/robot_interfaces' returned '0': CMAKE_PREFIX_PATH=${CMAKE_PREFIX_PATH}:/nix/store/vhz65fc3cs10c5sxbwh7c5iz2pwzyx4b-ros-env _=/nix/store/yh6qg1nsi5h2xblcr67030pz58fsaxx3-coreutils-9.6/bin/env buildPhase={ echo "------------------------------------------------------------";
  echo " WARNING: the existence of this path is not guaranteed.";
  echo " It is an internal implementation detail for pkgs.mkShell.";
  echo "------------------------------------------------------------";
  echo;
  # Record all build inputs as runtime dependencies
  export;
} >> "$out" shellHook=# Setup ROS 2 shell completion. Doing it in direnv is useless.
if [[ ! $DIRENV_IN_ENVRC ]]; then
    eval "$(/nix/store/dds9yi6lc5zh41n5k4qnijq4xjk7069v-python3.12-argcomplete-3.5.3/bin/register-python-argcomplete ros2)"
    eval "$(/nix/store/dds9yi6lc5zh41n5k4qnijq4xjk7069v-python3.12-argcomplete-3.5.3/bin/register-python-argcomplete colcon)"
fi /nix/store/8jljd7zhwwcpqmfj3cz18nbr9x4dilf1-python3.12-cmake-3.31.5/bin/cmake --install /home/r2w0t/dev/RCB/workspaces/controller_ws/build/robot_interfaces
[2.840s] Level 1:colcon.colcon_core.environment:checking '/home/r2w0t/dev/RCB/workspaces/controller_ws/install/robot_interfaces' for CMake config files
[2.842s] Level 1:colcon.colcon_core.shell:create_environment_hook('robot_interfaces', 'cmake_prefix_path')
[2.842s] INFO:colcon.colcon_core.shell:Creating environment descriptor '/home/r2w0t/dev/RCB/workspaces/controller_ws/install/robot_interfaces/share/robot_interfaces/hook/cmake_prefix_path.dsv'
[2.843s] INFO:colcon.colcon_core.shell:Creating environment hook '/home/r2w0t/dev/RCB/workspaces/controller_ws/install/robot_interfaces/share/robot_interfaces/hook/cmake_prefix_path.sh'
[2.845s] Level 1:colcon.colcon_core.environment:checking '/home/r2w0t/dev/RCB/workspaces/controller_ws/install/robot_interfaces/lib'
[2.846s] Level 1:colcon.colcon_core.shell:create_environment_hook('robot_interfaces', 'ld_library_path_lib')
[2.846s] INFO:colcon.colcon_core.shell:Creating environment descriptor '/home/r2w0t/dev/RCB/workspaces/controller_ws/install/robot_interfaces/share/robot_interfaces/hook/ld_library_path_lib.dsv'
[2.847s] INFO:colcon.colcon_core.shell:Creating environment hook '/home/r2w0t/dev/RCB/workspaces/controller_ws/install/robot_interfaces/share/robot_interfaces/hook/ld_library_path_lib.sh'
[2.848s] Level 1:colcon.colcon_core.environment:checking '/home/r2w0t/dev/RCB/workspaces/controller_ws/install/robot_interfaces/bin'
[2.849s] Level 1:colcon.colcon_core.environment:checking '/home/r2w0t/dev/RCB/workspaces/controller_ws/install/robot_interfaces/lib/pkgconfig/robot_interfaces.pc'
[2.849s] Level 1:colcon.colcon_core.environment:checking '/home/r2w0t/dev/RCB/workspaces/controller_ws/install/robot_interfaces/lib/python3.12/site-packages'
[2.850s] Level 1:colcon.colcon_core.shell:create_environment_hook('robot_interfaces', 'pythonpath')
[2.850s] INFO:colcon.colcon_core.shell:Creating environment descriptor '/home/r2w0t/dev/RCB/workspaces/controller_ws/install/robot_interfaces/share/robot_interfaces/hook/pythonpath.dsv'
[2.851s] INFO:colcon.colcon_core.shell:Creating environment hook '/home/r2w0t/dev/RCB/workspaces/controller_ws/install/robot_interfaces/share/robot_interfaces/hook/pythonpath.sh'
[2.853s] Level 1:colcon.colcon_core.environment:checking '/home/r2w0t/dev/RCB/workspaces/controller_ws/install/robot_interfaces/bin'
[2.854s] INFO:colcon.colcon_core.shell:Creating package descriptor '/home/r2w0t/dev/RCB/workspaces/controller_ws/install/robot_interfaces/share/robot_interfaces/package.dsv'
[2.855s] INFO:colcon.colcon_core.shell:Creating package script '/home/r2w0t/dev/RCB/workspaces/controller_ws/install/robot_interfaces/share/robot_interfaces/package.sh'
[2.857s] INFO:colcon.colcon_core.shell:Creating package script '/home/r2w0t/dev/RCB/workspaces/controller_ws/install/robot_interfaces/share/robot_interfaces/package.bash'
[2.858s] INFO:colcon.colcon_core.shell:Creating package script '/home/r2w0t/dev/RCB/workspaces/controller_ws/install/robot_interfaces/share/robot_interfaces/package.zsh'
[2.859s] Level 1:colcon.colcon_core.environment:create_file_with_runtime_dependencies(/home/r2w0t/dev/RCB/workspaces/controller_ws/install/robot_interfaces/share/colcon-core/packages/robot_interfaces)
[2.861s] Level 1:colcon.colcon_core.environment:create_environment_scripts_only(robot_interfaces)
[2.861s] Level 1:colcon.colcon_core.environment:checking '/home/r2w0t/dev/RCB/workspaces/controller_ws/install/robot_interfaces' for CMake module files
[2.864s] Level 1:colcon.colcon_core.environment:checking '/home/r2w0t/dev/RCB/workspaces/controller_ws/install/robot_interfaces' for CMake config files
[2.865s] Level 1:colcon.colcon_core.shell:create_environment_hook('robot_interfaces', 'cmake_prefix_path')
[2.866s] INFO:colcon.colcon_core.shell:Creating environment descriptor '/home/r2w0t/dev/RCB/workspaces/controller_ws/install/robot_interfaces/share/robot_interfaces/hook/cmake_prefix_path.dsv'
[2.869s] INFO:colcon.colcon_core.shell:Creating environment hook '/home/r2w0t/dev/RCB/workspaces/controller_ws/install/robot_interfaces/share/robot_interfaces/hook/cmake_prefix_path.sh'
[2.871s] Level 1:colcon.colcon_core.environment:checking '/home/r2w0t/dev/RCB/workspaces/controller_ws/install/robot_interfaces/lib'
[2.871s] Level 1:colcon.colcon_core.shell:create_environment_hook('robot_interfaces', 'ld_library_path_lib')
[2.871s] INFO:colcon.colcon_core.shell:Creating environment descriptor '/home/r2w0t/dev/RCB/workspaces/controller_ws/install/robot_interfaces/share/robot_interfaces/hook/ld_library_path_lib.dsv'
[2.872s] INFO:colcon.colcon_core.shell:Creating environment hook '/home/r2w0t/dev/RCB/workspaces/controller_ws/install/robot_interfaces/share/robot_interfaces/hook/ld_library_path_lib.sh'
[2.874s] Level 1:colcon.colcon_core.environment:checking '/home/r2w0t/dev/RCB/workspaces/controller_ws/install/robot_interfaces/bin'
[2.874s] Level 1:colcon.colcon_core.environment:checking '/home/r2w0t/dev/RCB/workspaces/controller_ws/install/robot_interfaces/lib/pkgconfig/robot_interfaces.pc'
[2.874s] Level 1:colcon.colcon_core.environment:checking '/home/r2w0t/dev/RCB/workspaces/controller_ws/install/robot_interfaces/lib/python3.12/site-packages'
[2.875s] Level 1:colcon.colcon_core.shell:create_environment_hook('robot_interfaces', 'pythonpath')
[2.875s] INFO:colcon.colcon_core.shell:Creating environment descriptor '/home/r2w0t/dev/RCB/workspaces/controller_ws/install/robot_interfaces/share/robot_interfaces/hook/pythonpath.dsv'
[2.876s] INFO:colcon.colcon_core.shell:Creating environment hook '/home/r2w0t/dev/RCB/workspaces/controller_ws/install/robot_interfaces/share/robot_interfaces/hook/pythonpath.sh'
[2.878s] Level 1:colcon.colcon_core.environment:checking '/home/r2w0t/dev/RCB/workspaces/controller_ws/install/robot_interfaces/bin'
[2.879s] INFO:colcon.colcon_core.shell:Creating package descriptor '/home/r2w0t/dev/RCB/workspaces/controller_ws/install/robot_interfaces/share/robot_interfaces/package.dsv'
[2.880s] INFO:colcon.colcon_core.shell:Creating package script '/home/r2w0t/dev/RCB/workspaces/controller_ws/install/robot_interfaces/share/robot_interfaces/package.sh'
[2.882s] INFO:colcon.colcon_core.shell:Creating package script '/home/r2w0t/dev/RCB/workspaces/controller_ws/install/robot_interfaces/share/robot_interfaces/package.bash'
[2.883s] INFO:colcon.colcon_core.shell:Creating package script '/home/r2w0t/dev/RCB/workspaces/controller_ws/install/robot_interfaces/share/robot_interfaces/package.zsh'
[2.885s] Level 1:colcon.colcon_core.environment:create_file_with_runtime_dependencies(/home/r2w0t/dev/RCB/workspaces/controller_ws/install/robot_interfaces/share/colcon-core/packages/robot_interfaces)
[11.231s] DEBUG:colcon.colcon_core.event_handler.log_command:Invoked command in '/home/r2w0t/dev/RCB/workspaces/controller_ws/build/camera' returned '0': CMAKE_PREFIX_PATH=${CMAKE_PREFIX_PATH}:/nix/store/vhz65fc3cs10c5sxbwh7c5iz2pwzyx4b-ros-env _=/nix/store/yh6qg1nsi5h2xblcr67030pz58fsaxx3-coreutils-9.6/bin/env buildPhase={ echo "------------------------------------------------------------";
  echo " WARNING: the existence of this path is not guaranteed.";
  echo " It is an internal implementation detail for pkgs.mkShell.";
  echo "------------------------------------------------------------";
  echo;
  # Record all build inputs as runtime dependencies
  export;
} >> "$out" shellHook=# Setup ROS 2 shell completion. Doing it in direnv is useless.
if [[ ! $DIRENV_IN_ENVRC ]]; then
    eval "$(/nix/store/dds9yi6lc5zh41n5k4qnijq4xjk7069v-python3.12-argcomplete-3.5.3/bin/register-python-argcomplete ros2)"
    eval "$(/nix/store/dds9yi6lc5zh41n5k4qnijq4xjk7069v-python3.12-argcomplete-3.5.3/bin/register-python-argcomplete colcon)"
fi /nix/store/8jljd7zhwwcpqmfj3cz18nbr9x4dilf1-python3.12-cmake-3.31.5/bin/cmake --build /home/r2w0t/dev/RCB/workspaces/controller_ws/build/camera -- -j4 -l4
[11.235s] DEBUG:colcon.colcon_core.event_handler.log_command:Invoking command in '/home/r2w0t/dev/RCB/workspaces/controller_ws/build/camera': CMAKE_PREFIX_PATH=${CMAKE_PREFIX_PATH}:/nix/store/vhz65fc3cs10c5sxbwh7c5iz2pwzyx4b-ros-env _=/nix/store/yh6qg1nsi5h2xblcr67030pz58fsaxx3-coreutils-9.6/bin/env buildPhase={ echo "------------------------------------------------------------";
  echo " WARNING: the existence of this path is not guaranteed.";
  echo " It is an internal implementation detail for pkgs.mkShell.";
  echo "------------------------------------------------------------";
  echo;
  # Record all build inputs as runtime dependencies
  export;
} >> "$out" shellHook=# Setup ROS 2 shell completion. Doing it in direnv is useless.
if [[ ! $DIRENV_IN_ENVRC ]]; then
    eval "$(/nix/store/dds9yi6lc5zh41n5k4qnijq4xjk7069v-python3.12-argcomplete-3.5.3/bin/register-python-argcomplete ros2)"
    eval "$(/nix/store/dds9yi6lc5zh41n5k4qnijq4xjk7069v-python3.12-argcomplete-3.5.3/bin/register-python-argcomplete colcon)"
fi /nix/store/8jljd7zhwwcpqmfj3cz18nbr9x4dilf1-python3.12-cmake-3.31.5/bin/cmake --install /home/r2w0t/dev/RCB/workspaces/controller_ws/build/camera
[11.324s] Level 1:colcon.colcon_core.environment:create_environment_scripts_only(camera)
[11.325s] Level 1:colcon.colcon_core.environment:checking '/home/r2w0t/dev/RCB/workspaces/controller_ws/install/camera' for CMake module files
[11.326s] DEBUG:colcon.colcon_core.event_handler.log_command:Invoked command in '/home/r2w0t/dev/RCB/workspaces/controller_ws/build/camera' returned '0': CMAKE_PREFIX_PATH=${CMAKE_PREFIX_PATH}:/nix/store/vhz65fc3cs10c5sxbwh7c5iz2pwzyx4b-ros-env _=/nix/store/yh6qg1nsi5h2xblcr67030pz58fsaxx3-coreutils-9.6/bin/env buildPhase={ echo "------------------------------------------------------------";
  echo " WARNING: the existence of this path is not guaranteed.";
  echo " It is an internal implementation detail for pkgs.mkShell.";
  echo "------------------------------------------------------------";
  echo;
  # Record all build inputs as runtime dependencies
  export;
} >> "$out" shellHook=# Setup ROS 2 shell completion. Doing it in direnv is useless.
if [[ ! $DIRENV_IN_ENVRC ]]; then
    eval "$(/nix/store/dds9yi6lc5zh41n5k4qnijq4xjk7069v-python3.12-argcomplete-3.5.3/bin/register-python-argcomplete ros2)"
    eval "$(/nix/store/dds9yi6lc5zh41n5k4qnijq4xjk7069v-python3.12-argcomplete-3.5.3/bin/register-python-argcomplete colcon)"
fi /nix/store/8jljd7zhwwcpqmfj3cz18nbr9x4dilf1-python3.12-cmake-3.31.5/bin/cmake --install /home/r2w0t/dev/RCB/workspaces/controller_ws/build/camera
[11.327s] Level 1:colcon.colcon_core.environment:checking '/home/r2w0t/dev/RCB/workspaces/controller_ws/install/camera' for CMake config files
[11.328s] Level 1:colcon.colcon_core.shell:create_environment_hook('camera', 'cmake_prefix_path')
[11.328s] INFO:colcon.colcon_core.shell:Creating environment descriptor '/home/r2w0t/dev/RCB/workspaces/controller_ws/install/camera/share/camera/hook/cmake_prefix_path.dsv'
[11.328s] INFO:colcon.colcon_core.shell:Creating environment hook '/home/r2w0t/dev/RCB/workspaces/controller_ws/install/camera/share/camera/hook/cmake_prefix_path.sh'
[11.330s] Level 1:colcon.colcon_core.environment:checking '/home/r2w0t/dev/RCB/workspaces/controller_ws/install/camera/lib'
[11.330s] Level 1:colcon.colcon_core.environment:checking '/home/r2w0t/dev/RCB/workspaces/controller_ws/install/camera/bin'
[11.330s] Level 1:colcon.colcon_core.environment:checking '/home/r2w0t/dev/RCB/workspaces/controller_ws/install/camera/lib/pkgconfig/camera.pc'
[11.330s] Level 1:colcon.colcon_core.environment:checking '/home/r2w0t/dev/RCB/workspaces/controller_ws/install/camera/lib/python3.12/site-packages'
[11.331s] Level 1:colcon.colcon_core.environment:checking '/home/r2w0t/dev/RCB/workspaces/controller_ws/install/camera/bin'
[11.331s] INFO:colcon.colcon_core.shell:Creating package descriptor '/home/r2w0t/dev/RCB/workspaces/controller_ws/install/camera/share/camera/package.dsv'
[11.332s] INFO:colcon.colcon_core.shell:Creating package script '/home/r2w0t/dev/RCB/workspaces/controller_ws/install/camera/share/camera/package.sh'
[11.332s] INFO:colcon.colcon_core.shell:Creating package script '/home/r2w0t/dev/RCB/workspaces/controller_ws/install/camera/share/camera/package.bash'
[11.333s] INFO:colcon.colcon_core.shell:Creating package script '/home/r2w0t/dev/RCB/workspaces/controller_ws/install/camera/share/camera/package.zsh'
[11.334s] Level 1:colcon.colcon_core.environment:create_file_with_runtime_dependencies(/home/r2w0t/dev/RCB/workspaces/controller_ws/install/camera/share/colcon-core/packages/camera)
[11.335s] Level 1:colcon.colcon_core.environment:create_environment_scripts_only(camera)
[11.335s] Level 1:colcon.colcon_core.environment:checking '/home/r2w0t/dev/RCB/workspaces/controller_ws/install/camera' for CMake module files
[11.336s] Level 1:colcon.colcon_core.environment:checking '/home/r2w0t/dev/RCB/workspaces/controller_ws/install/camera' for CMake config files
[11.336s] Level 1:colcon.colcon_core.shell:create_environment_hook('camera', 'cmake_prefix_path')
[11.336s] INFO:colcon.colcon_core.shell:Creating environment descriptor '/home/r2w0t/dev/RCB/workspaces/controller_ws/install/camera/share/camera/hook/cmake_prefix_path.dsv'
[11.337s] INFO:colcon.colcon_core.shell:Creating environment hook '/home/r2w0t/dev/RCB/workspaces/controller_ws/install/camera/share/camera/hook/cmake_prefix_path.sh'
[11.338s] Level 1:colcon.colcon_core.environment:checking '/home/r2w0t/dev/RCB/workspaces/controller_ws/install/camera/lib'
[11.338s] Level 1:colcon.colcon_core.environment:checking '/home/r2w0t/dev/RCB/workspaces/controller_ws/install/camera/bin'
[11.338s] Level 1:colcon.colcon_core.environment:checking '/home/r2w0t/dev/RCB/workspaces/controller_ws/install/camera/lib/pkgconfig/camera.pc'
[11.339s] Level 1:colcon.colcon_core.environment:checking '/home/r2w0t/dev/RCB/workspaces/controller_ws/install/camera/lib/python3.12/site-packages'
[11.339s] Level 1:colcon.colcon_core.environment:checking '/home/r2w0t/dev/RCB/workspaces/controller_ws/install/camera/bin'
[11.339s] INFO:colcon.colcon_core.shell:Creating package descriptor '/home/r2w0t/dev/RCB/workspaces/controller_ws/install/camera/share/camera/package.dsv'
[11.340s] INFO:colcon.colcon_core.shell:Creating package script '/home/r2w0t/dev/RCB/workspaces/controller_ws/install/camera/share/camera/package.sh'
[11.341s] INFO:colcon.colcon_core.shell:Creating package script '/home/r2w0t/dev/RCB/workspaces/controller_ws/install/camera/share/camera/package.bash'
[11.342s] INFO:colcon.colcon_core.shell:Creating package script '/home/r2w0t/dev/RCB/workspaces/controller_ws/install/camera/share/camera/package.zsh'
[11.343s] Level 1:colcon.colcon_core.environment:create_file_with_runtime_dependencies(/home/r2w0t/dev/RCB/workspaces/controller_ws/install/camera/share/colcon-core/packages/camera)
[34.780s] DEBUG:colcon.colcon_core.event_handler.log_command:Invoked command in '/home/r2w0t/dev/RCB/workspaces/controller_ws/build/robot_control' returned '0': CMAKE_PREFIX_PATH=${CMAKE_PREFIX_PATH}:/nix/store/vhz65fc3cs10c5sxbwh7c5iz2pwzyx4b-ros-env _=/nix/store/yh6qg1nsi5h2xblcr67030pz58fsaxx3-coreutils-9.6/bin/env buildPhase={ echo "------------------------------------------------------------";
  echo " WARNING: the existence of this path is not guaranteed.";
  echo " It is an internal implementation detail for pkgs.mkShell.";
  echo "------------------------------------------------------------";
  echo;
  # Record all build inputs as runtime dependencies
  export;
} >> "$out" shellHook=# Setup ROS 2 shell completion. Doing it in direnv is useless.
if [[ ! $DIRENV_IN_ENVRC ]]; then
    eval "$(/nix/store/dds9yi6lc5zh41n5k4qnijq4xjk7069v-python3.12-argcomplete-3.5.3/bin/register-python-argcomplete ros2)"
    eval "$(/nix/store/dds9yi6lc5zh41n5k4qnijq4xjk7069v-python3.12-argcomplete-3.5.3/bin/register-python-argcomplete colcon)"
fi /nix/store/8jljd7zhwwcpqmfj3cz18nbr9x4dilf1-python3.12-cmake-3.31.5/bin/cmake --build /home/r2w0t/dev/RCB/workspaces/controller_ws/build/robot_control -- -j4 -l4
[34.783s] DEBUG:colcon.colcon_core.event_handler.log_command:Invoking command in '/home/r2w0t/dev/RCB/workspaces/controller_ws/build/robot_control': CMAKE_PREFIX_PATH=${CMAKE_PREFIX_PATH}:/nix/store/vhz65fc3cs10c5sxbwh7c5iz2pwzyx4b-ros-env _=/nix/store/yh6qg1nsi5h2xblcr67030pz58fsaxx3-coreutils-9.6/bin/env buildPhase={ echo "------------------------------------------------------------";
  echo " WARNING: the existence of this path is not guaranteed.";
  echo " It is an internal implementation detail for pkgs.mkShell.";
  echo "------------------------------------------------------------";
  echo;
  # Record all build inputs as runtime dependencies
  export;
} >> "$out" shellHook=# Setup ROS 2 shell completion. Doing it in direnv is useless.
if [[ ! $DIRENV_IN_ENVRC ]]; then
    eval "$(/nix/store/dds9yi6lc5zh41n5k4qnijq4xjk7069v-python3.12-argcomplete-3.5.3/bin/register-python-argcomplete ros2)"
    eval "$(/nix/store/dds9yi6lc5zh41n5k4qnijq4xjk7069v-python3.12-argcomplete-3.5.3/bin/register-python-argcomplete colcon)"
fi /nix/store/8jljd7zhwwcpqmfj3cz18nbr9x4dilf1-python3.12-cmake-3.31.5/bin/cmake --install /home/r2w0t/dev/RCB/workspaces/controller_ws/build/robot_control
[34.861s] Level 1:colcon.colcon_core.environment:create_environment_scripts_only(robot_control)
[34.862s] Level 1:colcon.colcon_core.environment:checking '/home/r2w0t/dev/RCB/workspaces/controller_ws/install/robot_control' for CMake module files
[34.862s] DEBUG:colcon.colcon_core.event_handler.log_command:Invoked command in '/home/r2w0t/dev/RCB/workspaces/controller_ws/build/robot_control' returned '0': CMAKE_PREFIX_PATH=${CMAKE_PREFIX_PATH}:/nix/store/vhz65fc3cs10c5sxbwh7c5iz2pwzyx4b-ros-env _=/nix/store/yh6qg1nsi5h2xblcr67030pz58fsaxx3-coreutils-9.6/bin/env buildPhase={ echo "------------------------------------------------------------";
  echo " WARNING: the existence of this path is not guaranteed.";
  echo " It is an internal implementation detail for pkgs.mkShell.";
  echo "------------------------------------------------------------";
  echo;
  # Record all build inputs as runtime dependencies
  export;
} >> "$out" shellHook=# Setup ROS 2 shell completion. Doing it in direnv is useless.
if [[ ! $DIRENV_IN_ENVRC ]]; then
    eval "$(/nix/store/dds9yi6lc5zh41n5k4qnijq4xjk7069v-python3.12-argcomplete-3.5.3/bin/register-python-argcomplete ros2)"
    eval "$(/nix/store/dds9yi6lc5zh41n5k4qnijq4xjk7069v-python3.12-argcomplete-3.5.3/bin/register-python-argcomplete colcon)"
fi /nix/store/8jljd7zhwwcpqmfj3cz18nbr9x4dilf1-python3.12-cmake-3.31.5/bin/cmake --install /home/r2w0t/dev/RCB/workspaces/controller_ws/build/robot_control
[34.863s] Level 1:colcon.colcon_core.environment:checking '/home/r2w0t/dev/RCB/workspaces/controller_ws/install/robot_control' for CMake config files
[34.864s] Level 1:colcon.colcon_core.shell:create_environment_hook('robot_control', 'cmake_prefix_path')
[34.864s] INFO:colcon.colcon_core.shell:Creating environment descriptor '/home/r2w0t/dev/RCB/workspaces/controller_ws/install/robot_control/share/robot_control/hook/cmake_prefix_path.dsv'
[34.865s] INFO:colcon.colcon_core.shell:Creating environment hook '/home/r2w0t/dev/RCB/workspaces/controller_ws/install/robot_control/share/robot_control/hook/cmake_prefix_path.sh'
[34.866s] Level 1:colcon.colcon_core.environment:checking '/home/r2w0t/dev/RCB/workspaces/controller_ws/install/robot_control/lib'
[34.866s] Level 1:colcon.colcon_core.environment:checking '/home/r2w0t/dev/RCB/workspaces/controller_ws/install/robot_control/bin'
[34.866s] Level 1:colcon.colcon_core.environment:checking '/home/r2w0t/dev/RCB/workspaces/controller_ws/install/robot_control/lib/pkgconfig/robot_control.pc'
[34.866s] Level 1:colcon.colcon_core.environment:checking '/home/r2w0t/dev/RCB/workspaces/controller_ws/install/robot_control/lib/python3.12/site-packages'
[34.867s] Level 1:colcon.colcon_core.environment:checking '/home/r2w0t/dev/RCB/workspaces/controller_ws/install/robot_control/bin'
[34.867s] INFO:colcon.colcon_core.shell:Creating package descriptor '/home/r2w0t/dev/RCB/workspaces/controller_ws/install/robot_control/share/robot_control/package.dsv'
[34.868s] INFO:colcon.colcon_core.shell:Creating package script '/home/r2w0t/dev/RCB/workspaces/controller_ws/install/robot_control/share/robot_control/package.sh'
[34.869s] INFO:colcon.colcon_core.shell:Creating package script '/home/r2w0t/dev/RCB/workspaces/controller_ws/install/robot_control/share/robot_control/package.bash'
[34.869s] INFO:colcon.colcon_core.shell:Creating package script '/home/r2w0t/dev/RCB/workspaces/controller_ws/install/robot_control/share/robot_control/package.zsh'
[34.870s] Level 1:colcon.colcon_core.environment:create_file_with_runtime_dependencies(/home/r2w0t/dev/RCB/workspaces/controller_ws/install/robot_control/share/colcon-core/packages/robot_control)
[34.871s] Level 1:colcon.colcon_core.environment:create_environment_scripts_only(robot_control)
[34.871s] Level 1:colcon.colcon_core.environment:checking '/home/r2w0t/dev/RCB/workspaces/controller_ws/install/robot_control' for CMake module files
[34.872s] Level 1:colcon.colcon_core.environment:checking '/home/r2w0t/dev/RCB/workspaces/controller_ws/install/robot_control' for CMake config files
[34.872s] Level 1:colcon.colcon_core.shell:create_environment_hook('robot_control', 'cmake_prefix_path')
[34.872s] INFO:colcon.colcon_core.shell:Creating environment descriptor '/home/r2w0t/dev/RCB/workspaces/controller_ws/install/robot_control/share/robot_control/hook/cmake_prefix_path.dsv'
[34.873s] INFO:colcon.colcon_core.shell:Creating environment hook '/home/r2w0t/dev/RCB/workspaces/controller_ws/install/robot_control/share/robot_control/hook/cmake_prefix_path.sh'
[34.874s] Level 1:colcon.colcon_core.environment:checking '/home/r2w0t/dev/RCB/workspaces/controller_ws/install/robot_control/lib'
[34.874s] Level 1:colcon.colcon_core.environment:checking '/home/r2w0t/dev/RCB/workspaces/controller_ws/install/robot_control/bin'
[34.874s] Level 1:colcon.colcon_core.environment:checking '/home/r2w0t/dev/RCB/workspaces/controller_ws/install/robot_control/lib/pkgconfig/robot_control.pc'
[34.875s] Level 1:colcon.colcon_core.environment:checking '/home/r2w0t/dev/RCB/workspaces/controller_ws/install/robot_control/lib/python3.12/site-packages'
[34.875s] Level 1:colcon.colcon_core.environment:checking '/home/r2w0t/dev/RCB/workspaces/controller_ws/install/robot_control/bin'
[34.875s] INFO:colcon.colcon_core.shell:Creating package descriptor '/home/r2w0t/dev/RCB/workspaces/controller_ws/install/robot_control/share/robot_control/package.dsv'
[34.876s] INFO:colcon.colcon_core.shell:Creating package script '/home/r2w0t/dev/RCB/workspaces/controller_ws/install/robot_control/share/robot_control/package.sh'
[34.877s] INFO:colcon.colcon_core.shell:Creating package script '/home/r2w0t/dev/RCB/workspaces/controller_ws/install/robot_control/share/robot_control/package.bash'
[34.877s] INFO:colcon.colcon_core.shell:Creating package script '/home/r2w0t/dev/RCB/workspaces/controller_ws/install/robot_control/share/robot_control/package.zsh'
[34.878s] Level 1:colcon.colcon_core.environment:create_file_with_runtime_dependencies(/home/r2w0t/dev/RCB/workspaces/controller_ws/install/robot_control/share/colcon-core/packages/robot_control)
[34.878s] DEBUG:colcon.colcon_parallel_executor.executor.parallel:closing loop
[34.879s] DEBUG:colcon.colcon_parallel_executor.executor.parallel:loop closed
[34.879s] DEBUG:colcon.colcon_parallel_executor.executor.parallel:run_until_complete finished with '0'
[34.879s] DEBUG:colcon.colcon_core.event_reactor:joining thread
[34.890s] INFO:colcon.colcon_core.plugin_system:Skipping extension 'colcon_notification.desktop_notification.terminal_notifier': Not used on non-Darwin systems
[34.890s] INFO:colcon.colcon_core.plugin_system:Skipping extension 'colcon_notification.desktop_notification.win32': Not used on non-Windows systems
[34.890s] INFO:colcon.colcon_notification.desktop_notification:Sending desktop notification using 'notify2'
[34.893s] DEBUG:colcon.colcon_core.event_reactor:joined thread
[34.893s] INFO:colcon.colcon_core.shell:Creating prefix script '/home/r2w0t/dev/RCB/workspaces/controller_ws/install/local_setup.sh'
[34.894s] INFO:colcon.colcon_core.shell:Creating prefix util module '/home/r2w0t/dev/RCB/workspaces/controller_ws/install/_local_setup_util_sh.py'
[34.896s] INFO:colcon.colcon_core.shell:Creating prefix chain script '/home/r2w0t/dev/RCB/workspaces/controller_ws/install/setup.sh'
[34.897s] INFO:colcon.colcon_core.shell:Creating prefix script '/home/r2w0t/dev/RCB/workspaces/controller_ws/install/local_setup.bash'
[34.898s] INFO:colcon.colcon_core.shell:Creating prefix chain script '/home/r2w0t/dev/RCB/workspaces/controller_ws/install/setup.bash'
[34.900s] INFO:colcon.colcon_core.shell:Creating prefix script '/home/r2w0t/dev/RCB/workspaces/controller_ws/install/local_setup.zsh'
[34.901s] INFO:colcon.colcon_core.shell:Creating prefix chain script '/home/r2w0t/dev/RCB/workspaces/controller_ws/install/setup.zsh'
