[ 33%] [32mBuilding CXX object CMakeFiles/camera_node.dir/src/main.cpp.o[0m
[ 66%] [32m[1mLinking CXX executable camera_node[0m
[100%] Built target camera_node
-- Install configuration: ""
-- Installing: /home/r2w0t/dev/RCB/workspaces/controller_ws/install/camera/lib/camera/camera_node
-- Set non-toolchain portion of runtime path of "/home/r2w0t/dev/RCB/workspaces/controller_ws/install/camera/lib/camera/camera_node" to ""
-- Installing: /home/r2w0t/dev/RCB/workspaces/controller_ws/install/camera/share/ament_index/resource_index/package_run_dependencies/camera
-- Installing: /home/r2w0t/dev/RCB/workspaces/controller_ws/install/camera/share/ament_index/resource_index/parent_prefix_path/camera
-- Installing: /home/r2w0t/dev/RCB/workspaces/controller_ws/install/camera/share/camera/environment/ament_prefix_path.sh
-- Installing: /home/r2w0t/dev/RCB/workspaces/controller_ws/install/camera/share/camera/environment/ament_prefix_path.dsv
-- Installing: /home/r2w0t/dev/RCB/workspaces/controller_ws/install/camera/share/camera/environment/path.sh
-- Installing: /home/r2w0t/dev/RCB/workspaces/controller_ws/install/camera/share/camera/environment/path.dsv
-- Installing: /home/r2w0t/dev/RCB/workspaces/controller_ws/install/camera/share/camera/local_setup.bash
-- Installing: /home/r2w0t/dev/RCB/workspaces/controller_ws/install/camera/share/camera/local_setup.sh
-- Installing: /home/r2w0t/dev/RCB/workspaces/controller_ws/install/camera/share/camera/local_setup.zsh
-- Installing: /home/r2w0t/dev/RCB/workspaces/controller_ws/install/camera/share/camera/local_setup.dsv
-- Installing: /home/r2w0t/dev/RCB/workspaces/controller_ws/install/camera/share/camera/package.dsv
-- Installing: /home/r2w0t/dev/RCB/workspaces/controller_ws/install/camera/share/ament_index/resource_index/packages/camera
-- Installing: /home/r2w0t/dev/RCB/workspaces/controller_ws/install/camera/share/camera/cmake/cameraConfig.cmake
-- Installing: /home/r2w0t/dev/RCB/workspaces/controller_ws/install/camera/share/camera/cmake/cameraConfig-version.cmake
-- Installing: /home/r2w0t/dev/RCB/workspaces/controller_ws/install/camera/share/camera/package.xml
