[0.031s] Invoking command in '/home/r2w0t/dev/RCB/workspaces/controller_ws/build/camera': CMAKE_PREFIX_PATH=${CMAKE_PREFIX_PATH}:/nix/store/vhz65fc3cs10c5sxbwh7c5iz2pwzyx4b-ros-env _=/nix/store/yh6qg1nsi5h2xblcr67030pz58fsaxx3-coreutils-9.6/bin/env buildPhase={ echo "------------------------------------------------------------";
  echo " WARNING: the existence of this path is not guaranteed.";
  echo " It is an internal implementation detail for pkgs.mkShell.";
  echo "------------------------------------------------------------";
  echo;
  # Record all build inputs as runtime dependencies
  export;
} >> "$out" shellHook=# Setup ROS 2 shell completion. Doing it in direnv is useless.
if [[ ! $DIRENV_IN_ENVRC ]]; then
    eval "$(/nix/store/dds9yi6lc5zh41n5k4qnijq4xjk7069v-python3.12-argcomplete-3.5.3/bin/register-python-argcomplete ros2)"
    eval "$(/nix/store/dds9yi6lc5zh41n5k4qnijq4xjk7069v-python3.12-argcomplete-3.5.3/bin/register-python-argcomplete colcon)"
fi /nix/store/8jljd7zhwwcpqmfj3cz18nbr9x4dilf1-python3.12-cmake-3.31.5/bin/cmake --build /home/r2w0t/dev/RCB/workspaces/controller_ws/build/camera -- -j4 -l4
[0.312s] [ 33%] [32mBuilding CXX object CMakeFiles/camera_node.dir/src/main.cpp.o[0m
[8.396s] [ 66%] [32m[1mLinking CXX executable camera_node[0m
[9.200s] [100%] Built target camera_node
[9.221s] Invoked command in '/home/r2w0t/dev/RCB/workspaces/controller_ws/build/camera' returned '0': CMAKE_PREFIX_PATH=${CMAKE_PREFIX_PATH}:/nix/store/vhz65fc3cs10c5sxbwh7c5iz2pwzyx4b-ros-env _=/nix/store/yh6qg1nsi5h2xblcr67030pz58fsaxx3-coreutils-9.6/bin/env buildPhase={ echo "------------------------------------------------------------";
  echo " WARNING: the existence of this path is not guaranteed.";
  echo " It is an internal implementation detail for pkgs.mkShell.";
  echo "------------------------------------------------------------";
  echo;
  # Record all build inputs as runtime dependencies
  export;
} >> "$out" shellHook=# Setup ROS 2 shell completion. Doing it in direnv is useless.
if [[ ! $DIRENV_IN_ENVRC ]]; then
    eval "$(/nix/store/dds9yi6lc5zh41n5k4qnijq4xjk7069v-python3.12-argcomplete-3.5.3/bin/register-python-argcomplete ros2)"
    eval "$(/nix/store/dds9yi6lc5zh41n5k4qnijq4xjk7069v-python3.12-argcomplete-3.5.3/bin/register-python-argcomplete colcon)"
fi /nix/store/8jljd7zhwwcpqmfj3cz18nbr9x4dilf1-python3.12-cmake-3.31.5/bin/cmake --build /home/r2w0t/dev/RCB/workspaces/controller_ws/build/camera -- -j4 -l4
[9.223s] Invoking command in '/home/r2w0t/dev/RCB/workspaces/controller_ws/build/camera': CMAKE_PREFIX_PATH=${CMAKE_PREFIX_PATH}:/nix/store/vhz65fc3cs10c5sxbwh7c5iz2pwzyx4b-ros-env _=/nix/store/yh6qg1nsi5h2xblcr67030pz58fsaxx3-coreutils-9.6/bin/env buildPhase={ echo "------------------------------------------------------------";
  echo " WARNING: the existence of this path is not guaranteed.";
  echo " It is an internal implementation detail for pkgs.mkShell.";
  echo "------------------------------------------------------------";
  echo;
  # Record all build inputs as runtime dependencies
  export;
} >> "$out" shellHook=# Setup ROS 2 shell completion. Doing it in direnv is useless.
if [[ ! $DIRENV_IN_ENVRC ]]; then
    eval "$(/nix/store/dds9yi6lc5zh41n5k4qnijq4xjk7069v-python3.12-argcomplete-3.5.3/bin/register-python-argcomplete ros2)"
    eval "$(/nix/store/dds9yi6lc5zh41n5k4qnijq4xjk7069v-python3.12-argcomplete-3.5.3/bin/register-python-argcomplete colcon)"
fi /nix/store/8jljd7zhwwcpqmfj3cz18nbr9x4dilf1-python3.12-cmake-3.31.5/bin/cmake --install /home/r2w0t/dev/RCB/workspaces/controller_ws/build/camera
[9.286s] -- Install configuration: ""
[9.286s] -- Installing: /home/r2w0t/dev/RCB/workspaces/controller_ws/install/camera/lib/camera/camera_node
[9.287s] -- Set non-toolchain portion of runtime path of "/home/r2w0t/dev/RCB/workspaces/controller_ws/install/camera/lib/camera/camera_node" to ""
[9.288s] -- Up-to-date: /home/r2w0t/dev/RCB/workspaces/controller_ws/install/camera/share/ament_index/resource_index/package_run_dependencies/camera
[9.288s] -- Up-to-date: /home/r2w0t/dev/RCB/workspaces/controller_ws/install/camera/share/ament_index/resource_index/parent_prefix_path/camera
[9.288s] -- Up-to-date: /home/r2w0t/dev/RCB/workspaces/controller_ws/install/camera/share/camera/environment/ament_prefix_path.sh
[9.288s] -- Up-to-date: /home/r2w0t/dev/RCB/workspaces/controller_ws/install/camera/share/camera/environment/ament_prefix_path.dsv
[9.288s] -- Up-to-date: /home/r2w0t/dev/RCB/workspaces/controller_ws/install/camera/share/camera/environment/path.sh
[9.289s] -- Up-to-date: /home/r2w0t/dev/RCB/workspaces/controller_ws/install/camera/share/camera/environment/path.dsv
[9.289s] -- Up-to-date: /home/r2w0t/dev/RCB/workspaces/controller_ws/install/camera/share/camera/local_setup.bash
[9.289s] -- Up-to-date: /home/r2w0t/dev/RCB/workspaces/controller_ws/install/camera/share/camera/local_setup.sh
[9.289s] -- Up-to-date: /home/r2w0t/dev/RCB/workspaces/controller_ws/install/camera/share/camera/local_setup.zsh
[9.289s] -- Up-to-date: /home/r2w0t/dev/RCB/workspaces/controller_ws/install/camera/share/camera/local_setup.dsv
[9.289s] -- Installing: /home/r2w0t/dev/RCB/workspaces/controller_ws/install/camera/share/camera/package.dsv
[9.289s] -- Up-to-date: /home/r2w0t/dev/RCB/workspaces/controller_ws/install/camera/share/ament_index/resource_index/packages/camera
[9.290s] -- Up-to-date: /home/r2w0t/dev/RCB/workspaces/controller_ws/install/camera/share/camera/cmake/cameraConfig.cmake
[9.290s] -- Up-to-date: /home/r2w0t/dev/RCB/workspaces/controller_ws/install/camera/share/camera/cmake/cameraConfig-version.cmake
[9.290s] -- Up-to-date: /home/r2w0t/dev/RCB/workspaces/controller_ws/install/camera/share/camera/package.xml
[9.297s] Invoked command in '/home/r2w0t/dev/RCB/workspaces/controller_ws/build/camera' returned '0': CMAKE_PREFIX_PATH=${CMAKE_PREFIX_PATH}:/nix/store/vhz65fc3cs10c5sxbwh7c5iz2pwzyx4b-ros-env _=/nix/store/yh6qg1nsi5h2xblcr67030pz58fsaxx3-coreutils-9.6/bin/env buildPhase={ echo "------------------------------------------------------------";
  echo " WARNING: the existence of this path is not guaranteed.";
  echo " It is an internal implementation detail for pkgs.mkShell.";
  echo "------------------------------------------------------------";
  echo;
  # Record all build inputs as runtime dependencies
  export;
} >> "$out" shellHook=# Setup ROS 2 shell completion. Doing it in direnv is useless.
if [[ ! $DIRENV_IN_ENVRC ]]; then
    eval "$(/nix/store/dds9yi6lc5zh41n5k4qnijq4xjk7069v-python3.12-argcomplete-3.5.3/bin/register-python-argcomplete ros2)"
    eval "$(/nix/store/dds9yi6lc5zh41n5k4qnijq4xjk7069v-python3.12-argcomplete-3.5.3/bin/register-python-argcomplete colcon)"
fi /nix/store/8jljd7zhwwcpqmfj3cz18nbr9x4dilf1-python3.12-cmake-3.31.5/bin/cmake --install /home/r2w0t/dev/RCB/workspaces/controller_ws/build/camera
