[0.035s] Invoking command in '/home/r2w0t/dev/RCB/workspaces/controller_ws/build/robot_interfaces': CMAKE_PREFIX_PATH=${CMAKE_PREFIX_PATH}:/nix/store/vhz65fc3cs10c5sxbwh7c5iz2pwzyx4b-ros-env _=/nix/store/yh6qg1nsi5h2xblcr67030pz58fsaxx3-coreutils-9.6/bin/env buildPhase={ echo "------------------------------------------------------------";
  echo " WARNING: the existence of this path is not guaranteed.";
  echo " It is an internal implementation detail for pkgs.mkShell.";
  echo "------------------------------------------------------------";
  echo;
  # Record all build inputs as runtime dependencies
  export;
} >> "$out" shellHook=# Setup ROS 2 shell completion. Doing it in direnv is useless.
if [[ ! $DIRENV_IN_ENVRC ]]; then
    eval "$(/nix/store/dds9yi6lc5zh41n5k4qnijq4xjk7069v-python3.12-argcomplete-3.5.3/bin/register-python-argcomplete ros2)"
    eval "$(/nix/store/dds9yi6lc5zh41n5k4qnijq4xjk7069v-python3.12-argcomplete-3.5.3/bin/register-python-argcomplete colcon)"
fi /nix/store/8jljd7zhwwcpqmfj3cz18nbr9x4dilf1-python3.12-cmake-3.31.5/bin/cmake --build /home/r2w0t/dev/RCB/workspaces/controller_ws/build/robot_interfaces -- -j4 -l4
[0.269s] [  1%] Built target robot_interfaces__rosidl_generator_type_description
[0.348s] [  1%] Built target ament_cmake_python_copy_robot_interfaces
[0.422s] [ 22%] Built target robot_interfaces__rosidl_generator_c
[1.157s] running egg_info
[1.206s] writing robot_interfaces.egg-info/PKG-INFO
[1.207s] writing dependency_links to robot_interfaces.egg-info/dependency_links.txt
[1.209s] writing top-level names to robot_interfaces.egg-info/top_level.txt
[1.354s] reading manifest file 'robot_interfaces.egg-info/SOURCES.txt'
[1.355s] writing manifest file 'robot_interfaces.egg-info/SOURCES.txt'
[1.423s] [ 22%] Built target ament_cmake_python_build_robot_interfaces_egg
[1.487s] [ 31%] Built target robot_interfaces__rosidl_typesupport_introspection_c
[1.549s] [ 40%] Built target robot_interfaces__rosidl_typesupport_c
[1.617s] [ 50%] Built target robot_interfaces__rosidl_typesupport_fastrtps_c
[1.675s] [ 51%] Built target robot_interfaces__cpp
[1.742s] [ 61%] Built target robot_interfaces__rosidl_typesupport_cpp
[1.810s] [ 70%] Built target robot_interfaces__rosidl_typesupport_introspection_cpp
[1.878s] [ 79%] Built target robot_interfaces__rosidl_typesupport_fastrtps_cpp
[1.934s] [ 79%] Built target robot_interfaces
[1.988s] [ 81%] Built target robot_interfaces__py
[2.061s] [ 88%] Built target robot_interfaces__rosidl_generator_py
[2.122s] [ 92%] Built target robot_interfaces_s__rosidl_typesupport_fastrtps_c
[2.187s] [ 96%] Built target robot_interfaces_s__rosidl_typesupport_c
[2.254s] [100%] Built target robot_interfaces_s__rosidl_typesupport_introspection_c
[2.289s] Invoked command in '/home/r2w0t/dev/RCB/workspaces/controller_ws/build/robot_interfaces' returned '0': CMAKE_PREFIX_PATH=${CMAKE_PREFIX_PATH}:/nix/store/vhz65fc3cs10c5sxbwh7c5iz2pwzyx4b-ros-env _=/nix/store/yh6qg1nsi5h2xblcr67030pz58fsaxx3-coreutils-9.6/bin/env buildPhase={ echo "------------------------------------------------------------";
  echo " WARNING: the existence of this path is not guaranteed.";
  echo " It is an internal implementation detail for pkgs.mkShell.";
  echo "------------------------------------------------------------";
  echo;
  # Record all build inputs as runtime dependencies
  export;
} >> "$out" shellHook=# Setup ROS 2 shell completion. Doing it in direnv is useless.
if [[ ! $DIRENV_IN_ENVRC ]]; then
    eval "$(/nix/store/dds9yi6lc5zh41n5k4qnijq4xjk7069v-python3.12-argcomplete-3.5.3/bin/register-python-argcomplete ros2)"
    eval "$(/nix/store/dds9yi6lc5zh41n5k4qnijq4xjk7069v-python3.12-argcomplete-3.5.3/bin/register-python-argcomplete colcon)"
fi /nix/store/8jljd7zhwwcpqmfj3cz18nbr9x4dilf1-python3.12-cmake-3.31.5/bin/cmake --build /home/r2w0t/dev/RCB/workspaces/controller_ws/build/robot_interfaces -- -j4 -l4
[2.420s] Invoking command in '/home/r2w0t/dev/RCB/workspaces/controller_ws/build/robot_interfaces': CMAKE_PREFIX_PATH=${CMAKE_PREFIX_PATH}:/nix/store/vhz65fc3cs10c5sxbwh7c5iz2pwzyx4b-ros-env _=/nix/store/yh6qg1nsi5h2xblcr67030pz58fsaxx3-coreutils-9.6/bin/env buildPhase={ echo "------------------------------------------------------------";
  echo " WARNING: the existence of this path is not guaranteed.";
  echo " It is an internal implementation detail for pkgs.mkShell.";
  echo "------------------------------------------------------------";
  echo;
  # Record all build inputs as runtime dependencies
  export;
} >> "$out" shellHook=# Setup ROS 2 shell completion. Doing it in direnv is useless.
if [[ ! $DIRENV_IN_ENVRC ]]; then
    eval "$(/nix/store/dds9yi6lc5zh41n5k4qnijq4xjk7069v-python3.12-argcomplete-3.5.3/bin/register-python-argcomplete ros2)"
    eval "$(/nix/store/dds9yi6lc5zh41n5k4qnijq4xjk7069v-python3.12-argcomplete-3.5.3/bin/register-python-argcomplete colcon)"
fi /nix/store/8jljd7zhwwcpqmfj3cz18nbr9x4dilf1-python3.12-cmake-3.31.5/bin/cmake --install /home/r2w0t/dev/RCB/workspaces/controller_ws/build/robot_interfaces
[2.545s] -- Install configuration: ""
[2.546s] -- Up-to-date: /home/r2w0t/dev/RCB/workspaces/controller_ws/install/robot_interfaces/share/ament_index/resource_index/rosidl_interfaces/robot_interfaces
[2.546s] -- Up-to-date: /home/r2w0t/dev/RCB/workspaces/controller_ws/install/robot_interfaces/share/robot_interfaces/msg/Command.json
[2.546s] -- Up-to-date: /home/r2w0t/dev/RCB/workspaces/controller_ws/install/robot_interfaces/share/robot_interfaces/msg/Odometry.json
[2.549s] -- Up-to-date: /home/r2w0t/dev/RCB/workspaces/controller_ws/install/robot_interfaces/share/robot_interfaces/msg/Speed.json
[2.549s] -- Up-to-date: /home/r2w0t/dev/RCB/workspaces/controller_ws/install/robot_interfaces/include/robot_interfaces/robot_interfaces
[2.550s] -- Up-to-date: /home/r2w0t/dev/RCB/workspaces/controller_ws/install/robot_interfaces/include/robot_interfaces/robot_interfaces/msg
[2.551s] -- Up-to-date: /home/r2w0t/dev/RCB/workspaces/controller_ws/install/robot_interfaces/include/robot_interfaces/robot_interfaces/msg/detail
[2.552s] -- Up-to-date: /home/r2w0t/dev/RCB/workspaces/controller_ws/install/robot_interfaces/include/robot_interfaces/robot_interfaces/msg/detail/odometry__description.c
[2.553s] -- Up-to-date: /home/r2w0t/dev/RCB/workspaces/controller_ws/install/robot_interfaces/include/robot_interfaces/robot_interfaces/msg/detail/speed__struct.h
[2.553s] -- Up-to-date: /home/r2w0t/dev/RCB/workspaces/controller_ws/install/robot_interfaces/include/robot_interfaces/robot_interfaces/msg/detail/command__description.c
[2.554s] -- Up-to-date: /home/r2w0t/dev/RCB/workspaces/controller_ws/install/robot_interfaces/include/robot_interfaces/robot_interfaces/msg/detail/odometry__functions.h
[2.555s] -- Up-to-date: /home/r2w0t/dev/RCB/workspaces/controller_ws/install/robot_interfaces/include/robot_interfaces/robot_interfaces/msg/detail/command__functions.c
[2.556s] -- Up-to-date: /home/r2w0t/dev/RCB/workspaces/controller_ws/install/robot_interfaces/include/robot_interfaces/robot_interfaces/msg/detail/speed__description.c
[2.557s] -- Up-to-date: /home/r2w0t/dev/RCB/workspaces/controller_ws/install/robot_interfaces/include/robot_interfaces/robot_interfaces/msg/detail/command__struct.h
[2.558s] -- Installing: /home/r2w0t/dev/RCB/workspaces/controller_ws/install/robot_interfaces/include/robot_interfaces/robot_interfaces/msg/detail/odometry__type_support.c
[2.559s] -- Up-to-date: /home/r2w0t/dev/RCB/workspaces/controller_ws/install/robot_interfaces/include/robot_interfaces/robot_interfaces/msg/detail/speed__functions.c
[2.560s] -- Up-to-date: /home/r2w0t/dev/RCB/workspaces/controller_ws/install/robot_interfaces/include/robot_interfaces/robot_interfaces/msg/detail/command__functions.h
[2.561s] -- Up-to-date: /home/r2w0t/dev/RCB/workspaces/controller_ws/install/robot_interfaces/include/robot_interfaces/robot_interfaces/msg/detail/odometry__type_support.h
[2.562s] -- Up-to-date: /home/r2w0t/dev/RCB/workspaces/controller_ws/install/robot_interfaces/include/robot_interfaces/robot_interfaces/msg/detail/speed__functions.h
[2.563s] -- Up-to-date: /home/r2w0t/dev/RCB/workspaces/controller_ws/install/robot_interfaces/include/robot_interfaces/robot_interfaces/msg/detail/speed__type_support.h
[2.564s] -- Installing: /home/r2w0t/dev/RCB/workspaces/controller_ws/install/robot_interfaces/include/robot_interfaces/robot_interfaces/msg/detail/speed__type_support.c
[2.564s] -- Up-to-date: /home/r2w0t/dev/RCB/workspaces/controller_ws/install/robot_interfaces/include/robot_interfaces/robot_interfaces/msg/detail/odometry__struct.h
[2.564s] -- Installing: /home/r2w0t/dev/RCB/workspaces/controller_ws/install/robot_interfaces/include/robot_interfaces/robot_interfaces/msg/detail/command__type_support.c
[2.565s] -- Up-to-date: /home/r2w0t/dev/RCB/workspaces/controller_ws/install/robot_interfaces/include/robot_interfaces/robot_interfaces/msg/detail/odometry__functions.c
[2.568s] -- Up-to-date: /home/r2w0t/dev/RCB/workspaces/controller_ws/install/robot_interfaces/include/robot_interfaces/robot_interfaces/msg/detail/command__type_support.h
[2.568s] -- Up-to-date: /home/r2w0t/dev/RCB/workspaces/controller_ws/install/robot_interfaces/include/robot_interfaces/robot_interfaces/msg/command.h
[2.568s] -- Up-to-date: /home/r2w0t/dev/RCB/workspaces/controller_ws/install/robot_interfaces/include/robot_interfaces/robot_interfaces/msg/speed.h
[2.569s] -- Up-to-date: /home/r2w0t/dev/RCB/workspaces/controller_ws/install/robot_interfaces/include/robot_interfaces/robot_interfaces/msg/odometry.h
[2.569s] -- Up-to-date: /home/r2w0t/dev/RCB/workspaces/controller_ws/install/robot_interfaces/include/robot_interfaces/robot_interfaces/msg/rosidl_generator_c__visibility_control.h
[2.569s] -- Up-to-date: /home/r2w0t/dev/RCB/workspaces/controller_ws/install/robot_interfaces/share/robot_interfaces/environment/library_path.sh
[2.569s] -- Up-to-date: /home/r2w0t/dev/RCB/workspaces/controller_ws/install/robot_interfaces/share/robot_interfaces/environment/library_path.dsv
[2.569s] -- Installing: /home/r2w0t/dev/RCB/workspaces/controller_ws/install/robot_interfaces/lib/librobot_interfaces__rosidl_generator_c.so
[2.570s] -- Up-to-date: /home/r2w0t/dev/RCB/workspaces/controller_ws/install/robot_interfaces/include/robot_interfaces/robot_interfaces
[2.570s] -- Up-to-date: /home/r2w0t/dev/RCB/workspaces/controller_ws/install/robot_interfaces/include/robot_interfaces/robot_interfaces/msg
[2.570s] -- Up-to-date: /home/r2w0t/dev/RCB/workspaces/controller_ws/install/robot_interfaces/include/robot_interfaces/robot_interfaces/msg/detail
[2.570s] -- Up-to-date: /home/r2w0t/dev/RCB/workspaces/controller_ws/install/robot_interfaces/include/robot_interfaces/robot_interfaces/msg/detail/command__rosidl_typesupport_fastrtps_c.h
[2.570s] -- Up-to-date: /home/r2w0t/dev/RCB/workspaces/controller_ws/install/robot_interfaces/include/robot_interfaces/robot_interfaces/msg/detail/speed__rosidl_typesupport_fastrtps_c.h
[2.570s] -- Up-to-date: /home/r2w0t/dev/RCB/workspaces/controller_ws/install/robot_interfaces/include/robot_interfaces/robot_interfaces/msg/detail/odometry__rosidl_typesupport_fastrtps_c.h
[2.571s] -- Up-to-date: /home/r2w0t/dev/RCB/workspaces/controller_ws/install/robot_interfaces/include/robot_interfaces/robot_interfaces/msg/rosidl_typesupport_fastrtps_c__visibility_control.h
[2.571s] -- Installing: /home/r2w0t/dev/RCB/workspaces/controller_ws/install/robot_interfaces/lib/librobot_interfaces__rosidl_typesupport_fastrtps_c.so
[2.571s] -- Set non-toolchain portion of runtime path of "/home/r2w0t/dev/RCB/workspaces/controller_ws/install/robot_interfaces/lib/librobot_interfaces__rosidl_typesupport_fastrtps_c.so" to ""
[2.571s] -- Up-to-date: /home/r2w0t/dev/RCB/workspaces/controller_ws/install/robot_interfaces/include/robot_interfaces/robot_interfaces
[2.571s] -- Up-to-date: /home/r2w0t/dev/RCB/workspaces/controller_ws/install/robot_interfaces/include/robot_interfaces/robot_interfaces/msg
[2.572s] -- Up-to-date: /home/r2w0t/dev/RCB/workspaces/controller_ws/install/robot_interfaces/include/robot_interfaces/robot_interfaces/msg/detail
[2.572s] -- Up-to-date: /home/r2w0t/dev/RCB/workspaces/controller_ws/install/robot_interfaces/include/robot_interfaces/robot_interfaces/msg/detail/command__rosidl_typesupport_introspection_c.h
[2.572s] -- Up-to-date: /home/r2w0t/dev/RCB/workspaces/controller_ws/install/robot_interfaces/include/robot_interfaces/robot_interfaces/msg/detail/speed__rosidl_typesupport_introspection_c.h
[2.572s] -- Installing: /home/r2w0t/dev/RCB/workspaces/controller_ws/install/robot_interfaces/include/robot_interfaces/robot_interfaces/msg/detail/odometry__type_support.c
[2.572s] -- Up-to-date: /home/r2w0t/dev/RCB/workspaces/controller_ws/install/robot_interfaces/include/robot_interfaces/robot_interfaces/msg/detail/odometry__rosidl_typesupport_introspection_c.h
[2.572s] -- Installing: /home/r2w0t/dev/RCB/workspaces/controller_ws/install/robot_interfaces/include/robot_interfaces/robot_interfaces/msg/detail/speed__type_support.c
[2.576s] -- Installing: /home/r2w0t/dev/RCB/workspaces/controller_ws/install/robot_interfaces/include/robot_interfaces/robot_interfaces/msg/detail/command__type_support.c
[2.576s] -- Up-to-date: /home/r2w0t/dev/RCB/workspaces/controller_ws/install/robot_interfaces/include/robot_interfaces/robot_interfaces/msg/rosidl_typesupport_introspection_c__visibility_control.h
[2.576s] -- Installing: /home/r2w0t/dev/RCB/workspaces/controller_ws/install/robot_interfaces/lib/librobot_interfaces__rosidl_typesupport_introspection_c.so
[2.576s] -- Set non-toolchain portion of runtime path of "/home/r2w0t/dev/RCB/workspaces/controller_ws/install/robot_interfaces/lib/librobot_interfaces__rosidl_typesupport_introspection_c.so" to ""
[2.577s] -- Installing: /home/r2w0t/dev/RCB/workspaces/controller_ws/install/robot_interfaces/lib/librobot_interfaces__rosidl_typesupport_c.so
[2.577s] -- Set non-toolchain portion of runtime path of "/home/r2w0t/dev/RCB/workspaces/controller_ws/install/robot_interfaces/lib/librobot_interfaces__rosidl_typesupport_c.so" to ""
[2.577s] -- Up-to-date: /home/r2w0t/dev/RCB/workspaces/controller_ws/install/robot_interfaces/include/robot_interfaces/robot_interfaces
[2.577s] -- Up-to-date: /home/r2w0t/dev/RCB/workspaces/controller_ws/install/robot_interfaces/include/robot_interfaces/robot_interfaces/msg
[2.578s] -- Up-to-date: /home/r2w0t/dev/RCB/workspaces/controller_ws/install/robot_interfaces/include/robot_interfaces/robot_interfaces/msg/rosidl_generator_cpp__visibility_control.hpp
[2.578s] -- Up-to-date: /home/r2w0t/dev/RCB/workspaces/controller_ws/install/robot_interfaces/include/robot_interfaces/robot_interfaces/msg/detail
[2.578s] -- Up-to-date: /home/r2w0t/dev/RCB/workspaces/controller_ws/install/robot_interfaces/include/robot_interfaces/robot_interfaces/msg/detail/command__struct.hpp
[2.578s] -- Up-to-date: /home/r2w0t/dev/RCB/workspaces/controller_ws/install/robot_interfaces/include/robot_interfaces/robot_interfaces/msg/detail/odometry__struct.hpp
[2.579s] -- Up-to-date: /home/r2w0t/dev/RCB/workspaces/controller_ws/install/robot_interfaces/include/robot_interfaces/robot_interfaces/msg/detail/speed__builder.hpp
[2.582s] -- Up-to-date: /home/r2w0t/dev/RCB/workspaces/controller_ws/install/robot_interfaces/include/robot_interfaces/robot_interfaces/msg/detail/command__builder.hpp
[2.582s] -- Up-to-date: /home/r2w0t/dev/RCB/workspaces/controller_ws/install/robot_interfaces/include/robot_interfaces/robot_interfaces/msg/detail/speed__type_support.hpp
[2.582s] -- Up-to-date: /home/r2w0t/dev/RCB/workspaces/controller_ws/install/robot_interfaces/include/robot_interfaces/robot_interfaces/msg/detail/command__type_support.hpp
[2.583s] -- Up-to-date: /home/r2w0t/dev/RCB/workspaces/controller_ws/install/robot_interfaces/include/robot_interfaces/robot_interfaces/msg/detail/speed__struct.hpp
[2.583s] -- Up-to-date: /home/r2w0t/dev/RCB/workspaces/controller_ws/install/robot_interfaces/include/robot_interfaces/robot_interfaces/msg/detail/odometry__builder.hpp
[2.583s] -- Up-to-date: /home/r2w0t/dev/RCB/workspaces/controller_ws/install/robot_interfaces/include/robot_interfaces/robot_interfaces/msg/detail/odometry__traits.hpp
[2.583s] -- Up-to-date: /home/r2w0t/dev/RCB/workspaces/controller_ws/install/robot_interfaces/include/robot_interfaces/robot_interfaces/msg/detail/command__traits.hpp
[2.583s] -- Up-to-date: /home/r2w0t/dev/RCB/workspaces/controller_ws/install/robot_interfaces/include/robot_interfaces/robot_interfaces/msg/detail/speed__traits.hpp
[2.583s] -- Up-to-date: /home/r2w0t/dev/RCB/workspaces/controller_ws/install/robot_interfaces/include/robot_interfaces/robot_interfaces/msg/detail/odometry__type_support.hpp
[2.584s] -- Up-to-date: /home/r2w0t/dev/RCB/workspaces/controller_ws/install/robot_interfaces/include/robot_interfaces/robot_interfaces/msg/odometry.hpp
[2.584s] -- Up-to-date: /home/r2w0t/dev/RCB/workspaces/controller_ws/install/robot_interfaces/include/robot_interfaces/robot_interfaces/msg/speed.hpp
[2.584s] -- Up-to-date: /home/r2w0t/dev/RCB/workspaces/controller_ws/install/robot_interfaces/include/robot_interfaces/robot_interfaces/msg/command.hpp
[2.584s] -- Up-to-date: /home/r2w0t/dev/RCB/workspaces/controller_ws/install/robot_interfaces/include/robot_interfaces/robot_interfaces
[2.584s] -- Up-to-date: /home/r2w0t/dev/RCB/workspaces/controller_ws/install/robot_interfaces/include/robot_interfaces/robot_interfaces/msg
[2.588s] -- Up-to-date: /home/r2w0t/dev/RCB/workspaces/controller_ws/install/robot_interfaces/include/robot_interfaces/robot_interfaces/msg/detail
[2.588s] -- Up-to-date: /home/r2w0t/dev/RCB/workspaces/controller_ws/install/robot_interfaces/include/robot_interfaces/robot_interfaces/msg/detail/dds_fastrtps
[2.588s] -- Up-to-date: /home/r2w0t/dev/RCB/workspaces/controller_ws/install/robot_interfaces/include/robot_interfaces/robot_interfaces/msg/detail/speed__rosidl_typesupport_fastrtps_cpp.hpp
[2.589s] -- Up-to-date: /home/r2w0t/dev/RCB/workspaces/controller_ws/install/robot_interfaces/include/robot_interfaces/robot_interfaces/msg/detail/odometry__rosidl_typesupport_fastrtps_cpp.hpp
[2.589s] -- Up-to-date: /home/r2w0t/dev/RCB/workspaces/controller_ws/install/robot_interfaces/include/robot_interfaces/robot_interfaces/msg/detail/command__rosidl_typesupport_fastrtps_cpp.hpp
[2.589s] -- Up-to-date: /home/r2w0t/dev/RCB/workspaces/controller_ws/install/robot_interfaces/include/robot_interfaces/robot_interfaces/msg/rosidl_typesupport_fastrtps_cpp__visibility_control.h
[2.589s] -- Installing: /home/r2w0t/dev/RCB/workspaces/controller_ws/install/robot_interfaces/lib/librobot_interfaces__rosidl_typesupport_fastrtps_cpp.so
[2.589s] -- Set non-toolchain portion of runtime path of "/home/r2w0t/dev/RCB/workspaces/controller_ws/install/robot_interfaces/lib/librobot_interfaces__rosidl_typesupport_fastrtps_cpp.so" to ""
[2.590s] -- Up-to-date: /home/r2w0t/dev/RCB/workspaces/controller_ws/install/robot_interfaces/include/robot_interfaces/robot_interfaces
[2.594s] -- Up-to-date: /home/r2w0t/dev/RCB/workspaces/controller_ws/install/robot_interfaces/include/robot_interfaces/robot_interfaces/msg
[2.594s] -- Up-to-date: /home/r2w0t/dev/RCB/workspaces/controller_ws/install/robot_interfaces/include/robot_interfaces/robot_interfaces/msg/detail
[2.594s] -- Up-to-date: /home/r2w0t/dev/RCB/workspaces/controller_ws/install/robot_interfaces/include/robot_interfaces/robot_interfaces/msg/detail/speed__rosidl_typesupport_introspection_cpp.hpp
[2.595s] -- Up-to-date: /home/r2w0t/dev/RCB/workspaces/controller_ws/install/robot_interfaces/include/robot_interfaces/robot_interfaces/msg/detail/speed__type_support.cpp
[2.595s] -- Up-to-date: /home/r2w0t/dev/RCB/workspaces/controller_ws/install/robot_interfaces/include/robot_interfaces/robot_interfaces/msg/detail/odometry__type_support.cpp
[2.595s] -- Up-to-date: /home/r2w0t/dev/RCB/workspaces/controller_ws/install/robot_interfaces/include/robot_interfaces/robot_interfaces/msg/detail/command__type_support.cpp
[2.595s] -- Up-to-date: /home/r2w0t/dev/RCB/workspaces/controller_ws/install/robot_interfaces/include/robot_interfaces/robot_interfaces/msg/detail/command__rosidl_typesupport_introspection_cpp.hpp
[2.596s] -- Up-to-date: /home/r2w0t/dev/RCB/workspaces/controller_ws/install/robot_interfaces/include/robot_interfaces/robot_interfaces/msg/detail/odometry__rosidl_typesupport_introspection_cpp.hpp
[2.596s] -- Installing: /home/r2w0t/dev/RCB/workspaces/controller_ws/install/robot_interfaces/lib/librobot_interfaces__rosidl_typesupport_introspection_cpp.so
[2.596s] -- Set non-toolchain portion of runtime path of "/home/r2w0t/dev/RCB/workspaces/controller_ws/install/robot_interfaces/lib/librobot_interfaces__rosidl_typesupport_introspection_cpp.so" to ""
[2.597s] -- Installing: /home/r2w0t/dev/RCB/workspaces/controller_ws/install/robot_interfaces/lib/librobot_interfaces__rosidl_typesupport_cpp.so
[2.600s] -- Set non-toolchain portion of runtime path of "/home/r2w0t/dev/RCB/workspaces/controller_ws/install/robot_interfaces/lib/librobot_interfaces__rosidl_typesupport_cpp.so" to ""
[2.600s] -- Up-to-date: /home/r2w0t/dev/RCB/workspaces/controller_ws/install/robot_interfaces/share/robot_interfaces/environment/pythonpath.sh
[2.600s] -- Up-to-date: /home/r2w0t/dev/RCB/workspaces/controller_ws/install/robot_interfaces/share/robot_interfaces/environment/pythonpath.dsv
[2.601s] -- Up-to-date: /home/r2w0t/dev/RCB/workspaces/controller_ws/install/robot_interfaces/lib/python3.12/site-packages/robot_interfaces-0.0.0-py3.12.egg-info
[2.601s] -- Installing: /home/r2w0t/dev/RCB/workspaces/controller_ws/install/robot_interfaces/lib/python3.12/site-packages/robot_interfaces-0.0.0-py3.12.egg-info/SOURCES.txt
[2.601s] -- Installing: /home/r2w0t/dev/RCB/workspaces/controller_ws/install/robot_interfaces/lib/python3.12/site-packages/robot_interfaces-0.0.0-py3.12.egg-info/dependency_links.txt
[2.601s] -- Installing: /home/r2w0t/dev/RCB/workspaces/controller_ws/install/robot_interfaces/lib/python3.12/site-packages/robot_interfaces-0.0.0-py3.12.egg-info/top_level.txt
[2.602s] -- Installing: /home/r2w0t/dev/RCB/workspaces/controller_ws/install/robot_interfaces/lib/python3.12/site-packages/robot_interfaces-0.0.0-py3.12.egg-info/PKG-INFO
[2.605s] -- Up-to-date: /home/r2w0t/dev/RCB/workspaces/controller_ws/install/robot_interfaces/lib/python3.12/site-packages/robot_interfaces
[2.605s] -- Up-to-date: /home/r2w0t/dev/RCB/workspaces/controller_ws/install/robot_interfaces/lib/python3.12/site-packages/robot_interfaces/__init__.py
[2.605s] -- Up-to-date: /home/r2w0t/dev/RCB/workspaces/controller_ws/install/robot_interfaces/lib/python3.12/site-packages/robot_interfaces/msg
[2.606s] -- Up-to-date: /home/r2w0t/dev/RCB/workspaces/controller_ws/install/robot_interfaces/lib/python3.12/site-packages/robot_interfaces/msg/__init__.py
[2.606s] -- Up-to-date: /home/r2w0t/dev/RCB/workspaces/controller_ws/install/robot_interfaces/lib/python3.12/site-packages/robot_interfaces/msg/_odometry.py
[2.606s] -- Up-to-date: /home/r2w0t/dev/RCB/workspaces/controller_ws/install/robot_interfaces/lib/python3.12/site-packages/robot_interfaces/msg/_odometry_s.c
[2.606s] -- Up-to-date: /home/r2w0t/dev/RCB/workspaces/controller_ws/install/robot_interfaces/lib/python3.12/site-packages/robot_interfaces/msg/_speed.py
[2.607s] -- Up-to-date: /home/r2w0t/dev/RCB/workspaces/controller_ws/install/robot_interfaces/lib/python3.12/site-packages/robot_interfaces/msg/_command_s.c
[2.607s] -- Up-to-date: /home/r2w0t/dev/RCB/workspaces/controller_ws/install/robot_interfaces/lib/python3.12/site-packages/robot_interfaces/msg/_command.py
[2.607s] -- Up-to-date: /home/r2w0t/dev/RCB/workspaces/controller_ws/install/robot_interfaces/lib/python3.12/site-packages/robot_interfaces/msg/_speed_s.c
[2.607s] -- Up-to-date: /home/r2w0t/dev/RCB/workspaces/controller_ws/install/robot_interfaces/lib/python3.12/site-packages/robot_interfaces/_robot_interfaces_s.ep.rosidl_typesupport_fastrtps_c.c
[2.607s] -- Up-to-date: /home/r2w0t/dev/RCB/workspaces/controller_ws/install/robot_interfaces/lib/python3.12/site-packages/robot_interfaces/_robot_interfaces_s.ep.rosidl_typesupport_c.c
[2.608s] -- Up-to-date: /home/r2w0t/dev/RCB/workspaces/controller_ws/install/robot_interfaces/lib/python3.12/site-packages/robot_interfaces/robot_interfaces_s__rosidl_typesupport_fastrtps_c.so
[2.611s] -- Up-to-date: /home/r2w0t/dev/RCB/workspaces/controller_ws/install/robot_interfaces/lib/python3.12/site-packages/robot_interfaces/_robot_interfaces_s.ep.rosidl_typesupport_introspection_c.c
[2.611s] -- Up-to-date: /home/r2w0t/dev/RCB/workspaces/controller_ws/install/robot_interfaces/lib/python3.12/site-packages/robot_interfaces/robot_interfaces_s__rosidl_typesupport_introspection_c.so
[2.611s] -- Up-to-date: /home/r2w0t/dev/RCB/workspaces/controller_ws/install/robot_interfaces/lib/python3.12/site-packages/robot_interfaces/robot_interfaces_s__rosidl_typesupport_c.so
[2.749s] Listing '/home/r2w0t/dev/RCB/workspaces/controller_ws/install/robot_interfaces/lib/python3.12/site-packages/robot_interfaces'...
[2.749s] Compiling '/home/r2w0t/dev/RCB/workspaces/controller_ws/install/robot_interfaces/lib/python3.12/site-packages/robot_interfaces/__init__.py'...
[2.749s] Listing '/home/r2w0t/dev/RCB/workspaces/controller_ws/install/robot_interfaces/lib/python3.12/site-packages/robot_interfaces/msg'...
[2.749s] Compiling '/home/r2w0t/dev/RCB/workspaces/controller_ws/install/robot_interfaces/lib/python3.12/site-packages/robot_interfaces/msg/__init__.py'...
[2.750s] Compiling '/home/r2w0t/dev/RCB/workspaces/controller_ws/install/robot_interfaces/lib/python3.12/site-packages/robot_interfaces/msg/_command.py'...
[2.750s] Compiling '/home/r2w0t/dev/RCB/workspaces/controller_ws/install/robot_interfaces/lib/python3.12/site-packages/robot_interfaces/msg/_odometry.py'...
[2.750s] Compiling '/home/r2w0t/dev/RCB/workspaces/controller_ws/install/robot_interfaces/lib/python3.12/site-packages/robot_interfaces/msg/_speed.py'...
[2.763s] -- Installing: /home/r2w0t/dev/RCB/workspaces/controller_ws/install/robot_interfaces/lib/python3.12/site-packages/robot_interfaces/robot_interfaces_s__rosidl_typesupport_fastrtps_c.so
[2.764s] -- Set non-toolchain portion of runtime path of "/home/r2w0t/dev/RCB/workspaces/controller_ws/install/robot_interfaces/lib/python3.12/site-packages/robot_interfaces/robot_interfaces_s__rosidl_typesupport_fastrtps_c.so" to ""
[2.765s] -- Installing: /home/r2w0t/dev/RCB/workspaces/controller_ws/install/robot_interfaces/lib/python3.12/site-packages/robot_interfaces/robot_interfaces_s__rosidl_typesupport_introspection_c.so
[2.766s] -- Set non-toolchain portion of runtime path of "/home/r2w0t/dev/RCB/workspaces/controller_ws/install/robot_interfaces/lib/python3.12/site-packages/robot_interfaces/robot_interfaces_s__rosidl_typesupport_introspection_c.so" to ""
[2.767s] -- Installing: /home/r2w0t/dev/RCB/workspaces/controller_ws/install/robot_interfaces/lib/python3.12/site-packages/robot_interfaces/robot_interfaces_s__rosidl_typesupport_c.so
[2.768s] -- Set non-toolchain portion of runtime path of "/home/r2w0t/dev/RCB/workspaces/controller_ws/install/robot_interfaces/lib/python3.12/site-packages/robot_interfaces/robot_interfaces_s__rosidl_typesupport_c.so" to ""
[2.769s] -- Installing: /home/r2w0t/dev/RCB/workspaces/controller_ws/install/robot_interfaces/lib/librobot_interfaces__rosidl_generator_py.so
[2.770s] -- Set non-toolchain portion of runtime path of "/home/r2w0t/dev/RCB/workspaces/controller_ws/install/robot_interfaces/lib/librobot_interfaces__rosidl_generator_py.so" to ""
[2.771s] -- Up-to-date: /home/r2w0t/dev/RCB/workspaces/controller_ws/install/robot_interfaces/share/robot_interfaces/msg/Command.idl
[2.771s] -- Up-to-date: /home/r2w0t/dev/RCB/workspaces/controller_ws/install/robot_interfaces/share/robot_interfaces/msg/Odometry.idl
[2.772s] -- Up-to-date: /home/r2w0t/dev/RCB/workspaces/controller_ws/install/robot_interfaces/share/robot_interfaces/msg/Speed.idl
[2.772s] -- Up-to-date: /home/r2w0t/dev/RCB/workspaces/controller_ws/install/robot_interfaces/share/robot_interfaces/msg/Command.msg
[2.773s] -- Up-to-date: /home/r2w0t/dev/RCB/workspaces/controller_ws/install/robot_interfaces/share/robot_interfaces/msg/Odometry.msg
[2.773s] -- Up-to-date: /home/r2w0t/dev/RCB/workspaces/controller_ws/install/robot_interfaces/share/robot_interfaces/msg/Speed.msg
[2.773s] -- Up-to-date: /home/r2w0t/dev/RCB/workspaces/controller_ws/install/robot_interfaces/share/ament_index/resource_index/package_run_dependencies/robot_interfaces
[2.774s] -- Up-to-date: /home/r2w0t/dev/RCB/workspaces/controller_ws/install/robot_interfaces/share/ament_index/resource_index/parent_prefix_path/robot_interfaces
[2.774s] -- Up-to-date: /home/r2w0t/dev/RCB/workspaces/controller_ws/install/robot_interfaces/share/robot_interfaces/environment/ament_prefix_path.sh
[2.775s] -- Up-to-date: /home/r2w0t/dev/RCB/workspaces/controller_ws/install/robot_interfaces/share/robot_interfaces/environment/ament_prefix_path.dsv
[2.775s] -- Up-to-date: /home/r2w0t/dev/RCB/workspaces/controller_ws/install/robot_interfaces/share/robot_interfaces/environment/path.sh
[2.776s] -- Up-to-date: /home/r2w0t/dev/RCB/workspaces/controller_ws/install/robot_interfaces/share/robot_interfaces/environment/path.dsv
[2.776s] -- Up-to-date: /home/r2w0t/dev/RCB/workspaces/controller_ws/install/robot_interfaces/share/robot_interfaces/local_setup.bash
[2.777s] -- Up-to-date: /home/r2w0t/dev/RCB/workspaces/controller_ws/install/robot_interfaces/share/robot_interfaces/local_setup.sh
[2.777s] -- Up-to-date: /home/r2w0t/dev/RCB/workspaces/controller_ws/install/robot_interfaces/share/robot_interfaces/local_setup.zsh
[2.778s] -- Up-to-date: /home/r2w0t/dev/RCB/workspaces/controller_ws/install/robot_interfaces/share/robot_interfaces/local_setup.dsv
[2.779s] -- Installing: /home/r2w0t/dev/RCB/workspaces/controller_ws/install/robot_interfaces/share/robot_interfaces/package.dsv
[2.779s] -- Up-to-date: /home/r2w0t/dev/RCB/workspaces/controller_ws/install/robot_interfaces/share/ament_index/resource_index/packages/robot_interfaces
[2.780s] -- Up-to-date: /home/r2w0t/dev/RCB/workspaces/controller_ws/install/robot_interfaces/share/robot_interfaces/cmake/export_robot_interfaces__rosidl_generator_cExport.cmake
[2.781s] -- Up-to-date: /home/r2w0t/dev/RCB/workspaces/controller_ws/install/robot_interfaces/share/robot_interfaces/cmake/export_robot_interfaces__rosidl_generator_cExport-noconfig.cmake
[2.781s] -- Up-to-date: /home/r2w0t/dev/RCB/workspaces/controller_ws/install/robot_interfaces/share/robot_interfaces/cmake/export_robot_interfaces__rosidl_typesupport_fastrtps_cExport.cmake
[2.782s] -- Up-to-date: /home/r2w0t/dev/RCB/workspaces/controller_ws/install/robot_interfaces/share/robot_interfaces/cmake/export_robot_interfaces__rosidl_typesupport_fastrtps_cExport-noconfig.cmake
[2.783s] -- Up-to-date: /home/r2w0t/dev/RCB/workspaces/controller_ws/install/robot_interfaces/share/robot_interfaces/cmake/robot_interfaces__rosidl_typesupport_introspection_cExport.cmake
[2.783s] -- Up-to-date: /home/r2w0t/dev/RCB/workspaces/controller_ws/install/robot_interfaces/share/robot_interfaces/cmake/robot_interfaces__rosidl_typesupport_introspection_cExport-noconfig.cmake
[2.784s] -- Up-to-date: /home/r2w0t/dev/RCB/workspaces/controller_ws/install/robot_interfaces/share/robot_interfaces/cmake/robot_interfaces__rosidl_typesupport_cExport.cmake
[2.784s] -- Up-to-date: /home/r2w0t/dev/RCB/workspaces/controller_ws/install/robot_interfaces/share/robot_interfaces/cmake/robot_interfaces__rosidl_typesupport_cExport-noconfig.cmake
[2.785s] -- Up-to-date: /home/r2w0t/dev/RCB/workspaces/controller_ws/install/robot_interfaces/share/robot_interfaces/cmake/export_robot_interfaces__rosidl_generator_cppExport.cmake
[2.786s] -- Up-to-date: /home/r2w0t/dev/RCB/workspaces/controller_ws/install/robot_interfaces/share/robot_interfaces/cmake/export_robot_interfaces__rosidl_typesupport_fastrtps_cppExport.cmake
[2.786s] -- Up-to-date: /home/r2w0t/dev/RCB/workspaces/controller_ws/install/robot_interfaces/share/robot_interfaces/cmake/export_robot_interfaces__rosidl_typesupport_fastrtps_cppExport-noconfig.cmake
[2.787s] -- Up-to-date: /home/r2w0t/dev/RCB/workspaces/controller_ws/install/robot_interfaces/share/robot_interfaces/cmake/robot_interfaces__rosidl_typesupport_introspection_cppExport.cmake
[2.787s] -- Up-to-date: /home/r2w0t/dev/RCB/workspaces/controller_ws/install/robot_interfaces/share/robot_interfaces/cmake/robot_interfaces__rosidl_typesupport_introspection_cppExport-noconfig.cmake
[2.788s] -- Up-to-date: /home/r2w0t/dev/RCB/workspaces/controller_ws/install/robot_interfaces/share/robot_interfaces/cmake/robot_interfaces__rosidl_typesupport_cppExport.cmake
[2.788s] -- Up-to-date: /home/r2w0t/dev/RCB/workspaces/controller_ws/install/robot_interfaces/share/robot_interfaces/cmake/robot_interfaces__rosidl_typesupport_cppExport-noconfig.cmake
[2.789s] -- Up-to-date: /home/r2w0t/dev/RCB/workspaces/controller_ws/install/robot_interfaces/share/robot_interfaces/cmake/export_robot_interfaces__rosidl_generator_pyExport.cmake
[2.789s] -- Up-to-date: /home/r2w0t/dev/RCB/workspaces/controller_ws/install/robot_interfaces/share/robot_interfaces/cmake/export_robot_interfaces__rosidl_generator_pyExport-noconfig.cmake
[2.790s] -- Up-to-date: /home/r2w0t/dev/RCB/workspaces/controller_ws/install/robot_interfaces/share/robot_interfaces/cmake/rosidl_cmake-extras.cmake
[2.791s] -- Up-to-date: /home/r2w0t/dev/RCB/workspaces/controller_ws/install/robot_interfaces/share/robot_interfaces/cmake/ament_cmake_export_include_directories-extras.cmake
[2.792s] -- Up-to-date: /home/r2w0t/dev/RCB/workspaces/controller_ws/install/robot_interfaces/share/robot_interfaces/cmake/ament_cmake_export_libraries-extras.cmake
[2.792s] -- Up-to-date: /home/r2w0t/dev/RCB/workspaces/controller_ws/install/robot_interfaces/share/robot_interfaces/cmake/ament_cmake_export_targets-extras.cmake
[2.792s] -- Up-to-date: /home/r2w0t/dev/RCB/workspaces/controller_ws/install/robot_interfaces/share/robot_interfaces/cmake/rosidl_cmake_export_typesupport_targets-extras.cmake
[2.795s] -- Up-to-date: /home/r2w0t/dev/RCB/workspaces/controller_ws/install/robot_interfaces/share/robot_interfaces/cmake/ament_cmake_export_dependencies-extras.cmake
[2.796s] -- Up-to-date: /home/r2w0t/dev/RCB/workspaces/controller_ws/install/robot_interfaces/share/robot_interfaces/cmake/rosidl_cmake_export_typesupport_libraries-extras.cmake
[2.796s] -- Up-to-date: /home/r2w0t/dev/RCB/workspaces/controller_ws/install/robot_interfaces/share/robot_interfaces/cmake/robot_interfacesConfig.cmake
[2.797s] -- Up-to-date: /home/r2w0t/dev/RCB/workspaces/controller_ws/install/robot_interfaces/share/robot_interfaces/cmake/robot_interfacesConfig-version.cmake
[2.797s] -- Up-to-date: /home/r2w0t/dev/RCB/workspaces/controller_ws/install/robot_interfaces/share/robot_interfaces/package.xml
[2.810s] Invoked command in '/home/r2w0t/dev/RCB/workspaces/controller_ws/build/robot_interfaces' returned '0': CMAKE_PREFIX_PATH=${CMAKE_PREFIX_PATH}:/nix/store/vhz65fc3cs10c5sxbwh7c5iz2pwzyx4b-ros-env _=/nix/store/yh6qg1nsi5h2xblcr67030pz58fsaxx3-coreutils-9.6/bin/env buildPhase={ echo "------------------------------------------------------------";
  echo " WARNING: the existence of this path is not guaranteed.";
  echo " It is an internal implementation detail for pkgs.mkShell.";
  echo "------------------------------------------------------------";
  echo;
  # Record all build inputs as runtime dependencies
  export;
} >> "$out" shellHook=# Setup ROS 2 shell completion. Doing it in direnv is useless.
if [[ ! $DIRENV_IN_ENVRC ]]; then
    eval "$(/nix/store/dds9yi6lc5zh41n5k4qnijq4xjk7069v-python3.12-argcomplete-3.5.3/bin/register-python-argcomplete ros2)"
    eval "$(/nix/store/dds9yi6lc5zh41n5k4qnijq4xjk7069v-python3.12-argcomplete-3.5.3/bin/register-python-argcomplete colcon)"
fi /nix/store/8jljd7zhwwcpqmfj3cz18nbr9x4dilf1-python3.12-cmake-3.31.5/bin/cmake --install /home/r2w0t/dev/RCB/workspaces/controller_ws/build/robot_interfaces
