[0.261s] DEBUG:colcon:Command line arguments: ['/nix/store/rsffwkc8nqixa8qy458rvcw3zrwrqwz6-python3.12-colcon-core-0.19.0/bin/colcon', 'build', '--packages-select', 'robot_interfaces']
[0.261s] DEBUG:colcon:Parsed command line arguments: Namespace(log_base=None, log_level=None, verb_name='build', build_base='build', install_base='install', merge_install=False, symlink_install=False, test_result_base=None, continue_on_error=False, executor='parallel', parallel_workers=4, event_handlers=None, ignore_user_meta=False, metas=['./colcon.meta'], base_paths=['.'], packages_ignore=None, packages_ignore_regex=None, paths=None, packages_up_to=None, packages_up_to_regex=None, packages_above=None, packages_above_and_dependencies=None, packages_above_depth=None, packages_select_by_dep=None, packages_skip_by_dep=None, packages_skip_up_to=None, packages_select_build_failed=False, packages_skip_build_finished=False, packages_select_test_failures=False, packages_skip_test_passed=False, packages_select=['robot_interfaces'], packages_skip=None, packages_select_regex=None, packages_skip_regex=None, packages_start=None, packages_end=None, cmake_args=None, cmake_target=None, cmake_target_skip_unavailable=False, cmake_clean_cache=False, cmake_clean_first=False, cmake_force_configure=False, ament_cmake_args=None, catkin_cmake_args=None, catkin_skip_building_tests=False, mixin_files=None, mixin=None, verb_parser=<colcon_mixin.mixin.mixin_argument.MixinArgumentDecorator object at 0x7f8922e1e510>, verb_extension=<colcon_core.verb.build.BuildVerb object at 0x7f8922f3e7b0>, main=<bound method BuildVerb.main of <colcon_core.verb.build.BuildVerb object at 0x7f8922f3e7b0>>, mixin_verb=('build',))
[0.320s] Level 1:colcon.colcon_core.package_discovery:discover_packages(colcon_meta) check parameters
[0.321s] Level 1:colcon.colcon_core.package_discovery:discover_packages(recursive) check parameters
[0.321s] Level 1:colcon.colcon_core.package_discovery:discover_packages(ignore) check parameters
[0.321s] Level 1:colcon.colcon_core.package_discovery:discover_packages(path) check parameters
[0.321s] Level 1:colcon.colcon_core.package_discovery:discover_packages(colcon_meta) discover
[0.321s] Level 1:colcon.colcon_core.package_discovery:discover_packages(recursive) discover
[0.321s] INFO:colcon.colcon_core.package_discovery:Crawling recursively for packages in '/home/r2w0t/dev/RCB/workspaces/controller_ws'
[0.321s] Level 1:colcon.colcon_core.package_identification:_identify(.) by extensions ['ignore', 'ignore_ament_install']
[0.321s] Level 1:colcon.colcon_core.package_identification:_identify(.) by extension 'ignore'
[0.321s] Level 1:colcon.colcon_core.package_identification:_identify(.) by extension 'ignore_ament_install'
[0.321s] Level 1:colcon.colcon_core.package_identification:_identify(.) by extensions ['colcon_pkg']
[0.321s] Level 1:colcon.colcon_core.package_identification:_identify(.) by extension 'colcon_pkg'
[0.322s] Level 1:colcon.colcon_core.package_identification:_identify(.) by extensions ['colcon_meta']
[0.322s] Level 1:colcon.colcon_core.package_identification:_identify(.) by extension 'colcon_meta'
[0.322s] Level 1:colcon.colcon_core.package_identification:_identify(.) by extensions ['ros']
[0.322s] Level 1:colcon.colcon_core.package_identification:_identify(.) by extension 'ros'
[0.363s] Level 1:colcon.colcon_core.package_identification:_identify(.) by extensions ['cmake', 'python']
[0.363s] Level 1:colcon.colcon_core.package_identification:_identify(.) by extension 'cmake'
[0.363s] Level 1:colcon.colcon_core.package_identification:_identify(.) by extension 'python'
[0.363s] Level 1:colcon.colcon_core.package_identification:_identify(.) by extensions ['python_setup_py']
[0.363s] Level 1:colcon.colcon_core.package_identification:_identify(.) by extension 'python_setup_py'
[0.364s] Level 1:colcon.colcon_core.package_identification:_identify(build) by extensions ['ignore', 'ignore_ament_install']
[0.364s] Level 1:colcon.colcon_core.package_identification:_identify(build) by extension 'ignore'
[0.364s] Level 1:colcon.colcon_core.package_identification:_identify(build) ignored
[0.364s] Level 1:colcon.colcon_core.package_identification:_identify(install) by extensions ['ignore', 'ignore_ament_install']
[0.364s] Level 1:colcon.colcon_core.package_identification:_identify(install) by extension 'ignore'
[0.364s] Level 1:colcon.colcon_core.package_identification:_identify(install) ignored
[0.364s] Level 1:colcon.colcon_core.package_identification:_identify(log) by extensions ['ignore', 'ignore_ament_install']
[0.364s] Level 1:colcon.colcon_core.package_identification:_identify(log) by extension 'ignore'
[0.364s] Level 1:colcon.colcon_core.package_identification:_identify(log) ignored
[0.365s] Level 1:colcon.colcon_core.package_identification:_identify(src) by extensions ['ignore', 'ignore_ament_install']
[0.365s] Level 1:colcon.colcon_core.package_identification:_identify(src) by extension 'ignore'
[0.365s] Level 1:colcon.colcon_core.package_identification:_identify(src) by extension 'ignore_ament_install'
[0.365s] Level 1:colcon.colcon_core.package_identification:_identify(src) by extensions ['colcon_pkg']
[0.365s] Level 1:colcon.colcon_core.package_identification:_identify(src) by extension 'colcon_pkg'
[0.365s] Level 1:colcon.colcon_core.package_identification:_identify(src) by extensions ['colcon_meta']
[0.365s] Level 1:colcon.colcon_core.package_identification:_identify(src) by extension 'colcon_meta'
[0.365s] Level 1:colcon.colcon_core.package_identification:_identify(src) by extensions ['ros']
[0.365s] Level 1:colcon.colcon_core.package_identification:_identify(src) by extension 'ros'
[0.365s] Level 1:colcon.colcon_core.package_identification:_identify(src) by extensions ['cmake', 'python']
[0.365s] Level 1:colcon.colcon_core.package_identification:_identify(src) by extension 'cmake'
[0.365s] Level 1:colcon.colcon_core.package_identification:_identify(src) by extension 'python'
[0.366s] Level 1:colcon.colcon_core.package_identification:_identify(src) by extensions ['python_setup_py']
[0.366s] Level 1:colcon.colcon_core.package_identification:_identify(src) by extension 'python_setup_py'
[0.366s] Level 1:colcon.colcon_core.package_identification:_identify(src/camera) by extensions ['ignore', 'ignore_ament_install']
[0.366s] Level 1:colcon.colcon_core.package_identification:_identify(src/camera) by extension 'ignore'
[0.366s] Level 1:colcon.colcon_core.package_identification:_identify(src/camera) by extension 'ignore_ament_install'
[0.366s] Level 1:colcon.colcon_core.package_identification:_identify(src/camera) by extensions ['colcon_pkg']
[0.366s] Level 1:colcon.colcon_core.package_identification:_identify(src/camera) by extension 'colcon_pkg'
[0.366s] Level 1:colcon.colcon_core.package_identification:_identify(src/camera) by extensions ['colcon_meta']
[0.366s] Level 1:colcon.colcon_core.package_identification:_identify(src/camera) by extension 'colcon_meta'
[0.366s] Level 1:colcon.colcon_core.package_identification:_identify(src/camera) by extensions ['ros']
[0.366s] Level 1:colcon.colcon_core.package_identification:_identify(src/camera) by extension 'ros'
[0.370s] DEBUG:colcon.colcon_core.package_identification:Package 'src/camera' with type 'ros.ament_cmake' and name 'camera'
[0.370s] Level 1:colcon.colcon_core.package_identification:_identify(src/joystick_control) by extensions ['ignore', 'ignore_ament_install']
[0.370s] Level 1:colcon.colcon_core.package_identification:_identify(src/joystick_control) by extension 'ignore'
[0.370s] Level 1:colcon.colcon_core.package_identification:_identify(src/joystick_control) by extension 'ignore_ament_install'
[0.371s] Level 1:colcon.colcon_core.package_identification:_identify(src/joystick_control) by extensions ['colcon_pkg']
[0.371s] Level 1:colcon.colcon_core.package_identification:_identify(src/joystick_control) by extension 'colcon_pkg'
[0.371s] Level 1:colcon.colcon_core.package_identification:_identify(src/joystick_control) by extensions ['colcon_meta']
[0.371s] Level 1:colcon.colcon_core.package_identification:_identify(src/joystick_control) by extension 'colcon_meta'
[0.371s] Level 1:colcon.colcon_core.package_identification:_identify(src/joystick_control) by extensions ['ros']
[0.371s] Level 1:colcon.colcon_core.package_identification:_identify(src/joystick_control) by extension 'ros'
[0.372s] DEBUG:colcon.colcon_core.package_identification:Package 'src/joystick_control' with type 'ros.ament_cmake' and name 'joystick_control'
[0.372s] Level 1:colcon.colcon_core.package_identification:_identify(src/robot_control) by extensions ['ignore', 'ignore_ament_install']
[0.372s] Level 1:colcon.colcon_core.package_identification:_identify(src/robot_control) by extension 'ignore'
[0.372s] Level 1:colcon.colcon_core.package_identification:_identify(src/robot_control) by extension 'ignore_ament_install'
[0.372s] Level 1:colcon.colcon_core.package_identification:_identify(src/robot_control) by extensions ['colcon_pkg']
[0.372s] Level 1:colcon.colcon_core.package_identification:_identify(src/robot_control) by extension 'colcon_pkg'
[0.372s] Level 1:colcon.colcon_core.package_identification:_identify(src/robot_control) by extensions ['colcon_meta']
[0.373s] Level 1:colcon.colcon_core.package_identification:_identify(src/robot_control) by extension 'colcon_meta'
[0.373s] Level 1:colcon.colcon_core.package_identification:_identify(src/robot_control) by extensions ['ros']
[0.373s] Level 1:colcon.colcon_core.package_identification:_identify(src/robot_control) by extension 'ros'
[0.374s] DEBUG:colcon.colcon_core.package_identification:Package 'src/robot_control' with type 'ros.ament_cmake' and name 'robot_control'
[0.374s] Level 1:colcon.colcon_core.package_identification:_identify(src/robot_interfaces) by extensions ['ignore', 'ignore_ament_install']
[0.374s] Level 1:colcon.colcon_core.package_identification:_identify(src/robot_interfaces) by extension 'ignore'
[0.374s] Level 1:colcon.colcon_core.package_identification:_identify(src/robot_interfaces) by extension 'ignore_ament_install'
[0.374s] Level 1:colcon.colcon_core.package_identification:_identify(src/robot_interfaces) by extensions ['colcon_pkg']
[0.374s] Level 1:colcon.colcon_core.package_identification:_identify(src/robot_interfaces) by extension 'colcon_pkg'
[0.374s] Level 1:colcon.colcon_core.package_identification:_identify(src/robot_interfaces) by extensions ['colcon_meta']
[0.374s] Level 1:colcon.colcon_core.package_identification:_identify(src/robot_interfaces) by extension 'colcon_meta'
[0.374s] Level 1:colcon.colcon_core.package_identification:_identify(src/robot_interfaces) by extensions ['ros']
[0.374s] Level 1:colcon.colcon_core.package_identification:_identify(src/robot_interfaces) by extension 'ros'
[0.376s] DEBUG:colcon.colcon_core.package_identification:Package 'src/robot_interfaces' with type 'ros.ament_cmake' and name 'robot_interfaces'
[0.376s] Level 1:colcon.colcon_core.package_discovery:discover_packages(recursive) using defaults
[0.376s] Level 1:colcon.colcon_core.package_discovery:discover_packages(ignore) discover
[0.377s] Level 1:colcon.colcon_core.package_discovery:discover_packages(ignore) using defaults
[0.377s] Level 1:colcon.colcon_core.package_discovery:discover_packages(path) discover
[0.377s] Level 1:colcon.colcon_core.package_discovery:discover_packages(path) using defaults
[0.407s] INFO:colcon.colcon_core.package_selection:Skipping not selected package 'camera' in 'src/camera'
[0.407s] INFO:colcon.colcon_core.package_selection:Skipping not selected package 'joystick_control' in 'src/joystick_control'
[0.407s] INFO:colcon.colcon_core.package_selection:Skipping not selected package 'robot_control' in 'src/robot_control'
[0.407s] Level 5:colcon.colcon_core.verb:set package 'robot_interfaces' build argument 'cmake_args' from command line to 'None'
[0.408s] Level 5:colcon.colcon_core.verb:set package 'robot_interfaces' build argument 'cmake_target' from command line to 'None'
[0.408s] Level 5:colcon.colcon_core.verb:set package 'robot_interfaces' build argument 'cmake_target_skip_unavailable' from command line to 'False'
[0.408s] Level 5:colcon.colcon_core.verb:set package 'robot_interfaces' build argument 'cmake_clean_cache' from command line to 'False'
[0.408s] Level 5:colcon.colcon_core.verb:set package 'robot_interfaces' build argument 'cmake_clean_first' from command line to 'False'
[0.408s] Level 5:colcon.colcon_core.verb:set package 'robot_interfaces' build argument 'cmake_force_configure' from command line to 'False'
[0.408s] Level 5:colcon.colcon_core.verb:set package 'robot_interfaces' build argument 'ament_cmake_args' from command line to 'None'
[0.408s] Level 5:colcon.colcon_core.verb:set package 'robot_interfaces' build argument 'catkin_cmake_args' from command line to 'None'
[0.408s] Level 5:colcon.colcon_core.verb:set package 'robot_interfaces' build argument 'catkin_skip_building_tests' from command line to 'False'
[0.408s] DEBUG:colcon.colcon_core.verb:Building package 'robot_interfaces' with the following arguments: {'ament_cmake_args': None, 'build_base': '/home/r2w0t/dev/RCB/workspaces/controller_ws/build/robot_interfaces', 'catkin_cmake_args': None, 'catkin_skip_building_tests': False, 'cmake_args': None, 'cmake_clean_cache': False, 'cmake_clean_first': False, 'cmake_force_configure': False, 'cmake_target': None, 'cmake_target_skip_unavailable': False, 'install_base': '/home/r2w0t/dev/RCB/workspaces/controller_ws/install/robot_interfaces', 'merge_install': False, 'path': '/home/r2w0t/dev/RCB/workspaces/controller_ws/src/robot_interfaces', 'symlink_install': False, 'test_result_base': None}
[0.408s] INFO:colcon.colcon_core.executor:Executing jobs using 'parallel' executor
[0.409s] DEBUG:colcon.colcon_parallel_executor.executor.parallel:run_until_complete
[0.409s] INFO:colcon.colcon_ros.task.ament_cmake.build:Building ROS package in '/home/r2w0t/dev/RCB/workspaces/controller_ws/src/robot_interfaces' with build type 'ament_cmake'
[0.410s] INFO:colcon.colcon_cmake.task.cmake.build:Building CMake package in '/home/r2w0t/dev/RCB/workspaces/controller_ws/src/robot_interfaces'
[0.415s] INFO:colcon.colcon_core.plugin_system:Skipping extension 'colcon_core.shell.bat': Not used on non-Windows systems
[0.415s] DEBUG:colcon.colcon_core.shell:Skip shell extension 'dsv' for command environment
[0.417s] WARNING:colcon.colcon_ros.prefix_path.ament:The path '/nix/store/vhz65fc3cs10c5sxbwh7c5iz2pwzyx4b-ros-env' in the environment variable AMENT_PREFIX_PATH doesn't contain any 'local_setup.*' files.
[0.427s] DEBUG:colcon.colcon_core.event_handler.log_command:Invoking command in '/home/r2w0t/dev/RCB/workspaces/controller_ws/build/robot_interfaces': CMAKE_PREFIX_PATH=/nix/store/vhz65fc3cs10c5sxbwh7c5iz2pwzyx4b-ros-env _=/nix/store/yh6qg1nsi5h2xblcr67030pz58fsaxx3-coreutils-9.6/bin/env buildPhase={ echo "------------------------------------------------------------";
  echo " WARNING: the existence of this path is not guaranteed.";
  echo " It is an internal implementation detail for pkgs.mkShell.";
  echo "------------------------------------------------------------";
  echo;
  # Record all build inputs as runtime dependencies
  export;
} >> "$out" shellHook=# Setup ROS 2 shell completion. Doing it in direnv is useless.
if [[ ! $DIRENV_IN_ENVRC ]]; then
    eval "$(/nix/store/dds9yi6lc5zh41n5k4qnijq4xjk7069v-python3.12-argcomplete-3.5.3/bin/register-python-argcomplete ros2)"
    eval "$(/nix/store/dds9yi6lc5zh41n5k4qnijq4xjk7069v-python3.12-argcomplete-3.5.3/bin/register-python-argcomplete colcon)"
fi /nix/store/8jljd7zhwwcpqmfj3cz18nbr9x4dilf1-python3.12-cmake-3.31.5/bin/cmake /home/r2w0t/dev/RCB/workspaces/controller_ws/src/robot_interfaces -DCMAKE_INSTALL_PREFIX=/home/r2w0t/dev/RCB/workspaces/controller_ws/install/robot_interfaces
[7.072s] DEBUG:colcon.colcon_core.event_handler.log_command:Invoked command in '/home/r2w0t/dev/RCB/workspaces/controller_ws/build/robot_interfaces' returned '0': CMAKE_PREFIX_PATH=/nix/store/vhz65fc3cs10c5sxbwh7c5iz2pwzyx4b-ros-env _=/nix/store/yh6qg1nsi5h2xblcr67030pz58fsaxx3-coreutils-9.6/bin/env buildPhase={ echo "------------------------------------------------------------";
  echo " WARNING: the existence of this path is not guaranteed.";
  echo " It is an internal implementation detail for pkgs.mkShell.";
  echo "------------------------------------------------------------";
  echo;
  # Record all build inputs as runtime dependencies
  export;
} >> "$out" shellHook=# Setup ROS 2 shell completion. Doing it in direnv is useless.
if [[ ! $DIRENV_IN_ENVRC ]]; then
    eval "$(/nix/store/dds9yi6lc5zh41n5k4qnijq4xjk7069v-python3.12-argcomplete-3.5.3/bin/register-python-argcomplete ros2)"
    eval "$(/nix/store/dds9yi6lc5zh41n5k4qnijq4xjk7069v-python3.12-argcomplete-3.5.3/bin/register-python-argcomplete colcon)"
fi /nix/store/8jljd7zhwwcpqmfj3cz18nbr9x4dilf1-python3.12-cmake-3.31.5/bin/cmake /home/r2w0t/dev/RCB/workspaces/controller_ws/src/robot_interfaces -DCMAKE_INSTALL_PREFIX=/home/r2w0t/dev/RCB/workspaces/controller_ws/install/robot_interfaces
[7.075s] DEBUG:colcon.colcon_core.event_handler.log_command:Invoking command in '/home/r2w0t/dev/RCB/workspaces/controller_ws/build/robot_interfaces': CMAKE_PREFIX_PATH=/nix/store/vhz65fc3cs10c5sxbwh7c5iz2pwzyx4b-ros-env _=/nix/store/yh6qg1nsi5h2xblcr67030pz58fsaxx3-coreutils-9.6/bin/env buildPhase={ echo "------------------------------------------------------------";
  echo " WARNING: the existence of this path is not guaranteed.";
  echo " It is an internal implementation detail for pkgs.mkShell.";
  echo "------------------------------------------------------------";
  echo;
  # Record all build inputs as runtime dependencies
  export;
} >> "$out" shellHook=# Setup ROS 2 shell completion. Doing it in direnv is useless.
if [[ ! $DIRENV_IN_ENVRC ]]; then
    eval "$(/nix/store/dds9yi6lc5zh41n5k4qnijq4xjk7069v-python3.12-argcomplete-3.5.3/bin/register-python-argcomplete ros2)"
    eval "$(/nix/store/dds9yi6lc5zh41n5k4qnijq4xjk7069v-python3.12-argcomplete-3.5.3/bin/register-python-argcomplete colcon)"
fi /nix/store/8jljd7zhwwcpqmfj3cz18nbr9x4dilf1-python3.12-cmake-3.31.5/bin/cmake --build /home/r2w0t/dev/RCB/workspaces/controller_ws/build/robot_interfaces -- -j4 -l4
[19.456s] DEBUG:colcon.colcon_core.event_handler.log_command:Invoked command in '/home/r2w0t/dev/RCB/workspaces/controller_ws/build/robot_interfaces' returned '0': CMAKE_PREFIX_PATH=/nix/store/vhz65fc3cs10c5sxbwh7c5iz2pwzyx4b-ros-env _=/nix/store/yh6qg1nsi5h2xblcr67030pz58fsaxx3-coreutils-9.6/bin/env buildPhase={ echo "------------------------------------------------------------";
  echo " WARNING: the existence of this path is not guaranteed.";
  echo " It is an internal implementation detail for pkgs.mkShell.";
  echo "------------------------------------------------------------";
  echo;
  # Record all build inputs as runtime dependencies
  export;
} >> "$out" shellHook=# Setup ROS 2 shell completion. Doing it in direnv is useless.
if [[ ! $DIRENV_IN_ENVRC ]]; then
    eval "$(/nix/store/dds9yi6lc5zh41n5k4qnijq4xjk7069v-python3.12-argcomplete-3.5.3/bin/register-python-argcomplete ros2)"
    eval "$(/nix/store/dds9yi6lc5zh41n5k4qnijq4xjk7069v-python3.12-argcomplete-3.5.3/bin/register-python-argcomplete colcon)"
fi /nix/store/8jljd7zhwwcpqmfj3cz18nbr9x4dilf1-python3.12-cmake-3.31.5/bin/cmake --build /home/r2w0t/dev/RCB/workspaces/controller_ws/build/robot_interfaces -- -j4 -l4
[19.528s] DEBUG:colcon.colcon_core.event_handler.log_command:Invoking command in '/home/r2w0t/dev/RCB/workspaces/controller_ws/build/robot_interfaces': CMAKE_PREFIX_PATH=/nix/store/vhz65fc3cs10c5sxbwh7c5iz2pwzyx4b-ros-env _=/nix/store/yh6qg1nsi5h2xblcr67030pz58fsaxx3-coreutils-9.6/bin/env buildPhase={ echo "------------------------------------------------------------";
  echo " WARNING: the existence of this path is not guaranteed.";
  echo " It is an internal implementation detail for pkgs.mkShell.";
  echo "------------------------------------------------------------";
  echo;
  # Record all build inputs as runtime dependencies
  export;
} >> "$out" shellHook=# Setup ROS 2 shell completion. Doing it in direnv is useless.
if [[ ! $DIRENV_IN_ENVRC ]]; then
    eval "$(/nix/store/dds9yi6lc5zh41n5k4qnijq4xjk7069v-python3.12-argcomplete-3.5.3/bin/register-python-argcomplete ros2)"
    eval "$(/nix/store/dds9yi6lc5zh41n5k4qnijq4xjk7069v-python3.12-argcomplete-3.5.3/bin/register-python-argcomplete colcon)"
fi /nix/store/8jljd7zhwwcpqmfj3cz18nbr9x4dilf1-python3.12-cmake-3.31.5/bin/cmake --install /home/r2w0t/dev/RCB/workspaces/controller_ws/build/robot_interfaces
[19.741s] Level 1:colcon.colcon_core.environment:create_environment_scripts_only(robot_interfaces)
[19.742s] DEBUG:colcon.colcon_core.event_handler.log_command:Invoked command in '/home/r2w0t/dev/RCB/workspaces/controller_ws/build/robot_interfaces' returned '0': CMAKE_PREFIX_PATH=/nix/store/vhz65fc3cs10c5sxbwh7c5iz2pwzyx4b-ros-env _=/nix/store/yh6qg1nsi5h2xblcr67030pz58fsaxx3-coreutils-9.6/bin/env buildPhase={ echo "------------------------------------------------------------";
  echo " WARNING: the existence of this path is not guaranteed.";
  echo " It is an internal implementation detail for pkgs.mkShell.";
  echo "------------------------------------------------------------";
  echo;
  # Record all build inputs as runtime dependencies
  export;
} >> "$out" shellHook=# Setup ROS 2 shell completion. Doing it in direnv is useless.
if [[ ! $DIRENV_IN_ENVRC ]]; then
    eval "$(/nix/store/dds9yi6lc5zh41n5k4qnijq4xjk7069v-python3.12-argcomplete-3.5.3/bin/register-python-argcomplete ros2)"
    eval "$(/nix/store/dds9yi6lc5zh41n5k4qnijq4xjk7069v-python3.12-argcomplete-3.5.3/bin/register-python-argcomplete colcon)"
fi /nix/store/8jljd7zhwwcpqmfj3cz18nbr9x4dilf1-python3.12-cmake-3.31.5/bin/cmake --install /home/r2w0t/dev/RCB/workspaces/controller_ws/build/robot_interfaces
[19.746s] Level 1:colcon.colcon_core.environment:checking '/home/r2w0t/dev/RCB/workspaces/controller_ws/install/robot_interfaces' for CMake module files
[19.747s] Level 1:colcon.colcon_core.environment:checking '/home/r2w0t/dev/RCB/workspaces/controller_ws/install/robot_interfaces' for CMake config files
[19.748s] Level 1:colcon.colcon_core.shell:create_environment_hook('robot_interfaces', 'cmake_prefix_path')
[19.748s] INFO:colcon.colcon_core.shell:Creating environment descriptor '/home/r2w0t/dev/RCB/workspaces/controller_ws/install/robot_interfaces/share/robot_interfaces/hook/cmake_prefix_path.dsv'
[19.749s] INFO:colcon.colcon_core.shell:Creating environment hook '/home/r2w0t/dev/RCB/workspaces/controller_ws/install/robot_interfaces/share/robot_interfaces/hook/cmake_prefix_path.sh'
[19.750s] Level 1:colcon.colcon_core.environment:checking '/home/r2w0t/dev/RCB/workspaces/controller_ws/install/robot_interfaces/lib'
[19.751s] Level 1:colcon.colcon_core.shell:create_environment_hook('robot_interfaces', 'ld_library_path_lib')
[19.751s] INFO:colcon.colcon_core.shell:Creating environment descriptor '/home/r2w0t/dev/RCB/workspaces/controller_ws/install/robot_interfaces/share/robot_interfaces/hook/ld_library_path_lib.dsv'
[19.751s] INFO:colcon.colcon_core.shell:Creating environment hook '/home/r2w0t/dev/RCB/workspaces/controller_ws/install/robot_interfaces/share/robot_interfaces/hook/ld_library_path_lib.sh'
[19.752s] Level 1:colcon.colcon_core.environment:checking '/home/r2w0t/dev/RCB/workspaces/controller_ws/install/robot_interfaces/bin'
[19.752s] Level 1:colcon.colcon_core.environment:checking '/home/r2w0t/dev/RCB/workspaces/controller_ws/install/robot_interfaces/lib/pkgconfig/robot_interfaces.pc'
[19.754s] Level 1:colcon.colcon_core.environment:checking '/home/r2w0t/dev/RCB/workspaces/controller_ws/install/robot_interfaces/lib/python3.12/site-packages'
[19.754s] Level 1:colcon.colcon_core.shell:create_environment_hook('robot_interfaces', 'pythonpath')
[19.755s] INFO:colcon.colcon_core.shell:Creating environment descriptor '/home/r2w0t/dev/RCB/workspaces/controller_ws/install/robot_interfaces/share/robot_interfaces/hook/pythonpath.dsv'
[19.755s] INFO:colcon.colcon_core.shell:Creating environment hook '/home/r2w0t/dev/RCB/workspaces/controller_ws/install/robot_interfaces/share/robot_interfaces/hook/pythonpath.sh'
[19.756s] Level 1:colcon.colcon_core.environment:checking '/home/r2w0t/dev/RCB/workspaces/controller_ws/install/robot_interfaces/bin'
[19.756s] INFO:colcon.colcon_core.shell:Creating package descriptor '/home/r2w0t/dev/RCB/workspaces/controller_ws/install/robot_interfaces/share/robot_interfaces/package.dsv'
[19.757s] INFO:colcon.colcon_core.shell:Creating package script '/home/r2w0t/dev/RCB/workspaces/controller_ws/install/robot_interfaces/share/robot_interfaces/package.sh'
[19.758s] INFO:colcon.colcon_core.shell:Creating package script '/home/r2w0t/dev/RCB/workspaces/controller_ws/install/robot_interfaces/share/robot_interfaces/package.bash'
[19.759s] INFO:colcon.colcon_core.shell:Creating package script '/home/r2w0t/dev/RCB/workspaces/controller_ws/install/robot_interfaces/share/robot_interfaces/package.zsh'
[19.760s] Level 1:colcon.colcon_core.environment:create_file_with_runtime_dependencies(/home/r2w0t/dev/RCB/workspaces/controller_ws/install/robot_interfaces/share/colcon-core/packages/robot_interfaces)
[19.761s] Level 1:colcon.colcon_core.environment:create_environment_scripts_only(robot_interfaces)
[19.761s] Level 1:colcon.colcon_core.environment:checking '/home/r2w0t/dev/RCB/workspaces/controller_ws/install/robot_interfaces' for CMake module files
[19.762s] Level 1:colcon.colcon_core.environment:checking '/home/r2w0t/dev/RCB/workspaces/controller_ws/install/robot_interfaces' for CMake config files
[19.763s] Level 1:colcon.colcon_core.shell:create_environment_hook('robot_interfaces', 'cmake_prefix_path')
[19.764s] INFO:colcon.colcon_core.shell:Creating environment descriptor '/home/r2w0t/dev/RCB/workspaces/controller_ws/install/robot_interfaces/share/robot_interfaces/hook/cmake_prefix_path.dsv'
[19.764s] INFO:colcon.colcon_core.shell:Creating environment hook '/home/r2w0t/dev/RCB/workspaces/controller_ws/install/robot_interfaces/share/robot_interfaces/hook/cmake_prefix_path.sh'
[19.765s] Level 1:colcon.colcon_core.environment:checking '/home/r2w0t/dev/RCB/workspaces/controller_ws/install/robot_interfaces/lib'
[19.765s] Level 1:colcon.colcon_core.shell:create_environment_hook('robot_interfaces', 'ld_library_path_lib')
[19.766s] INFO:colcon.colcon_core.shell:Creating environment descriptor '/home/r2w0t/dev/RCB/workspaces/controller_ws/install/robot_interfaces/share/robot_interfaces/hook/ld_library_path_lib.dsv'
[19.766s] INFO:colcon.colcon_core.shell:Creating environment hook '/home/r2w0t/dev/RCB/workspaces/controller_ws/install/robot_interfaces/share/robot_interfaces/hook/ld_library_path_lib.sh'
[19.767s] Level 1:colcon.colcon_core.environment:checking '/home/r2w0t/dev/RCB/workspaces/controller_ws/install/robot_interfaces/bin'
[19.767s] Level 1:colcon.colcon_core.environment:checking '/home/r2w0t/dev/RCB/workspaces/controller_ws/install/robot_interfaces/lib/pkgconfig/robot_interfaces.pc'
[19.768s] Level 1:colcon.colcon_core.environment:checking '/home/r2w0t/dev/RCB/workspaces/controller_ws/install/robot_interfaces/lib/python3.12/site-packages'
[19.768s] Level 1:colcon.colcon_core.shell:create_environment_hook('robot_interfaces', 'pythonpath')
[19.768s] INFO:colcon.colcon_core.shell:Creating environment descriptor '/home/r2w0t/dev/RCB/workspaces/controller_ws/install/robot_interfaces/share/robot_interfaces/hook/pythonpath.dsv'
[19.769s] INFO:colcon.colcon_core.shell:Creating environment hook '/home/r2w0t/dev/RCB/workspaces/controller_ws/install/robot_interfaces/share/robot_interfaces/hook/pythonpath.sh'
[19.770s] Level 1:colcon.colcon_core.environment:checking '/home/r2w0t/dev/RCB/workspaces/controller_ws/install/robot_interfaces/bin'
[19.770s] INFO:colcon.colcon_core.shell:Creating package descriptor '/home/r2w0t/dev/RCB/workspaces/controller_ws/install/robot_interfaces/share/robot_interfaces/package.dsv'
[19.771s] INFO:colcon.colcon_core.shell:Creating package script '/home/r2w0t/dev/RCB/workspaces/controller_ws/install/robot_interfaces/share/robot_interfaces/package.sh'
[19.772s] INFO:colcon.colcon_core.shell:Creating package script '/home/r2w0t/dev/RCB/workspaces/controller_ws/install/robot_interfaces/share/robot_interfaces/package.bash'
[19.773s] INFO:colcon.colcon_core.shell:Creating package script '/home/r2w0t/dev/RCB/workspaces/controller_ws/install/robot_interfaces/share/robot_interfaces/package.zsh'
[19.774s] Level 1:colcon.colcon_core.environment:create_file_with_runtime_dependencies(/home/r2w0t/dev/RCB/workspaces/controller_ws/install/robot_interfaces/share/colcon-core/packages/robot_interfaces)
[19.774s] DEBUG:colcon.colcon_parallel_executor.executor.parallel:closing loop
[19.775s] DEBUG:colcon.colcon_parallel_executor.executor.parallel:loop closed
[19.775s] DEBUG:colcon.colcon_parallel_executor.executor.parallel:run_until_complete finished with '0'
[19.775s] DEBUG:colcon.colcon_core.event_reactor:joining thread
[19.792s] INFO:colcon.colcon_core.plugin_system:Skipping extension 'colcon_notification.desktop_notification.terminal_notifier': Not used on non-Darwin systems
[19.792s] INFO:colcon.colcon_core.plugin_system:Skipping extension 'colcon_notification.desktop_notification.win32': Not used on non-Windows systems
[19.793s] INFO:colcon.colcon_notification.desktop_notification:Sending desktop notification using 'notify2'
[19.796s] DEBUG:colcon.colcon_core.event_reactor:joined thread
[19.797s] INFO:colcon.colcon_core.shell:Creating prefix script '/home/r2w0t/dev/RCB/workspaces/controller_ws/install/local_setup.sh'
[19.798s] INFO:colcon.colcon_core.shell:Creating prefix util module '/home/r2w0t/dev/RCB/workspaces/controller_ws/install/_local_setup_util_sh.py'
[19.802s] INFO:colcon.colcon_core.shell:Creating prefix chain script '/home/r2w0t/dev/RCB/workspaces/controller_ws/install/setup.sh'
[19.803s] INFO:colcon.colcon_core.shell:Creating prefix script '/home/r2w0t/dev/RCB/workspaces/controller_ws/install/local_setup.bash'
[19.804s] INFO:colcon.colcon_core.shell:Creating prefix chain script '/home/r2w0t/dev/RCB/workspaces/controller_ws/install/setup.bash'
[19.806s] INFO:colcon.colcon_core.shell:Creating prefix script '/home/r2w0t/dev/RCB/workspaces/controller_ws/install/local_setup.zsh'
[19.807s] INFO:colcon.colcon_core.shell:Creating prefix chain script '/home/r2w0t/dev/RCB/workspaces/controller_ws/install/setup.zsh'
