[0.034s] Invoking command in '/home/r2w0t/dev/RCB/workspaces/controller_ws/build/robot_control': CMAKE_PREFIX_PATH=${CMAKE_PREFIX_PATH}:/nix/store/vhz65fc3cs10c5sxbwh7c5iz2pwzyx4b-ros-env _=/nix/store/yh6qg1nsi5h2xblcr67030pz58fsaxx3-coreutils-9.6/bin/env buildPhase={ echo "------------------------------------------------------------";
  echo " WARNING: the existence of this path is not guaranteed.";
  echo " It is an internal implementation detail for pkgs.mkShell.";
  echo "------------------------------------------------------------";
  echo;
  # Record all build inputs as runtime dependencies
  export;
} >> "$out" shellHook=# Setup ROS 2 shell completion. Doing it in direnv is useless.
if [[ ! $DIRENV_IN_ENVRC ]]; then
    eval "$(/nix/store/dds9yi6lc5zh41n5k4qnijq4xjk7069v-python3.12-argcomplete-3.5.3/bin/register-python-argcomplete ros2)"
    eval "$(/nix/store/dds9yi6lc5zh41n5k4qnijq4xjk7069v-python3.12-argcomplete-3.5.3/bin/register-python-argcomplete colcon)"
fi /nix/store/8jljd7zhwwcpqmfj3cz18nbr9x4dilf1-python3.12-cmake-3.31.5/bin/cmake --build /home/r2w0t/dev/RCB/workspaces/controller_ws/build/robot_control -- -j4 -l4
[0.311s] [100%] Built target robot_control_node
[0.452s] Invoked command in '/home/r2w0t/dev/RCB/workspaces/controller_ws/build/robot_control' returned '0': CMAKE_PREFIX_PATH=${CMAKE_PREFIX_PATH}:/nix/store/vhz65fc3cs10c5sxbwh7c5iz2pwzyx4b-ros-env _=/nix/store/yh6qg1nsi5h2xblcr67030pz58fsaxx3-coreutils-9.6/bin/env buildPhase={ echo "------------------------------------------------------------";
  echo " WARNING: the existence of this path is not guaranteed.";
  echo " It is an internal implementation detail for pkgs.mkShell.";
  echo "------------------------------------------------------------";
  echo;
  # Record all build inputs as runtime dependencies
  export;
} >> "$out" shellHook=# Setup ROS 2 shell completion. Doing it in direnv is useless.
if [[ ! $DIRENV_IN_ENVRC ]]; then
    eval "$(/nix/store/dds9yi6lc5zh41n5k4qnijq4xjk7069v-python3.12-argcomplete-3.5.3/bin/register-python-argcomplete ros2)"
    eval "$(/nix/store/dds9yi6lc5zh41n5k4qnijq4xjk7069v-python3.12-argcomplete-3.5.3/bin/register-python-argcomplete colcon)"
fi /nix/store/8jljd7zhwwcpqmfj3cz18nbr9x4dilf1-python3.12-cmake-3.31.5/bin/cmake --build /home/r2w0t/dev/RCB/workspaces/controller_ws/build/robot_control -- -j4 -l4
[0.457s] Invoking command in '/home/r2w0t/dev/RCB/workspaces/controller_ws/build/robot_control': CMAKE_PREFIX_PATH=${CMAKE_PREFIX_PATH}:/nix/store/vhz65fc3cs10c5sxbwh7c5iz2pwzyx4b-ros-env _=/nix/store/yh6qg1nsi5h2xblcr67030pz58fsaxx3-coreutils-9.6/bin/env buildPhase={ echo "------------------------------------------------------------";
  echo " WARNING: the existence of this path is not guaranteed.";
  echo " It is an internal implementation detail for pkgs.mkShell.";
  echo "------------------------------------------------------------";
  echo;
  # Record all build inputs as runtime dependencies
  export;
} >> "$out" shellHook=# Setup ROS 2 shell completion. Doing it in direnv is useless.
if [[ ! $DIRENV_IN_ENVRC ]]; then
    eval "$(/nix/store/dds9yi6lc5zh41n5k4qnijq4xjk7069v-python3.12-argcomplete-3.5.3/bin/register-python-argcomplete ros2)"
    eval "$(/nix/store/dds9yi6lc5zh41n5k4qnijq4xjk7069v-python3.12-argcomplete-3.5.3/bin/register-python-argcomplete colcon)"
fi /nix/store/8jljd7zhwwcpqmfj3cz18nbr9x4dilf1-python3.12-cmake-3.31.5/bin/cmake --install /home/r2w0t/dev/RCB/workspaces/controller_ws/build/robot_control
[0.589s] -- Install configuration: ""
[0.594s] -- Installing: /home/r2w0t/dev/RCB/workspaces/controller_ws/install/robot_control/lib/robot_control/robot_control_node
[0.594s] -- Set non-toolchain portion of runtime path of "/home/r2w0t/dev/RCB/workspaces/controller_ws/install/robot_control/lib/robot_control/robot_control_node" to ""
[0.594s] -- Up-to-date: /home/r2w0t/dev/RCB/workspaces/controller_ws/install/robot_control/share/ament_index/resource_index/package_run_dependencies/robot_control
[0.594s] -- Up-to-date: /home/r2w0t/dev/RCB/workspaces/controller_ws/install/robot_control/share/ament_index/resource_index/parent_prefix_path/robot_control
[0.595s] -- Up-to-date: /home/r2w0t/dev/RCB/workspaces/controller_ws/install/robot_control/share/robot_control/environment/ament_prefix_path.sh
[0.595s] -- Up-to-date: /home/r2w0t/dev/RCB/workspaces/controller_ws/install/robot_control/share/robot_control/environment/ament_prefix_path.dsv
[0.595s] -- Up-to-date: /home/r2w0t/dev/RCB/workspaces/controller_ws/install/robot_control/share/robot_control/environment/path.sh
[0.598s] -- Up-to-date: /home/r2w0t/dev/RCB/workspaces/controller_ws/install/robot_control/share/robot_control/environment/path.dsv
[0.598s] -- Up-to-date: /home/r2w0t/dev/RCB/workspaces/controller_ws/install/robot_control/share/robot_control/local_setup.bash
[0.598s] -- Up-to-date: /home/r2w0t/dev/RCB/workspaces/controller_ws/install/robot_control/share/robot_control/local_setup.sh
[0.598s] -- Up-to-date: /home/r2w0t/dev/RCB/workspaces/controller_ws/install/robot_control/share/robot_control/local_setup.zsh
[0.599s] -- Up-to-date: /home/r2w0t/dev/RCB/workspaces/controller_ws/install/robot_control/share/robot_control/local_setup.dsv
[0.600s] -- Installing: /home/r2w0t/dev/RCB/workspaces/controller_ws/install/robot_control/share/robot_control/package.dsv
[0.601s] -- Up-to-date: /home/r2w0t/dev/RCB/workspaces/controller_ws/install/robot_control/share/ament_index/resource_index/packages/robot_control
[0.601s] -- Up-to-date: /home/r2w0t/dev/RCB/workspaces/controller_ws/install/robot_control/share/robot_control/cmake/robot_controlConfig.cmake
[0.602s] -- Up-to-date: /home/r2w0t/dev/RCB/workspaces/controller_ws/install/robot_control/share/robot_control/cmake/robot_controlConfig-version.cmake
[0.603s] -- Up-to-date: /home/r2w0t/dev/RCB/workspaces/controller_ws/install/robot_control/share/robot_control/package.xml
[0.634s] Invoked command in '/home/r2w0t/dev/RCB/workspaces/controller_ws/build/robot_control' returned '0': CMAKE_PREFIX_PATH=${CMAKE_PREFIX_PATH}:/nix/store/vhz65fc3cs10c5sxbwh7c5iz2pwzyx4b-ros-env _=/nix/store/yh6qg1nsi5h2xblcr67030pz58fsaxx3-coreutils-9.6/bin/env buildPhase={ echo "------------------------------------------------------------";
  echo " WARNING: the existence of this path is not guaranteed.";
  echo " It is an internal implementation detail for pkgs.mkShell.";
  echo "------------------------------------------------------------";
  echo;
  # Record all build inputs as runtime dependencies
  export;
} >> "$out" shellHook=# Setup ROS 2 shell completion. Doing it in direnv is useless.
if [[ ! $DIRENV_IN_ENVRC ]]; then
    eval "$(/nix/store/dds9yi6lc5zh41n5k4qnijq4xjk7069v-python3.12-argcomplete-3.5.3/bin/register-python-argcomplete ros2)"
    eval "$(/nix/store/dds9yi6lc5zh41n5k4qnijq4xjk7069v-python3.12-argcomplete-3.5.3/bin/register-python-argcomplete colcon)"
fi /nix/store/8jljd7zhwwcpqmfj3cz18nbr9x4dilf1-python3.12-cmake-3.31.5/bin/cmake --install /home/r2w0t/dev/RCB/workspaces/controller_ws/build/robot_control
