[0.026s] Invoking command in '/home/r2w0t/dev/RCB/workspaces/controller_ws/build/joystick_control': CMAKE_PREFIX_PATH=${CMAKE_PREFIX_PATH}:/nix/store/vhz65fc3cs10c5sxbwh7c5iz2pwzyx4b-ros-env _=/nix/store/yh6qg1nsi5h2xblcr67030pz58fsaxx3-coreutils-9.6/bin/env buildPhase={ echo "------------------------------------------------------------";
  echo " WARNING: the existence of this path is not guaranteed.";
  echo " It is an internal implementation detail for pkgs.mkShell.";
  echo "------------------------------------------------------------";
  echo;
  # Record all build inputs as runtime dependencies
  export;
} >> "$out" shellHook=# Setup ROS 2 shell completion. Doing it in direnv is useless.
if [[ ! $DIRENV_IN_ENVRC ]]; then
    eval "$(/nix/store/dds9yi6lc5zh41n5k4qnijq4xjk7069v-python3.12-argcomplete-3.5.3/bin/register-python-argcomplete ros2)"
    eval "$(/nix/store/dds9yi6lc5zh41n5k4qnijq4xjk7069v-python3.12-argcomplete-3.5.3/bin/register-python-argcomplete colcon)"
fi /nix/store/8jljd7zhwwcpqmfj3cz18nbr9x4dilf1-python3.12-cmake-3.31.5/bin/cmake /home/r2w0t/dev/RCB/workspaces/controller_ws/src/joystick_control -DCMAKE_INSTALL_PREFIX=/home/r2w0t/dev/RCB/workspaces/controller_ws/install/joystick_control
[0.444s] -- The C compiler identification is GNU 14.2.1
[0.871s] -- The CXX compiler identification is GNU 14.2.1
[0.914s] -- Detecting C compiler ABI info
[1.336s] -- Detecting C compiler ABI info - done
[1.630s] -- Check for working C compiler: /nix/store/8v6k283dpbc0qkdq81nb6mrxrgcb10i1-gcc-wrapper-14-20241116/bin/gcc - skipped
[1.631s] -- Detecting C compile features
[1.633s] -- Detecting C compile features - done
[2.033s] -- Detecting CXX compiler ABI info
[2.537s] -- Detecting CXX compiler ABI info - done
[2.832s] -- Check for working CXX compiler: /nix/store/8v6k283dpbc0qkdq81nb6mrxrgcb10i1-gcc-wrapper-14-20241116/bin/g++ - skipped
[2.835s] -- Detecting CXX compile features
[2.836s] -- Detecting CXX compile features - done
[3.090s] -- Found ament_cmake: 2.5.3 (/nix/store/vhz65fc3cs10c5sxbwh7c5iz2pwzyx4b-ros-env/share/ament_cmake/cmake)
[3.468s] -- Found Python3: /nix/store/vhz65fc3cs10c5sxbwh7c5iz2pwzyx4b-ros-env/bin/python3 (found version "3.12.9") found components: Interpreter
[3.798s] -- Found rclcpp: 28.1.6 (/nix/store/vhz65fc3cs10c5sxbwh7c5iz2pwzyx4b-ros-env/share/rclcpp/cmake)
[3.868s] -- Found rosidl_generator_c: 4.6.5 (/nix/store/vhz65fc3cs10c5sxbwh7c5iz2pwzyx4b-ros-env/share/rosidl_generator_c/cmake)
[3.903s] -- Found rosidl_generator_cpp: 4.6.5 (/nix/store/vhz65fc3cs10c5sxbwh7c5iz2pwzyx4b-ros-env/share/rosidl_generator_cpp/cmake)
[3.945s] -- Using all available rosidl_typesupport_c: rosidl_typesupport_fastrtps_c;rosidl_typesupport_introspection_c
[3.995s] -- Using all available rosidl_typesupport_cpp: rosidl_typesupport_fastrtps_cpp;rosidl_typesupport_introspection_cpp
[4.181s] -- Found rmw_implementation_cmake: 7.3.1 (/nix/store/vhz65fc3cs10c5sxbwh7c5iz2pwzyx4b-ros-env/share/rmw_implementation_cmake/cmake)
[4.185s] -- Found rmw_fastrtps_cpp: 8.4.1 (/nix/store/vhz65fc3cs10c5sxbwh7c5iz2pwzyx4b-ros-env/share/rmw_fastrtps_cpp/cmake)
[4.515s] -- Found OpenSSL: /nix/store/954l60hahqvr0hbs7ww6lmgkxvk8akdf-openssl-3.4.1/lib/libcrypto.so (found version "3.4.1")
[4.573s] -- Found FastRTPS: /nix/store/vhz65fc3cs10c5sxbwh7c5iz2pwzyx4b-ros-env/include (Required is at least version "2.13")
[4.646s] -- Using RMW implementation 'rmw_fastrtps_cpp' as default
[4.877s] -- Found std_msgs: 5.3.5 (/nix/store/vhz65fc3cs10c5sxbwh7c5iz2pwzyx4b-ros-env/share/std_msgs/cmake)
[4.922s] -- Found robot_interfaces: 0.0.0 (/home/r2w0t/dev/RCB/workspaces/controller_ws/install/robot_interfaces/share/robot_interfaces/cmake)
[5.206s] -- Configuring done (5.1s)
[5.249s] -- Generating done (0.0s)
[5.259s] -- Build files have been written to: /home/r2w0t/dev/RCB/workspaces/controller_ws/build/joystick_control
[5.283s] Invoked command in '/home/r2w0t/dev/RCB/workspaces/controller_ws/build/joystick_control' returned '0': CMAKE_PREFIX_PATH=${CMAKE_PREFIX_PATH}:/nix/store/vhz65fc3cs10c5sxbwh7c5iz2pwzyx4b-ros-env _=/nix/store/yh6qg1nsi5h2xblcr67030pz58fsaxx3-coreutils-9.6/bin/env buildPhase={ echo "------------------------------------------------------------";
  echo " WARNING: the existence of this path is not guaranteed.";
  echo " It is an internal implementation detail for pkgs.mkShell.";
  echo "------------------------------------------------------------";
  echo;
  # Record all build inputs as runtime dependencies
  export;
} >> "$out" shellHook=# Setup ROS 2 shell completion. Doing it in direnv is useless.
if [[ ! $DIRENV_IN_ENVRC ]]; then
    eval "$(/nix/store/dds9yi6lc5zh41n5k4qnijq4xjk7069v-python3.12-argcomplete-3.5.3/bin/register-python-argcomplete ros2)"
    eval "$(/nix/store/dds9yi6lc5zh41n5k4qnijq4xjk7069v-python3.12-argcomplete-3.5.3/bin/register-python-argcomplete colcon)"
fi /nix/store/8jljd7zhwwcpqmfj3cz18nbr9x4dilf1-python3.12-cmake-3.31.5/bin/cmake /home/r2w0t/dev/RCB/workspaces/controller_ws/src/joystick_control -DCMAKE_INSTALL_PREFIX=/home/r2w0t/dev/RCB/workspaces/controller_ws/install/joystick_control
[5.286s] Invoking command in '/home/r2w0t/dev/RCB/workspaces/controller_ws/build/joystick_control': CMAKE_PREFIX_PATH=${CMAKE_PREFIX_PATH}:/nix/store/vhz65fc3cs10c5sxbwh7c5iz2pwzyx4b-ros-env _=/nix/store/yh6qg1nsi5h2xblcr67030pz58fsaxx3-coreutils-9.6/bin/env buildPhase={ echo "------------------------------------------------------------";
  echo " WARNING: the existence of this path is not guaranteed.";
  echo " It is an internal implementation detail for pkgs.mkShell.";
  echo "------------------------------------------------------------";
  echo;
  # Record all build inputs as runtime dependencies
  export;
} >> "$out" shellHook=# Setup ROS 2 shell completion. Doing it in direnv is useless.
if [[ ! $DIRENV_IN_ENVRC ]]; then
    eval "$(/nix/store/dds9yi6lc5zh41n5k4qnijq4xjk7069v-python3.12-argcomplete-3.5.3/bin/register-python-argcomplete ros2)"
    eval "$(/nix/store/dds9yi6lc5zh41n5k4qnijq4xjk7069v-python3.12-argcomplete-3.5.3/bin/register-python-argcomplete colcon)"
fi /nix/store/8jljd7zhwwcpqmfj3cz18nbr9x4dilf1-python3.12-cmake-3.31.5/bin/cmake --build /home/r2w0t/dev/RCB/workspaces/controller_ws/build/joystick_control -- -j4 -l4
[5.522s] [ 25%] [32mBuilding CXX object CMakeFiles/joystick_control_node.dir/src/main.cpp.o[0m
[15.305s] [ 50%] [32mBuilding CXX object CMakeFiles/joystick_control_node.dir/src/joystick.cpp.o[0m
[15.730s] [ 75%] [32mBuilding CXX object CMakeFiles/joystick_control_node.dir/src/joystick_control_node.cpp.o[0m
[27.732s] [100%] [32m[1mLinking CXX executable joystick_control_node[0m
[28.078s] [100%] Built target joystick_control_node
